<dataset>
  <concept concept_id="1647" retired="0" datatype_id="4" class_id="16" is_set="0" creator="24737" date_created="2006-09-18 08:59:47.0" changed_by="24761" date_changed="2012-09-12 11:18:08.0" uuid="3cdc8138-26fe-102b-80cb-0017a47871b2"/>
  <concept_name concept_id="1647" name="PMTCT Pregnancy" locale="en" creator="24737" date_created="2006-09-18 08:59:47.0" concept_name_id="1795" voided="0" uuid="3e1c7198-26fe-102b-80cb-0017a47871b2" concept_name_type="FULLY_SPECIFIED" locale_preferred="true"/>
  <concept_name concept_id="1647" name="PMTCT pregnancy program" locale="en" creator="24737" date_created="2011-01-04 08:56:14.0" concept_name_id="14423" voided="0" uuid="97740ea6-b0c2-48e7-b5e6-cd25c63b297f" locale_preferred="false"/>
  <concept concept_id="3066" retired="0" datatype_id="4" class_id="16" is_set="0" creator="7" date_created="2008-05-16 11:32:31.0" version="" uuid="372a7cd8-7dca-4032-a094-6afcce5c8559"/>
  <concept_name concept_id="3066" name="HIV ADULT PROGRAM" locale="en" creator="7" date_created="2008-05-16 11:32:31.0" concept_name_id="7026" voided="0" uuid="9570c144-07d4-102c-b5fa-0017a47871b2" locale_preferred="false"/>
  <concept_name concept_id="3066" name="ADULT HIV PROGRAM" locale="en" creator="7" date_created="2008-05-16 11:32:31.0" concept_name_id="3286" voided="0" uuid="0b6b335a-15f5-102d-96e4-000c29c2a5d7" concept_name_type="FULLY_SPECIFIED" locale_preferred="false"/>
  <concept concept_id="6973" retired="0" datatype_id="4" class_id="16" is_set="0" creator="23132" date_created="2011-01-05 17:51:15.0" version="" changed_by="24737" date_changed="2011-10-17 16:36:34.0" uuid="6f529b71-637e-47fb-86ef-4ecf00db1223"/>
  <concept_name concept_id="6973" name="PMTCT infant program" locale="en" creator="23132" date_created="2011-01-05 17:58:09.0" concept_name_id="14332" voided="0" void_reason="" uuid="9508609e-4fae-4efd-878e-e18b3aa652da" locale_preferred="false"/>
  <concept_name concept_id="6973" name="HFCSP infant program" locale="en" creator="23132" date_created="2011-01-05 17:58:09.0" concept_name_id="14330" voided="0" void_reason="" uuid="19ed96b4-1096-4d6d-8ef0-9b7ccebaaaee" locale_preferred="false"/>
  <concept_name concept_id="6973" name="PMTCT Combined Clinic - Infant" locale="en" creator="23132" date_created="2011-01-05 17:51:15.0" concept_name_id="14331" voided="0" uuid="2c26d659-7cb9-49d9-a7ae-9f79e0fb2474" concept_name_type="FULLY_SPECIFIED" locale_preferred="false"/>
  <concept concept_id="2685" retired="0" datatype_id="4" class_id="16" is_set="0" creator="7" date_created="2007-09-24 09:39:10.0" version="" changed_by="7" date_changed="2009-04-02 05:27:58.0" uuid="3ce67698-26fe-102b-80cb-0017a47871b2"/>
  <concept_name concept_id="2685" name="PEDIATRIC HIV PROGRAM" locale="en" creator="7" date_created="2007-09-24 09:39:10.0" concept_name_id="2881" voided="0" uuid="3e37db54-26fe-102b-80cb-0017a47871b2" concept_name_type="FULLY_SPECIFIED" locale_preferred="false"/>
  <concept_name concept_id="2685" name="HIV PEDIATRIC PROGRAM" locale="en" creator="7" date_created="2009-04-02 05:27:58.0" concept_name_id="8852" voided="0" uuid="7d8c6f06-fab2-47de-b61f-bf06335206a7" locale_preferred="false"/>
  <concept concept_id="6516" retired="0" datatype_id="2" class_id="7" is_set="0" creator="23132" date_created="2009-10-19 12:33:27.0" version="" changed_by="23132" date_changed="2009-10-19 13:29:22.0" uuid="a6db76d6-bad8-4014-8a17-0e6cc0c652e9"/>
  <concept_name concept_id="6516" name="6" locale="en" creator="23132" date_created="2009-10-19 13:29:22.0" concept_name_id="9636" voided="0" uuid="0b964888-15f5-102d-96e4-000c29c2a5d7" concept_name_type="SHORT" locale_preferred="false"/>
  <concept_name concept_id="6516" name="ADHERENCE DAY 6 OF MONTH" locale="en" creator="23132" date_created="2009-10-19 12:33:27.0" concept_name_id="9603" voided="0" uuid="0b962880-15f5-102d-96e4-000c29c2a5d7" concept_name_type="FULLY_SPECIFIED" locale_preferred="false"/>
  <concept_answer concept_answer_id="5874" concept_id="6516" answer_concept="6510" creator="23132" date_created="2009-10-19 12:33:27.0" uuid="0b2568b6-15f5-102d-96e4-000c29c2a5d7" sort_weight="5874.0"/>
  <concept_answer concept_answer_id="5875" concept_id="6516" answer_concept="6508" creator="23132" date_created="2009-10-19 12:33:27.0" uuid="0b256992-15f5-102d-96e4-000c29c2a5d7" sort_weight="5875.0"/>
  <concept_answer concept_answer_id="5876" concept_id="6516" answer_concept="6509" creator="23132" date_created="2009-10-19 12:33:27.0" uuid="0b256a6e-15f5-102d-96e4-000c29c2a5d7" sort_weight="5876.0"/>
  <concept concept_id="6510" retired="0" datatype_id="4" class_id="11" is_set="0" creator="23132" date_created="2009-10-19 12:28:09.0" version="" changed_by="23132" date_changed="2009-10-19 12:28:50.0" uuid="38a74cee-b054-495b-b96e-fdca0fd7283b"/>
  <concept_name concept_id="6510" name="0" locale="en" creator="23132" date_created="2009-10-19 12:28:50.0" concept_name_id="9597" voided="0" uuid="0b9622b8-15f5-102d-96e4-000c29c2a5d7" concept_name_type="SHORT" locale_preferred="false"/>
  <concept_name concept_id="6510" name="MISSED DOSE" locale="en" creator="23132" date_created="2009-10-19 12:28:09.0" concept_name_id="9596" voided="0" uuid="0b9621b4-15f5-102d-96e4-000c29c2a5d7" concept_name_type="FULLY_SPECIFIED" locale_preferred="false"/>
  <concept concept_id="6508" retired="0" datatype_id="4" class_id="11" is_set="0" creator="23132" date_created="2009-10-19 12:16:31.0" version="" uuid="49ac5213-ece1-4b52-98fa-bdb76d9a0d39"/>
  <concept_name concept_id="6508" name="X" locale="en" creator="23132" date_created="2009-10-19 12:16:31.0" concept_name_id="9593" voided="0" uuid="0b961d18-15f5-102d-96e4-000c29c2a5d7" concept_name_type="SHORT" locale_preferred="false"/>
  <concept_name concept_id="6508" name="DIRECTLY OBSERVED" locale="en" creator="23132" date_created="2009-10-19 12:16:31.0" concept_name_id="9592" voided="0" uuid="0b961b88-15f5-102d-96e4-000c29c2a5d7" concept_name_type="FULLY_SPECIFIED" locale_preferred="false"/>
  <concept concept_id="6509" retired="0" datatype_id="4" class_id="11" is_set="0" creator="23132" date_created="2009-10-19 12:26:21.0" version="" changed_by="23132" date_changed="2009-10-19 13:51:39.0" uuid="f11c7a97-23ec-4248-8827-f636b66336ac"/>
  <concept_name concept_id="6509" name="_" locale="en" creator="23132" date_created="2009-10-19 12:26:21.0" concept_name_id="9595" voided="0" uuid="0b96202e-15f5-102d-96e4-000c29c2a5d7" concept_name_type="SHORT" locale_preferred="false"/>
  <concept_name concept_id="6509" name="NOT SUPERVISED" locale="en" creator="23132" date_created="2009-10-19 12:26:21.0" concept_name_id="9594" voided="0" uuid="0b961ea8-15f5-102d-96e4-000c29c2a5d7" concept_name_type="FULLY_SPECIFIED" locale_preferred="false"/>
  <concept concept_id="6978" retired="0" datatype_id="4" class_id="16" is_set="0" creator="24737" date_created="2011-01-05 17:52:52.0" version="" changed_by="24737" date_changed="2011-10-19 14:59:38.0" uuid="b00f1d61-a37c-451c-ac7f-c5fc0f231091"/>
  <concept_name concept_id="6978" name="PMTCT Combined Clinic - Mother" locale="en" creator="24737" date_created="2011-01-05 17:52:52.0" concept_name_id="14338" voided="0" uuid="d039feea-8219-4d80-906a-eab46031e2f3" concept_name_type="FULLY_SPECIFIED" locale_preferred="false"/>
  <concept_name concept_id="6978" name="PMTCT combined clinic program for mother" locale="en" creator="24737" date_created="2011-01-05 17:59:06.0" concept_name_id="14337" voided="0" uuid="1800f2d6-76bb-4330-b9b5-b59d4ede3f44" locale_preferred="false"/>
  <concept concept_id="1648" retired="0" datatype_id="4" class_id="11" is_set="0" creator="23132" date_created="2006-09-18 15:00:46.0" version="" changed_by="24761" date_changed="2011-12-09 10:18:19.0" uuid="3cdc82b4-26fe-102b-80cb-0017a47871b2"/>
  <concept_name concept_id="1648" name="TB PROGRAM" locale="en" creator="23132" date_created="2006-11-23 03:36:46.0" concept_name_id="7744" voided="0" uuid="956a0dc2-07d4-102c-b5fa-0017a47871b2" locale_preferred="false"/>
  <concept_name concept_id="1648" name="TUBERCULOSIS PROGRAM" locale="en" creator="23132" date_created="2006-09-18 15:00:46.0" concept_name_id="1796" voided="0" uuid="3e1c73fa-26fe-102b-80cb-0017a47871b2" concept_name_type="FULLY_SPECIFIED" locale_preferred="false"/>
  <concept concept_id="6213" retired="0" datatype_id="4" class_id="16" is_set="0" creator="7" date_created="2009-04-09 20:40:01.0" version="" changed_by="16360" date_changed="2009-07-02 10:37:25.0" uuid="ab6b9e24-382d-4b6e-aed1-caaf239b5b53"/>
  <concept_name concept_id="6213" name="HEART FAILURE PROGRAM" locale="en" creator="7" date_created="2009-04-09 20:40:01.0" concept_name_id="8868" voided="0" uuid="61a55e72-9e7d-47a3-af9e-66a37fdf9f27" concept_name_type="FULLY_SPECIFIED" locale_preferred="false"/>
  <concept concept_id="6768" retired="0" datatype_id="4" class_id="16" is_set="0" creator="7" date_created="2010-06-17 12:02:53.0" version="" changed_by="7" date_changed="2010-07-26 13:01:15.0" uuid="880ee6e8-1685-41e4-9055-ba066c2cecb7"/>
  <concept_name concept_id="6768" name="CRD program" locale="en" creator="7" date_created="2010-07-26 13:01:15.0" concept_name_id="14069" voided="0" uuid="bc5eaf83-96c2-40f4-aa49-04b5d266a723" locale_preferred="false"/>
  <concept_name concept_id="6768" name="Asthma program" locale="en" creator="7" date_created="2010-07-26 13:01:15.0" concept_name_id="14068" voided="0" uuid="a9cf4a0d-ab58-40d2-b1ea-15120a7c8593" locale_preferred="false"/>
  <concept_name concept_id="6768" name="Chronic respiratory disease program" locale="en" creator="7" date_created="2010-06-17 12:02:53.0" concept_name_id="9990" voided="0" uuid="0dd31220-9abd-4306-8463-6cd2f0b733db" concept_name_type="FULLY_SPECIFIED" locale_preferred="false"/>
  <concept concept_id="6846" retired="0" datatype_id="4" class_id="16" is_set="0" creator="7" date_created="2010-07-30 16:38:15.0" version="" uuid="74b896da-9583-4f5e-88c9-7f76c71e84b3"/>
  <concept_name concept_id="6846" name="Hypertension program" locale="en" creator="7" date_created="2010-07-30 16:38:15.0" concept_name_id="14081" voided="0" uuid="bca2867a-79a7-4fbe-a0f6-4b6b2445be79" concept_name_type="FULLY_SPECIFIED" locale_preferred="false"/>
  <concept concept_id="6522" retired="0" datatype_id="2" class_id="7" is_set="0" creator="23132" date_created="2009-10-19 12:37:05.0" version="" changed_by="23132" date_changed="2009-10-19 13:31:45.0" uuid="ab7a70d7-68e7-4670-8b17-cd1fe31fc94b"/>
  <concept_name concept_id="6522" name="ADHERENCE DAY 12 OF MONTH" locale="en" creator="23132" date_created="2009-10-19 12:37:05.0" concept_name_id="9609" voided="0" uuid="0b962e48-15f5-102d-96e4-000c29c2a5d7" concept_name_type="FULLY_SPECIFIED" locale_preferred="false"/>
  <concept_name concept_id="6522" name="12" locale="en" creator="23132" date_created="2009-10-19 13:31:45.0" concept_name_id="9642" voided="0" uuid="0b964e64-15f5-102d-96e4-000c29c2a5d7" concept_name_type="SHORT" locale_preferred="false"/>
  <concept_answer concept_answer_id="5892" concept_id="6522" answer_concept="6510" creator="23132" date_created="2009-10-19 12:37:05.0" uuid="0b257824-15f5-102d-96e4-000c29c2a5d7" sort_weight="5892.0"/>
  <concept_answer concept_answer_id="5893" concept_id="6522" answer_concept="6508" creator="23132" date_created="2009-10-19 12:37:05.0" uuid="0b2578f6-15f5-102d-96e4-000c29c2a5d7" sort_weight="5893.0"/>
  <concept_answer concept_answer_id="5894" concept_id="6522" answer_concept="6509" creator="23132" date_created="2009-10-19 12:37:05.0" uuid="0b2579d2-15f5-102d-96e4-000c29c2a5d7" sort_weight="5894.0"/>
  <concept concept_id="1845" retired="0" datatype_id="4" class_id="16" is_set="0" creator="1128" date_created="2007-03-12 21:44:57.0" version="" changed_by="24761" date_changed="2011-12-20 15:41:44.0" uuid="3cde9842-26fe-102b-80cb-0017a47871b2"/>
  <concept_name concept_id="1845" name="FOOD PROGRAM" locale="en" creator="1128" date_created="2007-03-12 21:44:57.0" concept_name_id="5666" voided="0" uuid="956ed2b2-07d4-102c-b5fa-0017a47871b2" concept_name_type="SHORT" locale_preferred="false"/>
  <concept_name concept_id="1845" name="NUTRITION PROGRAM" locale="en" creator="1128" date_created="2007-03-12 21:44:57.0" concept_name_id="2011" voided="0" uuid="2a172bf8-572a-4068-b0fc-749544a1c118" concept_name_type="FULLY_SPECIFIED" locale_preferred="false"/>
  <concept_name concept_id="1845" name="FOOD PROGRAM" locale="en" creator="6" date_created="2008-03-27 15:30:06.0" concept_name_id="6926" voided="0" uuid="0b84d4ea-15f5-102d-96e4-000c29c2a5d7" locale_preferred="false"/>
  <concept concept_id="6519" retired="0" datatype_id="2" class_id="7" is_set="0" creator="23132" date_created="2009-10-19 12:35:24.0" version="" changed_by="23132" date_changed="2009-10-19 13:30:41.0" uuid="76475b54-d2fc-473d-8ce5-b9aa360b20a3"/>
  <concept_name concept_id="6519" name="ADHERENCE DAY 9 OF MONTH" locale="en" creator="23132" date_created="2009-10-19 12:35:24.0" concept_name_id="9606" voided="0" uuid="0b962b64-15f5-102d-96e4-000c29c2a5d7" concept_name_type="FULLY_SPECIFIED" locale_preferred="false"/>
  <concept_name concept_id="6519" name="9" locale="en" creator="23132" date_created="2009-10-19 13:30:41.0" concept_name_id="9639" voided="0" uuid="0b964b76-15f5-102d-96e4-000c29c2a5d7" concept_name_type="SHORT" locale_preferred="false"/>
  <concept_answer concept_answer_id="5883" concept_id="6519" answer_concept="6510" creator="23132" date_created="2009-10-19 12:35:24.0" uuid="0b257072-15f5-102d-96e4-000c29c2a5d7" sort_weight="5883.0"/>
  <concept_answer concept_answer_id="5884" concept_id="6519" answer_concept="6508" creator="23132" date_created="2009-10-19 12:35:24.0" uuid="0b25714e-15f5-102d-96e4-000c29c2a5d7" sort_weight="5884.0"/>
  <concept_answer concept_answer_id="5885" concept_id="6519" answer_concept="6509" creator="23132" date_created="2009-10-19 12:35:24.0" uuid="0b25722a-15f5-102d-96e4-000c29c2a5d7" sort_weight="5885.0"/>
  <concept concept_id="6851" retired="0" datatype_id="4" class_id="16" is_set="0" creator="7" date_created="2010-07-30 17:20:47.0" version="" uuid="c1d7cd24-3d0d-4aab-ae72-5db1ec632816"/>
  <concept_name concept_id="6851" name="Epilepsy program" locale="en" creator="7" date_created="2010-07-30 17:20:47.0" concept_name_id="14087" voided="0" uuid="a5db7bed-82d4-4a7d-a916-bdf6e3013f8d" concept_name_type="FULLY_SPECIFIED" locale_preferred="false"/>
  <concept concept_id="6528" retired="0" datatype_id="2" class_id="7" is_set="0" creator="23132" date_created="2009-10-19 12:40:09.0" version="" changed_by="23132" date_changed="2009-10-19 13:33:24.0" uuid="95cc06f6-d045-4a8f-a6f5-cb489f4578a5"/>
  <concept_name concept_id="6528" name="ADHERENCE DAY 18 OF MONTH" locale="en" creator="23132" date_created="2009-10-19 12:40:09.0" concept_name_id="9615" voided="0" uuid="0b96341a-15f5-102d-96e4-000c29c2a5d7" concept_name_type="FULLY_SPECIFIED" locale_preferred="false"/>
  <concept_name concept_id="6528" name="18" locale="en" creator="23132" date_created="2009-10-19 13:33:24.0" concept_name_id="9648" voided="0" uuid="0b965440-15f5-102d-96e4-000c29c2a5d7" concept_name_type="SHORT" locale_preferred="false"/>
  <concept_answer concept_answer_id="5910" concept_id="6528" answer_concept="6510" creator="23132" date_created="2009-10-19 12:40:09.0" uuid="0b258788-15f5-102d-96e4-000c29c2a5d7" sort_weight="5910.0"/>
  <concept_answer concept_answer_id="5911" concept_id="6528" answer_concept="6508" creator="23132" date_created="2009-10-19 12:40:09.0" uuid="0b258864-15f5-102d-96e4-000c29c2a5d7" sort_weight="5911.0"/>
  <concept_answer concept_answer_id="5912" concept_id="6528" answer_concept="6509" creator="23132" date_created="2009-10-19 12:40:09.0" uuid="0b258940-15f5-102d-96e4-000c29c2a5d7" sort_weight="5912.0"/>
  <concept concept_id="1484" retired="0" datatype_id="4" class_id="17" is_set="0" creator="24737" date_created="2006-08-16 02:07:11.0" version="" changed_by="24737" date_changed="2011-09-26 19:25:33.0" uuid="3cdb6190-26fe-102b-80cb-0017a47871b2"/>
  <concept_name concept_id="1484" name="TREATMENT STATUS" locale="en" creator="24737" date_created="2006-08-16 02:07:11.0" concept_name_id="1609" voided="0" uuid="3e1a9c4c-26fe-102b-80cb-0017a47871b2" concept_name_type="FULLY_SPECIFIED" locale_preferred="false"/>
  <concept_name concept_id="1484" name="TX STATUS" locale="en" creator="24737" date_created="2006-08-16 02:07:11.0" concept_name_id="5586" voided="0" uuid="93b5cd5e-07d4-102c-b5fa-0017a47871b2" concept_name_type="SHORT" locale_preferred="false"/>
  <concept concept_id="3070" retired="0" datatype_id="4" class_id="17" is_set="0" creator="6" date_created="2008-05-18 15:57:39.0" version="" uuid="c3170e98-3eeb-4172-8d96-91e4fe37d3b0"/>
  <concept_name concept_id="3070" name="TREATMENT GROUP" locale="en" creator="6" date_created="2008-05-18 15:57:39.0" concept_name_id="3290" voided="0" uuid="9c0098c5-f632-4c2d-b780-3c1f378b39d2" concept_name_type="FULLY_SPECIFIED" locale_preferred="false"/>
  <concept_name concept_id="3070" name="TX GROUP" locale="en" creator="6" date_created="2008-05-18 15:57:39.0" concept_name_id="6151" voided="0" uuid="93c486be-07d4-102c-b5fa-0017a47871b2" concept_name_type="SHORT" locale_preferred="false"/>
  <concept concept_id="37" retired="0" datatype_id="4" class_id="4" is_set="0" creator="2" date_created="2004-01-01 00:00:00.0" version="" changed_by="2" date_changed="2005-02-16 00:48:14.0" uuid="3ccc88f0-26fe-102b-80cb-0017a47871b2"/>
  <concept_name concept_id="37" name="MENSTRUAL DYSFUNCTION" locale="en" creator="2" date_created="2004-01-01 00:00:00.0" concept_name_id="39" voided="0" uuid="3e09cf98-26fe-102b-80cb-0017a47871b2" concept_name_type="FULLY_SPECIFIED" locale_preferred="false"/>
  <concept concept_id="6653" retired="0" datatype_id="4" class_id="17" is_set="0" creator="7" date_created="2010-02-04 19:33:54.0" version="" changed_by="7" date_changed="2010-03-15 13:00:19.0" uuid="1b81c04b-ecf5-4ae8-bdbe-71959b677302"/>
  <concept_name concept_id="6653" name="Patient informed status" locale="en" creator="7" date_created="2010-02-22 17:27:30.0" concept_name_id="9851" voided="0" void_reason="" uuid="d8920741-029d-436e-a015-8949f5c31db1" locale_preferred="false"/>
  <concept_name concept_id="6653" name="INFORMED STATUS" locale="en" creator="7" date_created="2010-02-04 19:33:54.0" concept_name_id="9822" voided="0" uuid="45acb903-5d80-4a85-b221-b477098e5aa4" concept_name_type="FULLY_SPECIFIED" locale_preferred="false"/>
  <concept concept_id="6275" retired="0" datatype_id="4" class_id="17" is_set="0" creator="7" date_created="2009-05-14 06:54:25.0" version="" changed_by="16360" date_changed="2009-07-02 15:18:04.0" uuid="3587372a-0add-4a0c-ab10-9eb727ab3c9d"/>
  <concept_name concept_id="6275" name="COUNSELING GROUP" locale="en" creator="7" date_created="2009-05-14 06:54:25.0" concept_name_id="8980" voided="0" uuid="96c57ce5-b909-4854-90e6-209eab7f327c" concept_name_type="FULLY_SPECIFIED" locale_preferred="false"/>
  <concept concept_id="1378" retired="0" datatype_id="3" class_id="7" is_set="0" creator="6" date_created="2006-06-14 19:11:56.0" version="" changed_by="7" date_changed="2006-07-13 09:59:48.0" uuid="3cd9ee1e-26fe-102b-80cb-0017a47871b2"/>
  <concept_name concept_id="1378" name="TREATMENT GROUP TB" locale="en" creator="7" date_created="2006-07-13 09:59:48.0" concept_name_id="7816" voided="0" uuid="956b621c-07d4-102c-b5fa-0017a47871b2" locale_preferred="false"/>
  <concept_name concept_id="1378" name="TUBERCULOSIS TREATMENT GROUP" locale="en" creator="6" date_created="2006-06-14 19:11:56.0" concept_name_id="1473" voided="0" uuid="3e18f090-26fe-102b-80cb-0017a47871b2" concept_name_type="FULLY_SPECIFIED" locale_preferred="false"/>
  <concept_name concept_id="1378" name="TB GROUP" locale="en" creator="6" date_created="2006-06-14 19:11:56.0" concept_name_id="5555" voided="0" uuid="93b526ce-07d4-102c-b5fa-0017a47871b2" concept_name_type="SHORT" locale_preferred="false"/>
  <concept concept_id="1846" retired="0" datatype_id="4" class_id="17" is_set="0" creator="1128" date_created="2007-03-12 21:47:37.0" changed_by="24761" date_changed="2012-09-12 11:18:40.0" uuid="3cde99c8-26fe-102b-80cb-0017a47871b2"/>
  <concept_name concept_id="1846" name="ASSISTANCE STATUS" locale="en" creator="1128" date_created="2007-03-12 21:47:37.0" concept_name_id="2012" voided="0" uuid="0b630450-15f5-102d-96e4-000c29c2a5d7" concept_name_type="FULLY_SPECIFIED" locale_preferred="true"/>
  <concept concept_id="6750" retired="0" datatype_id="4" class_id="17" is_set="0" creator="7" date_created="2010-05-28 19:31:12.0" version="" changed_by="7" date_changed="2010-05-28 19:36:08.0" uuid="bb5bfbb1-cfea-4c0b-9d08-7cfe59d81d6e"/>
  <concept_name concept_id="6750" name="Diabetes treatment status" locale="en" creator="7" date_created="2010-05-28 19:31:12.0" concept_name_id="9950" voided="0" uuid="ab36a1bf-b3a3-4c40-9c83-a687b0bd4d23" concept_name_type="FULLY_SPECIFIED" locale_preferred="false"/>
  <concept concept_id="6844" retired="0" datatype_id="4" class_id="17" is_set="0" creator="7" date_created="2010-07-26 13:04:21.0" changed_by="24761" date_changed="2012-09-12 11:36:00.0" uuid="388eef8d-9ec1-4d54-b94a-844b8ee6bd77"/>
  <concept_name concept_id="6844" name="CRD treatment status" locale="en" creator="7" date_created="2010-07-26 13:04:21.0" concept_name_id="14070" voided="0" uuid="08e23ef4-398e-4023-b7b3-8f448c5f5296" concept_name_type="FULLY_SPECIFIED" locale_preferred="true"/>
  <concept_name concept_id="6844" name="Chronic Respiratory Disease Treatment Status" locale="en" creator="7" date_created="2010-07-26 13:04:21.0" concept_name_id="14071" voided="0" uuid="e3eaeae7-3fc3-41e9-9d62-b0481f82b356" locale_preferred="false"/>
  <concept concept_id="5272" retired="0" datatype_id="2" class_id="7" is_set="0" creator="24761" date_created="2004-08-12 00:00:00.0" version="" changed_by="24761" date_changed="2011-11-17 15:52:38.0" uuid="3ceb4880-26fe-102b-80cb-0017a47871b2"/>
  <concept_name concept_id="5272" name="GRAVID" locale="en" creator="24761" date_created="2008-08-22 15:51:32.0" concept_name_id="6983" voided="0" void_reason="" uuid="0b851338-15f5-102d-96e4-000c29c2a5d7" locale_preferred="false"/>
  <concept_name concept_id="5272" name="PATIENT PREGNANCY STATUS" locale="en" creator="24761" date_created="2010-10-05 08:49:27.0" concept_name_id="14136" voided="0" uuid="9af49f97-691b-4a21-9acc-d52ca10376d1" locale_preferred="false"/>
  <concept_name concept_id="5272" name="PREGNANCY STATUS" locale="en" creator="24761" date_created="2004-08-12 00:00:00.0" concept_name_id="3639" voided="0" uuid="3e3d0aa2-26fe-102b-80cb-0017a47871b2" concept_name_type="FULLY_SPECIFIED" locale_preferred="false"/>
  <concept_name concept_id="5272" name="PREG" locale="en" creator="24761" date_created="2004-08-12 00:00:00.0" concept_name_id="6180" voided="0" uuid="93bfa57c-07d4-102c-b5fa-0017a47871b2" concept_name_type="SHORT" locale_preferred="false"/>
  <concept_answer concept_answer_id="831" concept_id="5272" answer_concept="1065" creator="24761" date_created="2006-06-06 11:38:43.0" uuid="3d3eb056-26fe-102b-80cb-0017a47871b2" sort_weight="831.0"/>
  <concept_answer concept_answer_id="832" concept_id="5272" answer_concept="1066" creator="24761" date_created="2006-06-06 11:38:43.0" uuid="3d3eb1a0-26fe-102b-80cb-0017a47871b2" sort_weight="832.0"/>
  <concept concept_id="1065" retired="0" datatype_id="4" class_id="11" is_set="0" creator="24821" date_created="2005-01-06 07:00:00.0" changed_by="24821" date_changed="2013-03-13 10:15:39.0" uuid="3cd6f600-26fe-102b-80cb-0017a47871b2"/>
  <concept_name concept_id="1065" name="YES" locale="en" creator="24821" date_created="2005-01-06 07:00:00.0" concept_name_id="1102" voided="0" uuid="3e15161e-26fe-102b-80cb-0017a47871b2" concept_name_type="FULLY_SPECIFIED" locale_preferred="true"/>
  <concept concept_id="1066" retired="0" datatype_id="4" class_id="11" is_set="0" creator="24821" date_created="2005-01-06 07:00:00.0" changed_by="24821" date_changed="2013-03-13 10:15:39.0" uuid="3cd6f86c-26fe-102b-80cb-0017a47871b2"/>
  <concept_name concept_id="1066" name="NO" locale="en" creator="24821" date_created="2009-02-06 18:36:58.0" concept_name_id="8310" voided="0" uuid="3e151786-26fe-102b-80cb-0017a47871b2" concept_name_type="FULLY_SPECIFIED" locale_preferred="true"/>
  <concept concept_id="7187" retired="0" datatype_id="4" class_id="17" is_set="0" creator="24822" date_created="2012-07-08 17:45:45.0" uuid="74bf3a55-6e92-4b91-86b0-a19345f22ad2"/>
  <concept_name concept_id="7187" name="Treatment Intent" locale="en" creator="24822" date_created="2012-07-08 17:45:45.0" concept_name_id="14710" voided="0" uuid="fc867e57-d15d-41af-829f-1204f7653b8c" concept_name_type="FULLY_SPECIFIED" locale_preferred="true"/>
  <concept concept_id="3064" retired="0" datatype_id="2" class_id="7" is_set="0" creator="15877" date_created="2008-04-29 13:23:13.0" changed_by="24761" date_changed="2012-09-12 11:23:57.0" uuid="226ed7ad-b776-4b99-966d-fd818d3302c2"/>
  <concept_name concept_id="3064" name="DIAGNOSIS" locale="en" creator="15877" date_created="2008-04-29 13:23:13.0" concept_name_id="3284" voided="0" uuid="0b6b2c5c-15f5-102d-96e4-000c29c2a5d7" concept_name_type="FULLY_SPECIFIED" locale_preferred="true"/>
  <concept concept_id="6216" retired="0" datatype_id="4" class_id="17" is_set="0" creator="7" date_created="2009-04-09 20:53:12.0" changed_by="24822" date_changed="2012-09-17 10:19:11.0" uuid="985e240a-7654-44cc-b436-cc20944f4a4a"/>
  <concept_name concept_id="6216" name="SURGERY STATUS" locale="en" creator="7" date_created="2009-04-09 20:53:12.0" concept_name_id="8871" voided="0" uuid="bf194b39-2ce1-4a5b-b01c-1383cedfe01c" concept_name_type="FULLY_SPECIFIED" locale_preferred="true"/>
  <concept concept_id="7176" retired="0" datatype_id="4" class_id="17" is_set="0" creator="24822" date_created="2012-07-08 17:46:19.0" uuid="d841784f-04aa-444b-9460-4125233c0aea"/>
  <concept_name concept_id="7176" name="Chemotherapy Status" locale="en" creator="24822" date_created="2012-07-08 17:46:19.0" concept_name_id="14690" voided="0" uuid="d6f71ed5-fff4-4dd8-bcd1-ecb50bfd9d66" concept_name_type="FULLY_SPECIFIED" locale_preferred="true"/>
  <concept concept_id="7171" retired="0" datatype_id="4" class_id="17" is_set="0" creator="24822" date_created="2012-07-08 17:46:45.0" uuid="4084fde4-1c2d-4830-a660-d34da22d3266"/>
  <concept_name concept_id="7171" name="Radiation Status" locale="en" creator="24822" date_created="2012-07-08 17:46:45.0" concept_name_id="14685" voided="0" uuid="b36908b1-5530-4290-8206-99fe3bd3dba1" concept_name_type="FULLY_SPECIFIED" locale_preferred="true"/>
  <concept concept_id="1577" retired="0" datatype_id="4" class_id="18" is_set="0" creator="24737" date_created="2006-08-31 23:20:09.0" changed_by="24761" date_changed="2012-09-12 11:13:00.0" uuid="3cdc0a8c-26fe-102b-80cb-0017a47871b2"/>
  <concept_name concept_id="1577" name="ON ANTIRETROVIRAL THERAPY" locale="en" creator="24737" date_created="2007-10-31 08:57:19.0" concept_name_id="7334" voided="0" uuid="94b84772-07d4-102c-b5fa-0017a47871b2" locale_preferred="false"/>
  <concept_name concept_id="1577" name="ON TREATMENT" locale="en" creator="24737" date_created="2006-10-27 14:40:24.0" concept_name_id="7337" voided="0" uuid="94b86db0-07d4-102c-b5fa-0017a47871b2" locale_preferred="false"/>
  <concept_name concept_id="1577" name="ON ANTIRETROVIRALS" locale="en" creator="24737" date_created="2006-08-31 23:20:09.0" concept_name_id="1713" voided="0" uuid="3e1ba128-26fe-102b-80cb-0017a47871b2" concept_name_type="FULLY_SPECIFIED" locale_preferred="true"/>
  <concept concept_id="1490" retired="0" datatype_id="4" class_id="18" is_set="0" creator="24737" date_created="2006-08-16 17:21:24.0" changed_by="24761" date_changed="2012-09-12 11:17:17.0" uuid="3cdb80b2-26fe-102b-80cb-0017a47871b2"/>
  <concept_name concept_id="1490" name="FOLLOWING" locale="en" creator="24737" date_created="2006-08-16 17:21:24.0" concept_name_id="1617" voided="0" uuid="0b5ffcc4-15f5-102d-96e4-000c29c2a5d7" concept_name_type="FULLY_SPECIFIED" locale_preferred="true"/>
  <concept concept_id="6976" retired="0" datatype_id="4" class_id="18" is_set="0" creator="23132" date_created="2011-01-05 18:27:45.0" version="" changed_by="24737" date_changed="2011-10-17 16:36:34.0" uuid="8ed0f186-a6b1-4fa5-bf2c-f60299e7e708"/>
  <concept_name concept_id="6976" name="Breastfeeding exclusively (0-6 months)" locale="en" creator="23132" date_created="2011-01-05 18:27:45.0" concept_name_id="14335" voided="0" uuid="3e9ad8aa-6f32-43ac-96ae-17cbc326e204" concept_name_type="FULLY_SPECIFIED" locale_preferred="false"/>
  <concept concept_id="7001" retired="0" datatype_id="4" class_id="18" is_set="0" creator="23132" date_created="2011-07-27 18:36:50.0" version="" changed_by="24737" date_changed="2011-10-17 16:36:36.0" uuid="e3a1f991-a46e-40cb-b924-eee550e7490e"/>
  <concept_name concept_id="7001" name="Breastfeeding stopped, complementary foods only" locale="en" creator="23132" date_created="2011-07-27 18:36:50.0" concept_name_id="14397" voided="0" uuid="249b0754-1814-4ac7-acff-2126b8af212a" concept_name_type="FULLY_SPECIFIED" locale_preferred="false"/>
  <concept concept_id="6974" retired="0" datatype_id="4" class_id="18" is_set="0" creator="23132" date_created="2011-01-05 19:27:25.0" version="" changed_by="24737" date_changed="2011-10-17 16:36:35.0" uuid="4bd2c9a7-444d-4343-a6db-f30b63580e0d"/>
  <concept_name concept_id="6974" name="Breastfeeding plus complementary foods (6-18 months)" locale="en" creator="23132" date_created="2011-01-05 19:27:25.0" concept_name_id="14333" voided="0" uuid="34d3c16b-e0d4-439f-a2a8-5d7f69c766ed" concept_name_type="FULLY_SPECIFIED" locale_preferred="false"/>
  <concept concept_id="6977" retired="0" datatype_id="4" class_id="18" is_set="0" creator="23132" date_created="2011-01-05 23:15:17.0" version="" changed_by="24737" date_changed="2011-10-17 16:36:35.0" uuid="2af4affd-4053-4fd8-8140-07a88d806e43"/>
  <concept_name concept_id="6977" name="Artificial feeding (0-6 months)" locale="en" creator="23132" date_created="2011-01-05 23:15:17.0" concept_name_id="14336" voided="0" uuid="95976189-6e2f-4ab5-a8be-06ff146639b9" concept_name_type="FULLY_SPECIFIED" locale_preferred="false"/>
  <concept concept_id="6975" retired="0" datatype_id="4" class_id="18" is_set="0" creator="23132" date_created="2011-01-05 23:17:48.0" version="" changed_by="24737" date_changed="2011-10-17 16:36:35.0" uuid="5837f2b8-a48c-4a30-a146-a90d7f3adef1"/>
  <concept_name concept_id="6975" name="Artificial feeding (6-9 months)" locale="en" creator="23132" date_created="2011-01-05 23:17:48.0" concept_name_id="14334" voided="0" uuid="1a110aa4-21fe-41fd-af3c-92f896a5e35e" concept_name_type="FULLY_SPECIFIED" locale_preferred="false"/>
  <concept concept_id="1755" retired="0" datatype_id="4" class_id="11" is_set="0" creator="24761" date_created="2006-10-30 15:40:42.0" version="" changed_by="24761" date_changed="2011-11-17 15:52:21.0" uuid="3cdd8132-26fe-102b-80cb-0017a47871b2"/>
  <concept_name concept_id="1755" name="PREGNANT WOMAN" locale="en" creator="24761" date_created="2007-09-07 14:34:28.0" concept_name_id="7469" voided="0" void_reason="" uuid="9563b92c-07d4-102c-b5fa-0017a47871b2" locale_preferred="false"/>
  <concept_name concept_id="1755" name="PATIENT PREGNANT" locale="en" creator="24761" date_created="2006-10-30 15:40:42.0" concept_name_id="1915" voided="0" uuid="3e1e3672-26fe-102b-80cb-0017a47871b2" concept_name_type="FULLY_SPECIFIED" locale_preferred="false"/>
  <concept_name concept_id="1755" name="GRAVIDA" locale="en" creator="24761" date_created="2007-09-07 14:34:28.0" concept_name_id="6984" voided="0" void_reason="" uuid="93f89e36-07d4-102c-b5fa-0017a47871b2" locale_preferred="false"/>
  <concept concept_id="1742" retired="0" datatype_id="4" class_id="18" is_set="0" creator="24761" date_created="2006-10-27 17:39:50.0" version="" changed_by="24761" date_changed="2011-12-15 09:08:46.0" uuid="3cdd446a-26fe-102b-80cb-0017a47871b2"/>
  <concept_name concept_id="1742" name="PATIENT DIED" locale="en" creator="24761" date_created="2006-10-27 17:39:50.0" concept_name_id="1902" voided="0" uuid="3e1e2272-26fe-102b-80cb-0017a47871b2" concept_name_type="FULLY_SPECIFIED" locale_preferred="false"/>
  <concept_name concept_id="1742" name="DIED" locale="en" creator="24761" date_created="2006-12-18 18:21:26.0" concept_name_id="6771" voided="0" uuid="93f4e6ba-07d4-102c-b5fa-0017a47871b2" locale_preferred="false"/>
  <concept concept_id="6980" retired="0" datatype_id="4" class_id="18" is_set="0" creator="23132" date_created="2011-01-05 23:26:13.0" version="" changed_by="24737" date_changed="2011-10-17 16:36:35.0" uuid="5bb23625-926b-4721-a6d9-f351a92b9698"/>
  <concept_name concept_id="6980" name="Artificial feeding (9-18 months)" locale="en" creator="23132" date_created="2011-01-05 23:26:13.0" concept_name_id="14340" voided="0" uuid="63703dc8-418a-47d8-9ab8-4b5528dd777b" concept_name_type="FULLY_SPECIFIED" locale_preferred="false"/>
  <concept concept_id="1744" retired="0" datatype_id="4" class_id="18" is_set="0" creator="24761" date_created="2006-10-27 17:42:00.0" changed_by="24822" date_changed="2012-09-17 10:19:11.0" uuid="3cdd5c02-26fe-102b-80cb-0017a47871b2"/>
  <concept_name concept_id="1744" name="PATIENT TRANSFERRED OUT" locale="en" creator="24761" date_created="2006-10-27 17:42:00.0" concept_name_id="1904" voided="0" uuid="3e1e256a-26fe-102b-80cb-0017a47871b2" concept_name_type="FULLY_SPECIFIED" locale_preferred="true"/>
  <concept concept_id="1426" retired="0" datatype_id="3" class_id="7" is_set="0" creator="24761" date_created="2006-07-11 16:42:45.0" changed_by="24761" date_changed="2012-09-12 11:16:58.0" uuid="3cda3d7e-26fe-102b-80cb-0017a47871b2"/>
  <concept_name concept_id="1426" name="PHONE NUMBER" locale="en" creator="24761" date_created="2006-07-11 16:42:45.0" concept_name_id="7420" voided="0" uuid="9562ffa0-07d4-102c-b5fa-0017a47871b2" locale_preferred="false"/>
  <concept_name concept_id="1426" name="TELEPHONE NUMBER" locale="en" creator="24761" date_created="2006-07-11 16:42:45.0" concept_name_id="1542" voided="0" uuid="3e19f17a-26fe-102b-80cb-0017a47871b2" concept_name_type="FULLY_SPECIFIED" locale_preferred="true"/>
  <concept concept_id="5089" retired="0" datatype_id="1" class_id="1" is_set="0" creator="24761" date_created="2004-08-12 06:00:00.0" changed_by="24761" date_changed="2012-09-12 11:34:07.0" uuid="3ce93b62-26fe-102b-80cb-0017a47871b2"/>
  <concept_numeric concept_id="5089" hi_absolute="250.0" low_absolute="0.0" units="kg" precise="1"/>
  <concept_name concept_id="5089" name="WEIGHT (KG)" locale="en" creator="24761" date_created="2004-08-12 06:00:00.0" concept_name_id="3455" voided="0" uuid="3e3b077a-26fe-102b-80cb-0017a47871b2" concept_name_type="FULLY_SPECIFIED" locale_preferred="true"/>
  <concept_name concept_id="5089" name="WT" locale="en" creator="24761" date_created="2004-08-12 06:00:00.0" concept_name_id="6171" voided="0" uuid="93bf7980-07d4-102c-b5fa-0017a47871b2" concept_name_type="SHORT" locale_preferred="false"/>
  <concept concept_id="5090" retired="0" datatype_id="1" class_id="1" is_set="0" creator="24761" date_created="2004-08-12 06:00:00.0" version="" changed_by="23132" date_changed="2012-03-20 09:53:46.0" uuid="3ce93cf2-26fe-102b-80cb-0017a47871b2"/>
  <concept_numeric concept_id="5090" hi_absolute="228.0" low_absolute="10.0" units="cm" precise="1"/>
  <concept_name concept_id="5090" name="HEIGHT (CM)" locale="en" creator="24761" date_created="2004-08-12 06:00:00.0" concept_name_id="3457" voided="0" uuid="3e3b0a68-26fe-102b-80cb-0017a47871b2" concept_name_type="FULLY_SPECIFIED" locale_preferred="false"/>
  <concept_name concept_id="5090" name="HT" locale="en" creator="24761" date_created="2004-08-12 06:00:00.0" concept_name_id="6173" voided="0" uuid="93bf820e-07d4-102c-b5fa-0017a47871b2" concept_name_type="SHORT" locale_preferred="false"/>
  <concept concept_id="3649" retired="0" datatype_id="1" class_id="7" is_set="0" creator="15877" date_created="2008-09-25 09:09:18.0" version="" changed_by="23132" date_changed="2009-02-06 11:46:40.0" uuid="ee61975b-310a-4ca2-a21b-1f5b0167d03e"/>
  <concept_numeric concept_id="3649" units="" precise="1"/>
  <concept_name concept_id="3649" name="BODY SURFACE AREA CALCULATED" locale="en" creator="23132" date_created="2009-02-06 11:46:40.0" concept_name_id="8314" voided="0" uuid="0b8c685e-15f5-102d-96e4-000c29c2a5d7" concept_name_type="FULLY_SPECIFIED" locale_preferred="true"/>
  <concept concept_id="6900" retired="0" datatype_id="4" class_id="10" is_set="1" creator="24761" date_created="2010-11-17 18:07:28.0" version="" changed_by="24761" date_changed="2011-11-16 11:12:48.0" uuid="a5694b2e-22f0-487d-a22d-06771ae6b82d"/>
  <concept_name concept_id="6900" name="Current opportunistic infection construct" locale="en" creator="24761" date_created="2010-11-17 18:07:28.0" concept_name_id="14182" voided="0" uuid="a1dad883-cb69-4a6f-91fb-02009c43b665" concept_name_type="FULLY_SPECIFIED" locale_preferred="false"/>
  <concept_name concept_id="6900" name="OI construct" locale="en" creator="24761" date_created="2010-11-17 19:17:33.0" concept_name_id="14193" voided="0" void_reason="" uuid="761dd667-4b60-40bd-b4c1-adb424737938" locale_preferred="false"/>
  <concept_set concept_set_id="1327" concept_id="1607" concept_set="6900" sort_weight="0.0" creator="24761" date_created="2010-11-17 18:07:28.0" uuid="1577912e-c880-4257-8934-0aec1b78eed1"/>
  <concept_set concept_set_id="1328" concept_id="1731" concept_set="6900" sort_weight="1.0" creator="24761" date_created="2010-11-17 18:07:28.0" uuid="2a79f3ac-310a-4cf5-9505-e007ca86bb1f"/>
  <concept_set concept_set_id="1326" concept_id="1480" concept_set="6900" sort_weight="2.0" creator="24761" date_created="2010-11-17 18:07:28.0" uuid="89834813-ce80-463d-aea8-4cac57eb3676"/>
  <concept_set concept_set_id="1325" concept_id="1364" concept_set="6900" sort_weight="3.0" creator="24761" date_created="2010-11-17 18:07:28.0" uuid="dea72bd2-df1e-4639-bb19-8a2e16df3a5f"/>
  <concept_set concept_set_id="1427" concept_id="6994" concept_set="6900" sort_weight="4.0" creator="24761" date_created="2011-01-20 19:00:48.0" uuid="536fefd4-3bd9-4249-bc3b-c95efdb4360f"/>
  <concept_set concept_set_id="1426" concept_id="6412" concept_set="6900" sort_weight="5.0" creator="24761" date_created="2011-01-20 19:00:48.0" uuid="d8e43bae-3b37-4485-b6e7-061a974d7b0f"/>
  <concept concept_id="1607" retired="0" datatype_id="2" class_id="7" is_set="0" creator="24761" date_created="2006-09-07 03:56:19.0" version="" changed_by="24761" date_changed="2011-11-17 15:52:40.0" uuid="0ae23a5a-15f5-102d-96e4-000c29c2a5d7"/>
  <concept_name concept_id="1607" name="OI OR COMORBIDITY" locale="en" creator="24761" date_created="2009-02-13 00:53:50.0" concept_name_id="8706" voided="0" uuid="0b901daa-15f5-102d-96e4-000c29c2a5d7" concept_name_type="FULLY_SPECIFIED" locale_preferred="false"/>
  <concept_name concept_id="1607" name="DIAGNOSTICS AND SYNDROMES" locale="en" creator="24761" date_created="2009-02-13 00:53:50.0" concept_name_id="8708" voided="0" void_reason="" uuid="93f4b56e-07d4-102c-b5fa-0017a47871b2" locale_preferred="false"/>
  <concept_name concept_id="1607" name="PRESUMPTIVE DIAGNOSIS" locale="en" creator="24761" date_created="2009-02-13 00:53:50.0" concept_name_id="8710" voided="0" void_reason="" uuid="956ef990-07d4-102c-b5fa-0017a47871b2" locale_preferred="false"/>
  <concept_name concept_id="1607" name="CURRENT OPPORTUNISTIC INFECTION OR COMORBIDITY, CONFIRMED OR PRESUMED" locale="en" creator="24761" date_created="2009-02-13 00:53:50.0" concept_name_id="8711" voided="0" uuid="0b902282-15f5-102d-96e4-000c29c2a5d7" locale_preferred="true"/>
  <concept_name concept_id="1607" name="CURRENT OPPORTUNISTIC INFECTION OR COMORBIDITY" locale="en" creator="24761" date_created="2009-02-13 00:53:50.0" concept_name_id="8707" voided="0" void_reason="" uuid="0b901ea4-15f5-102d-96e4-000c29c2a5d7" locale_preferred="false"/>
  <concept_name concept_id="1607" name="CONFIRMED OR PRESUMED" locale="en" creator="24761" date_created="2009-02-13 00:53:50.0" concept_name_id="8709" voided="0" void_reason="" uuid="0b90208e-15f5-102d-96e4-000c29c2a5d7" locale_preferred="false"/>
  <concept_answer concept_answer_id="1209" concept_id="1607" answer_concept="123" creator="24761" date_created="2006-09-07 03:57:21.0" uuid="3d40f442-26fe-102b-80cb-0017a47871b2" sort_weight="1209.0"/>
  <concept_answer concept_answer_id="1211" concept_id="1607" answer_concept="879" creator="24761" date_created="2006-09-07 03:57:21.0" uuid="3d40f62c-26fe-102b-80cb-0017a47871b2" sort_weight="1211.0"/>
  <concept_answer concept_answer_id="1213" concept_id="1607" answer_concept="174" creator="24761" date_created="2006-09-07 03:57:21.0" uuid="3d40fb68-26fe-102b-80cb-0017a47871b2" sort_weight="1213.0"/>
  <concept_answer concept_answer_id="1214" concept_id="1607" answer_concept="507" creator="24761" date_created="2006-09-07 03:57:21.0" uuid="3d40fd5c-26fe-102b-80cb-0017a47871b2" sort_weight="1214.0"/>
  <concept_answer concept_answer_id="1215" concept_id="1607" answer_concept="60" creator="24761" date_created="2006-09-07 03:57:21.0" uuid="3d40ff5a-26fe-102b-80cb-0017a47871b2" sort_weight="1215.0"/>
  <concept_answer concept_answer_id="1216" concept_id="1607" answer_concept="58" creator="24761" date_created="2006-09-07 03:57:21.0" uuid="3d41014e-26fe-102b-80cb-0017a47871b2" sort_weight="1216.0"/>
  <concept_answer concept_answer_id="1218" concept_id="1607" answer_concept="836" creator="24761" date_created="2006-09-07 03:57:21.0" uuid="3d410540-26fe-102b-80cb-0017a47871b2" sort_weight="1218.0"/>
  <concept_answer concept_answer_id="1219" concept_id="1607" answer_concept="1616" creator="24761" date_created="2006-09-07 03:57:21.0" uuid="3d410766-26fe-102b-80cb-0017a47871b2" sort_weight="1219.0"/>
  <concept_answer concept_answer_id="1220" concept_id="1607" answer_concept="5334" creator="24761" date_created="2006-09-07 03:57:21.0" uuid="3d410964-26fe-102b-80cb-0017a47871b2" sort_weight="1220.0"/>
  <concept_answer concept_answer_id="1222" concept_id="1607" answer_concept="43" creator="24761" date_created="2006-09-07 03:57:21.0" uuid="3d410b62-26fe-102b-80cb-0017a47871b2" sort_weight="1222.0"/>
  <concept_answer concept_answer_id="1223" concept_id="1607" answer_concept="298" creator="24761" date_created="2006-09-07 03:57:21.0" uuid="3d410d6a-26fe-102b-80cb-0017a47871b2" sort_weight="1223.0"/>
  <concept_answer concept_answer_id="1224" concept_id="1607" answer_concept="370" creator="24761" date_created="2006-09-07 03:57:21.0" uuid="3d410f5e-26fe-102b-80cb-0017a47871b2" sort_weight="1224.0"/>
  <concept_answer concept_answer_id="1225" concept_id="1607" answer_concept="864" creator="24761" date_created="2006-09-07 03:57:21.0" uuid="3d41115c-26fe-102b-80cb-0017a47871b2" sort_weight="1225.0"/>
  <concept_answer concept_answer_id="1226" concept_id="1607" answer_concept="1431" creator="24761" date_created="2006-09-07 03:57:21.0" uuid="3d41129c-26fe-102b-80cb-0017a47871b2" sort_weight="1226.0"/>
  <concept_answer concept_answer_id="1964" concept_id="1607" answer_concept="684" creator="24761" date_created="2007-05-12 18:39:31.0" uuid="3d45bcf2-26fe-102b-80cb-0017a47871b2" sort_weight="1964.0"/>
  <concept_answer concept_answer_id="1965" concept_id="1607" answer_concept="2155" creator="24761" date_created="2007-05-12 18:45:07.0" uuid="3d45be32-26fe-102b-80cb-0017a47871b2" sort_weight="1965.0"/>
  <concept_answer concept_answer_id="1966" concept_id="1607" answer_concept="5622" creator="24761" date_created="2007-05-12 18:50:42.0" uuid="3d45bf68-26fe-102b-80cb-0017a47871b2" sort_weight="1966.0"/>
  <concept_answer concept_answer_id="2083" concept_id="1607" answer_concept="5993" creator="24761" date_created="2007-05-13 20:34:10.0" uuid="3d46513a-26fe-102b-80cb-0017a47871b2" sort_weight="2083.0"/>
  <concept_answer concept_answer_id="2084" concept_id="1607" answer_concept="1598" creator="24761" date_created="2007-05-13 20:34:10.0" uuid="3d465270-26fe-102b-80cb-0017a47871b2" sort_weight="2084.0"/>
  <concept_answer concept_answer_id="2085" concept_id="1607" answer_concept="1370" creator="24761" date_created="2007-05-13 20:34:10.0" uuid="3d4653a6-26fe-102b-80cb-0017a47871b2" sort_weight="2085.0"/>
  <concept_answer concept_answer_id="2086" concept_id="1607" answer_concept="1352" creator="24761" date_created="2007-05-13 20:34:10.0" uuid="3d4654e6-26fe-102b-80cb-0017a47871b2" sort_weight="2086.0"/>
  <concept_answer concept_answer_id="3485" concept_id="1607" answer_concept="1350" creator="24761" date_created="2007-10-12 18:13:04.0" uuid="3d4fdd36-26fe-102b-80cb-0017a47871b2" sort_weight="3485.0"/>
  <concept_answer concept_answer_id="3486" concept_id="1607" answer_concept="1351" creator="24761" date_created="2007-10-12 18:13:04.0" uuid="3d4fde80-26fe-102b-80cb-0017a47871b2" sort_weight="3486.0"/>
  <concept_answer concept_answer_id="3487" concept_id="1607" answer_concept="141" creator="24761" date_created="2007-10-12 18:17:27.0" uuid="3d4fdfc0-26fe-102b-80cb-0017a47871b2" sort_weight="3487.0"/>
  <concept_answer concept_answer_id="3488" concept_id="1607" answer_concept="1549" creator="24761" date_created="2007-10-12 19:27:51.0" uuid="3d4fe0f6-26fe-102b-80cb-0017a47871b2" sort_weight="3488.0"/>
  <concept_answer concept_answer_id="3489" concept_id="1607" answer_concept="1547" creator="24761" date_created="2007-10-12 19:27:51.0" uuid="3d4fe240-26fe-102b-80cb-0017a47871b2" sort_weight="3489.0"/>
  <concept_answer concept_answer_id="3490" concept_id="1607" answer_concept="207" creator="24761" date_created="2007-10-12 20:00:43.0" uuid="3d4fe380-26fe-102b-80cb-0017a47871b2" sort_weight="3490.0"/>
  <concept_answer concept_answer_id="3491" concept_id="1607" answer_concept="219" creator="24761" date_created="2007-10-12 20:00:43.0" uuid="3d4fe4ca-26fe-102b-80cb-0017a47871b2" sort_weight="3491.0"/>
  <concept_answer concept_answer_id="3492" concept_id="1607" answer_concept="2719" creator="24761" date_created="2007-10-12 20:00:43.0" uuid="3d4fe614-26fe-102b-80cb-0017a47871b2" sort_weight="3492.0"/>
  <concept_answer concept_answer_id="3493" concept_id="1607" answer_concept="903" creator="24761" date_created="2007-10-12 20:19:53.0" uuid="3d4fe754-26fe-102b-80cb-0017a47871b2" sort_weight="3493.0"/>
  <concept_answer concept_answer_id="3494" concept_id="1607" answer_concept="2720" creator="24761" date_created="2007-10-12 20:19:53.0" uuid="3d4fe894-26fe-102b-80cb-0017a47871b2" sort_weight="3494.0"/>
  <concept_answer concept_answer_id="3495" concept_id="1607" answer_concept="1373" creator="24761" date_created="2007-10-12 20:29:16.0" uuid="3d4fe9d4-26fe-102b-80cb-0017a47871b2" sort_weight="3495.0"/>
  <concept_answer concept_answer_id="3496" concept_id="1607" answer_concept="223" creator="24761" date_created="2007-10-12 20:29:16.0" uuid="3d4feb14-26fe-102b-80cb-0017a47871b2" sort_weight="3496.0"/>
  <concept_answer concept_answer_id="3497" concept_id="1607" answer_concept="1213" creator="24761" date_created="2007-10-12 20:29:16.0" uuid="3d4fec54-26fe-102b-80cb-0017a47871b2" sort_weight="3497.0"/>
  <concept_answer concept_answer_id="3498" concept_id="1607" answer_concept="902" creator="24761" date_created="2007-10-12 20:29:16.0" uuid="3d4fed94-26fe-102b-80cb-0017a47871b2" sort_weight="3498.0"/>
  <concept_answer concept_answer_id="3499" concept_id="1607" answer_concept="1356" creator="24761" date_created="2007-10-12 20:35:05.0" uuid="3d4feed4-26fe-102b-80cb-0017a47871b2" sort_weight="3499.0"/>
  <concept_answer concept_answer_id="3500" concept_id="1607" answer_concept="1360" creator="24761" date_created="2007-10-12 20:35:05.0" uuid="3d4ff78a-26fe-102b-80cb-0017a47871b2" sort_weight="3500.0"/>
  <concept_answer concept_answer_id="3501" concept_id="1607" answer_concept="1359" creator="24761" date_created="2007-10-12 20:35:05.0" uuid="3d4ff8ca-26fe-102b-80cb-0017a47871b2" sort_weight="3501.0"/>
  <concept_answer concept_answer_id="3527" concept_id="1607" answer_concept="14" creator="24761" date_created="2007-10-25 16:04:28.0" uuid="3d5019a4-26fe-102b-80cb-0017a47871b2" sort_weight="3527.0"/>
  <concept_answer concept_answer_id="3528" concept_id="1607" answer_concept="2736" creator="24761" date_created="2007-10-25 16:23:17.0" uuid="3d501ae4-26fe-102b-80cb-0017a47871b2" sort_weight="3528.0"/>
  <concept_answer concept_answer_id="3529" concept_id="1607" answer_concept="1362" creator="24761" date_created="2007-10-25 16:23:17.0" uuid="3d501c24-26fe-102b-80cb-0017a47871b2" sort_weight="3529.0"/>
  <concept_answer concept_answer_id="3530" concept_id="1607" answer_concept="1372" creator="24761" date_created="2007-10-25 17:13:32.0" uuid="3d501d5a-26fe-102b-80cb-0017a47871b2" sort_weight="3530.0"/>
  <concept_answer concept_answer_id="3531" concept_id="1607" answer_concept="1816" creator="24761" date_created="2007-10-25 17:13:32.0" uuid="3d501ea4-26fe-102b-80cb-0017a47871b2" sort_weight="3531.0"/>
  <concept_answer concept_answer_id="3532" concept_id="1607" answer_concept="893" creator="24761" date_created="2007-10-25 17:13:32.0" uuid="3d501fe4-26fe-102b-80cb-0017a47871b2" sort_weight="3532.0"/>
  <concept_answer concept_answer_id="3533" concept_id="1607" answer_concept="2738" creator="24761" date_created="2007-10-25 17:13:32.0" uuid="3d502138-26fe-102b-80cb-0017a47871b2" sort_weight="3533.0"/>
  <concept_answer concept_answer_id="3534" concept_id="1607" answer_concept="2737" creator="24761" date_created="2007-10-25 17:13:32.0" uuid="3d502282-26fe-102b-80cb-0017a47871b2" sort_weight="3534.0"/>
  <concept_answer concept_answer_id="3535" concept_id="1607" answer_concept="823" creator="24761" date_created="2007-10-25 17:17:31.0" uuid="3d5023c2-26fe-102b-80cb-0017a47871b2" sort_weight="3535.0"/>
  <concept_answer concept_answer_id="3617" concept_id="1607" answer_concept="2849" creator="24761" date_created="2007-11-06 19:58:04.0" uuid="3d50b35a-26fe-102b-80cb-0017a47871b2" sort_weight="3617.0"/>
  <concept_answer concept_answer_id="3618" concept_id="1607" answer_concept="2850" creator="24761" date_created="2007-11-06 19:58:04.0" uuid="3d50b558-26fe-102b-80cb-0017a47871b2" sort_weight="3618.0"/>
  <concept_answer concept_answer_id="3632" concept_id="1607" answer_concept="2857" creator="24761" date_created="2007-11-28 18:42:36.0" uuid="3d5133ac-26fe-102b-80cb-0017a47871b2" sort_weight="3632.0"/>
  <concept_answer concept_answer_id="3633" concept_id="1607" answer_concept="2856" creator="24761" date_created="2007-11-28 18:42:36.0" uuid="3d5135b4-26fe-102b-80cb-0017a47871b2" sort_weight="3633.0"/>
  <concept_answer concept_answer_id="3634" concept_id="1607" answer_concept="5355" creator="24761" date_created="2007-11-28 18:42:36.0" uuid="3d5137b2-26fe-102b-80cb-0017a47871b2" sort_weight="3634.0"/>
  <concept_answer concept_answer_id="3635" concept_id="1607" answer_concept="1369" creator="24761" date_created="2007-11-28 18:42:36.0" uuid="3d5139b0-26fe-102b-80cb-0017a47871b2" sort_weight="3635.0"/>
  <concept_answer concept_answer_id="3636" concept_id="1607" answer_concept="1358" creator="24761" date_created="2007-11-28 18:42:36.0" uuid="3d513bae-26fe-102b-80cb-0017a47871b2" sort_weight="3636.0"/>
  <concept_answer concept_answer_id="3698" concept_id="1607" answer_concept="2931" creator="24761" date_created="2008-02-08 17:56:48.0" uuid="ce51e4e9-8693-4320-94f8-dfc06e7050aa" sort_weight="3698.0"/>
  <concept_answer concept_answer_id="3699" concept_id="1607" answer_concept="2930" creator="24761" date_created="2008-02-08 17:56:48.0" uuid="07ed2b58-7853-4dd5-ad1b-6e3d77fdf15f" sort_weight="3699.0"/>
  <concept_answer concept_answer_id="3700" concept_id="1607" answer_concept="1363" creator="24761" date_created="2008-02-08 17:56:48.0" uuid="1b12c620-bc0f-491c-a6e2-21060917a9cd" sort_weight="3700.0"/>
  <concept_answer concept_answer_id="3815" concept_id="1607" answer_concept="140" creator="24761" date_created="2008-04-16 20:38:08.0" uuid="b3410c0c-97c8-4008-a749-50010af03db8" sort_weight="3815.0"/>
  <concept_answer concept_answer_id="3816" concept_id="1607" answer_concept="144" creator="24761" date_created="2008-04-16 20:38:08.0" uuid="7e12e2de-e2f8-468e-ab75-7651ac228130" sort_weight="3816.0"/>
  <concept_answer concept_answer_id="3817" concept_id="1607" answer_concept="199" creator="24761" date_created="2008-04-16 20:41:37.0" uuid="98d20140-0479-4ccc-a96e-bbb9195ef7b7" sort_weight="3817.0"/>
  <concept_answer concept_answer_id="4281" concept_id="1607" answer_concept="3110" creator="24761" date_created="2008-05-28 22:54:43.0" uuid="0f1ec5ff-a532-4d9d-be8e-587258f34083" sort_weight="4281.0"/>
  <concept_answer concept_answer_id="4282" concept_id="1607" answer_concept="206" creator="24761" date_created="2008-05-28 22:54:43.0" uuid="640f894e-5d5c-49fe-8065-7d6e3e1704d7" sort_weight="4282.0"/>
  <concept_answer concept_answer_id="4283" concept_id="1607" answer_concept="172" creator="24761" date_created="2008-05-28 22:54:43.0" uuid="7dbb145f-141c-4bbd-aee0-6df66962f48f" sort_weight="4283.0"/>
  <concept_answer concept_answer_id="4284" concept_id="1607" answer_concept="3107" creator="24761" date_created="2008-05-28 22:54:43.0" uuid="d6ecb46a-496b-4775-a06d-fb2b9e97b444" sort_weight="4284.0"/>
  <concept_answer concept_answer_id="4285" concept_id="1607" answer_concept="3109" creator="24761" date_created="2008-05-28 22:54:43.0" uuid="6e24c903-8273-4e40-8b99-97ba407c3a65" sort_weight="4285.0"/>
  <concept_answer concept_answer_id="4286" concept_id="1607" answer_concept="996" creator="24761" date_created="2008-05-28 22:54:43.0" uuid="92b93c13-feba-4556-a521-25a5245fca21" sort_weight="4286.0"/>
  <concept_answer concept_answer_id="4287" concept_id="1607" answer_concept="2135" creator="24761" date_created="2008-05-28 22:54:43.0" uuid="ab158199-55aa-4c90-a1db-428a62390006" sort_weight="4287.0"/>
  <concept_answer concept_answer_id="4288" concept_id="1607" answer_concept="120" creator="24761" date_created="2008-05-28 22:54:43.0" uuid="c271051a-0b41-4adb-a3a7-f3e0c2b64969" sort_weight="4288.0"/>
  <concept_answer concept_answer_id="4289" concept_id="1607" answer_concept="3111" creator="24761" date_created="2008-05-28 22:54:43.0" uuid="f9090926-3e6c-4630-8bd6-56157c36ab71" sort_weight="4289.0"/>
  <concept_answer concept_answer_id="4290" concept_id="1607" answer_concept="972" creator="24761" date_created="2008-05-28 22:54:43.0" uuid="e103886c-f36f-427a-93f3-11ba05c8f4c4" sort_weight="4290.0"/>
  <concept_answer concept_answer_id="4291" concept_id="1607" answer_concept="937" creator="24761" date_created="2008-05-28 22:54:43.0" uuid="eed61aa0-d627-4464-8b60-b1342ea37ab2" sort_weight="4291.0"/>
  <concept_answer concept_answer_id="4292" concept_id="1607" answer_concept="901" creator="24761" date_created="2008-05-28 22:54:56.0" uuid="df8b5661-8367-4d1f-9372-2eea249e11d1" sort_weight="4292.0"/>
  <concept_answer concept_answer_id="4299" concept_id="1607" answer_concept="3108" creator="24761" date_created="2008-05-29 16:56:39.0" uuid="d64998e3-77d6-4389-bce2-7c14bc9a5c81" sort_weight="4299.0"/>
  <concept_answer concept_answer_id="4300" concept_id="1607" answer_concept="512" creator="24761" date_created="2008-05-29 16:56:39.0" uuid="dfc19469-b2cf-42b1-9e67-445442325c9e" sort_weight="4300.0"/>
  <concept_answer concept_answer_id="5048" concept_id="1607" answer_concept="1365" creator="24761" date_created="2008-08-05 17:38:30.0" uuid="0b1fc104-15f5-102d-96e4-000c29c2a5d7" sort_weight="5048.0"/>
  <concept_answer concept_answer_id="5049" concept_id="1607" answer_concept="3536" creator="24761" date_created="2008-08-05 18:05:29.0" uuid="0b1fc1ea-15f5-102d-96e4-000c29c2a5d7" sort_weight="5049.0"/>
  <concept_answer concept_answer_id="5060" concept_id="1607" answer_concept="218" creator="24761" date_created="2008-08-13 17:41:51.0" uuid="0b1fcb72-15f5-102d-96e4-000c29c2a5d7" sort_weight="5060.0"/>
  <concept_answer concept_answer_id="5098" concept_id="1607" answer_concept="3588" creator="24761" date_created="2008-09-15 21:01:42.0" uuid="0b1feb70-15f5-102d-96e4-000c29c2a5d7" sort_weight="5098.0"/>
  <concept_answer concept_answer_id="5518" concept_id="1607" answer_concept="5345" creator="24761" date_created="2009-02-16 21:16:14.0" uuid="132c943d-c38a-4b5f-aaff-17a448d196ab" sort_weight="5518.0"/>
  <concept_answer concept_answer_id="5519" concept_id="1607" answer_concept="1361" creator="24761" date_created="2009-02-16 21:17:00.0" uuid="3d410342-26fe-102b-80cb-0017a47871b2" sort_weight="5519.0"/>
  <concept_answer concept_answer_id="5751" concept_id="1607" answer_concept="68" creator="24761" date_created="2009-08-12 22:12:44.0" uuid="0b249fd0-15f5-102d-96e4-000c29c2a5d7" sort_weight="5751.0"/>
  <concept_answer concept_answer_id="6120" concept_id="1607" answer_concept="880" creator="24761" date_created="2010-04-06 00:08:52.0" uuid="a4f90f4c-9164-4b24-b986-b1952c0853e2" sort_weight="6120.0"/>
  <concept_answer concept_answer_id="6121" concept_id="1607" answer_concept="3723" creator="24761" date_created="2010-04-06 00:08:52.0" uuid="0394438c-ad70-470d-a367-b81067b8c689" sort_weight="6121.0"/>
  <concept_answer concept_answer_id="6154" concept_id="1607" answer_concept="1107" creator="24761" date_created="2010-06-02 00:12:01.0" uuid="3c0eb584-cca8-403e-ad37-d2efc7bda47f" sort_weight="6154.0"/>
  <concept_answer concept_answer_id="6155" concept_id="1607" answer_concept="3720" creator="24761" date_created="2010-06-02 00:12:01.0" uuid="17bd4af2-e3e9-435e-9081-c97a2148fd65" sort_weight="6155.0"/>
  <concept_answer concept_answer_id="6331" concept_id="1607" answer_concept="197" creator="24761" date_created="2010-11-16 22:09:51.0" uuid="cda445bb-719f-4bca-8403-ce6dee6da96c" sort_weight="6331.0"/>
  <concept_answer concept_answer_id="6332" concept_id="1607" answer_concept="3" creator="24761" date_created="2010-11-16 22:11:41.0" uuid="69fc1b43-5b65-4d39-86bb-bd0a1a3a9b17" sort_weight="6332.0"/>
  <concept_answer concept_answer_id="6333" concept_id="1607" answer_concept="204" creator="24761" date_created="2010-11-16 22:21:57.0" uuid="3ae101c6-d3c9-4ca7-8d08-262d94407655" sort_weight="6333.0"/>
  <concept_answer concept_answer_id="6334" concept_id="1607" answer_concept="106" creator="24761" date_created="2010-11-16 22:29:42.0" uuid="3f34af71-892d-4f3d-b4a4-419da0f052e7" sort_weight="6334.0"/>
  <concept_answer concept_answer_id="6421" concept_id="1607" answer_concept="5018" creator="24761" date_created="2011-07-01 17:46:23.0" uuid="87b8ca4e-4d54-4090-9181-21a6553066d6" sort_weight="6421.0"/>
  <concept concept_id="1731" retired="0" datatype_id="3" class_id="7" is_set="0" creator="24761" date_created="2006-10-04 17:49:43.0" changed_by="24761" date_changed="2012-09-12 11:13:01.0" uuid="3cdd0f04-26fe-102b-80cb-0017a47871b2"/>
  <concept_name concept_id="1731" name="CURRENT OPPORTUNISTIC INFECTION OR COMORBIDITY, CONFIRMED OR PRESUMED, NON-CODED" locale="en" creator="24761" date_created="2006-10-04 17:49:43.0" concept_name_id="1891" voided="0" uuid="3e1e0ec2-26fe-102b-80cb-0017a47871b2" concept_name_type="FULLY_SPECIFIED" locale_preferred="true"/>
  <concept_name concept_id="1731" name="OI OR COMORBIDITY" locale="en" creator="24761" date_created="2006-10-04 17:49:43.0" concept_name_id="5630" voided="0" uuid="93b6760a-07d4-102c-b5fa-0017a47871b2" concept_name_type="SHORT" locale_preferred="false"/>
  <concept concept_id="1480" retired="0" datatype_id="2" class_id="4" is_set="0" creator="24761" date_created="2006-08-15 06:33:12.0" changed_by="24761" date_changed="2012-09-12 11:17:11.0" uuid="3cdb3b02-26fe-102b-80cb-0017a47871b2"/>
  <concept_name concept_id="1480" name="WHO STAGE" locale="en" creator="24761" date_created="2006-08-15 06:33:12.0" concept_name_id="1603" voided="0" uuid="3e1a8dba-26fe-102b-80cb-0017a47871b2" concept_name_type="FULLY_SPECIFIED" locale_preferred="true"/>
  <concept_answer concept_answer_id="1092" concept_id="1480" answer_concept="1207" creator="24761" date_created="2006-08-30 16:06:53.0" uuid="3d407db4-26fe-102b-80cb-0017a47871b2" sort_weight="1092.0"/>
  <concept_answer concept_answer_id="1093" concept_id="1480" answer_concept="1205" creator="24761" date_created="2006-08-30 16:06:53.0" uuid="3d407eea-26fe-102b-80cb-0017a47871b2" sort_weight="1093.0"/>
  <concept_answer concept_answer_id="1094" concept_id="1480" answer_concept="1204" creator="24761" date_created="2006-08-30 16:06:53.0" uuid="3d408020-26fe-102b-80cb-0017a47871b2" sort_weight="1094.0"/>
  <concept_answer concept_answer_id="1095" concept_id="1480" answer_concept="1206" creator="24761" date_created="2006-08-30 16:06:53.0" uuid="3d408156-26fe-102b-80cb-0017a47871b2" sort_weight="1095.0"/>
  <concept_answer concept_answer_id="1096" concept_id="1480" answer_concept="1067" creator="24761" date_created="2006-08-30 16:06:53.0" uuid="3d40828c-26fe-102b-80cb-0017a47871b2" sort_weight="1096.0"/>
  <concept_answer concept_answer_id="1163" concept_id="1480" answer_concept="1220" creator="24761" date_created="2006-09-05 19:03:24.0" uuid="3d40d1ba-26fe-102b-80cb-0017a47871b2" sort_weight="1163.0"/>
  <concept_answer concept_answer_id="1164" concept_id="1480" answer_concept="1221" creator="24761" date_created="2006-09-05 19:03:24.0" uuid="3d40d2e6-26fe-102b-80cb-0017a47871b2" sort_weight="1164.0"/>
  <concept_answer concept_answer_id="1165" concept_id="1480" answer_concept="1223" creator="24761" date_created="2006-09-05 19:03:24.0" uuid="3d40d41c-26fe-102b-80cb-0017a47871b2" sort_weight="1165.0"/>
  <concept_answer concept_answer_id="1166" concept_id="1480" answer_concept="1222" creator="24761" date_created="2006-09-05 19:03:24.0" uuid="3d40d552-26fe-102b-80cb-0017a47871b2" sort_weight="1166.0"/>
  <concept concept_id="1364" retired="0" datatype_id="3" class_id="7" is_set="0" creator="24761" date_created="2006-06-14 05:41:10.0" version="" changed_by="24761" date_changed="2011-11-16 11:12:48.0" uuid="3cd9d956-26fe-102b-80cb-0017a47871b2"/>
  <concept_name concept_id="1364" name="CLINICAL IMPRESSION COMMENTS" locale="en" creator="24761" date_created="2006-06-14 05:41:10.0" concept_name_id="1448" voided="0" uuid="3e18bed6-26fe-102b-80cb-0017a47871b2" concept_name_type="FULLY_SPECIFIED" locale_preferred="false"/>
  <concept concept_id="6994" retired="0" datatype_id="1" class_id="7" is_set="0" creator="24761" date_created="2011-01-20 18:59:32.0" version="" changed_by="24761" date_changed="2011-11-16 11:12:45.0" uuid="7ff3976d-a907-4a7b-815f-479b837b1c9b"/>
  <concept_name concept_id="6994" name="Duration of opportunistic infection" locale="en" creator="24761" date_created="2011-01-20 18:59:32.0" concept_name_id="14384" voided="0" uuid="e8729901-be07-4ffb-8d2c-f4a697092548" concept_name_type="FULLY_SPECIFIED" locale_preferred="false"/>
  <concept concept_id="6412" retired="0" datatype_id="2" class_id="7" is_set="0" creator="24761" date_created="2009-08-24 14:55:12.0" changed_by="24761" date_changed="2012-09-12 11:35:45.0" uuid="f1904502-319d-4681-9030-e642111e7ce2"/>
  <concept_name concept_id="6412" name="TIME UNITS" locale="en" creator="24761" date_created="2009-08-24 14:55:12.0" concept_name_id="9457" voided="0" uuid="0b957250-15f5-102d-96e4-000c29c2a5d7" concept_name_type="FULLY_SPECIFIED" locale_preferred="true"/>
  <concept_name concept_id="6412" name="Duration units" locale="en" creator="24761" date_created="2010-11-17 19:00:12.0" concept_name_id="14183" voided="0" uuid="754fa3f5-0dca-40e1-8534-2e750fa057bd" locale_preferred="false"/>
  <concept_name concept_id="6412" name="units" locale="en" creator="24761" date_created="2009-08-24 14:55:12.0" concept_name_id="9458" voided="0" uuid="0b95734a-15f5-102d-96e4-000c29c2a5d7" concept_name_type="SHORT" locale_preferred="false"/>
  <concept_answer concept_answer_id="5755" concept_id="6412" answer_concept="1072" creator="24761" date_created="2009-08-24 14:55:12.0" uuid="0b24a340-15f5-102d-96e4-000c29c2a5d7" sort_weight="5755.0"/>
  <concept_answer concept_answer_id="5756" concept_id="6412" answer_concept="1074" creator="24761" date_created="2009-08-24 14:55:12.0" uuid="0b24a41c-15f5-102d-96e4-000c29c2a5d7" sort_weight="5756.0"/>
  <concept_answer concept_answer_id="5757" concept_id="6412" answer_concept="1073" creator="24761" date_created="2009-08-24 14:55:12.0" uuid="0b24a4f8-15f5-102d-96e4-000c29c2a5d7" sort_weight="5757.0"/>
  <concept_answer concept_answer_id="6336" concept_id="6412" answer_concept="2287" creator="24761" date_created="2010-11-17 19:01:08.0" uuid="373994f4-b5b0-4c34-8926-7e47817c6cd9" sort_weight="6336.0"/>
  <concept_answer concept_answer_id="6337" concept_id="6412" answer_concept="6902" creator="24761" date_created="2010-11-17 19:05:05.0" uuid="39176fd1-11d1-488e-92ba-264c246969eb" sort_weight="6337.0"/>
  <concept_answer concept_answer_id="6338" concept_id="6412" answer_concept="6901" creator="24761" date_created="2010-11-17 19:05:05.0" uuid="e319a340-e6c9-4fc3-a7aa-e283ef961246" sort_weight="6338.0"/>
  <concept_answer concept_answer_id="6422" concept_id="6412" answer_concept="6993" creator="24761" date_created="2011-03-20 15:14:36.0" uuid="fe49af3d-489d-4ff1-aa07-cf162dab37d2" sort_weight="6422.0"/>
  <concept concept_id="1295" retired="0" datatype_id="4" class_id="10" is_set="1" creator="24761" date_created="2006-06-06 18:29:04.0" version="" changed_by="24761" date_changed="2011-11-16 11:12:48.0" uuid="3cd95d5a-26fe-102b-80cb-0017a47871b2"/>
  <concept_name concept_id="1295" name="ADVERSE EFFECT CONSTRUCT" locale="en" creator="24761" date_created="2006-06-06 18:29:04.0" concept_name_id="1331" voided="0" uuid="3e17a38e-26fe-102b-80cb-0017a47871b2" concept_name_type="FULLY_SPECIFIED" locale_preferred="false"/>
  <concept_set concept_set_id="751" concept_id="3063" concept_set="1295" sort_weight="0.0" creator="24761" date_created="2009-07-30 18:41:25.0" uuid="0ffdc9fc-362b-4aad-bc7b-e3092e96ece8"/>
  <concept_set concept_set_id="264" concept_id="1296" concept_set="1295" sort_weight="1.0" creator="24761" date_created="2006-06-07 00:58:37.0" uuid="3f29a7ae-26fe-102b-80cb-0017a47871b2"/>
  <concept_set concept_set_id="265" concept_id="1297" concept_set="1295" sort_weight="2.0" creator="24761" date_created="2006-06-07 00:58:37.0" uuid="bfc307b3-b944-422f-9b79-a365c9d65313"/>
  <concept_set concept_set_id="459" concept_id="1729" concept_set="1295" sort_weight="3.0" creator="24761" date_created="2009-07-30 18:41:25.0" uuid="fad4318b-003f-4993-bae0-1f3fe056eced"/>
  <concept_set concept_set_id="266" concept_id="1300" concept_set="1295" sort_weight="4.0" creator="24761" date_created="2006-06-07 00:58:37.0" uuid="a4790a2b-bacb-421d-9b53-4b1258fb9787"/>
  <concept_set concept_set_id="454" concept_id="1643" concept_set="1295" sort_weight="5.0" creator="24761" date_created="2009-07-30 18:41:25.0" uuid="f2c81e2b-9ae8-42fa-84a0-e82206889483"/>
  <concept_set concept_set_id="1322" concept_id="1645" concept_set="1295" sort_weight="6.0" creator="24761" date_created="2010-11-16 18:02:31.0" uuid="501c64bc-817a-467c-92fd-b3bd088c3ea9"/>
  <concept concept_id="3063" retired="0" datatype_id="3" class_id="7" is_set="0" creator="24761" date_created="2008-04-29 14:49:39.0" version="" changed_by="24761" date_changed="2011-11-16 11:12:48.0" uuid="2c62cce0-8b88-4b9e-8b22-c99c7ccc3e27"/>
  <concept_name concept_id="3063" name="Treatment" locale="en" creator="24761" date_created="2008-04-29 14:49:39.0" concept_name_id="6148" voided="0" uuid="93c47232-07d4-102c-b5fa-0017a47871b2" concept_name_type="SHORT" locale_preferred="false"/>
  <concept_name concept_id="3063" name="ADVERSE EFFECT MEDICATION NON-CODED" locale="en" creator="24761" date_created="2008-04-29 14:49:39.0" concept_name_id="3283" voided="0" uuid="0b6b2b62-15f5-102d-96e4-000c29c2a5d7" concept_name_type="FULLY_SPECIFIED" locale_preferred="false"/>
  <concept concept_id="1296" retired="0" datatype_id="2" class_id="7" is_set="0" creator="24761" date_created="2006-06-06 18:34:13.0" version="" changed_by="24761" date_changed="2011-11-16 11:12:48.0" uuid="3cd95ed6-26fe-102b-80cb-0017a47871b2"/>
  <concept_name concept_id="1296" name="AE_MED" locale="en" creator="24761" date_created="2006-06-06 18:34:13.0" concept_name_id="5540" voided="0" uuid="93c46dc8-07d4-102c-b5fa-0017a47871b2" concept_name_type="SHORT" locale_preferred="false"/>
  <concept_name concept_id="1296" name="ADVERSE EFFECT MEDICATION" locale="en" creator="24761" date_created="2006-06-06 18:34:13.0" concept_name_id="1332" voided="0" uuid="3e17a5f0-26fe-102b-80cb-0017a47871b2" concept_name_type="FULLY_SPECIFIED" locale_preferred="false"/>
  <concept_answer concept_answer_id="855" concept_id="1296" answer_concept="767" creator="24761" date_created="2006-06-06 18:34:37.0" uuid="3d3ec94c-26fe-102b-80cb-0017a47871b2" sort_weight="855.0"/>
  <concept_answer concept_answer_id="856" concept_id="1296" answer_concept="656" creator="24761" date_created="2006-06-06 18:34:37.0" uuid="3d3eca96-26fe-102b-80cb-0017a47871b2" sort_weight="856.0"/>
  <concept_answer concept_answer_id="857" concept_id="1296" answer_concept="745" creator="24761" date_created="2006-06-06 18:35:40.0" uuid="3d3ecbd6-26fe-102b-80cb-0017a47871b2" sort_weight="857.0"/>
  <concept_answer concept_answer_id="858" concept_id="1296" answer_concept="797" creator="24761" date_created="2006-06-06 18:35:40.0" uuid="3d3ecd16-26fe-102b-80cb-0017a47871b2" sort_weight="858.0"/>
  <concept_answer concept_answer_id="859" concept_id="1296" answer_concept="628" creator="24761" date_created="2006-06-06 18:35:40.0" uuid="3d3ece56-26fe-102b-80cb-0017a47871b2" sort_weight="859.0"/>
  <concept_answer concept_answer_id="860" concept_id="1296" answer_concept="796" creator="24761" date_created="2006-06-06 18:35:40.0" uuid="3d3ecfb4-26fe-102b-80cb-0017a47871b2" sort_weight="860.0"/>
  <concept_answer concept_answer_id="861" concept_id="1296" answer_concept="631" creator="24761" date_created="2006-06-06 18:35:40.0" uuid="3d3ed0f4-26fe-102b-80cb-0017a47871b2" sort_weight="861.0"/>
  <concept_answer concept_answer_id="862" concept_id="1296" answer_concept="633" creator="24761" date_created="2006-06-06 18:35:40.0" uuid="3d3ed234-26fe-102b-80cb-0017a47871b2" sort_weight="862.0"/>
  <concept_answer concept_answer_id="1336" concept_id="1296" answer_concept="916" creator="24761" date_created="2006-10-05 21:13:30.0" uuid="3d41fa04-26fe-102b-80cb-0017a47871b2" sort_weight="1336.0"/>
  <concept_answer concept_answer_id="1337" concept_id="1296" answer_concept="912" creator="24761" date_created="2006-10-05 21:13:44.0" uuid="3d41fb3a-26fe-102b-80cb-0017a47871b2" sort_weight="1337.0"/>
  <concept_answer concept_answer_id="2061" concept_id="1296" answer_concept="814" creator="24761" date_created="2007-05-13 10:12:02.0" uuid="3d463b32-26fe-102b-80cb-0017a47871b2" sort_weight="2061.0"/>
  <concept_answer concept_answer_id="3814" concept_id="1296" answer_concept="625" creator="24761" date_created="2008-04-07 17:52:58.0" uuid="0becf13b-6362-496f-847f-099cfd2a8be8" sort_weight="3814.0"/>
  <concept_answer concept_answer_id="3877" concept_id="1296" answer_concept="5622" creator="24761" date_created="2008-04-29 14:40:32.0" uuid="02e65783-fb6d-4582-bc91-395ada9a20dc" sort_weight="3877.0"/>
  <concept concept_id="1297" retired="0" datatype_id="2" class_id="7" is_set="0" creator="24761" date_created="2007-05-12 17:43:05.0" changed_by="24761" date_changed="2012-09-12 11:15:43.0" uuid="3cd96052-26fe-102b-80cb-0017a47871b2"/>
  <concept_name concept_id="1297" name="ADVERSE EFFECT" locale="en" creator="24761" date_created="2007-05-12 17:43:05.0" concept_name_id="1333" voided="0" uuid="3e17a852-26fe-102b-80cb-0017a47871b2" concept_name_type="FULLY_SPECIFIED" locale_preferred="true"/>
  <concept_name concept_id="1297" name="ADVERSE SECONDARY REACTION" locale="en" creator="24761" date_created="2007-05-12 17:43:16.0" concept_name_id="6406" voided="0" uuid="93ec1698-07d4-102c-b5fa-0017a47871b2" locale_preferred="false"/>
  <concept_name concept_id="1297" name="ALLERGY" locale="en" creator="24761" date_created="2007-05-12 17:43:16.0" concept_name_id="6422" voided="0" uuid="93ec659e-07d4-102c-b5fa-0017a47871b2" locale_preferred="false"/>
  <concept_name concept_id="1297" name="ADVERSE REACTION" locale="en" creator="24761" date_created="2007-05-12 17:43:16.0" concept_name_id="6405" voided="0" uuid="93ec1238-07d4-102c-b5fa-0017a47871b2" locale_preferred="false"/>
  <concept_name concept_id="1297" name="SECONDARY EFFECTS" locale="en" creator="24761" date_created="2007-05-12 17:43:16.0" concept_name_id="7619" voided="0" uuid="95666ff0-07d4-102c-b5fa-0017a47871b2" locale_preferred="false"/>
  <concept_name concept_id="1297" name="AE" locale="en" creator="24761" date_created="2007-05-12 17:43:05.0" concept_name_id="5541" voided="0" uuid="93b4dfac-07d4-102c-b5fa-0017a47871b2" concept_name_type="SHORT" locale_preferred="false"/>
  <concept_answer concept_answer_id="1912" concept_id="1297" answer_concept="3" creator="24761" date_created="2007-05-12 17:43:16.0" uuid="3d453dc2-26fe-102b-80cb-0017a47871b2" sort_weight="1912.0"/>
  <concept_answer concept_answer_id="1913" concept_id="1297" answer_concept="821" creator="24761" date_created="2007-05-12 17:43:16.0" uuid="3d453f02-26fe-102b-80cb-0017a47871b2" sort_weight="1913.0"/>
  <concept_answer concept_answer_id="1914" concept_id="1297" answer_concept="512" creator="24761" date_created="2007-05-12 17:43:16.0" uuid="3d454042-26fe-102b-80cb-0017a47871b2" sort_weight="1914.0"/>
  <concept_answer concept_answer_id="1915" concept_id="1297" answer_concept="29" creator="24761" date_created="2007-05-12 17:43:16.0" uuid="3d454182-26fe-102b-80cb-0017a47871b2" sort_weight="1915.0"/>
  <concept_answer concept_answer_id="1916" concept_id="1297" answer_concept="1728" creator="24761" date_created="2007-05-12 17:43:16.0" uuid="3d4542c2-26fe-102b-80cb-0017a47871b2" sort_weight="1916.0"/>
  <concept_answer concept_answer_id="1917" concept_id="1297" answer_concept="5622" creator="24761" date_created="2007-05-12 17:43:16.0" uuid="3d454402-26fe-102b-80cb-0017a47871b2" sort_weight="1917.0"/>
  <concept_answer concept_answer_id="1918" concept_id="1297" answer_concept="215" creator="24761" date_created="2007-05-12 17:43:16.0" uuid="3d454556-26fe-102b-80cb-0017a47871b2" sort_weight="1918.0"/>
  <concept_answer concept_answer_id="1919" concept_id="1297" answer_concept="998" creator="24761" date_created="2007-05-12 17:43:16.0" uuid="3d454696-26fe-102b-80cb-0017a47871b2" sort_weight="1919.0"/>
  <concept_answer concept_answer_id="1920" concept_id="1297" answer_concept="5978" creator="24761" date_created="2007-05-12 17:43:16.0" uuid="3d4547cc-26fe-102b-80cb-0017a47871b2" sort_weight="1920.0"/>
  <concept_answer concept_answer_id="1921" concept_id="1297" answer_concept="1298" creator="24761" date_created="2007-05-12 17:43:16.0" uuid="3d4548f8-26fe-102b-80cb-0017a47871b2" sort_weight="1921.0"/>
  <concept_answer concept_answer_id="1922" concept_id="1297" answer_concept="2148" creator="24761" date_created="2007-05-12 17:43:16.0" uuid="3d454a24-26fe-102b-80cb-0017a47871b2" sort_weight="1922.0"/>
  <concept_answer concept_answer_id="1923" concept_id="1297" answer_concept="1726" creator="24761" date_created="2007-05-12 17:43:16.0" uuid="3d454b50-26fe-102b-80cb-0017a47871b2" sort_weight="1923.0"/>
  <concept_answer concept_answer_id="1924" concept_id="1297" answer_concept="1727" creator="24761" date_created="2007-05-12 17:43:16.0" uuid="3d454c9a-26fe-102b-80cb-0017a47871b2" sort_weight="1924.0"/>
  <concept_answer concept_answer_id="1925" concept_id="1297" answer_concept="1458" creator="24761" date_created="2007-05-12 17:43:16.0" uuid="3d454dd0-26fe-102b-80cb-0017a47871b2" sort_weight="1925.0"/>
  <concept_answer concept_answer_id="1926" concept_id="1297" answer_concept="2150" creator="24761" date_created="2007-05-12 17:43:16.0" uuid="3d454efc-26fe-102b-80cb-0017a47871b2" sort_weight="1926.0"/>
  <concept_answer concept_answer_id="2546" concept_id="1297" answer_concept="5980" creator="24761" date_created="2007-06-03 20:29:32.0" uuid="3d49d49a-26fe-102b-80cb-0017a47871b2" sort_weight="2546.0"/>
  <concept_answer concept_answer_id="3173" concept_id="1297" answer_concept="80" creator="24761" date_created="2007-08-02 21:18:42.0" uuid="3d4d269a-26fe-102b-80cb-0017a47871b2" sort_weight="3173.0"/>
  <concept_answer concept_answer_id="3197" concept_id="1297" answer_concept="1107" creator="24761" date_created="2007-08-03 19:23:57.0" uuid="3d4d4c06-26fe-102b-80cb-0017a47871b2" sort_weight="3197.0"/>
  <concept_answer concept_answer_id="5700" concept_id="1297" answer_concept="861" creator="24761" date_created="2009-06-10 22:55:53.0" uuid="0b246d08-15f5-102d-96e4-000c29c2a5d7" sort_weight="5700.0"/>
  <concept_answer concept_answer_id="5701" concept_id="1297" answer_concept="16" creator="24761" date_created="2009-06-10 22:55:53.0" uuid="0b246de4-15f5-102d-96e4-000c29c2a5d7" sort_weight="5701.0"/>
  <concept_answer concept_answer_id="5702" concept_id="1297" answer_concept="877" creator="24761" date_created="2009-06-10 22:55:53.0" uuid="0b246ec0-15f5-102d-96e4-000c29c2a5d7" sort_weight="5702.0"/>
  <concept_answer concept_answer_id="5703" concept_id="1297" answer_concept="151" creator="24761" date_created="2009-06-10 22:55:53.0" uuid="0b2476a4-15f5-102d-96e4-000c29c2a5d7" sort_weight="5703.0"/>
  <concept_answer concept_answer_id="5704" concept_id="1297" answer_concept="620" creator="24761" date_created="2009-06-10 22:55:53.0" uuid="0b24778a-15f5-102d-96e4-000c29c2a5d7" sort_weight="5704.0"/>
  <concept_answer concept_answer_id="5705" concept_id="1297" answer_concept="868" creator="24761" date_created="2009-06-10 22:59:42.0" uuid="0b24785c-15f5-102d-96e4-000c29c2a5d7" sort_weight="5705.0"/>
  <concept_answer concept_answer_id="5706" concept_id="1297" answer_concept="172" creator="24761" date_created="2009-06-10 22:59:42.0" uuid="0b247938-15f5-102d-96e4-000c29c2a5d7" sort_weight="5706.0"/>
  <concept_answer concept_answer_id="5707" concept_id="1297" answer_concept="1630" creator="24761" date_created="2009-06-10 22:59:42.0" uuid="0b247a14-15f5-102d-96e4-000c29c2a5d7" sort_weight="5707.0"/>
  <concept_answer concept_answer_id="5708" concept_id="1297" answer_concept="142" creator="24761" date_created="2009-06-10 22:59:42.0" uuid="0b247af0-15f5-102d-96e4-000c29c2a5d7" sort_weight="5708.0"/>
  <concept_answer concept_answer_id="5709" concept_id="1297" answer_concept="207" creator="24761" date_created="2009-06-10 22:59:42.0" uuid="0b247bcc-15f5-102d-96e4-000c29c2a5d7" sort_weight="5709.0"/>
  <concept_answer concept_answer_id="5710" concept_id="1297" answer_concept="219" creator="24761" date_created="2009-06-10 23:03:38.0" uuid="0b247ca8-15f5-102d-96e4-000c29c2a5d7" sort_weight="5710.0"/>
  <concept_answer concept_answer_id="5840" concept_id="1297" answer_concept="212" creator="24761" date_created="2009-10-18 15:32:37.0" uuid="0b25441c-15f5-102d-96e4-000c29c2a5d7" sort_weight="5840.0"/>
  <concept_answer concept_answer_id="5841" concept_id="1297" answer_concept="3698" creator="24761" date_created="2009-10-18 15:32:37.0" uuid="0b254502-15f5-102d-96e4-000c29c2a5d7" sort_weight="5841.0"/>
  <concept_answer concept_answer_id="5842" concept_id="1297" answer_concept="3714" creator="24761" date_created="2009-10-18 15:32:37.0" uuid="0b2545de-15f5-102d-96e4-000c29c2a5d7" sort_weight="5842.0"/>
  <concept_answer concept_answer_id="5843" concept_id="1297" answer_concept="970" creator="24761" date_created="2009-10-18 15:32:37.0" uuid="0b2546ba-15f5-102d-96e4-000c29c2a5d7" sort_weight="5843.0"/>
  <concept_answer concept_answer_id="5844" concept_id="1297" answer_concept="3720" creator="24761" date_created="2009-10-18 15:32:37.0" uuid="0b254796-15f5-102d-96e4-000c29c2a5d7" sort_weight="5844.0"/>
  <concept_answer concept_answer_id="5845" concept_id="1297" answer_concept="206" creator="24761" date_created="2009-10-18 15:32:37.0" uuid="0b254872-15f5-102d-96e4-000c29c2a5d7" sort_weight="5845.0"/>
  <concept_answer concept_answer_id="5846" concept_id="1297" answer_concept="3711" creator="24761" date_created="2009-10-18 15:32:37.0" uuid="0b25494e-15f5-102d-96e4-000c29c2a5d7" sort_weight="5846.0"/>
  <concept_answer concept_answer_id="5847" concept_id="1297" answer_concept="2618" creator="24761" date_created="2009-10-18 15:32:37.0" uuid="0b254a2a-15f5-102d-96e4-000c29c2a5d7" sort_weight="5847.0"/>
  <concept_answer concept_answer_id="5848" concept_id="1297" answer_concept="20" creator="24761" date_created="2009-10-18 15:32:37.0" uuid="0b254b06-15f5-102d-96e4-000c29c2a5d7" sort_weight="5848.0"/>
  <concept concept_id="1729" retired="0" datatype_id="3" class_id="7" is_set="0" creator="24761" date_created="2006-10-04 17:42:51.0" version="" changed_by="24761" date_changed="2011-11-16 11:12:48.0" uuid="3cdd0c48-26fe-102b-80cb-0017a47871b2"/>
  <concept_name concept_id="1729" name="ADVERSE EFFECT, NON-CODED" locale="en" creator="24761" date_created="2006-10-04 17:42:51.0" concept_name_id="1889" voided="0" uuid="3e1e09fe-26fe-102b-80cb-0017a47871b2" concept_name_type="FULLY_SPECIFIED" locale_preferred="false"/>
  <concept_name concept_id="1729" name="Adverse Effects" locale="en" creator="24761" date_created="2009-10-17 18:21:42.0" concept_name_id="9526" voided="0" uuid="0b95c962-15f5-102d-96e4-000c29c2a5d7" concept_name_type="SHORT" locale_preferred="false"/>
  <concept concept_id="1300" retired="0" datatype_id="6" class_id="13" is_set="0" creator="24761" date_created="2006-06-07 00:57:08.0" version="" changed_by="24761" date_changed="2011-11-16 11:12:48.0" uuid="3cd964bc-26fe-102b-80cb-0017a47871b2"/>
  <concept_name concept_id="1300" name="AE_DATE" locale="en" creator="24761" date_created="2006-06-07 00:57:08.0" concept_name_id="5542" voided="0" uuid="0b7bd0ca-15f5-102d-96e4-000c29c2a5d7" concept_name_type="SHORT" locale_preferred="false"/>
  <concept_name concept_id="1300" name="ADVERSE EFFECT DATE" locale="en" creator="24761" date_created="2006-06-07 00:57:08.0" concept_name_id="1337" voided="0" uuid="3e17b1ee-26fe-102b-80cb-0017a47871b2" concept_name_type="FULLY_SPECIFIED" locale_preferred="false"/>
  <concept concept_id="1643" retired="0" datatype_id="3" class_id="11" is_set="0" creator="24761" date_created="2006-09-11 22:36:26.0" changed_by="24761" date_changed="2012-09-12 11:18:06.0" uuid="3cdc7b34-26fe-102b-80cb-0017a47871b2"/>
  <concept_name concept_id="1643" name="ADVERSE EFFECT ACTION TAKEN, NON-CODED" locale="en" creator="24761" date_created="2006-09-11 22:36:26.0" concept_name_id="1791" voided="0" uuid="3e1c682e-26fe-102b-80cb-0017a47871b2" concept_name_type="FULLY_SPECIFIED" locale_preferred="true"/>
  <concept_name concept_id="1643" name="OTHER ADVERSE EVENT ACTION" locale="en" creator="24761" date_created="2009-06-10 23:42:40.0" concept_name_id="9128" voided="0" uuid="0b9303bc-15f5-102d-96e4-000c29c2a5d7" locale_preferred="false"/>
  <concept concept_id="1645" retired="0" datatype_id="2" class_id="7" is_set="0" creator="24761" date_created="2006-09-11 22:41:51.0" version="" changed_by="24761" date_changed="2011-11-16 11:12:48.0" uuid="3cdc7e2c-26fe-102b-80cb-0017a47871b2"/>
  <concept_name concept_id="1645" name="ADVERSE EVENT ACTION TAKEN" locale="en" creator="24761" date_created="2006-09-11 22:41:51.0" concept_name_id="1793" voided="0" uuid="3e1c6cf2-26fe-102b-80cb-0017a47871b2" concept_name_type="FULLY_SPECIFIED" locale_preferred="false"/>
  <concept_answer concept_answer_id="1259" concept_id="1645" answer_concept="1644" creator="24761" date_created="2006-09-11 22:41:51.0" uuid="3d419f8c-26fe-102b-80cb-0017a47871b2" sort_weight="1259.0"/>
  <concept_answer concept_answer_id="1260" concept_id="1645" answer_concept="1642" creator="24761" date_created="2006-09-11 22:41:51.0" uuid="3d41a0cc-26fe-102b-80cb-0017a47871b2" sort_weight="1260.0"/>
  <concept_answer concept_answer_id="1261" concept_id="1645" answer_concept="5622" creator="24761" date_created="2006-09-11 22:41:51.0" uuid="3d41a202-26fe-102b-80cb-0017a47871b2" sort_weight="1261.0"/>
  <concept_answer concept_answer_id="1262" concept_id="1645" answer_concept="5485" creator="24761" date_created="2006-09-11 22:41:51.0" uuid="3d41a356-26fe-102b-80cb-0017a47871b2" sort_weight="1262.0"/>
  <concept_answer concept_answer_id="6327" concept_id="1645" answer_concept="6229" creator="24761" date_created="2010-11-16 18:10:25.0" uuid="ed1c8342-8444-467b-bb90-4ab80a07ab8f" sort_weight="6327.0"/>
  <concept_answer concept_answer_id="6328" concept_id="1645" answer_concept="1068" creator="24761" date_created="2010-11-16 18:10:25.0" uuid="6f62a0bb-f79a-4650-8af1-32fb24f47a5e" sort_weight="6328.0"/>
  <concept concept_id="5096" retired="0" datatype_id="6" class_id="11" is_set="0" creator="24761" date_created="2004-08-12 06:00:00.0" changed_by="24761" date_changed="2012-09-12 11:34:10.0" uuid="3ce94df0-26fe-102b-80cb-0017a47871b2"/>
  <concept_name concept_id="5096" name="RETURN VISIT DATE" locale="en" creator="24761" date_created="2004-08-12 06:00:00.0" concept_name_id="3463" voided="0" uuid="3e3b145e-26fe-102b-80cb-0017a47871b2" concept_name_type="FULLY_SPECIFIED" locale_preferred="true"/>
  <concept_name concept_id="5096" name="NEXT SCHEDULED VISIT" locale="en" creator="24761" date_created="2008-10-16 15:43:38.0" concept_name_id="7287" voided="0" uuid="0b8691b8-15f5-102d-96e4-000c29c2a5d7" locale_preferred="false"/>
  <concept concept_id="1118" retired="0" datatype_id="4" class_id="11" is_set="0" creator="24761" date_created="2005-01-12 07:00:00.0" version="" changed_by="24761" date_changed="2011-12-15 09:08:38.0" uuid="3cd75550-26fe-102b-80cb-0017a47871b2"/>
  <concept_name concept_id="1118" name="NOT DONE" locale="en" creator="24761" date_created="2009-02-06 17:38:08.0" concept_name_id="8282" voided="0" uuid="3e15840a-26fe-102b-80cb-0017a47871b2" concept_name_type="FULLY_SPECIFIED" locale_preferred="true"/>
  <concept concept_id="1107" retired="0" datatype_id="4" class_id="11" is_set="0" creator="24761" date_created="2005-01-12 07:00:00.0" changed_by="24761" date_changed="2012-09-12 11:15:20.0" uuid="3cd743f8-26fe-102b-80cb-0017a47871b2"/>
  <concept_name concept_id="1107" name="NONE" locale="en" creator="24761" date_created="2005-01-12 07:00:00.0" concept_name_id="1144" voided="0" uuid="3e15729e-26fe-102b-80cb-0017a47871b2" concept_name_type="FULLY_SPECIFIED" locale_preferred="true"/>
  <concept_name concept_id="1107" name="AUCUN" locale="en" creator="24761" date_created="2006-06-07 04:53:55.0" concept_name_id="6494" voided="0" uuid="93ed93b0-07d4-102c-b5fa-0017a47871b2" locale_preferred="false"/>
  <concept concept_id="3765" retired="0" datatype_id="2" class_id="7" is_set="0" creator="7" date_created="2008-11-13 15:49:44.0" version="" changed_by="7" date_changed="2011-06-29 20:09:06.0" uuid="e6bb1491-43b5-46b8-ba55-bd1ad188123c"/>
  <concept_name concept_id="3765" name="HEART FAILURE DIAGNOSIS" locale="en" creator="7" date_created="2008-11-13 15:49:44.0" concept_name_id="5121" voided="0" uuid="d5699ce9-14a3-4b0d-95d8-2c354aca13d9" concept_name_type="FULLY_SPECIFIED" locale_preferred="false"/>
  <concept_answer concept_answer_id="5189" concept_id="3765" answer_concept="5016" creator="7" date_created="2008-11-13 15:49:44.0" uuid="0b2207a2-15f5-102d-96e4-000c29c2a5d7" sort_weight="5189.0"/>
  <concept_answer concept_answer_id="5190" concept_id="3765" answer_concept="221" creator="7" date_created="2008-11-13 15:49:44.0" uuid="0b220888-15f5-102d-96e4-000c29c2a5d7" sort_weight="5190.0"/>
  <concept_answer concept_answer_id="5191" concept_id="3765" answer_concept="5622" creator="7" date_created="2008-11-13 15:49:44.0" uuid="0b220f2c-15f5-102d-96e4-000c29c2a5d7" sort_weight="5191.0"/>
  <concept_answer concept_answer_id="5192" concept_id="3765" answer_concept="3071" creator="7" date_created="2008-11-13 15:49:44.0" uuid="0b2211ca-15f5-102d-96e4-000c29c2a5d7" sort_weight="5192.0"/>
  <concept_answer concept_answer_id="5193" concept_id="3765" answer_concept="3175" creator="7" date_created="2008-11-13 15:49:44.0" uuid="0b2212ba-15f5-102d-96e4-000c29c2a5d7" sort_weight="5193.0"/>
  <concept_answer concept_answer_id="5401" concept_id="3765" answer_concept="3128" creator="7" date_created="2008-12-05 13:13:57.0" uuid="0b22d074-15f5-102d-96e4-000c29c2a5d7" sort_weight="5401.0"/>
  <concept_answer concept_answer_id="5402" concept_id="3765" answer_concept="3177" creator="7" date_created="2008-12-05 13:13:57.0" uuid="0b22d146-15f5-102d-96e4-000c29c2a5d7" sort_weight="5402.0"/>
  <concept_answer concept_answer_id="5403" concept_id="3765" answer_concept="3132" creator="7" date_created="2008-12-05 13:13:57.0" uuid="0b22d218-15f5-102d-96e4-000c29c2a5d7" sort_weight="5403.0"/>
  <concept_answer concept_answer_id="5404" concept_id="3765" answer_concept="3308" creator="7" date_created="2008-12-05 13:13:57.0" uuid="0b22d326-15f5-102d-96e4-000c29c2a5d7" sort_weight="5404.0"/>
  <concept_answer concept_answer_id="5405" concept_id="3765" answer_concept="3307" creator="7" date_created="2008-12-05 13:13:57.0" uuid="0b22d3f8-15f5-102d-96e4-000c29c2a5d7" sort_weight="5405.0"/>
  <concept_answer concept_answer_id="5406" concept_id="3765" answer_concept="903" creator="7" date_created="2008-12-05 13:13:57.0" uuid="0b22d4ca-15f5-102d-96e4-000c29c2a5d7" sort_weight="5406.0"/>
  <concept_answer concept_answer_id="5407" concept_id="3765" answer_concept="3131" creator="7" date_created="2008-12-05 13:13:57.0" uuid="0b22d59c-15f5-102d-96e4-000c29c2a5d7" sort_weight="5407.0"/>
  <concept_answer concept_answer_id="5408" concept_id="3765" answer_concept="3129" creator="7" date_created="2008-12-05 13:13:57.0" uuid="0b22d66e-15f5-102d-96e4-000c29c2a5d7" sort_weight="5408.0"/>
  <concept_answer concept_answer_id="5409" concept_id="3765" answer_concept="3312" creator="7" date_created="2008-12-05 13:13:57.0" uuid="0b22d736-15f5-102d-96e4-000c29c2a5d7" sort_weight="5409.0"/>
  <concept_answer concept_answer_id="5410" concept_id="3765" answer_concept="3130" creator="7" date_created="2008-12-05 13:13:57.0" uuid="0b22d808-15f5-102d-96e4-000c29c2a5d7" sort_weight="5410.0"/>
  <concept_answer concept_answer_id="5411" concept_id="3765" answer_concept="3309" creator="7" date_created="2008-12-05 13:13:57.0" uuid="0b22d8d0-15f5-102d-96e4-000c29c2a5d7" sort_weight="5411.0"/>
  <concept_answer concept_answer_id="5480" concept_id="3765" answer_concept="3997" creator="7" date_created="2009-01-13 21:18:39.0" uuid="0b234df6-15f5-102d-96e4-000c29c2a5d7" sort_weight="5480.0"/>
  <concept_answer concept_answer_id="5481" concept_id="3765" answer_concept="3998" creator="7" date_created="2009-01-13 21:18:39.0" uuid="0b234ec8-15f5-102d-96e4-000c29c2a5d7" sort_weight="5481.0"/>
  <concept_answer concept_answer_id="5482" concept_id="3765" answer_concept="4069" creator="7" date_created="2009-01-13 21:18:39.0" uuid="0b234fa4-15f5-102d-96e4-000c29c2a5d7" sort_weight="5482.0"/>
  <concept_answer concept_answer_id="5483" concept_id="3765" answer_concept="3178" creator="7" date_created="2009-01-13 21:19:50.0" uuid="0b235080-15f5-102d-96e4-000c29c2a5d7" sort_weight="5483.0"/>
  <concept_answer concept_answer_id="5484" concept_id="3765" answer_concept="4002" creator="7" date_created="2009-01-13 21:19:50.0" uuid="0b235152-15f5-102d-96e4-000c29c2a5d7" sort_weight="5484.0"/>
  <concept_answer concept_answer_id="5570" concept_id="3765" answer_concept="4000" creator="7" date_created="2009-04-13 13:52:53.0" uuid="c1a1eeb9-5136-46fe-8007-c690a2035278" sort_weight="5570.0"/>
  <concept_answer concept_answer_id="5571" concept_id="3765" answer_concept="6228" creator="7" date_created="2009-04-13 13:52:53.0" uuid="0c8115f9-e862-452c-b070-7c5b8548bd8b" sort_weight="5571.0"/>
  <concept concept_id="5016" retired="0" datatype_id="4" class_id="4" is_set="0" creator="24761" date_created="2004-08-12 06:00:00.0" version="" changed_by="24761" date_changed="2011-12-15 09:08:38.0" uuid="3ce8c3d0-26fe-102b-80cb-0017a47871b2"/>
  <concept_name concept_id="5016" name="CARDIOMYOPATHY" locale="en" creator="24761" date_created="2004-08-12 06:00:00.0" concept_name_id="3378" voided="0" uuid="3e3a4736-26fe-102b-80cb-0017a47871b2" concept_name_type="FULLY_SPECIFIED" locale_preferred="false"/>
  <concept concept_id="221" retired="0" datatype_id="4" class_id="4" is_set="0" creator="24761" date_created="2004-01-01 07:00:00.0" version="" changed_by="24761" date_changed="2011-12-15 09:08:39.0" uuid="3cceab1c-26fe-102b-80cb-0017a47871b2"/>
  <concept_name concept_id="221" name="RHEUMATIC HEART DISEASE" locale="en" creator="24761" date_created="2004-01-01 07:00:00.0" concept_name_id="233" voided="0" uuid="3e0c0c54-26fe-102b-80cb-0017a47871b2" concept_name_type="FULLY_SPECIFIED" locale_preferred="false"/>
  <concept_name concept_id="221" name="RHD" locale="en" creator="24761" date_created="2004-10-20 06:00:00.0" concept_name_id="7570" voided="0" uuid="9564f594-07d4-102c-b5fa-0017a47871b2" locale_preferred="false"/>
  <concept concept_id="5622" retired="0" datatype_id="4" class_id="11" is_set="0" creator="24821" date_created="2004-08-12 06:00:00.0" changed_by="24821" date_changed="2013-03-13 10:15:39.0" uuid="3cee7fb4-26fe-102b-80cb-0017a47871b2"/>
  <concept_name concept_id="5622" name="OTHER NON-CODED" locale="en" creator="24821" date_created="2004-08-12 06:00:00.0" concept_name_id="3991" voided="0" uuid="0b6f94ea-15f5-102d-96e4-000c29c2a5d7" concept_name_type="FULLY_SPECIFIED" locale_preferred="true"/>
  <concept concept_id="3071" retired="0" datatype_id="4" class_id="4" is_set="0" creator="24761" date_created="2008-06-17 17:38:11.0" version="" changed_by="24761" date_changed="2011-12-15 09:08:39.0" uuid="fe7787ea-59ba-4427-b3df-62e9dc74d4a3"/>
  <concept_name concept_id="3071" name="HYPERTENSIVE HEART DISEASE" locale="en" creator="24761" date_created="2008-06-17 17:38:11.0" concept_name_id="4517" voided="0" uuid="0b74fb9c-15f5-102d-96e4-000c29c2a5d7" concept_name_type="FULLY_SPECIFIED" locale_preferred="false"/>
  <concept concept_id="3175" retired="0" datatype_id="4" class_id="4" is_set="0" creator="7" date_created="2008-06-17 17:59:53.0" version="" changed_by="24761" date_changed="2011-12-15 09:08:39.0" uuid="d29a5578-15cd-419c-9d30-473e922c027d"/>
  <concept_name concept_id="3175" name="MITRAL STENOSIS" locale="en" creator="7" date_created="2008-06-17 17:59:53.0" concept_name_id="4520" voided="0" uuid="0b74fe58-15f5-102d-96e4-000c29c2a5d7" concept_name_type="FULLY_SPECIFIED" locale_preferred="false"/>
  <concept concept_id="3128" retired="0" datatype_id="4" class_id="4" is_set="0" creator="24761" date_created="2008-05-30 19:57:46.0" version="" changed_by="24761" date_changed="2011-11-17 15:52:17.0" uuid="02db87f6-40d0-4b2a-8c19-927db2c43168"/>
  <concept_name concept_id="3128" name="IDIOPATHIC CARDIOMYOPATHY" locale="en" creator="24761" date_created="2008-05-30 19:57:46.0" concept_name_id="3348" voided="0" uuid="0b6b9318-15f5-102d-96e4-000c29c2a5d7" concept_name_type="FULLY_SPECIFIED" locale_preferred="false"/>
  <concept concept_id="3177" retired="0" datatype_id="4" class_id="4" is_set="0" creator="24761" date_created="2008-06-17 18:58:30.0" version="" changed_by="24761" date_changed="2011-11-17 15:52:17.0" uuid="70879652-fb88-4cf1-b11c-f2d081a0f6d1"/>
  <concept_name concept_id="3177" name="ATRIAL FIBRILLATION" locale="en" creator="24761" date_created="2008-06-17 18:58:30.0" concept_name_id="4522" voided="0" uuid="0b750024-15f5-102d-96e4-000c29c2a5d7" concept_name_type="FULLY_SPECIFIED" locale_preferred="false"/>
  <concept_name concept_id="3177" name="ABNORMAL HEART RHYTHM" locale="en" creator="24761" date_created="2008-06-17 18:58:30.0" concept_name_id="6361" voided="0" uuid="9571a67c-07d4-102c-b5fa-0017a47871b2" locale_preferred="false"/>
  <concept_name concept_id="3177" name="AF" locale="en" creator="24761" date_created="2008-06-17 18:58:30.0" concept_name_id="6194" voided="0" uuid="93c4d88a-07d4-102c-b5fa-0017a47871b2" concept_name_type="SHORT" locale_preferred="false"/>
  <concept concept_id="3132" retired="0" datatype_id="4" class_id="4" is_set="0" creator="24761" date_created="2008-05-30 20:55:09.0" version="" changed_by="24761" date_changed="2011-11-17 15:52:17.0" uuid="91e8143b-3369-4bb4-9a4c-060fdad25d2f"/>
  <concept_name concept_id="3132" name="ENDOMYOCARDIAL FIBROSIS" locale="en" creator="24761" date_created="2008-05-30 20:55:09.0" concept_name_id="3352" voided="0" uuid="0b6bb410-15f5-102d-96e4-000c29c2a5d7" concept_name_type="FULLY_SPECIFIED" locale_preferred="false"/>
  <concept concept_id="3308" retired="0" datatype_id="4" class_id="4" is_set="0" creator="24761" date_created="2008-06-23 15:49:03.0" version="" changed_by="24761" date_changed="2011-11-17 15:52:17.0" uuid="006ab3b2-a0ea-45bf-b495-83e06f26f87a"/>
  <concept_name concept_id="3308" name="Rheumatic Fever" locale="en" creator="24761" date_created="2008-06-23 15:49:03.0" concept_name_id="6231" voided="0" uuid="0b7fe444-15f5-102d-96e4-000c29c2a5d7" concept_name_type="SHORT" locale_preferred="false"/>
  <concept_name concept_id="3308" name="ACUTE RHEUMATIC FEVER" locale="en" creator="24761" date_created="2008-06-23 15:49:03.0" concept_name_id="4658" voided="0" uuid="0b75cb62-15f5-102d-96e4-000c29c2a5d7" concept_name_type="FULLY_SPECIFIED" locale_preferred="false"/>
  <concept concept_id="3307" retired="0" datatype_id="4" class_id="4" is_set="0" creator="24761" date_created="2008-06-23 15:45:58.0" version="" changed_by="24761" date_changed="2011-12-15 09:08:40.0" uuid="1ccfc018-bcf0-45b1-973a-2fdad7a773be"/>
  <concept_name concept_id="3307" name="PERICARDIAL DISEASE" locale="en" creator="24761" date_created="2008-06-23 15:45:58.0" concept_name_id="4657" voided="0" uuid="0b75ca72-15f5-102d-96e4-000c29c2a5d7" concept_name_type="FULLY_SPECIFIED" locale_preferred="false"/>
  <concept_name concept_id="3307" name="Pericarditis" locale="en" creator="24761" date_created="2008-06-23 15:45:58.0" concept_name_id="6230" voided="0" uuid="0b7fe34a-15f5-102d-96e4-000c29c2a5d7" concept_name_type="SHORT" locale_preferred="false"/>
  <concept concept_id="903" retired="0" datatype_id="4" class_id="4" is_set="0" creator="24761" date_created="2004-06-25 06:00:00.0" version="" changed_by="24761" date_changed="2011-11-17 15:52:18.0" uuid="3cd50188-26fe-102b-80cb-0017a47871b2"/>
  <concept_name concept_id="903" name="HTA" locale="en" creator="24761" date_created="2006-06-04 16:13:24.0" concept_name_id="7077" voided="0" void_reason="" uuid="94abe022-07d4-102c-b5fa-0017a47871b2" locale_preferred="false"/>
  <concept_name concept_id="903" name="HTN" locale="en" creator="24761" date_created="2005-02-18 22:40:46.0" concept_name_id="7078" voided="0" void_reason="" uuid="94abe504-07d4-102c-b5fa-0017a47871b2" locale_preferred="false"/>
  <concept_name concept_id="903" name="HYPERTENSION" locale="en" creator="24761" date_created="2004-06-25 06:00:00.0" concept_name_id="926" voided="0" uuid="3e12e4a2-26fe-102b-80cb-0017a47871b2" concept_name_type="FULLY_SPECIFIED" locale_preferred="false"/>
  <concept concept_id="3131" retired="0" datatype_id="4" class_id="4" is_set="0" creator="24761" date_created="2008-05-30 20:49:45.0" version="" changed_by="24761" date_changed="2011-12-15 09:08:40.0" uuid="d4c6945e-9328-4d0c-91c5-20c853f0afa6"/>
  <concept_name concept_id="3131" name="CONGENITAL HEART DISEASE" locale="en" creator="24761" date_created="2008-05-30 20:49:45.0" concept_name_id="3351" voided="0" uuid="0b6bb316-15f5-102d-96e4-000c29c2a5d7" concept_name_type="FULLY_SPECIFIED" locale_preferred="false"/>
  <concept concept_id="3129" retired="0" datatype_id="4" class_id="4" is_set="0" creator="24761" date_created="2008-05-30 20:01:48.0" version="" changed_by="24761" date_changed="2011-11-17 15:52:18.0" uuid="2f250509-2c7d-45e0-b28a-08809e1b78f3"/>
  <concept_name concept_id="3129" name="PERIPARTUM CARDIOMYOPATHY" locale="en" creator="24761" date_created="2008-05-30 20:01:48.0" concept_name_id="3349" voided="0" uuid="0b6b9aca-15f5-102d-96e4-000c29c2a5d7" concept_name_type="FULLY_SPECIFIED" locale_preferred="false"/>
  <concept concept_id="3312" retired="0" datatype_id="4" class_id="4" is_set="0" creator="24761" date_created="2008-06-23 15:57:54.0" changed_by="24761" date_changed="2012-09-12 11:24:11.0" uuid="4315bc04-2e33-46e5-b3dc-2d844bd5bef7"/>
  <concept_name concept_id="3312" name="NON-CARDIAC" locale="en" creator="24761" date_created="2008-06-23 15:57:54.0" concept_name_id="4662" voided="0" uuid="0b75cf2c-15f5-102d-96e4-000c29c2a5d7" concept_name_type="FULLY_SPECIFIED" locale_preferred="true"/>
  <concept concept_id="3130" retired="0" datatype_id="4" class_id="4" is_set="0" creator="24761" date_created="2008-05-30 20:03:18.0" version="" changed_by="24761" date_changed="2011-11-17 15:52:18.0" uuid="ceac9174-a775-4c3c-8ee6-73291cb0855e"/>
  <concept_name concept_id="3130" name="HIV CARDIOMYOPATHY" locale="en" creator="24761" date_created="2008-05-30 20:03:18.0" concept_name_id="3350" voided="0" uuid="0b6ba27c-15f5-102d-96e4-000c29c2a5d7" concept_name_type="FULLY_SPECIFIED" locale_preferred="false"/>
  <concept concept_id="3309" retired="0" datatype_id="4" class_id="4" is_set="0" creator="24761" date_created="2008-06-23 15:51:01.0" version="" changed_by="24761" date_changed="2011-11-17 15:52:17.0" uuid="cadcbf7e-389b-4632-9f03-6df1aa74d15a"/>
  <concept_name concept_id="3309" name="PULMONARY HYPERTENSION" locale="en" creator="24761" date_created="2008-06-23 15:51:01.0" concept_name_id="4659" voided="0" uuid="0b75cc52-15f5-102d-96e4-000c29c2a5d7" concept_name_type="FULLY_SPECIFIED" locale_preferred="false"/>
  <concept concept_id="3997" retired="0" datatype_id="4" class_id="4" is_set="0" creator="24761" date_created="2008-12-05 06:15:08.0" version="" changed_by="24761" date_changed="2011-11-17 15:52:35.0" uuid="be17f4c4-ca39-4ee4-bdaf-6f666fc3aa17"/>
  <concept_name concept_id="3997" name="ENDOCARDITIS" locale="en" creator="24761" date_created="2008-12-05 06:15:08.0" concept_name_id="5354" voided="0" uuid="2a947599-20d8-42de-bc4a-440cbe91ad6c" concept_name_type="FULLY_SPECIFIED" locale_preferred="false"/>
  <concept concept_id="3998" retired="0" datatype_id="4" class_id="4" is_set="0" creator="24761" date_created="2008-12-05 13:18:37.0" version="" changed_by="24761" date_changed="2011-11-17 15:52:17.0" uuid="d3b87e06-5cc8-48d1-9e98-0fa1018438a7"/>
  <concept_name concept_id="3998" name="AORTIC ANEURYSM" locale="en" creator="24761" date_created="2008-12-05 13:18:37.0" concept_name_id="5355" voided="0" uuid="e92b3c9a-0ebb-4b8e-9c4c-849ce785035a" concept_name_type="FULLY_SPECIFIED" locale_preferred="false"/>
  <concept concept_id="4069" retired="0" datatype_id="4" class_id="5" is_set="0" creator="7" date_created="2009-01-13 21:16:10.0" version="" changed_by="7" date_changed="2011-06-29 20:09:06.0" uuid="36ebd92d-e825-4e42-aadf-48fb68fff1f1"/>
  <concept_name concept_id="4069" name="NON-RHEUMATIC VALVULAR DISEASE" locale="en" creator="7" date_created="2009-01-13 21:16:10.0" concept_name_id="5429" voided="0" uuid="2fbae72a-aa17-49be-8880-31dec8585b5b" concept_name_type="FULLY_SPECIFIED" locale_preferred="false"/>
  <concept concept_id="3178" retired="0" datatype_id="4" class_id="4" is_set="0" creator="7" date_created="2008-06-17 19:12:04.0" changed_by="24761" date_changed="2012-09-12 11:24:05.0" uuid="1dd7ae07-7621-4c36-a53a-8443782b7820"/>
  <concept_name concept_id="3178" name="POST OPERATION" locale="en" creator="7" date_created="2008-06-17 19:12:04.0" concept_name_id="4523" voided="0" uuid="0b75010a-15f5-102d-96e4-000c29c2a5d7" concept_name_type="FULLY_SPECIFIED" locale_preferred="true"/>
  <concept_name concept_id="3178" name="post op" locale="en" creator="7" date_created="2008-06-17 19:12:04.0" concept_name_id="6195" voided="0" uuid="93c4dcea-07d4-102c-b5fa-0017a47871b2" concept_name_type="SHORT" locale_preferred="false"/>
  <concept concept_id="4002" retired="0" datatype_id="4" class_id="4" is_set="0" creator="24761" date_created="2008-12-05 16:29:36.0" version="" changed_by="24761" date_changed="2011-11-17 15:52:18.0" uuid="d9015166-f2f0-4363-8231-63872292de44"/>
  <concept_name concept_id="4002" name="ALCOHOLIC CARDIOMYOPATHY" locale="en" creator="24761" date_created="2008-12-05 16:29:36.0" concept_name_id="5359" voided="0" uuid="600290d3-f815-4671-9734-1a252bbbc705" concept_name_type="FULLY_SPECIFIED" locale_preferred="false"/>
  <concept concept_id="4000" retired="0" datatype_id="4" class_id="4" is_set="0" creator="7" date_created="2008-12-05 13:30:59.0" version="" changed_by="7" date_changed="2011-06-29 20:09:05.0" uuid="3c9ca2f7-9506-47c2-b1d8-9f4e2b9f3fb2"/>
  <concept_name concept_id="4000" name="COR PULMONALE" locale="en" creator="7" date_created="2008-12-05 13:30:59.0" concept_name_id="5357" voided="0" uuid="f3f28e3b-2a4d-4ceb-aa62-4f19e5c5ee8f" concept_name_type="FULLY_SPECIFIED" locale_preferred="false"/>
  <concept_name concept_id="4000" name="PULMONARY HEART DISEASE" locale="en" creator="7" date_created="2009-04-13 13:37:31.0" concept_name_id="8886" voided="0" uuid="76db10c0-6a02-4fa6-919e-ee18fb86e74b" locale_preferred="false"/>
  <concept concept_id="6228" retired="0" datatype_id="4" class_id="4" is_set="0" creator="7" date_created="2009-04-13 13:22:47.0" version="" changed_by="7" date_changed="2011-06-29 20:09:06.0" uuid="11180d8f-1628-4ea7-9fcc-ea80726d3829"/>
  <concept_name concept_id="6228" name="DILATED CARDIOMYOPATHY" locale="en" creator="7" date_created="2009-04-13 13:22:47.0" concept_name_id="8884" voided="0" uuid="0fea2516-cead-423a-99a5-2ac3484080ce" concept_name_type="FULLY_SPECIFIED" locale_preferred="false"/>
  <concept concept_id="1717" retired="0" datatype_id="10" class_id="7" is_set="0" creator="6" date_created="2006-10-03 15:51:34.0" version="" changed_by="6" date_changed="2006-10-03 15:51:34.0" uuid="3cdcf172-26fe-102b-80cb-0017a47871b2"/>
  <concept_name concept_id="1717" name="PATIENT USING FAMILY PLANNING" locale="en" creator="6" date_created="2006-10-03 15:51:34.0" concept_name_id="1872" voided="0" uuid="3e1de0c8-26fe-102b-80cb-0017a47871b2" concept_name_type="FULLY_SPECIFIED" locale_preferred="false"/>
  <concept concept_id="5087" retired="0" datatype_id="1" class_id="1" is_set="0" creator="24761" date_created="2004-08-12 06:00:00.0" changed_by="24761" date_changed="2012-09-12 11:34:04.0" uuid="3ce93824-26fe-102b-80cb-0017a47871b2"/>
  <concept_numeric concept_id="5087" hi_absolute="230.0" low_absolute="30.0" units="rate/min" precise="0"/>
  <concept_name concept_id="5087" name="HEART RATE" locale="en" creator="24761" date_created="2004-10-07 06:00:00.0" concept_name_id="7005" voided="0" uuid="94aa8330-07d4-102c-b5fa-0017a47871b2" locale_preferred="false"/>
  <concept_name concept_id="5087" name="HR" locale="en" creator="24761" date_created="2004-10-07 06:00:00.0" concept_name_id="7068" voided="0" uuid="0b856fae-15f5-102d-96e4-000c29c2a5d7" locale_preferred="false"/>
  <concept_name concept_id="5087" name="HR" locale="en" creator="24761" date_created="2004-08-12 06:00:00.0" concept_name_id="6168" voided="0" uuid="93bf6ca6-07d4-102c-b5fa-0017a47871b2" concept_name_type="SHORT" locale_preferred="false"/>
  <concept_name concept_id="5087" name="PULSE" locale="en" creator="24761" date_created="2004-08-12 06:00:00.0" concept_name_id="3452" voided="0" uuid="3e3b031a-26fe-102b-80cb-0017a47871b2" concept_name_type="FULLY_SPECIFIED" locale_preferred="true"/>
  <concept concept_id="1811" retired="0" datatype_id="2" class_id="7" is_set="0" creator="7" date_created="2006-12-06 16:14:03.0" version="" changed_by="7" date_changed="2008-09-05 11:46:41.0" uuid="3cde5ef4-26fe-102b-80cb-0017a47871b2"/>
  <concept_name concept_id="1811" name="REASON FOR EXITING CARE" locale="en" creator="7" date_created="2006-12-06 16:14:03.0" concept_name_id="1972" voided="0" uuid="3e1eab7a-26fe-102b-80cb-0017a47871b2" concept_name_type="FULLY_SPECIFIED" locale_preferred="false"/>
  <concept_name concept_id="1811" name="&amp;#8201;REASON PATIENT EXITED CARE&amp;#8201;" locale="en" creator="7" date_created="2006-12-18 11:03:15.0" concept_name_id="6326" voided="0" uuid="93eaa5c4-07d4-102c-b5fa-0017a47871b2" locale_preferred="false"/>
  <concept_answer concept_answer_id="1518" concept_id="1811" answer_concept="1744" creator="7" date_created="2006-12-18 11:07:02.0" uuid="3d42e02c-26fe-102b-80cb-0017a47871b2" sort_weight="1518.0"/>
  <concept_answer concept_answer_id="1519" concept_id="1811" answer_concept="1743" creator="7" date_created="2006-12-18 11:07:02.0" uuid="3d42e162-26fe-102b-80cb-0017a47871b2" sort_weight="1519.0"/>
  <concept_answer concept_answer_id="1520" concept_id="1811" answer_concept="1742" creator="7" date_created="2006-12-18 11:07:02.0" uuid="3d42e2a2-26fe-102b-80cb-0017a47871b2" sort_weight="1520.0"/>
  <concept_answer concept_answer_id="3796" concept_id="1811" answer_concept="1746" creator="7" date_created="2008-03-14 08:57:27.0" uuid="9f68dca5-91a5-4de3-b764-de613b9ad2ca" sort_weight="3796.0"/>
  <concept_answer concept_answer_id="5008" concept_id="1811" answer_concept="3490" creator="7" date_created="2008-07-17 10:37:40.0" uuid="0b1f60c4-15f5-102d-96e4-000c29c2a5d7" sort_weight="5008.0"/>
  <concept_answer concept_answer_id="5089" concept_id="1811" answer_concept="3580" creator="7" date_created="2008-09-05 11:46:41.0" uuid="0b1fe3e6-15f5-102d-96e4-000c29c2a5d7" sort_weight="5089.0"/>
  <concept concept_id="1743" retired="0" datatype_id="4" class_id="18" is_set="0" creator="24761" date_created="2006-10-27 17:41:10.0" version="" changed_by="24761" date_changed="2011-11-17 15:52:24.0" uuid="3cdd5176-26fe-102b-80cb-0017a47871b2"/>
  <concept_name concept_id="1743" name="ABANDONED TREATMENT" locale="en" creator="24761" date_created="2006-12-18 18:30:16.0" concept_name_id="6353" voided="0" uuid="93eb2d78-07d4-102c-b5fa-0017a47871b2" locale_preferred="false"/>
  <concept_name concept_id="1743" name="PATIENT ABANDONED" locale="en" creator="24761" date_created="2006-12-18 18:34:49.0" concept_name_id="7386" voided="0" uuid="94b90f4a-07d4-102c-b5fa-0017a47871b2" locale_preferred="false"/>
  <concept_name concept_id="1743" name="DEFAULTED" locale="en" creator="24761" date_created="2006-12-18 18:30:16.0" concept_name_id="6741" voided="0" uuid="93f45484-07d4-102c-b5fa-0017a47871b2" locale_preferred="false"/>
  <concept_name concept_id="1743" name="PATIENT DEFAULTED" locale="en" creator="24761" date_created="2006-10-27 17:41:10.0" concept_name_id="1903" voided="0" uuid="3e1e23ee-26fe-102b-80cb-0017a47871b2" concept_name_type="FULLY_SPECIFIED" locale_preferred="false"/>
  <concept_name concept_id="1743" name="ABANDONED" locale="en" creator="24761" date_created="2006-12-18 18:30:16.0" concept_name_id="6350" voided="0" uuid="93eb1f72-07d4-102c-b5fa-0017a47871b2" locale_preferred="false"/>
  <concept concept_id="1746" retired="0" datatype_id="4" class_id="18" is_set="0" creator="24761" date_created="2006-10-27 11:43:56.0" version="" changed_by="24761" date_changed="2011-11-17 15:52:23.0" uuid="3cdd7408-26fe-102b-80cb-0017a47871b2"/>
  <concept_name concept_id="1746" name="PATIENT CURED" locale="en" creator="24761" date_created="2006-10-27 11:43:56.0" concept_name_id="1906" voided="0" uuid="3e1e2862-26fe-102b-80cb-0017a47871b2" concept_name_type="FULLY_SPECIFIED" locale_preferred="false"/>
  <concept concept_id="3490" retired="0" datatype_id="4" class_id="18" is_set="0" creator="7" date_created="2008-07-17 10:36:51.0" version="" uuid="c93da170-f9ff-4fcb-b204-2c5a5fc917ce"/>
  <concept_name concept_id="3490" name="PATIENT HIV NEGATIVE" locale="en" creator="7" date_created="2008-07-17 10:36:51.0" concept_name_id="4842" voided="0" uuid="0b7773fe-15f5-102d-96e4-000c29c2a5d7" concept_name_type="FULLY_SPECIFIED" locale_preferred="false"/>
  <concept concept_id="3580" retired="0" datatype_id="4" class_id="18" is_set="0" creator="7" date_created="2008-09-05 11:46:10.0" version="" uuid="efab937b-853e-47da-b97e-220f1bdff97d"/>
  <concept_name concept_id="3580" name="PATIENT REFUSED" locale="en" creator="7" date_created="2008-09-05 11:46:10.0" concept_name_id="4935" voided="0" uuid="0b77d704-15f5-102d-96e4-000c29c2a5d7" concept_name_type="FULLY_SPECIFIED" locale_preferred="false"/>
  <concept concept_id="3796" retired="0" datatype_id="1" class_id="1" is_set="0" creator="24761" date_created="2008-11-18 20:01:13.0" version="" changed_by="24761" date_changed="2011-11-17 15:52:39.0" uuid="16e928e5-bdfb-4ec8-a9c2-9d64c78a0ce5"/>
  <concept_numeric concept_id="3796" units="" precise="1"/>
  <concept_name concept_id="3796" name="INTERNATIONAL NORMALIZED RATIO" locale="en" creator="24761" date_created="2008-11-18 20:01:13.0" concept_name_id="5152" voided="0" uuid="19a7c2d9-305c-43fd-a8a6-24c8e5845773" concept_name_type="FULLY_SPECIFIED" locale_preferred="false"/>
  <concept_name concept_id="3796" name="INR" locale="en" creator="24761" date_created="2008-11-18 20:01:13.0" concept_name_id="7116" voided="0" uuid="b192b02e-f43b-4431-a814-bb0582688529" locale_preferred="false"/>
  <concept concept_id="3798" retired="0" datatype_id="2" class_id="7" is_set="0" creator="24761" date_created="2008-12-27 21:44:13.0" version="" changed_by="24761" date_changed="2011-11-17 15:52:41.0" uuid="0af3dbde-15f5-102d-96e4-000c29c2a5d7"/>
  <concept_name concept_id="3798" name="DISPOSITION" locale="en" creator="24761" date_created="2008-12-27 21:44:13.0" concept_name_id="5374" voided="0" uuid="19086a08-73b5-4529-b187-6d446de8b86d" concept_name_type="FULLY_SPECIFIED" locale_preferred="false"/>
  <concept_name concept_id="3798" name="PATIENT DISPOSITION PLAN" locale="en" creator="24761" date_created="2009-03-30 01:40:52.0" concept_name_id="8835" voided="0" void_reason="" uuid="ed5e167b-9f08-455a-8b2f-a668d4daaa75" locale_preferred="false"/>
  <concept_answer concept_answer_id="5456" concept_id="3798" answer_concept="4006" creator="24761" date_created="2008-12-27 21:44:13.0" uuid="0b233a78-15f5-102d-96e4-000c29c2a5d7" sort_weight="5456.0"/>
  <concept_answer concept_answer_id="5457" concept_id="3798" answer_concept="4016" creator="24761" date_created="2008-12-27 21:49:42.0" uuid="0b233b54-15f5-102d-96e4-000c29c2a5d7" sort_weight="5457.0"/>
  <concept_answer concept_answer_id="5458" concept_id="3798" answer_concept="3799" creator="24761" date_created="2008-12-27 21:49:42.0" uuid="0b233c30-15f5-102d-96e4-000c29c2a5d7" sort_weight="5458.0"/>
  <concept_answer concept_answer_id="5561" concept_id="3798" answer_concept="6198" creator="24761" date_created="2009-03-30 01:39:48.0" uuid="0cbefd6b-daa0-45c5-81ab-3b6c5034336d" sort_weight="5561.0"/>
  <concept_answer concept_answer_id="6066" concept_id="3798" answer_concept="1744" creator="24761" date_created="2010-02-25 18:55:55.0" uuid="f07492b2-e336-4e37-9efe-56d71c91b3cb" sort_weight="6066.0"/>
  <concept_answer concept_answer_id="6067" concept_id="3798" answer_concept="6679" creator="24761" date_created="2010-02-25 19:01:59.0" uuid="31848946-d8a7-40b3-ab10-09185cef560b" sort_weight="6067.0"/>
  <concept_answer concept_answer_id="6122" concept_id="3798" answer_concept="6732" creator="24761" date_created="2010-04-06 00:20:01.0" uuid="54b816ba-7adb-4546-8e03-ffe24625ae9f" sort_weight="6122.0"/>
  <concept_answer concept_answer_id="6123" concept_id="3798" answer_concept="6733" creator="24761" date_created="2010-04-06 00:20:01.0" uuid="91e8e8eb-a7e6-4eca-b3b0-8771c00ee797" sort_weight="6123.0"/>
  <concept_answer concept_answer_id="6124" concept_id="3798" answer_concept="6734" creator="24761" date_created="2010-04-06 00:20:01.0" uuid="e4646ddf-c842-4484-90e2-0582337eeb02" sort_weight="6124.0"/>
  <concept_answer concept_answer_id="6125" concept_id="3798" answer_concept="3443" creator="24761" date_created="2010-04-06 00:20:01.0" uuid="bf784790-cdc8-4c72-9621-e5dd49208359" sort_weight="6125.0"/>
  <concept_answer concept_answer_id="6174" concept_id="3798" answer_concept="6772" creator="24761" date_created="2010-06-21 22:55:13.0" uuid="3b73ce11-5ba5-4662-81a1-d17ffa051669" sort_weight="6174.0"/>
  <concept_answer concept_answer_id="6179" concept_id="3798" answer_concept="5622" creator="24761" date_created="2010-07-12 17:18:19.0" uuid="2ada5aab-13d2-43cd-800e-38216ffcbec8" sort_weight="6179.0"/>
  <concept concept_id="4006" retired="0" datatype_id="4" class_id="11" is_set="0" creator="24761" date_created="2008-12-05 19:34:32.0" version="" changed_by="24761" date_changed="2011-11-17 15:52:16.0" uuid="e5cf01f9-2902-4811-9ad1-07e23cd4ae26"/>
  <concept_name concept_id="4006" name="PATIENT REFERRED FOR PEDIATRIC CARDIAC EVALUATION" locale="en" creator="24761" date_created="2008-12-05 19:34:32.0" concept_name_id="5364" voided="0" uuid="cfb9fc70-71b6-4581-af41-7b658359b142" concept_name_type="FULLY_SPECIFIED" locale_preferred="false"/>
  <concept concept_id="4016" retired="0" datatype_id="4" class_id="11" is_set="0" creator="24761" date_created="2008-12-27 21:46:29.0" changed_by="24761" date_changed="2012-09-12 11:33:55.0" uuid="3dec844b-2b91-41b5-900b-4132b50f919f"/>
  <concept_name concept_id="4016" name="CHRONIC CARE CLINIC FOLLOW UP" locale="en" creator="24761" date_created="2008-12-27 21:46:29.0" concept_name_id="5376" voided="0" uuid="08b15898-048b-48a2-8544-68af7d8eba41" concept_name_type="FULLY_SPECIFIED" locale_preferred="true"/>
  <concept concept_id="3799" retired="0" datatype_id="4" class_id="11" is_set="0" creator="24761" date_created="2008-12-27 21:45:21.0" version="" changed_by="24761" date_changed="2011-12-15 09:08:46.0" uuid="6c047a20-c2bf-43ef-9e88-6da7b17e8c1a"/>
  <concept_name concept_id="3799" name="ADMIT TO HOSPITAL" locale="en" creator="24761" date_created="2008-12-27 21:45:21.0" concept_name_id="5375" voided="0" uuid="b1e494ef-4779-4262-bc42-56a79c39303c" concept_name_type="FULLY_SPECIFIED" locale_preferred="false"/>
  <concept concept_id="6198" retired="0" datatype_id="4" class_id="11" is_set="0" creator="24761" date_created="2009-03-30 01:39:14.0" version="" changed_by="24761" date_changed="2011-11-17 15:52:08.0" uuid="1d0d5761-31ab-4f1c-a886-d340c98ec3a2"/>
  <concept_name concept_id="6198" name="PATIENT HOSPITALIZED AT TIME OF INTAKE" locale="en" creator="24761" date_created="2009-03-30 01:39:14.0" concept_name_id="8833" voided="0" uuid="d82931a4-7e77-43dd-bf9a-c9cceed704e8" locale_preferred="false"/>
  <concept_name concept_id="6198" name="PATIENT ALREADY HOSPITALIZED" locale="en" creator="24761" date_created="2009-03-30 01:39:14.0" concept_name_id="8834" voided="0" uuid="59325c08-4f73-4b1d-a5d4-458e78716219" concept_name_type="FULLY_SPECIFIED" locale_preferred="false"/>
  <concept concept_id="6679" retired="0" datatype_id="4" class_id="11" is_set="0" creator="24761" date_created="2010-02-25 19:01:30.0" version="" changed_by="24761" date_changed="2011-11-17 15:52:21.0" uuid="27d81c72-0a68-4bcc-b7f8-142691d10d28"/>
  <concept_name concept_id="6679" name="Patient referred to primary care" locale="en" creator="24761" date_created="2010-02-25 19:01:30.0" concept_name_id="9853" voided="0" uuid="7e3eb165-97d3-4580-af46-077929c96d74" concept_name_type="FULLY_SPECIFIED" locale_preferred="false"/>
  <concept concept_id="6732" retired="0" datatype_id="4" class_id="11" is_set="0" creator="24761" date_created="2010-04-06 00:13:36.0" version="" changed_by="24761" date_changed="2011-11-17 15:52:41.0" uuid="24b7dc2a-82de-4edc-bde0-1789ed9c59d3"/>
  <concept_name concept_id="6732" name="Referred for a group class" locale="en" creator="24761" date_created="2010-04-06 00:13:36.0" concept_name_id="9926" voided="0" uuid="4018b169-373b-43e4-82ca-d7f1684e7a69" concept_name_type="FULLY_SPECIFIED" locale_preferred="false"/>
  <concept concept_id="6733" retired="0" datatype_id="4" class_id="11" is_set="0" creator="24761" date_created="2010-04-06 00:15:48.0" version="" changed_by="24761" date_changed="2011-11-17 15:52:41.0" uuid="a92583b5-0331-462b-bda3-d64c027f9382"/>
  <concept_name concept_id="6733" name="Referred to a social worker" locale="en" creator="24761" date_created="2010-04-06 00:15:48.0" concept_name_id="9927" voided="0" uuid="c5e10c9e-a344-46f7-9447-89222b41f576" concept_name_type="FULLY_SPECIFIED" locale_preferred="false"/>
  <concept concept_id="6734" retired="0" datatype_id="4" class_id="11" is_set="0" creator="24761" date_created="2010-04-06 00:16:44.0" version="" changed_by="24761" date_changed="2011-11-17 15:52:25.0" uuid="d8dac0cd-b1fa-47a9-a459-2f6469245f4f"/>
  <concept_name concept_id="6734" name="Referred for family planning" locale="en" creator="24761" date_created="2010-04-06 00:16:44.0" concept_name_id="9928" voided="0" uuid="1d1356cb-df7b-4669-87b5-f19d1d2f1215" concept_name_type="FULLY_SPECIFIED" locale_preferred="false"/>
  <concept concept_id="3443" retired="0" datatype_id="4" class_id="11" is_set="0" creator="24761" date_created="2008-06-30 20:28:09.0" version="" changed_by="24761" date_changed="2011-11-17 15:52:41.0" uuid="87d5f786-e33b-4858-a75e-41f32f43defd"/>
  <concept_name concept_id="3443" name="REQUIRES AN ACCOMPAGNATEUR" locale="en" creator="24761" date_created="2008-06-30 20:28:09.0" concept_name_id="4795" voided="0" uuid="0b7746e0-15f5-102d-96e4-000c29c2a5d7" concept_name_type="FULLY_SPECIFIED" locale_preferred="false"/>
  <concept_name concept_id="3443" name="REQUIRES A COMMUNITY HEALTH WORKER" locale="en" creator="24761" date_created="2008-06-30 20:28:09.0" concept_name_id="7560" voided="0" uuid="0b888496-15f5-102d-96e4-000c29c2a5d7" locale_preferred="false"/>
  <concept concept_id="6772" retired="0" datatype_id="4" class_id="11" is_set="0" creator="24761" date_created="2010-06-21 22:53:56.0" version="" changed_by="24761" date_changed="2011-11-17 15:52:23.0" uuid="47fad172-4344-4d7a-97eb-c83cff633cf1"/>
  <concept_name concept_id="6772" name="Needs an echocardiogram" locale="en" creator="24761" date_created="2010-06-21 22:53:56.0" concept_name_id="9998" voided="0" uuid="5eb46f49-c83e-4801-9eab-da98ee4f7739" locale_preferred="false"/>
  <concept_name concept_id="6772" name="Referred for echocardiograph" locale="en" creator="24761" date_created="2010-06-21 22:53:56.0" concept_name_id="9999" voided="0" uuid="d0c770a4-262c-4c24-81e0-bc68ba1bba8b" concept_name_type="FULLY_SPECIFIED" locale_preferred="false"/>
  <concept concept_id="1207" retired="0" datatype_id="4" class_id="10" is_set="1" creator="24761" date_created="2005-02-09 07:00:00.0" version="" changed_by="24761" date_changed="2011-11-16 11:12:48.0" uuid="3cd7f294-26fe-102b-80cb-0017a47871b2"/>
  <concept_name concept_id="1207" name="WHO STAGE 4 ADULT" locale="en" creator="24761" date_created="2005-02-09 07:00:00.0" concept_name_id="1245" voided="0" uuid="3e16d99a-26fe-102b-80cb-0017a47871b2" concept_name_type="FULLY_SPECIFIED" locale_preferred="false"/>
  <concept_set concept_set_id="1133" concept_id="5345" concept_set="1207" sort_weight="0.0" creator="24761" date_created="2005-12-15 20:26:49.0" uuid="3f2da142-26fe-102b-80cb-0017a47871b2"/>
  <concept_set concept_set_id="1126" concept_id="5340" concept_set="1207" sort_weight="1.0" creator="24761" date_created="2005-12-15 20:26:49.0" uuid="3f2d9b70-26fe-102b-80cb-0017a47871b2"/>
  <concept_set concept_set_id="1036" concept_id="5033" concept_set="1207" sort_weight="2.0" creator="24761" date_created="2005-12-15 20:26:49.0" uuid="3f2d0322-26fe-102b-80cb-0017a47871b2"/>
  <concept_set concept_set_id="1040" concept_id="5034" concept_set="1207" sort_weight="3.0" creator="24761" date_created="2005-12-15 20:26:49.0" uuid="3f2d069c-26fe-102b-80cb-0017a47871b2"/>
  <concept_set concept_set_id="1044" concept_id="5035" concept_set="1207" sort_weight="4.0" creator="24761" date_created="2005-12-15 20:26:49.0" uuid="3f2d0a16-26fe-102b-80cb-0017a47871b2"/>
  <concept_set concept_set_id="1136" concept_id="5350" concept_set="1207" sort_weight="5.0" creator="24761" date_created="2005-12-15 20:26:49.0" uuid="3f2da386-26fe-102b-80cb-0017a47871b2"/>
  <concept_set concept_set_id="1052" concept_id="5041" concept_set="1207" sort_weight="6.0" creator="24761" date_created="2005-12-15 20:26:49.0" uuid="3f2d122c-26fe-102b-80cb-0017a47871b2"/>
  <concept_set concept_set_id="1130" concept_id="5344" concept_set="1207" sort_weight="7.0" creator="24761" date_created="2005-12-15 20:26:49.0" uuid="3f2d9ef4-26fe-102b-80cb-0017a47871b2"/>
  <concept_set concept_set_id="1058" concept_id="5043" concept_set="1207" sort_weight="8.0" creator="24761" date_created="2005-12-15 20:26:49.0" uuid="3f2d5bd8-26fe-102b-80cb-0017a47871b2"/>
  <concept_set concept_set_id="1139" concept_id="5354" concept_set="1207" sort_weight="9.0" creator="24761" date_created="2005-12-15 20:26:49.0" uuid="3f2deaa8-26fe-102b-80cb-0017a47871b2"/>
  <concept_set concept_set_id="60" concept_id="507" concept_set="1207" sort_weight="10.0" creator="24761" date_created="2005-12-15 20:26:49.0" uuid="3f28465c-26fe-102b-80cb-0017a47871b2"/>
  <concept_set concept_set_id="1055" concept_id="5042" concept_set="1207" sort_weight="11.0" creator="24761" date_created="2005-12-15 20:26:49.0" uuid="3f2d1470-26fe-102b-80cb-0017a47871b2"/>
  <concept_set concept_set_id="144" concept_id="882" concept_set="1207" sort_weight="12.0" creator="24761" date_created="2005-12-15 20:26:49.0" uuid="3f28bf7e-26fe-102b-80cb-0017a47871b2"/>
  <concept_set concept_set_id="1063" concept_id="5046" concept_set="1207" sort_weight="13.0" creator="24761" date_created="2005-12-15 20:26:49.0" uuid="3f2d677c-26fe-102b-80cb-0017a47871b2"/>
  <concept_set concept_set_id="130" concept_id="823" concept_set="1207" sort_weight="14.0" creator="24761" date_created="2005-12-15 20:26:49.0" uuid="3f2872b2-26fe-102b-80cb-0017a47871b2"/>
  <concept_set concept_set_id="242" concept_id="1215" concept_set="1207" sort_weight="15.0" creator="24761" date_created="2007-08-10 16:04:53.0" uuid="3f295646-26fe-102b-80cb-0017a47871b2"/>
  <concept_set concept_set_id="404" concept_id="1547" concept_set="1207" sort_weight="16.0" creator="24761" date_created="2007-08-10 16:04:53.0" uuid="3f2aa960-26fe-102b-80cb-0017a47871b2"/>
  <concept_set concept_set_id="629" concept_id="2583" concept_set="1207" sort_weight="17.0" creator="24761" date_created="2007-08-10 16:04:53.0" uuid="3f2c4d1a-26fe-102b-80cb-0017a47871b2"/>
  <concept_set concept_set_id="307" concept_id="1362" concept_set="1207" sort_weight="18.0" creator="24761" date_created="2007-08-10 16:04:53.0" uuid="3f2a1608-26fe-102b-80cb-0017a47871b2"/>
  <concept_set concept_set_id="633" concept_id="2588" concept_set="1207" sort_weight="19.0" creator="24761" date_created="2007-08-10 16:04:53.0" uuid="3f2c4f68-26fe-102b-80cb-0017a47871b2"/>
  <concept_set concept_set_id="636" concept_id="2590" concept_set="1207" sort_weight="20.0" creator="24761" date_created="2007-08-10 16:04:53.0" uuid="3f2c51ac-26fe-102b-80cb-0017a47871b2"/>
  <concept_set concept_set_id="1020" concept_id="5025" concept_set="1207" sort_weight="21.0" creator="24761" date_created="2007-08-10 16:56:35.0" uuid="3f2cf40e-26fe-102b-80cb-0017a47871b2"/>
  <concept_set concept_set_id="1003" concept_id="5016" concept_set="1207" sort_weight="22.0" creator="24761" date_created="2007-08-10 16:56:35.0" uuid="3f2ce2fc-26fe-102b-80cb-0017a47871b2"/>
  <concept_set concept_set_id="631" concept_id="2586" concept_set="1207" sort_weight="23.0" creator="24761" date_created="2007-10-12 21:32:30.0" uuid="3f2c4e3c-26fe-102b-80cb-0017a47871b2"/>
  <concept_set concept_set_id="668" concept_id="2721" concept_set="1207" sort_weight="24.0" creator="24761" date_created="2007-10-12 21:53:01.0" uuid="3f2c7a06-26fe-102b-80cb-0017a47871b2"/>
  <concept_set concept_set_id="689" concept_id="2858" concept_set="1207" sort_weight="25.0" creator="24761" date_created="2007-11-28 20:54:29.0" uuid="3f2c867c-26fe-102b-80cb-0017a47871b2"/>
  <concept_set concept_set_id="698" concept_id="2890" concept_set="1207" sort_weight="26.0" creator="24761" date_created="2008-01-17 23:32:01.0" uuid="3f2cd2ee-26fe-102b-80cb-0017a47871b2"/>
  <concept concept_id="1205" retired="0" datatype_id="4" class_id="10" is_set="1" creator="24761" date_created="2005-02-09 07:00:00.0" version="" changed_by="24761" date_changed="2011-11-16 11:12:48.0" uuid="3cd7ef9c-26fe-102b-80cb-0017a47871b2"/>
  <concept_name concept_id="1205" name="WHO STAGE 2 ADULT" locale="en" creator="24761" date_created="2005-02-09 07:00:00.0" concept_name_id="1243" voided="0" uuid="3e16d4d6-26fe-102b-80cb-0017a47871b2" concept_name_type="FULLY_SPECIFIED" locale_preferred="false"/>
  <concept_set concept_set_id="1111" concept_id="5329" concept_set="1205" sort_weight="0.0" creator="24761" date_created="2005-12-15 20:26:49.0" uuid="3f2d8eb4-26fe-102b-80cb-0017a47871b2"/>
  <concept_set concept_set_id="1112" concept_id="5330" concept_set="1205" sort_weight="1.0" creator="24761" date_created="2005-12-15 20:26:49.0" uuid="3f2d8fe0-26fe-102b-80cb-0017a47871b2"/>
  <concept_set concept_set_id="997" concept_id="5012" concept_set="1205" sort_weight="2.0" creator="24761" date_created="2005-12-15 20:26:49.0" uuid="3f2cdc30-26fe-102b-80cb-0017a47871b2"/>
  <concept_set concept_set_id="1113" concept_id="5332" concept_set="1205" sort_weight="3.0" creator="24761" date_created="2005-12-15 20:26:49.0" uuid="3f2d9102-26fe-102b-80cb-0017a47871b2"/>
  <concept_set concept_set_id="620" concept_id="2575" concept_set="1205" sort_weight="4.0" creator="24761" date_created="2007-08-10 15:56:02.0" uuid="3f2c450e-26fe-102b-80cb-0017a47871b2"/>
  <concept_set concept_set_id="621" concept_id="2576" concept_set="1205" sort_weight="5.0" creator="24761" date_created="2007-08-10 15:56:02.0" uuid="3f2c463a-26fe-102b-80cb-0017a47871b2"/>
  <concept_set concept_set_id="622" concept_id="2577" concept_set="1205" sort_weight="6.0" creator="24761" date_created="2007-08-10 15:56:02.0" uuid="3f2c475c-26fe-102b-80cb-0017a47871b2"/>
  <concept_set concept_set_id="623" concept_id="2578" concept_set="1205" sort_weight="7.0" creator="24761" date_created="2007-08-10 15:56:02.0" uuid="3f2c487e-26fe-102b-80cb-0017a47871b2"/>
  <concept_set concept_set_id="624" concept_id="2579" concept_set="1205" sort_weight="8.0" creator="24761" date_created="2007-08-10 15:56:02.0" uuid="3f2c49aa-26fe-102b-80cb-0017a47871b2"/>
  <concept concept_id="1204" retired="0" datatype_id="4" class_id="10" is_set="1" creator="24761" date_created="2005-02-09 07:00:00.0" version="" changed_by="24761" date_changed="2011-11-16 11:12:48.0" uuid="3cd7ee16-26fe-102b-80cb-0017a47871b2"/>
  <concept_name concept_id="1204" name="WHO STAGE 1 ADULT" locale="en" creator="24761" date_created="2005-02-09 07:00:00.0" concept_name_id="1242" voided="0" uuid="3e16d36e-26fe-102b-80cb-0017a47871b2" concept_name_type="FULLY_SPECIFIED" locale_preferred="false"/>
  <concept_set concept_set_id="1107" concept_id="5327" concept_set="1204" sort_weight="1.0" creator="24761" date_created="2005-12-15 20:26:49.0" uuid="3f2d8a0e-26fe-102b-80cb-0017a47871b2"/>
  <concept_set concept_set_id="1109" concept_id="5328" concept_set="1204" sort_weight="2.0" creator="24761" date_created="2005-12-15 20:26:49.0" uuid="3f2d8c66-26fe-102b-80cb-0017a47871b2"/>
  <concept concept_id="1206" retired="0" datatype_id="4" class_id="10" is_set="1" creator="24761" date_created="2005-02-09 07:00:00.0" version="" changed_by="24761" date_changed="2011-11-16 11:12:48.0" uuid="3cd7f118-26fe-102b-80cb-0017a47871b2"/>
  <concept_name concept_id="1206" name="WHO STAGE 3 ADULT" locale="en" creator="24761" date_created="2005-02-09 07:00:00.0" concept_name_id="1244" voided="0" uuid="3e16d79c-26fe-102b-80cb-0017a47871b2" concept_name_type="FULLY_SPECIFIED" locale_preferred="false"/>
  <concept_set concept_set_id="1116" concept_id="5334" concept_set="1206" sort_weight="0.0" creator="24761" date_created="2005-12-15 20:26:49.0" uuid="3f2d9472-26fe-102b-80cb-0017a47871b2"/>
  <concept_set concept_set_id="1008" concept_id="5018" concept_set="1206" sort_weight="1.0" creator="24761" date_created="2005-12-15 20:26:49.0" uuid="3f2ce78e-26fe-102b-80cb-0017a47871b2"/>
  <concept_set concept_set_id="1025" concept_id="5027" concept_set="1206" sort_weight="2.0" creator="24761" date_created="2005-12-15 20:26:49.0" uuid="3f2cf896-26fe-102b-80cb-0017a47871b2"/>
  <concept_set concept_set_id="1031" concept_id="5030" concept_set="1206" sort_weight="3.0" creator="24761" date_created="2005-12-15 20:26:49.0" uuid="3f2cfe5e-26fe-102b-80cb-0017a47871b2"/>
  <concept_set concept_set_id="1120" concept_id="5338" concept_set="1206" sort_weight="4.0" creator="24761" date_created="2005-12-15 20:26:49.0" uuid="3f2d96b6-26fe-102b-80cb-0017a47871b2"/>
  <concept_set concept_set_id="1122" concept_id="5339" concept_set="1206" sort_weight="5.0" creator="24761" date_created="2005-12-15 20:26:49.0" uuid="3f2d97e2-26fe-102b-80cb-0017a47871b2"/>
  <concept_set concept_set_id="1118" concept_id="5337" concept_set="1206" sort_weight="6.0" creator="24761" date_created="2005-12-15 20:26:49.0" uuid="3f2d9594-26fe-102b-80cb-0017a47871b2"/>
  <concept_set concept_set_id="11" concept_id="42" concept_set="1206" sort_weight="7.0" creator="24761" date_created="2007-08-10 15:58:00.0" uuid="3f27cb6e-26fe-102b-80cb-0017a47871b2"/>
  <concept_set concept_set_id="1114" concept_id="5333" concept_set="1206" sort_weight="8.0" creator="24761" date_created="2007-08-10 15:58:00.0" uuid="3f2d9224-26fe-102b-80cb-0017a47871b2"/>
  <concept_set concept_set_id="625" concept_id="2581" concept_set="1206" sort_weight="9.0" creator="24761" date_created="2007-08-10 15:58:00.0" uuid="3f2c4acc-26fe-102b-80cb-0017a47871b2"/>
  <concept_set concept_set_id="627" concept_id="2582" concept_set="1206" sort_weight="10.0" creator="24761" date_created="2007-08-10 15:58:00.0" uuid="3f2c4bee-26fe-102b-80cb-0017a47871b2"/>
  <concept_set concept_set_id="43" concept_id="298" concept_set="1206" sort_weight="11.0" creator="24761" date_created="2008-01-17 22:59:29.0" uuid="3f27f576-26fe-102b-80cb-0017a47871b2"/>
  <concept_set concept_set_id="649" concept_id="2624" concept_set="1206" sort_weight="12.0" creator="24761" date_created="2008-01-18 22:28:33.0" uuid="3f2c5f12-26fe-102b-80cb-0017a47871b2"/>
  <concept concept_id="1067" retired="0" datatype_id="4" class_id="11" is_set="0" creator="24761" date_created="2005-01-06 07:00:00.0" changed_by="24761" date_changed="2012-09-12 11:15:04.0" uuid="3cd6fac4-26fe-102b-80cb-0017a47871b2"/>
  <concept_name concept_id="1067" name="DON'T KNOW" locale="en" creator="24761" date_created="2009-02-05 22:56:14.0" concept_name_id="8176" voided="0" uuid="0b8bdd6c-15f5-102d-96e4-000c29c2a5d7" locale_preferred="false"/>
  <concept_name concept_id="1067" name="UNKNOWN" locale="en" creator="24761" date_created="2009-02-05 22:56:14.0" concept_name_id="8175" voided="0" uuid="3e1518f8-26fe-102b-80cb-0017a47871b2" concept_name_type="FULLY_SPECIFIED" locale_preferred="true"/>
  <concept_name concept_id="1067" name="DO NOT KNOW" locale="en" creator="24761" date_created="2009-02-05 22:56:14.0" concept_name_id="8177" voided="0" uuid="0b8bde66-15f5-102d-96e4-000c29c2a5d7" locale_preferred="false"/>
  <concept concept_id="1220" retired="0" datatype_id="4" class_id="10" is_set="1" creator="24761" date_created="2005-02-09 07:00:00.0" version="" changed_by="24761" date_changed="2011-11-16 11:12:31.0" uuid="3cd838c6-26fe-102b-80cb-0017a47871b2"/>
  <concept_name concept_id="1220" name="WHO STAGE 1 PEDS" locale="en" creator="24761" date_created="2005-02-09 07:00:00.0" concept_name_id="1258" voided="0" uuid="3e16f2a4-26fe-102b-80cb-0017a47871b2" concept_name_type="FULLY_SPECIFIED" locale_preferred="false"/>
  <concept_set concept_set_id="1108" concept_id="5327" concept_set="1220" sort_weight="1.0" creator="24761" date_created="2005-12-15 20:26:49.0" uuid="3f2d8b44-26fe-102b-80cb-0017a47871b2"/>
  <concept_set concept_set_id="133" concept_id="825" concept_set="1220" sort_weight="2.0" creator="24761" date_created="2005-12-15 20:26:49.0" uuid="3f28b5a6-26fe-102b-80cb-0017a47871b2"/>
  <concept_set concept_set_id="1110" concept_id="5328" concept_set="1220" sort_weight="3.0" creator="24761" date_created="2005-12-15 20:26:49.0" uuid="3f2d8d92-26fe-102b-80cb-0017a47871b2"/>
  <concept concept_id="1221" retired="0" datatype_id="4" class_id="10" is_set="1" creator="24761" date_created="2005-02-09 07:00:00.0" version="" changed_by="24761" date_changed="2011-11-16 11:12:31.0" uuid="3cd84e9c-26fe-102b-80cb-0017a47871b2"/>
  <concept_name concept_id="1221" name="WHO STAGE 2 PEDS" locale="en" creator="24761" date_created="2005-02-09 07:00:00.0" concept_name_id="1259" voided="0" uuid="3e16f402-26fe-102b-80cb-0017a47871b2" concept_name_type="FULLY_SPECIFIED" locale_preferred="false"/>
  <concept_set concept_set_id="26" concept_id="119" concept_set="1221" sort_weight="0.0" creator="24761" date_created="2005-12-15 20:26:49.0" uuid="3f27e50e-26fe-102b-80cb-0017a47871b2"/>
  <concept_set concept_set_id="135" concept_id="836" concept_set="1221" sort_weight="1.0" creator="24761" date_created="2005-12-15 20:26:49.0" uuid="3f28b696-26fe-102b-80cb-0017a47871b2"/>
  <concept_set concept_set_id="1012" concept_id="5020" concept_set="1221" sort_weight="2.0" creator="24761" date_created="2005-12-15 20:26:49.0" uuid="3f2ceaf4-26fe-102b-80cb-0017a47871b2"/>
  <concept_set concept_set_id="998" concept_id="5012" concept_set="1221" sort_weight="3.0" creator="24761" date_created="2005-12-15 20:26:49.0" uuid="3f2cdd52-26fe-102b-80cb-0017a47871b2"/>
  <concept_set concept_set_id="241" concept_id="1214" concept_set="1221" sort_weight="4.0" creator="24761" date_created="2005-12-15 20:26:49.0" uuid="3f29551a-26fe-102b-80cb-0017a47871b2"/>
  <concept_set concept_set_id="240" concept_id="1213" concept_set="1221" sort_weight="5.0" creator="24761" date_created="2005-12-15 20:26:49.0" uuid="3f29542a-26fe-102b-80cb-0017a47871b2"/>
  <concept_set concept_set_id="239" concept_id="1212" concept_set="1221" sort_weight="6.0" creator="24761" date_created="2005-12-15 20:26:49.0" uuid="3f295330-26fe-102b-80cb-0017a47871b2"/>
  <concept_set concept_set_id="23" concept_id="114" concept_set="1221" sort_weight="7.0" creator="24761" date_created="2005-12-15 20:26:49.0" uuid="3f27e176-26fe-102b-80cb-0017a47871b2"/>
  <concept_set concept_set_id="237" concept_id="1210" concept_set="1221" sort_weight="8.0" creator="24761" date_created="2005-12-15 20:26:49.0" uuid="3f295128-26fe-102b-80cb-0017a47871b2"/>
  <concept_set concept_set_id="238" concept_id="1211" concept_set="1221" sort_weight="9.0" creator="24761" date_created="2005-12-15 20:26:49.0" uuid="3f29522c-26fe-102b-80cb-0017a47871b2"/>
  <concept_set concept_set_id="701" concept_id="2891" concept_set="1221" sort_weight="10.0" creator="24761" date_created="2008-01-18 19:16:27.0" uuid="3f2cd532-26fe-102b-80cb-0017a47871b2"/>
  <concept_set concept_set_id="703" concept_id="2893" concept_set="1221" sort_weight="11.0" creator="24761" date_created="2008-01-18 22:15:57.0" uuid="3f2cd65e-26fe-102b-80cb-0017a47871b2"/>
  <concept concept_id="1223" retired="0" datatype_id="4" class_id="10" is_set="1" creator="24761" date_created="2005-02-09 07:00:00.0" version="" changed_by="24761" date_changed="2011-11-16 11:12:31.0" uuid="3cd85284-26fe-102b-80cb-0017a47871b2"/>
  <concept_name concept_id="1223" name="WHO STAGE 4 PEDS" locale="en" creator="24761" date_created="2005-02-09 07:00:00.0" concept_name_id="1261" voided="0" uuid="0b5e4226-15f5-102d-96e4-000c29c2a5d7" concept_name_type="FULLY_SPECIFIED" locale_preferred="false"/>
  <concept_set concept_set_id="37" concept_id="204" concept_set="1223" sort_weight="0.0" creator="24761" date_created="2005-12-15 20:26:49.0" uuid="fc5e3d4c-c9d0-4f78-b2b7-0bcb4383ead2"/>
  <concept_set concept_set_id="1004" concept_id="5016" concept_set="1223" sort_weight="1.0" creator="24761" date_created="2005-12-15 20:26:49.0" uuid="24412e9e-1536-45b8-8282-0eefffbc8d5e"/>
  <concept_set concept_set_id="249" concept_id="1219" concept_set="1223" sort_weight="2.0" creator="24761" date_created="2005-12-15 20:26:49.0" uuid="0620d332-a080-4bb5-a261-342635fa48fb"/>
  <concept_set concept_set_id="1134" concept_id="5345" concept_set="1223" sort_weight="3.0" creator="24761" date_created="2005-12-15 20:26:49.0" uuid="ed169cf2-f069-453f-b1e0-7998e9b69ac2"/>
  <concept_set concept_set_id="1034" concept_id="5032" concept_set="1223" sort_weight="4.0" creator="24761" date_created="2005-12-15 20:26:49.0" uuid="035a76be-7c69-412c-84d7-9c38da98332a"/>
  <concept_set concept_set_id="1037" concept_id="5033" concept_set="1223" sort_weight="5.0" creator="24761" date_created="2005-12-15 20:26:49.0" uuid="859489a8-5aa3-4e81-a781-47354035a812"/>
  <concept_set concept_set_id="1041" concept_id="5034" concept_set="1223" sort_weight="6.0" creator="24761" date_created="2005-12-15 20:26:49.0" uuid="74d3ad34-eaa6-47af-81aa-9a00c741feed"/>
  <concept_set concept_set_id="1045" concept_id="5035" concept_set="1223" sort_weight="7.0" creator="24761" date_created="2005-12-15 20:26:49.0" uuid="c4a94cf1-b350-4e93-87b6-b0c21cddf1e2"/>
  <concept_set concept_set_id="1049" concept_id="5038" concept_set="1223" sort_weight="8.0" creator="24761" date_created="2005-12-15 20:26:49.0" uuid="140e3b35-1220-4b2e-a80a-6c7e4be84f4c"/>
  <concept_set concept_set_id="1059" concept_id="5043" concept_set="1223" sort_weight="9.0" creator="24761" date_created="2005-12-15 20:26:49.0" uuid="726781dd-243b-41af-a902-153f36b2d10e"/>
  <concept_set concept_set_id="246" concept_id="1216" concept_set="1223" sort_weight="10.0" creator="24761" date_created="2005-12-15 20:26:49.0" uuid="1956373a-9d8d-427b-a7a7-4ef02035a83d"/>
  <concept_set concept_set_id="61" concept_id="507" concept_set="1223" sort_weight="11.0" creator="24761" date_created="2005-12-15 20:26:49.0" uuid="aa464091-165c-4ad3-8e5d-3988bfa17d9c"/>
  <concept_set concept_set_id="1021" concept_id="5025" concept_set="1223" sort_weight="12.0" creator="24761" date_created="2005-12-15 20:26:49.0" uuid="bc59af73-0d01-4a40-8f85-7b4bbfbc4762"/>
  <concept_set concept_set_id="145" concept_id="882" concept_set="1223" sort_weight="13.0" creator="24761" date_created="2005-12-15 20:26:49.0" uuid="b745bdcb-1a6a-46e4-b78c-203958179b1b"/>
  <concept_set concept_set_id="1064" concept_id="5046" concept_set="1223" sort_weight="14.0" creator="24761" date_created="2005-12-15 20:26:49.0" uuid="02191c16-c216-41e4-83ed-837ea3ae69a9"/>
  <concept_set concept_set_id="1141" concept_id="5355" concept_set="1223" sort_weight="15.0" creator="24761" date_created="2005-12-15 20:26:49.0" uuid="117e66da-e23b-467a-b6f2-0d7a6e1eba9e"/>
  <concept_set concept_set_id="131" concept_id="823" concept_set="1223" sort_weight="16.0" creator="24761" date_created="2005-12-15 20:26:49.0" uuid="751a5ce4-4fea-4ad9-8c70-e6e5dc9f4e62"/>
  <concept_set concept_set_id="699" concept_id="2890" concept_set="1223" sort_weight="17.0" creator="24761" date_created="2008-01-17 23:33:21.0" uuid="4e8d2a56-b89f-4e0e-9a2f-b72f088c5eb6"/>
  <concept_set concept_set_id="704" concept_id="2894" concept_set="1223" sort_weight="18.0" creator="24761" date_created="2008-01-23 17:19:46.0" uuid="4249063c-bf95-417c-925b-a48f97a4e67c"/>
  <concept_set concept_set_id="702" concept_id="2892" concept_set="1223" sort_weight="19.0" creator="24761" date_created="2008-01-23 17:21:15.0" uuid="c6bc247b-451a-4d5d-913c-db770f41ee5b"/>
  <concept concept_id="1222" retired="0" datatype_id="4" class_id="10" is_set="1" creator="24761" date_created="2005-02-09 07:00:00.0" changed_by="24761" date_changed="2012-09-12 11:15:37.0" uuid="3cd8502c-26fe-102b-80cb-0017a47871b2"/>
  <concept_name concept_id="1222" name="WHO STAGE 3 PEDS" locale="en" creator="24761" date_created="2005-02-09 07:00:00.0" concept_name_id="1260" voided="0" uuid="3e16f574-26fe-102b-80cb-0017a47871b2" concept_name_type="FULLY_SPECIFIED" locale_preferred="true"/>
  <concept_set concept_set_id="1009" concept_id="5018" concept_set="1222" sort_weight="0.0" creator="24761" date_created="2005-12-15 20:26:49.0" uuid="3f2ce8b0-26fe-102b-80cb-0017a47871b2"/>
  <concept_set concept_set_id="1067" concept_id="5050" concept_set="1222" sort_weight="1.0" creator="24761" date_created="2005-12-15 20:26:49.0" uuid="3f2d6aec-26fe-102b-80cb-0017a47871b2"/>
  <concept_set concept_set_id="1127" concept_id="5340" concept_set="1222" sort_weight="2.0" creator="24761" date_created="2005-12-15 20:26:49.0" uuid="3f2d9c9c-26fe-102b-80cb-0017a47871b2"/>
  <concept_set concept_set_id="1018" concept_id="5024" concept_set="1222" sort_weight="3.0" creator="24761" date_created="2005-12-15 20:26:49.0" uuid="3f2cf1ca-26fe-102b-80cb-0017a47871b2"/>
  <concept_set concept_set_id="245" concept_id="1216" concept_set="1222" sort_weight="4.0" creator="24761" date_created="2005-12-15 20:26:49.0" uuid="3f295844-26fe-102b-80cb-0017a47871b2"/>
  <concept_set concept_set_id="1015" concept_id="5022" concept_set="1222" sort_weight="5.0" creator="24761" date_created="2005-12-15 20:26:49.0" uuid="3f2cee64-26fe-102b-80cb-0017a47871b2"/>
  <concept_set concept_set_id="243" concept_id="1215" concept_set="1222" sort_weight="6.0" creator="24761" date_created="2005-12-15 20:26:49.0" uuid="3f29574a-26fe-102b-80cb-0017a47871b2"/>
  <concept_set concept_set_id="247" concept_id="1217" concept_set="1222" sort_weight="7.0" creator="24761" date_created="2005-12-15 20:26:49.0" uuid="3f296168-26fe-102b-80cb-0017a47871b2"/>
  <concept_set concept_set_id="1029" concept_id="5029" concept_set="1222" sort_weight="8.0" creator="24761" date_created="2005-12-15 20:26:49.0" uuid="3f2cfc06-26fe-102b-80cb-0017a47871b2"/>
  <concept_set concept_set_id="12" concept_id="42" concept_set="1222" sort_weight="9.0" creator="24761" date_created="2005-12-15 20:26:49.0" uuid="3f27cd12-26fe-102b-80cb-0017a47871b2"/>
  <concept_set concept_set_id="248" concept_id="1218" concept_set="1222" sort_weight="10.0" creator="24761" date_created="2005-12-15 20:26:49.0" uuid="3f296262-26fe-102b-80cb-0017a47871b2"/>
  <concept_set concept_set_id="696" concept_id="2888" concept_set="1222" sort_weight="11.0" creator="24761" date_created="2008-01-17 23:11:24.0" uuid="3f2c8c44-26fe-102b-80cb-0017a47871b2"/>
  <concept_set concept_set_id="697" concept_id="2889" concept_set="1222" sort_weight="12.0" creator="24761" date_created="2008-01-17 23:18:33.0" uuid="3f2c8d5c-26fe-102b-80cb-0017a47871b2"/>
  <concept concept_id="6188" retired="0" datatype_id="6" class_id="7" is_set="0" creator="7" date_created="2009-03-24 11:09:03.0" version="" changed_by="16360" date_changed="2009-06-30 16:37:53.0" uuid="ea6a744d-846c-4e29-bc89-30404853c4f9"/>
  <concept_name concept_id="6188" name="EXPECTED DUE DATE" locale="en" creator="7" date_created="2009-03-24 11:09:03.0" concept_name_id="8807" voided="0" uuid="91c0ac15-ab71-4fee-a637-257e4b6bc752" concept_name_type="FULLY_SPECIFIED" locale_preferred="false"/>
  <concept_name concept_id="6188" name="PREGNANCY DUE DATE" locale="en" creator="7" date_created="2009-03-24 11:09:03.0" concept_name_id="8808" voided="0" uuid="ef4452da-40a2-4f2e-a213-79d9761f7234" locale_preferred="false"/>
  <concept concept_id="703" retired="0" datatype_id="4" class_id="11" is_set="0" creator="24761" date_created="2004-01-01 07:00:00.0" changed_by="24761" date_changed="2012-09-12 11:13:58.0" uuid="3cd3a7a2-26fe-102b-80cb-0017a47871b2"/>
  <concept_name concept_id="703" name="POS" locale="en" creator="24761" date_created="2004-10-20 06:00:00.0" concept_name_id="7458" voided="0" uuid="95638efc-07d4-102c-b5fa-0017a47871b2" locale_preferred="false"/>
  <concept_name concept_id="703" name="POSITIVE" locale="en" creator="24761" date_created="2004-01-01 07:00:00.0" concept_name_id="718" voided="0" uuid="3e111b54-26fe-102b-80cb-0017a47871b2" concept_name_type="FULLY_SPECIFIED" locale_preferred="true"/>
  <concept_name concept_id="703" name="(+)" locale="en" creator="24761" date_created="2004-12-02 07:00:00.0" concept_name_id="6327" voided="0" uuid="93eaad9e-07d4-102c-b5fa-0017a47871b2" locale_preferred="false"/>
  <concept concept_id="968" retired="0" datatype_id="6" class_id="5" is_set="0" creator="24737" date_created="2006-03-22 16:02:17.0" version="" changed_by="24737" date_changed="2011-08-09 19:39:12.0" uuid="3cd653c6-26fe-102b-80cb-0017a47871b2"/>
  <concept_name concept_id="968" name="DATE OF LAST MENSTRUAL PERIOD" locale="en" creator="24737" date_created="2006-03-22 16:02:17.0" concept_name_id="992" voided="0" uuid="3e140e9a-26fe-102b-80cb-0017a47871b2" concept_name_type="FULLY_SPECIFIED" locale_preferred="false"/>
  <concept_name concept_id="968" name="LMP" locale="en" creator="24737" date_created="2006-03-22 16:02:17.0" concept_name_id="5479" voided="0" uuid="93b3b596-07d4-102c-b5fa-0017a47871b2" concept_name_type="SHORT" locale_preferred="false"/>
  <concept_name concept_id="968" name="DDR" locale="en" creator="24737" date_created="2006-04-05 16:10:33.0" concept_name_id="6737" voided="0" void_reason="" uuid="93f440b6-07d4-102c-b5fa-0017a47871b2" locale_preferred="false"/>
  <concept concept_id="5596" retired="0" datatype_id="6" class_id="7" is_set="0" creator="24737" date_created="2004-08-12 00:00:00.0" version="" changed_by="24737" date_changed="2011-08-09 19:39:09.0" uuid="3cee56a6-26fe-102b-80cb-0017a47871b2"/>
  <concept_name concept_id="5596" name="ESTIMATED DELIVERY DATE" locale="en" creator="24737" date_created="2005-02-07 00:00:00.0" concept_name_id="6877" voided="0" void_reason="" uuid="93f684a2-07d4-102c-b5fa-0017a47871b2" locale_preferred="false"/>
  <concept_name concept_id="5596" name="EST_DELIV_DATE" locale="en" creator="24737" date_created="2004-08-12 00:00:00.0" concept_name_id="6183" voided="0" uuid="93bfb8fa-07d4-102c-b5fa-0017a47871b2" concept_name_type="SHORT" locale_preferred="false"/>
  <concept_name concept_id="5596" name="EDC" locale="en" creator="24737" date_created="2005-02-07 00:00:00.0" concept_name_id="6848" voided="0" void_reason="" uuid="93f607fc-07d4-102c-b5fa-0017a47871b2" locale_preferred="false"/>
  <concept_name concept_id="5596" name="ESTIMATED DATE OF CONFINEMENT" locale="en" creator="24737" date_created="2004-08-12 00:00:00.0" concept_name_id="3965" voided="0" uuid="3e4037fe-26fe-102b-80cb-0017a47871b2" concept_name_type="FULLY_SPECIFIED" locale_preferred="false"/>
  <concept_name concept_id="5596" name="ESTIMATED DATE OF DELIVERY" locale="en" creator="24737" date_created="2005-02-07 00:00:00.0" concept_name_id="6876" voided="0" void_reason="" uuid="93f67fac-07d4-102c-b5fa-0017a47871b2" locale_preferred="false"/>
  <concept_name concept_id="5596" name="DPA" locale="en" creator="24737" date_created="2006-04-05 16:11:09.0" concept_name_id="6806" voided="0" void_reason="" uuid="93f55104-07d4-102c-b5fa-0017a47871b2" locale_preferred="false"/>
  <concept concept_id="7005" retired="0" datatype_id="6" class_id="7" is_set="0" creator="24737" date_created="2011-08-08 14:37:51.0" version="1.0" changed_by="24737" date_changed="2011-10-19 14:59:38.0" uuid="647ce969-a8cb-42a6-b407-e916aae56b02"/>
  <concept_name concept_id="7005" name="Date of Positive Pregnancy Test" locale="en" creator="24737" date_created="2011-08-08 14:37:51.0" concept_name_id="14402" voided="0" uuid="0ade84ce-4fc2-453c-97a9-cfe7915c1f8f" concept_name_type="FULLY_SPECIFIED" locale_preferred="false"/>
  <concept concept_id="6740" retired="0" datatype_id="2" class_id="7" is_set="0" creator="23132" date_created="2010-05-03 11:45:47.0" version="" changed_by="7" date_changed="2010-12-08 09:48:57.0" uuid="8da67e73-776c-43f6-9758-79d1f6786db3"/>
  <concept_name concept_id="6740" name="RWANDA INSURANCE TYPE" locale="en" creator="23132" date_created="2010-05-03 11:45:47.0" concept_name_id="9938" voided="0" uuid="0a25f341-285e-42d0-9cc7-0123ffa44320" concept_name_type="FULLY_SPECIFIED" locale_preferred="false"/>
  <concept_answer concept_answer_id="6128" concept_id="6740" answer_concept="6738" creator="23132" date_created="2010-05-03 11:45:47.0" uuid="5be92b9a-835a-4c0d-bbd0-5c651517bcae" sort_weight="6128.0"/>
  <concept_answer concept_answer_id="6129" concept_id="6740" answer_concept="1107" creator="23132" date_created="2010-05-03 11:45:47.0" uuid="1cae0237-0b3d-4e83-98b8-0fe2a333461f" sort_weight="6129.0"/>
  <concept_answer concept_answer_id="6130" concept_id="6740" answer_concept="6739" creator="23132" date_created="2010-05-03 11:45:47.0" uuid="5f41d9f7-281f-4e29-888c-3ce5359818fd" sort_weight="6130.0"/>
  <concept_answer concept_answer_id="6386" concept_id="6740" answer_concept="6957" creator="7" date_created="2010-12-08 09:48:26.0" uuid="245b1997-f4d4-415f-81a5-80c87ce481dc" sort_weight="6386.0"/>
  <concept_answer concept_answer_id="6387" concept_id="6740" answer_concept="6955" creator="7" date_created="2010-12-08 09:48:26.0" uuid="bd75ed56-5011-4193-8e00-f4d279395fb2" sort_weight="6387.0"/>
  <concept_answer concept_answer_id="6388" concept_id="6740" answer_concept="6956" creator="7" date_created="2010-12-08 09:48:26.0" uuid="dabc2d77-7ee2-48d9-b224-cd94cbcfe6b9" sort_weight="6388.0"/>
  <concept concept_id="6738" retired="0" datatype_id="4" class_id="11" is_set="0" creator="23132" date_created="2010-05-03 11:25:42.0" version="" changed_by="23132" date_changed="2010-07-27 12:51:29.0" uuid="465d1588-a6f6-41ac-9b9c-cc4fdf140e78"/>
  <concept_name concept_id="6738" name="MUTUELLE" locale="en" creator="23132" date_created="2010-05-03 11:25:42.0" concept_name_id="9934" voided="0" uuid="fc528164-6a4a-42df-b01c-d169e311f8be" concept_name_type="FULLY_SPECIFIED" locale_preferred="false"/>
  <concept concept_id="6739" retired="0" datatype_id="4" class_id="11" is_set="0" creator="23132" date_created="2010-05-03 11:33:23.0" version="" uuid="b20600d3-a818-47e7-be3d-d7bfef2acf9a"/>
  <concept_name concept_id="6739" name="RAMA" locale="en" creator="23132" date_created="2010-05-03 11:33:23.0" concept_name_id="9937" voided="0" uuid="9a60714c-c059-4232-b83b-7644698caeca" concept_name_type="FULLY_SPECIFIED" locale_preferred="false"/>
  <concept concept_id="6957" retired="0" datatype_id="4" class_id="11" is_set="0" creator="7" date_created="2010-12-08 09:46:14.0" version="" changed_by="7" date_changed="2010-12-08 09:46:28.0" uuid="61d2c4cf-1513-48d4-8ee8-e1899ccc1431"/>
  <concept_name concept_id="6957" name="CORAR" locale="en" creator="7" date_created="2010-12-08 09:46:14.0" concept_name_id="14294" voided="0" uuid="10971b11-b990-43ae-927d-794dfdd71812" concept_name_type="FULLY_SPECIFIED" locale_preferred="false"/>
  <concept concept_id="6955" retired="0" datatype_id="4" class_id="11" is_set="0" creator="7" date_created="2010-12-08 09:39:22.0" version="" changed_by="7" date_changed="2010-12-08 09:47:40.0" uuid="95faec27-62af-472f-bdd8-a238b96af067"/>
  <concept_name concept_id="6955" name="MMI" locale="en" creator="7" date_created="2010-12-08 09:39:22.0" concept_name_id="14291" voided="0" uuid="4a0b4abb-5668-463f-8513-d8bc9b6201f1" concept_name_type="FULLY_SPECIFIED" locale_preferred="false"/>
  <concept_name concept_id="6955" name="Military medical insurance" locale="en" creator="7" date_created="2010-12-08 09:39:22.0" concept_name_id="14292" voided="0" void_reason="" uuid="1e48415c-9968-4692-b827-8fc81b3b372e" locale_preferred="false"/>
  <concept concept_id="6956" retired="0" datatype_id="4" class_id="11" is_set="0" creator="7" date_created="2010-12-08 09:43:03.0" version="" changed_by="7" date_changed="2010-12-08 09:43:16.0" uuid="df1b90ba-1903-438d-8de3-2676bcf8bed3"/>
  <concept_name concept_id="6956" name="MEDIPLAN" locale="en" creator="7" date_created="2010-12-08 09:43:03.0" concept_name_id="14293" voided="0" uuid="bf6b6766-7270-4ab7-9eca-789ad5d1a726" concept_name_type="FULLY_SPECIFIED" locale_preferred="false"/>
  <concept concept_id="5088" retired="0" datatype_id="1" class_id="1" is_set="0" creator="24761" date_created="2004-08-12 06:00:00.0" version="" changed_by="24761" date_changed="2011-11-17 15:52:39.0" uuid="3ce939d2-26fe-102b-80cb-0017a47871b2"/>
  <concept_numeric concept_id="5088" hi_absolute="43.0" low_absolute="25.0" units="DEG C" precise="1"/>
  <concept_name concept_id="5088" name="TEMP (C)" locale="en" creator="24761" date_created="2004-08-12 06:00:00.0" concept_name_id="6170" voided="0" uuid="0b7fa2b8-15f5-102d-96e4-000c29c2a5d7" concept_name_type="SHORT" locale_preferred="false"/>
  <concept_name concept_id="5088" name="TEMP (C)" locale="en" creator="24761" date_created="2004-10-07 06:00:00.0" concept_name_id="7756" voided="0" void_reason="" uuid="0b899386-15f5-102d-96e4-000c29c2a5d7" locale_preferred="false"/>
  <concept_name concept_id="5088" name="TEMPERATURE (C)" locale="en" creator="24761" date_created="2004-08-12 06:00:00.0" concept_name_id="3454" voided="0" uuid="3e3b0608-26fe-102b-80cb-0017a47871b2" concept_name_type="FULLY_SPECIFIED" locale_preferred="false"/>
  <concept concept_id="887" retired="0" datatype_id="1" class_id="1" is_set="0" creator="24761" date_created="2004-05-31 06:00:00.0" version="" changed_by="24761" date_changed="2011-11-17 15:52:10.0" uuid="3cd4e194-26fe-102b-80cb-0017a47871b2"/>
  <concept_numeric concept_id="887" low_absolute="0.0" units="mg/dl" precise="1"/>
  <concept_name concept_id="887" name="SERUM GLUCOSE" locale="en" creator="24761" date_created="2004-05-31 06:00:00.0" concept_name_id="909" voided="0" uuid="3e12cb7a-26fe-102b-80cb-0017a47871b2" concept_name_type="FULLY_SPECIFIED" locale_preferred="false"/>
  <concept_name concept_id="887" name="GLYCEMIA" locale="en" creator="24761" date_created="2007-05-12 17:21:49.0" concept_name_id="6974" voided="0" void_reason="" uuid="93f87136-07d4-102c-b5fa-0017a47871b2" locale_preferred="false"/>
  <concept_name concept_id="887" name="BLOOD SUGAR" locale="en" creator="24761" date_created="2005-02-12 18:32:22.0" concept_name_id="6548" voided="0" void_reason="" uuid="93ee6fa6-07d4-102c-b5fa-0017a47871b2" locale_preferred="false"/>
  <concept_name concept_id="887" name="GLU" locale="en" creator="24761" date_created="2004-05-31 06:00:00.0" concept_name_id="5473" voided="0" uuid="9388ef5a-07d4-102c-b5fa-0017a47871b2" concept_name_type="SHORT" locale_preferred="false"/>
  <concept_name concept_id="887" name="GLUCOSE" locale="en" creator="24761" date_created="2005-01-22 07:00:00.0" concept_name_id="6972" voided="0" void_reason="" uuid="93f86736-07d4-102c-b5fa-0017a47871b2" locale_preferred="false"/>
  <concept concept_id="5086" retired="0" datatype_id="1" class_id="1" is_set="0" creator="24761" date_created="2004-08-12 06:00:00.0" version="" changed_by="24761" date_changed="2011-11-17 15:52:39.0" uuid="3ce93694-26fe-102b-80cb-0017a47871b2"/>
  <concept_numeric concept_id="5086" hi_absolute="150.0" low_absolute="30.0" units="mmHg" precise="0"/>
  <concept_name concept_id="5086" name="DIASTOLIC BLOOD PRESSURE" locale="en" creator="24761" date_created="2004-08-12 06:00:00.0" concept_name_id="3451" voided="0" uuid="3e3b019e-26fe-102b-80cb-0017a47871b2" concept_name_type="FULLY_SPECIFIED" locale_preferred="false"/>
  <concept_name concept_id="5086" name="DBP" locale="en" creator="24761" date_created="2004-08-12 06:00:00.0" concept_name_id="6167" voided="0" uuid="93bf6864-07d4-102c-b5fa-0017a47871b2" concept_name_type="SHORT" locale_preferred="false"/>
  <concept_name concept_id="5086" name="DBP" locale="en" creator="24761" date_created="2004-10-07 06:00:00.0" concept_name_id="6733" voided="0" void_reason="" uuid="0b83161e-15f5-102d-96e4-000c29c2a5d7" locale_preferred="false"/>
  <concept_name concept_id="5086" name="DIASTOLIC" locale="en" creator="24761" date_created="2004-10-07 06:00:00.0" concept_name_id="6767" voided="0" void_reason="" uuid="93f4d328-07d4-102c-b5fa-0017a47871b2" locale_preferred="false"/>
  <concept concept_id="5085" retired="0" datatype_id="1" class_id="1" is_set="0" creator="24761" date_created="2004-08-12 06:00:00.0" version="" changed_by="24761" date_changed="2011-11-17 15:52:39.0" uuid="3ce934fa-26fe-102b-80cb-0017a47871b2"/>
  <concept_numeric concept_id="5085" hi_absolute="250.0" low_absolute="20.0" units="mmHg" precise="0"/>
  <concept_name concept_id="5085" name="SBP" locale="en" creator="24761" date_created="2004-08-12 06:00:00.0" concept_name_id="6166" voided="0" uuid="0b7f9ee4-15f5-102d-96e4-000c29c2a5d7" concept_name_type="SHORT" locale_preferred="false"/>
  <concept_name concept_id="5085" name="SBP" locale="en" creator="24761" date_created="2004-10-07 06:00:00.0" concept_name_id="7610" voided="0" uuid="93bf63c8-07d4-102c-b5fa-0017a47871b2" locale_preferred="false"/>
  <concept_name concept_id="5085" name="SYSTOLIC BLOOD PRESSURE" locale="en" creator="24761" date_created="2004-08-12 06:00:00.0" concept_name_id="3450" voided="0" uuid="3e3b002c-26fe-102b-80cb-0017a47871b2" concept_name_type="FULLY_SPECIFIED" locale_preferred="false"/>
  <concept_name concept_id="5085" name="SYSTOLIC" locale="en" creator="24761" date_created="2004-10-07 06:00:00.0" concept_name_id="7725" voided="0" uuid="9569c402-07d4-102c-b5fa-0017a47871b2" locale_preferred="false"/>
  <concept_name concept_id="5085" name="TA" locale="en" creator="24761" date_created="2007-05-12 16:35:20.0" concept_name_id="7728" voided="0" uuid="9569d14a-07d4-102c-b5fa-0017a47871b2" locale_preferred="false"/>
  <concept concept_id="7051" retired="0" datatype_id="1" class_id="1" is_set="0" creator="24761" date_created="2010-11-01 12:47:28.0" changed_by="24761" date_changed="2012-09-12 11:36:12.0" uuid="159644AAAAAAAAAAAAAAAAAAAAAAAAAAAAAA"/>
  <concept_numeric concept_id="7051" units="Percent" precise="1"/>
  <concept_name concept_id="7051" name="HbA1c" locale="en" creator="24761" date_created="2010-11-01 12:47:28.0" concept_name_id="14474" voided="0" uuid="107015BBBBBBBBBBBBBBBBBBBBBBBBBBBBBB" concept_name_type="FULLY_SPECIFIED" locale_preferred="true"/>
  <concept_name concept_id="7051" name="glycosylated hemoglobin A measurement" locale="en" creator="24761" date_created="2011-09-28 14:08:46.0" concept_name_id="14475" voided="0" uuid="506ba2d9-f072-45c8-b9f7-155f4c156c19" locale_preferred="false"/>
  <concept concept_id="6737" retired="0" datatype_id="1" class_id="1" is_set="0" creator="24761" date_created="2010-04-22 15:54:43.0" version="" changed_by="24761" date_changed="2011-11-11 12:23:05.0" uuid="62e72ad7-869e-4eae-909c-36ec4f2b7555"/>
  <concept_numeric concept_id="6737" hi_absolute="6.0" low_absolute="0.0" units="" precise="0"/>
  <concept_name concept_id="6737" name="Sensation in right foot" locale="en" creator="24761" date_created="2010-04-22 15:54:43.0" concept_name_id="9933" voided="0" uuid="369d8e63-5677-436e-8c06-a892133922b1" concept_name_type="FULLY_SPECIFIED" locale_preferred="false"/>
  <concept concept_id="6736" retired="0" datatype_id="1" class_id="1" is_set="0" creator="24761" date_created="2010-04-22 15:54:13.0" version="" changed_by="24761" date_changed="2011-11-11 12:23:07.0" uuid="19afbd01-c1d0-4041-8cc8-e87a7922c1df"/>
  <concept_numeric concept_id="6736" hi_absolute="6.0" low_absolute="0.0" units="" precise="0"/>
  <concept_name concept_id="6736" name="Sensation in left foot" locale="en" creator="24761" date_created="2010-04-22 15:54:13.0" concept_name_id="9932" voided="0" uuid="355c1a59-e668-4557-80b1-19470047b5b7" concept_name_type="FULLY_SPECIFIED" locale_preferred="false"/>
  <concept concept_id="2515" retired="0" datatype_id="6" class_id="5" is_set="0" creator="6" date_created="2007-08-02 09:30:38.0" version="" changed_by="6" date_changed="2007-08-02 09:30:38.0" uuid="3ce496ca-26fe-102b-80cb-0017a47871b2"/>
  <concept_name concept_id="2515" name="DATE OF HIV DIAGNOSIS" locale="en" creator="6" date_created="2007-08-02 09:30:38.0" concept_name_id="2700" voided="0" uuid="3e25dbe8-26fe-102b-80cb-0017a47871b2" concept_name_type="FULLY_SPECIFIED" locale_preferred="false"/>
  <concept concept_id="6985" retired="0" datatype_id="1" class_id="1" is_set="0" creator="23132" date_created="2011-01-19 00:13:51.0" version="" changed_by="23132" date_changed="2012-03-20 09:54:20.0" uuid="2438e295-d9da-4d5c-bacc-13c313e34755"/>
  <concept_numeric concept_id="6985" units="" precise="0"/>
  <concept_name concept_id="6985" name="Weight for height percentile" locale="en" creator="23132" date_created="2011-01-19 00:13:51.0" concept_name_id="14358" voided="0" uuid="d03b11d2-13b4-4ade-83e4-fb6170993209" concept_name_type="FULLY_SPECIFIED" locale_preferred="false"/>
  <concept concept_id="3290" retired="0" datatype_id="6" class_id="7" is_set="0" creator="24761" date_created="2008-06-19 14:23:50.0" version="" changed_by="24761" date_changed="2011-11-17 15:52:40.0" uuid="027564d3-1be0-477f-b280-9a2b48631ff4"/>
  <concept_name concept_id="3290" name="Hospital Admittance" locale="en" creator="24761" date_created="2008-06-19 14:23:50.0" concept_name_id="6225" voided="0" uuid="93c54892-07d4-102c-b5fa-0017a47871b2" concept_name_type="SHORT" locale_preferred="false"/>
  <concept_name concept_id="3290" name="DATE OF HOSPITAL ADMITTANCE" locale="en" creator="24761" date_created="2008-06-19 14:23:50.0" concept_name_id="4640" voided="0" uuid="0b75b50a-15f5-102d-96e4-000c29c2a5d7" concept_name_type="FULLY_SPECIFIED" locale_preferred="false"/>
  <concept concept_id="3134" retired="0" datatype_id="2" class_id="7" is_set="0" creator="24761" date_created="2008-05-30 15:00:58.0" version="" changed_by="24761" date_changed="2011-11-17 15:52:40.0" uuid="0aed076e-15f5-102d-96e4-000c29c2a5d7"/>
  <concept_name concept_id="3134" name="LOCATION OF HOSPITALIZATION" locale="en" creator="24761" date_created="2008-05-30 15:00:58.0" concept_name_id="3354" voided="0" uuid="2bcce380-7c6e-4f43-9c0b-08fe30ca0d05" concept_name_type="FULLY_SPECIFIED" locale_preferred="false"/>
  <concept_answer concept_answer_id="5205" concept_id="3134" answer_concept="3376" creator="24761" date_created="2008-11-24 06:40:30.0" uuid="0b22270a-15f5-102d-96e4-000c29c2a5d7" sort_weight="5205.0"/>
  <concept_answer concept_answer_id="5206" concept_id="3134" answer_concept="5622" creator="24761" date_created="2008-11-24 06:40:30.0" uuid="0b222868-15f5-102d-96e4-000c29c2a5d7" sort_weight="5206.0"/>
  <concept_answer concept_answer_id="5207" concept_id="3134" answer_concept="1471" creator="24761" date_created="2008-11-24 06:40:30.0" uuid="0b222ade-15f5-102d-96e4-000c29c2a5d7" sort_weight="5207.0"/>
  <concept_answer concept_answer_id="5208" concept_id="3134" answer_concept="1467" creator="24761" date_created="2008-11-24 06:40:30.0" uuid="0b222c50-15f5-102d-96e4-000c29c2a5d7" sort_weight="5208.0"/>
  <concept_answer concept_answer_id="5547" concept_id="3134" answer_concept="6166" creator="24761" date_created="2009-03-07 12:56:40.0" uuid="0b23e612-15f5-102d-96e4-000c29c2a5d7" sort_weight="5547.0"/>
  <concept_answer concept_answer_id="5548" concept_id="3134" answer_concept="6165" creator="24761" date_created="2009-03-07 12:56:40.0" uuid="0b23e6ee-15f5-102d-96e4-000c29c2a5d7" sort_weight="5548.0"/>
  <concept_answer concept_answer_id="5549" concept_id="3134" answer_concept="6170" creator="24761" date_created="2009-03-10 06:42:56.0" uuid="0b23e7c0-15f5-102d-96e4-000c29c2a5d7" sort_weight="5549.0"/>
  <concept_answer concept_answer_id="5550" concept_id="3134" answer_concept="6174" creator="24761" date_created="2009-03-10 06:42:56.0" uuid="0b23e89c-15f5-102d-96e4-000c29c2a5d7" sort_weight="5550.0"/>
  <concept_answer concept_answer_id="5551" concept_id="3134" answer_concept="6169" creator="24761" date_created="2009-03-10 06:42:56.0" uuid="0b23e96e-15f5-102d-96e4-000c29c2a5d7" sort_weight="5551.0"/>
  <concept_answer concept_answer_id="5552" concept_id="3134" answer_concept="6173" creator="24761" date_created="2009-03-10 06:42:56.0" uuid="0b23ea40-15f5-102d-96e4-000c29c2a5d7" sort_weight="5552.0"/>
  <concept_answer concept_answer_id="5553" concept_id="3134" answer_concept="6172" creator="24761" date_created="2009-03-10 06:42:56.0" uuid="0b23eb1c-15f5-102d-96e4-000c29c2a5d7" sort_weight="5553.0"/>
  <concept_answer concept_answer_id="5554" concept_id="3134" answer_concept="6176" creator="24761" date_created="2009-03-10 06:42:56.0" uuid="0b23ebee-15f5-102d-96e4-000c29c2a5d7" sort_weight="5554.0"/>
  <concept_answer concept_answer_id="5555" concept_id="3134" answer_concept="6175" creator="24761" date_created="2009-03-10 06:42:56.0" uuid="0b23ecca-15f5-102d-96e4-000c29c2a5d7" sort_weight="5555.0"/>
  <concept_answer concept_answer_id="5556" concept_id="3134" answer_concept="6171" creator="24761" date_created="2009-03-10 06:42:56.0" uuid="0b23ed9c-15f5-102d-96e4-000c29c2a5d7" sort_weight="5556.0"/>
  <concept_answer concept_answer_id="5958" concept_id="3134" answer_concept="6554" creator="24761" date_created="2009-11-06 05:13:00.0" uuid="0d912c3b-aeaf-464f-a4f9-11770336d475" sort_weight="5958.0"/>
  <concept_answer concept_answer_id="5959" concept_id="3134" answer_concept="6555" creator="24761" date_created="2009-11-06 05:13:00.0" uuid="8478848a-7658-47ad-ac95-96b9168aa887" sort_weight="5959.0"/>
  <concept_answer concept_answer_id="5972" concept_id="3134" answer_concept="6562" creator="24761" date_created="2009-11-16 12:51:43.0" uuid="68223153-31f9-4217-9c74-60cd72bd4f0d" sort_weight="5972.0"/>
  <concept concept_id="3376" retired="0" datatype_id="4" class_id="11" is_set="0" creator="24761" date_created="2008-06-25 13:54:14.0" version="" changed_by="24761" date_changed="2011-11-17 15:52:08.0" uuid="c2fc8baa-97d0-45c7-baf2-6195aeb37f75"/>
  <concept_name concept_id="3376" name="BURERA" locale="en" creator="24761" date_created="2008-06-25 13:54:14.0" concept_name_id="4726" voided="0" uuid="0b760cb2-15f5-102d-96e4-000c29c2a5d7" concept_name_type="FULLY_SPECIFIED" locale_preferred="false"/>
  <concept concept_id="1471" retired="0" datatype_id="4" class_id="11" is_set="0" creator="24761" date_created="2006-08-11 17:02:32.0" version="" changed_by="24761" date_changed="2011-11-17 15:52:08.0" uuid="3cda8950-26fe-102b-80cb-0017a47871b2"/>
  <concept_name concept_id="1471" name="KIREHE" locale="en" creator="24761" date_created="2006-08-11 17:02:32.0" concept_name_id="1590" voided="0" uuid="3e1a70d2-26fe-102b-80cb-0017a47871b2" concept_name_type="FULLY_SPECIFIED" locale_preferred="false"/>
  <concept concept_id="1467" retired="0" datatype_id="4" class_id="11" is_set="0" creator="24821" date_created="2006-08-11 17:00:18.0" changed_by="24821" date_changed="2013-03-13 10:15:39.0" uuid="3cda8388-26fe-102b-80cb-0017a47871b2"/>
  <concept_name concept_id="1467" name="RWINKWAVU" locale="en" creator="24821" date_created="2006-08-11 17:00:18.0" concept_name_id="1586" voided="0" uuid="3e1a6b1e-26fe-102b-80cb-0017a47871b2" concept_name_type="FULLY_SPECIFIED" locale_preferred="true"/>
  <concept concept_id="6166" retired="0" datatype_id="4" class_id="11" is_set="0" creator="24761" date_created="2009-03-07 12:48:20.0" changed_by="24761" date_changed="2012-09-12 11:35:17.0" uuid="68222ccb-71ee-418e-a4a4-b924b4e80108"/>
  <concept_name concept_id="6166" name="Centre Hôspitalier Universitaire de Kigali (CHUK)" locale="en" creator="24761" date_created="2009-03-07 12:48:20.0" concept_name_id="8752" voided="0" uuid="0b905b4e-15f5-102d-96e4-000c29c2a5d7" concept_name_type="FULLY_SPECIFIED" locale_preferred="true"/>
  <concept concept_id="6165" retired="0" datatype_id="4" class_id="11" is_set="0" creator="24761" date_created="2009-03-07 12:44:23.0" changed_by="24761" date_changed="2012-09-24 11:19:35.0" uuid="55acdf7c-5027-4f01-90a2-ab9745f97dd3"/>
  <concept_name concept_id="6165" name="King Faisal Hospital" locale="en" creator="24761" date_created="2009-03-07 12:44:23.0" concept_name_id="8751" voided="0" uuid="0b9059e6-15f5-102d-96e4-000c29c2a5d7" concept_name_type="FULLY_SPECIFIED" locale_preferred="true"/>
  <concept_name concept_id="6165" name="KFH" locale="en" creator="24761" date_created="2009-05-18 14:47:32.0" concept_name_id="8995" voided="0" uuid="0b927938-15f5-102d-96e4-000c29c2a5d7" concept_name_type="SHORT" locale_preferred="false"/>
  <concept concept_id="6170" retired="0" datatype_id="4" class_id="11" is_set="0" creator="24761" date_created="2009-03-10 06:14:05.0" version="" changed_by="24761" date_changed="2011-11-17 15:52:22.0" uuid="83ee379e-1576-4401-9d37-687fb5bba296"/>
  <concept_name concept_id="6170" name="SHYIRA HOSPITAL" locale="en" creator="24761" date_created="2009-03-10 06:14:05.0" concept_name_id="8764" voided="0" uuid="0b90935c-15f5-102d-96e4-000c29c2a5d7" concept_name_type="FULLY_SPECIFIED" locale_preferred="false"/>
  <concept concept_id="6174" retired="0" datatype_id="4" class_id="11" is_set="0" creator="24761" date_created="2009-03-10 06:38:19.0" version="" changed_by="24761" date_changed="2011-11-17 15:52:28.0" uuid="a810cdff-0221-425a-bde5-d33f1366a126"/>
  <concept_name concept_id="6174" name="GIHUNDWE HOSPITAL" locale="en" creator="24761" date_created="2009-03-10 06:38:19.0" concept_name_id="8769" voided="0" uuid="0b90988e-15f5-102d-96e4-000c29c2a5d7" concept_name_type="FULLY_SPECIFIED" locale_preferred="false"/>
  <concept concept_id="6169" retired="0" datatype_id="4" class_id="11" is_set="0" creator="24761" date_created="2009-03-10 06:12:45.0" version="" changed_by="24761" date_changed="2011-11-17 15:52:15.0" uuid="c7e37519-bcea-4a6e-a29d-14cd972fc551"/>
  <concept_name concept_id="6169" name="GAHINI HOSPITAL" locale="en" creator="24761" date_created="2009-03-10 06:12:45.0" concept_name_id="8763" voided="0" uuid="0b90926c-15f5-102d-96e4-000c29c2a5d7" concept_name_type="FULLY_SPECIFIED" locale_preferred="false"/>
  <concept concept_id="6173" retired="0" datatype_id="4" class_id="11" is_set="0" creator="24761" date_created="2009-03-10 06:35:52.0" version="" changed_by="24761" date_changed="2011-11-17 15:52:15.0" uuid="fbe11e25-c7dd-423c-823a-d62a8f2f7182"/>
  <concept_name concept_id="6173" name="KABGAYE HOSPITAL" locale="en" creator="24761" date_created="2009-03-10 06:35:52.0" concept_name_id="8768" voided="0" uuid="0b9096f4-15f5-102d-96e4-000c29c2a5d7" concept_name_type="FULLY_SPECIFIED" locale_preferred="false"/>
  <concept concept_id="6172" retired="0" datatype_id="4" class_id="11" is_set="0" creator="24761" date_created="2009-03-10 06:34:36.0" version="" changed_by="24761" date_changed="2011-11-17 15:52:19.0" uuid="2b472c6b-a0d4-44b1-bb2f-3d44289a19e5"/>
  <concept_name concept_id="6172" name="Centre Hôspitalier Universitaire de Butare (CHUB)" locale="en" creator="24761" date_created="2009-03-10 06:34:36.0" concept_name_id="8767" voided="0" uuid="0b909618-15f5-102d-96e4-000c29c2a5d7" concept_name_type="FULLY_SPECIFIED" locale_preferred="false"/>
  <concept_name concept_id="6172" name="CHUB" locale="en" creator="24761" date_created="2009-03-10 06:34:36.0" concept_name_id="8766" voided="0" uuid="0b909528-15f5-102d-96e4-000c29c2a5d7" locale_preferred="false"/>
  <concept concept_id="6176" retired="0" datatype_id="4" class_id="11" is_set="0" creator="24761" date_created="2009-03-10 06:40:31.0" version="" changed_by="24761" date_changed="2011-11-17 15:52:23.0" uuid="3b49bab4-9e1f-425e-b597-47fa60606fc9"/>
  <concept_name concept_id="6176" name="KIBUNGO HOSPITAL" locale="en" creator="24761" date_created="2009-03-10 06:40:31.0" concept_name_id="8771" voided="0" uuid="0b909a6e-15f5-102d-96e4-000c29c2a5d7" concept_name_type="FULLY_SPECIFIED" locale_preferred="false"/>
  <concept concept_id="6175" retired="0" datatype_id="4" class_id="11" is_set="0" creator="24761" date_created="2009-03-10 06:39:21.0" version="" changed_by="24761" date_changed="2011-11-17 15:52:08.0" uuid="f2e75b8c-b770-4019-a70e-7acec43c53ee"/>
  <concept_name concept_id="6175" name="RWAMAGANA HOSPITAL" locale="en" creator="24761" date_created="2009-03-10 06:39:21.0" concept_name_id="8770" voided="0" uuid="0b90997e-15f5-102d-96e4-000c29c2a5d7" concept_name_type="FULLY_SPECIFIED" locale_preferred="false"/>
  <concept concept_id="6171" retired="0" datatype_id="4" class_id="11" is_set="0" creator="24761" date_created="2009-03-10 06:15:55.0" version="" changed_by="24761" date_changed="2011-11-17 15:52:17.0" uuid="3cb82e34-7ea2-44f6-af0b-f0ea4d995bf4"/>
  <concept_name concept_id="6171" name="RUHENGERI HOSPITAL" locale="en" creator="24761" date_created="2009-03-10 06:15:55.0" concept_name_id="8765" voided="0" uuid="0b909442-15f5-102d-96e4-000c29c2a5d7" concept_name_type="FULLY_SPECIFIED" locale_preferred="false"/>
  <concept concept_id="6554" retired="0" datatype_id="4" class_id="11" is_set="0" creator="24761" date_created="2009-11-06 05:10:00.0" version="" changed_by="24761" date_changed="2011-11-17 15:52:28.0" uuid="5eb665f3-06b6-4fa7-b111-a9470d15d2ba"/>
  <concept_name concept_id="6554" name="KABUTARE" locale="en" creator="24761" date_created="2009-11-06 05:10:00.0" concept_name_id="9686" voided="0" uuid="326743b4-0bcc-4e67-bf20-92dff7d2be16" concept_name_type="FULLY_SPECIFIED" locale_preferred="false"/>
  <concept concept_id="6555" retired="0" datatype_id="4" class_id="11" is_set="0" creator="24761" date_created="2009-11-06 05:11:10.0" version="" changed_by="24761" date_changed="2011-11-17 15:52:28.0" uuid="1ae17163-c8c9-44bd-b2eb-8c3f7771180b"/>
  <concept_name concept_id="6555" name="KIBAGABAGA" locale="en" creator="24761" date_created="2009-11-06 05:11:10.0" concept_name_id="9687" voided="0" uuid="deac0543-dd96-43e5-83f6-f097933f4452" concept_name_type="FULLY_SPECIFIED" locale_preferred="false"/>
  <concept concept_id="6562" retired="0" datatype_id="4" class_id="11" is_set="0" creator="24761" date_created="2009-11-16 12:50:41.0" version="" changed_by="24761" date_changed="2011-11-17 15:52:20.0" uuid="b4bd299b-bfe4-43f8-aec7-75b3f5b5cdf4"/>
  <concept_name concept_id="6562" name="KIMIRONKO" locale="en" creator="24761" date_created="2009-11-16 12:50:41.0" concept_name_id="9695" voided="0" uuid="a63ecb76-5546-4f0e-ae62-510cba830630" concept_name_type="FULLY_SPECIFIED" locale_preferred="false"/>
  <concept concept_id="5916" retired="0" datatype_id="1" class_id="1" is_set="0" creator="24737" date_created="2004-08-12 06:00:00.0" version="" changed_by="24737" date_changed="2011-09-26 19:25:35.0" uuid="3cf15b3a-26fe-102b-80cb-0017a47871b2"/>
  <concept_numeric concept_id="5916" hi_absolute="10000.0" low_absolute="0.0" units="kg" precise="0"/>
  <concept_name concept_id="5916" name="BIRTH WEIGHT" locale="en" creator="24737" date_created="2004-08-12 06:00:00.0" concept_name_id="4286" voided="0" uuid="3e43e8e0-26fe-102b-80cb-0017a47871b2" concept_name_type="FULLY_SPECIFIED" locale_preferred="false"/>
  <concept concept_id="3139" retired="0" datatype_id="2" class_id="4" is_set="0" creator="24761" date_created="2008-06-05 15:07:49.0" version="" changed_by="24761" date_changed="2011-11-17 15:52:39.0" uuid="e90416ff-65d8-4ab3-9fc6-8e16ae5f2caf"/>
  <concept_name concept_id="3139" name="NYHA CLASS" locale="en" creator="24761" date_created="2008-05-30 21:35:53.0" concept_name_id="3359" voided="0" uuid="0b6bbac8-15f5-102d-96e4-000c29c2a5d7" concept_name_type="FULLY_SPECIFIED" locale_preferred="false"/>
  <concept_answer concept_answer_id="4313" concept_id="3139" answer_concept="3135" creator="24761" date_created="2008-06-05 15:07:49.0" uuid="ce37717b-dc07-4efa-af4e-a7610325b18d" sort_weight="4313.0"/>
  <concept_answer concept_answer_id="4314" concept_id="3139" answer_concept="3137" creator="24761" date_created="2008-06-05 15:07:49.0" uuid="70644a3b-55ff-44b1-8110-f3da4b20a369" sort_weight="4314.0"/>
  <concept_answer concept_answer_id="4315" concept_id="3139" answer_concept="3136" creator="24761" date_created="2008-06-05 15:07:49.0" uuid="80068acd-25ab-4ee9-babd-02ad965e2dae" sort_weight="4315.0"/>
  <concept_answer concept_answer_id="4316" concept_id="3139" answer_concept="3138" creator="24761" date_created="2008-06-05 15:07:49.0" uuid="72be61de-ffdd-443c-8d7d-40cbe45a9f3b" sort_weight="4316.0"/>
  <concept_answer concept_answer_id="5580" concept_id="3139" answer_concept="3999" creator="24761" date_created="2009-04-15 17:07:35.0" uuid="ecfdda81-8239-4e63-b1d1-d13482cd2388" sort_weight="5580.0"/>
  <concept_answer concept_answer_id="5583" concept_id="3139" answer_concept="3114" creator="24761" date_created="2009-04-15 17:26:28.0" uuid="a3c8fbce-2a3e-4489-a9d0-c78faf4b5834" sort_weight="5583.0"/>
  <concept_answer concept_answer_id="5584" concept_id="3139" answer_concept="6246" creator="24761" date_created="2009-04-15 18:56:52.0" uuid="464776f1-6243-46d4-803e-2f045376da72" sort_weight="5584.0"/>
  <concept concept_id="3135" retired="0" datatype_id="4" class_id="5" is_set="0" creator="24761" date_created="2008-06-05 15:49:26.0" version="" changed_by="24761" date_changed="2011-11-17 15:52:20.0" uuid="ef44dc83-7d6d-4e80-91c0-d9b447a689ff"/>
  <concept_name concept_id="3135" name="NYHA CLASS I" locale="en" creator="24761" date_created="2009-04-15 17:01:10.0" concept_name_id="8912" voided="0" void_reason="" uuid="d3f61f20-3999-4c49-88f7-429f70f40568" locale_preferred="false"/>
  <concept_name concept_id="3135" name="NYHA CLASS 1" locale="en" creator="24761" date_created="2008-06-05 15:49:26.0" concept_name_id="4482" voided="0" uuid="0b74d9d2-15f5-102d-96e4-000c29c2a5d7" concept_name_type="FULLY_SPECIFIED" locale_preferred="false"/>
  <concept concept_id="3137" retired="0" datatype_id="4" class_id="5" is_set="0" creator="24761" date_created="2008-06-05 15:09:22.0" version="" changed_by="24761" date_changed="2011-11-17 15:52:18.0" uuid="a2cb697a-a105-4d62-8f4a-7e2bcc942bb2"/>
  <concept_name concept_id="3137" name="NYHA CLASS 3" locale="en" creator="24761" date_created="2008-06-05 15:09:22.0" concept_name_id="4479" voided="0" uuid="0b74d6ee-15f5-102d-96e4-000c29c2a5d7" concept_name_type="FULLY_SPECIFIED" locale_preferred="false"/>
  <concept_name concept_id="3137" name="NYHA CLASS III" locale="en" creator="24761" date_created="2009-04-15 17:01:56.0" concept_name_id="8914" voided="0" void_reason="" uuid="4c34b3be-e492-4e72-8364-de64b7edcf87" locale_preferred="false"/>
  <concept concept_id="3136" retired="0" datatype_id="4" class_id="5" is_set="0" creator="24761" date_created="2008-05-30 21:31:00.0" version="" changed_by="24761" date_changed="2011-11-17 15:52:19.0" uuid="e10400f0-053f-48bb-9983-e52b6231ef41"/>
  <concept_name concept_id="3136" name="NYHA CLASS II" locale="en" creator="24761" date_created="2009-04-15 17:01:36.0" concept_name_id="8913" voided="0" uuid="f8a39a47-c84a-472b-8b9c-7cf5470b19e5" locale_preferred="false"/>
  <concept_name concept_id="3136" name="NYHA CLASS 2" locale="en" creator="24761" date_created="2008-05-30 21:31:00.0" concept_name_id="3356" voided="0" uuid="0b6bb7e4-15f5-102d-96e4-000c29c2a5d7" concept_name_type="FULLY_SPECIFIED" locale_preferred="false"/>
  <concept concept_id="3138" retired="0" datatype_id="4" class_id="5" is_set="0" creator="24761" date_created="2008-05-30 21:33:08.0" version="" changed_by="24761" date_changed="2011-11-17 15:52:30.0" uuid="33f45cc0-fe1c-4731-8877-1e6b44dca288"/>
  <concept_name concept_id="3138" name="NYHA CLASS IV" locale="en" creator="24761" date_created="2009-04-15 17:02:20.0" concept_name_id="8915" voided="0" uuid="3c72b054-7d9b-4d4a-9655-eed05c7cc4b9" locale_preferred="false"/>
  <concept_name concept_id="3138" name="NYHA CLASS 4" locale="en" creator="24761" date_created="2008-05-30 21:33:08.0" concept_name_id="3358" voided="0" uuid="0b6bb9ce-15f5-102d-96e4-000c29c2a5d7" concept_name_type="FULLY_SPECIFIED" locale_preferred="false"/>
  <concept concept_id="3999" retired="0" datatype_id="4" class_id="5" is_set="0" creator="24761" date_created="2008-12-05 19:20:22.0" version="" changed_by="24761" date_changed="2011-11-17 15:52:18.0" uuid="6b1b4d46-e662-4beb-8fd3-c19875ea305d"/>
  <concept_name concept_id="3999" name="NYHA CLASS 2 AND 3" locale="en" creator="24761" date_created="2008-12-05 19:20:22.0" concept_name_id="5360" voided="0" uuid="878e0dc7-29c7-4af5-9e0f-36d8b5b3514e" concept_name_type="FULLY_SPECIFIED" locale_preferred="false"/>
  <concept_name concept_id="3999" name="NYHA CLASS II/III" locale="en" creator="24761" date_created="2009-04-15 17:06:38.0" concept_name_id="8916" voided="0" uuid="d17611f1-dcbd-4e23-b510-1151f5503159" locale_preferred="false"/>
  <concept_answer concept_answer_id="5422" concept_id="3999" answer_concept="3997" creator="24761" date_created="2008-12-05 19:20:22.0" uuid="0b22e488-15f5-102d-96e4-000c29c2a5d7" sort_weight="5422.0"/>
  <concept_answer concept_answer_id="5423" concept_id="3999" answer_concept="3128" creator="24761" date_created="2008-12-05 19:20:22.0" uuid="0b22e5c8-15f5-102d-96e4-000c29c2a5d7" sort_weight="5423.0"/>
  <concept_answer concept_answer_id="5424" concept_id="3999" answer_concept="3177" creator="24761" date_created="2008-12-05 19:20:22.0" uuid="0b22e708-15f5-102d-96e4-000c29c2a5d7" sort_weight="5424.0"/>
  <concept_answer concept_answer_id="5425" concept_id="3999" answer_concept="3132" creator="24761" date_created="2008-12-05 19:20:22.0" uuid="0b22ea96-15f5-102d-96e4-000c29c2a5d7" sort_weight="5425.0"/>
  <concept_answer concept_answer_id="5426" concept_id="3999" answer_concept="3308" creator="24761" date_created="2008-12-05 19:20:22.0" uuid="0b22f554-15f5-102d-96e4-000c29c2a5d7" sort_weight="5426.0"/>
  <concept_answer concept_answer_id="5427" concept_id="3999" answer_concept="3998" creator="24761" date_created="2008-12-05 19:20:22.0" uuid="0b22f694-15f5-102d-96e4-000c29c2a5d7" sort_weight="5427.0"/>
  <concept_answer concept_answer_id="5428" concept_id="3999" answer_concept="5016" creator="24761" date_created="2008-12-05 19:20:22.0" uuid="0b22f7ca-15f5-102d-96e4-000c29c2a5d7" sort_weight="5428.0"/>
  <concept_answer concept_answer_id="5429" concept_id="3999" answer_concept="3307" creator="24761" date_created="2008-12-05 19:20:22.0" uuid="0b23004e-15f5-102d-96e4-000c29c2a5d7" sort_weight="5429.0"/>
  <concept_answer concept_answer_id="5430" concept_id="3999" answer_concept="3131" creator="24761" date_created="2008-12-05 19:20:22.0" uuid="0b230184-15f5-102d-96e4-000c29c2a5d7" sort_weight="5430.0"/>
  <concept_answer concept_answer_id="5431" concept_id="3999" answer_concept="903" creator="24761" date_created="2008-12-05 19:20:22.0" uuid="0b2309fe-15f5-102d-96e4-000c29c2a5d7" sort_weight="5431.0"/>
  <concept_answer concept_answer_id="5432" concept_id="3999" answer_concept="3129" creator="24761" date_created="2008-12-05 19:20:22.0" uuid="0b231282-15f5-102d-96e4-000c29c2a5d7" sort_weight="5432.0"/>
  <concept_answer concept_answer_id="5433" concept_id="3999" answer_concept="3681" creator="24761" date_created="2008-12-05 19:20:22.0" uuid="0b23265a-15f5-102d-96e4-000c29c2a5d7" sort_weight="5433.0"/>
  <concept_answer concept_answer_id="5434" concept_id="3999" answer_concept="3312" creator="24761" date_created="2008-12-05 19:20:22.0" uuid="0b232736-15f5-102d-96e4-000c29c2a5d7" sort_weight="5434.0"/>
  <concept_answer concept_answer_id="5435" concept_id="3999" answer_concept="3130" creator="24761" date_created="2008-12-05 19:20:22.0" uuid="0b232812-15f5-102d-96e4-000c29c2a5d7" sort_weight="5435.0"/>
  <concept_answer concept_answer_id="5436" concept_id="3999" answer_concept="3309" creator="24761" date_created="2008-12-05 19:20:22.0" uuid="0b232966-15f5-102d-96e4-000c29c2a5d7" sort_weight="5436.0"/>
  <concept_answer concept_answer_id="5437" concept_id="3999" answer_concept="4002" creator="24761" date_created="2008-12-05 19:20:22.0" uuid="0b232a56-15f5-102d-96e4-000c29c2a5d7" sort_weight="5437.0"/>
  <concept_answer concept_answer_id="5438" concept_id="3999" answer_concept="221" creator="24761" date_created="2008-12-05 19:20:22.0" uuid="0b232b32-15f5-102d-96e4-000c29c2a5d7" sort_weight="5438.0"/>
  <concept_answer concept_answer_id="5439" concept_id="3999" answer_concept="3071" creator="24761" date_created="2008-12-05 19:20:22.0" uuid="0b232c0e-15f5-102d-96e4-000c29c2a5d7" sort_weight="5439.0"/>
  <concept_answer concept_answer_id="5440" concept_id="3999" answer_concept="3454" creator="24761" date_created="2008-12-05 19:20:22.0" uuid="0b232cea-15f5-102d-96e4-000c29c2a5d7" sort_weight="5440.0"/>
  <concept concept_id="3114" retired="0" datatype_id="4" class_id="5" is_set="0" creator="24761" date_created="2008-05-28 22:04:51.0" changed_by="24761" date_changed="2012-09-12 11:24:02.0" uuid="04f9ce65-5f58-4ebb-86e5-7f9c48bea1fb"/>
  <concept_name concept_id="3114" name="NYHA CLASS 1 AND 2" locale="en" creator="24761" date_created="2008-05-28 22:04:51.0" concept_name_id="3334" voided="0" uuid="0b6b63de-15f5-102d-96e4-000c29c2a5d7" concept_name_type="FULLY_SPECIFIED" locale_preferred="true"/>
  <concept_name concept_id="3114" name="NYHA CLASS I/II" locale="en" creator="24761" date_created="2008-05-28 22:04:51.0" concept_name_id="6801" voided="0" uuid="9570d60c-07d4-102c-b5fa-0017a47871b2" locale_preferred="false"/>
  <concept concept_id="6246" retired="0" datatype_id="4" class_id="5" is_set="0" creator="24761" date_created="2009-04-15 18:54:45.0" version="" changed_by="24761" date_changed="2011-11-17 15:52:24.0" uuid="517eb241-f525-4cd6-947a-7db1f72a8a74"/>
  <concept_name concept_id="6246" name="NYHA CLASS III/IV" locale="en" creator="24761" date_created="2009-04-15 18:54:45.0" concept_name_id="8921" voided="0" uuid="75e133c5-714b-430d-9a94-da632274c2cf" locale_preferred="false"/>
  <concept_name concept_id="6246" name="NYHA CLASS 3 AND 4" locale="en" creator="24761" date_created="2009-04-15 18:54:45.0" concept_name_id="8922" voided="0" uuid="11fe8b9a-2ffc-4874-bd05-b94fd130a5b8" concept_name_type="FULLY_SPECIFIED" locale_preferred="false"/>
  <concept concept_id="2211" retired="0" datatype_id="4" class_id="11" is_set="0" creator="24737" date_created="2007-05-13 03:51:52.0" version="" changed_by="24737" date_changed="2011-09-27 10:53:24.0" uuid="3ce1c328-26fe-102b-80cb-0017a47871b2"/>
  <concept_name concept_id="2211" name="ANTIRETROVIRAL MONO THERAPY DURING PREGNANCY" locale="en" creator="24737" date_created="2007-05-13 03:51:52.0" concept_name_id="2392" voided="0" uuid="3e22c94e-26fe-102b-80cb-0017a47871b2" concept_name_type="FULLY_SPECIFIED" locale_preferred="false"/>
  <concept_name concept_id="2211" name="ARV MONOTHERAPY WHILE PREGNANT" locale="en" creator="24737" date_created="2007-05-13 03:51:52.0" concept_name_id="6473" voided="0" uuid="93ed428e-07d4-102c-b5fa-0017a47871b2" locale_preferred="false"/>
  <concept concept_id="2210" retired="0" datatype_id="4" class_id="11" is_set="0" creator="24737" date_created="2007-05-13 03:49:42.0" version="" changed_by="24737" date_changed="2011-09-27 10:53:23.0" uuid="3ce1c1ac-26fe-102b-80cb-0017a47871b2"/>
  <concept_name concept_id="2210" name="ANTIRETROVIRAL TRIPLE THERAPY DURING PREGNANCY" locale="en" creator="24737" date_created="2007-05-13 03:49:42.0" concept_name_id="2391" voided="0" uuid="3e22c7dc-26fe-102b-80cb-0017a47871b2" concept_name_type="FULLY_SPECIFIED" locale_preferred="false"/>
  <concept_name concept_id="2210" name="ARV TRITHERAPY WHILE PREGNANT" locale="en" creator="24737" date_created="2007-05-13 03:49:42.0" concept_name_id="6479" voided="0" uuid="93ed5f3a-07d4-102c-b5fa-0017a47871b2" locale_preferred="false"/>
  <concept concept_id="6914" retired="0" datatype_id="4" class_id="11" is_set="0" creator="24737" date_created="2010-11-18 09:56:04.0" version="" changed_by="24737" date_changed="2011-09-27 10:53:24.0" uuid="6e12fa0c-aae2-44f0-bd3d-2a36d7404c3c"/>
  <concept_name concept_id="6914" name="Not during pregnancy" locale="en" creator="24737" date_created="2010-11-18 09:56:04.0" concept_name_id="14209" voided="0" uuid="fa2da61e-b6d5-43bc-8c03-fe31620fa360" locale_preferred="false"/>
  <concept_name concept_id="6914" name="None during pregnancy" locale="en" creator="24737" date_created="2010-11-18 09:56:04.0" concept_name_id="14208" voided="0" uuid="edc41aa4-3a8d-4686-9e60-84943c7cc2ce" concept_name_type="FULLY_SPECIFIED" locale_preferred="false"/>
  <concept concept_id="2207" retired="0" datatype_id="2" class_id="7" is_set="0" creator="24737" date_created="2007-05-13 03:53:05.0" version="" changed_by="24737" date_changed="2011-09-27 10:53:24.0" uuid="3ce1bd24-26fe-102b-80cb-0017a47871b2"/>
  <concept_name concept_id="2207" name="PROPHYLAXIS FOR MOTHER IN PMTCT PROGRAM" locale="en" creator="24737" date_created="2007-05-13 03:53:05.0" concept_name_id="2388" voided="0" uuid="3e22c390-26fe-102b-80cb-0017a47871b2" concept_name_type="FULLY_SPECIFIED" locale_preferred="false"/>
  <concept_answer concept_answer_id="2056" concept_id="2207" answer_concept="2211" creator="24737" date_created="2007-05-13 03:53:46.0" uuid="3d4634de-26fe-102b-80cb-0017a47871b2" sort_weight="2056.0"/>
  <concept_answer concept_answer_id="2057" concept_id="2207" answer_concept="1107" creator="24737" date_created="2007-05-13 03:53:46.0" uuid="3d463614-26fe-102b-80cb-0017a47871b2" sort_weight="2057.0"/>
  <concept_answer concept_answer_id="2058" concept_id="2207" answer_concept="2210" creator="24737" date_created="2007-05-13 03:53:46.0" uuid="3d46377c-26fe-102b-80cb-0017a47871b2" sort_weight="2058.0"/>
  <concept_answer concept_answer_id="2059" concept_id="2207" answer_concept="2205" creator="24737" date_created="2007-05-13 03:55:48.0" uuid="3d4638bc-26fe-102b-80cb-0017a47871b2" sort_weight="2059.0"/>
  <concept_answer concept_answer_id="2060" concept_id="2207" answer_concept="2212" creator="24737" date_created="2007-05-13 03:55:48.0" uuid="3d4639f2-26fe-102b-80cb-0017a47871b2" sort_weight="2060.0"/>
  <concept_answer concept_answer_id="5058" concept_id="2207" answer_concept="1067" creator="24737" date_created="2008-08-13 11:01:55.0" uuid="0b1fc9c4-15f5-102d-96e4-000c29c2a5d7" sort_weight="5058.0"/>
  <concept_answer concept_answer_id="6347" concept_id="2207" answer_concept="6914" creator="24737" date_created="2010-11-18 09:56:46.0" uuid="59efcc29-4931-4c44-8212-3d34ea7521de" sort_weight="6347.0"/>
  <concept_answer concept_answer_id="6348" concept_id="2207" answer_concept="6915" creator="24737" date_created="2010-11-18 10:00:07.0" uuid="0c80ceba-a358-4e63-96d7-c1b389212cd3" sort_weight="6348.0"/>
  <concept_answer concept_answer_id="6353" concept_id="2207" answer_concept="6916" creator="24737" date_created="2010-11-19 15:07:55.0" uuid="c5649029-db60-4a92-9a6a-908e30fb6926" sort_weight="6353.0"/>
  <concept_answer concept_answer_id="6354" concept_id="2207" answer_concept="6917" creator="24737" date_created="2010-11-19 15:07:55.0" uuid="f23db243-9e9b-4ecd-94f6-df665547bd81" sort_weight="6354.0"/>
  <concept_answer concept_answer_id="6355" concept_id="2207" answer_concept="6918" creator="24737" date_created="2010-11-19 15:33:27.0" uuid="c4f5c6d1-6775-459c-9c04-2b630eeafa55" sort_weight="6355.0"/>
  <concept_answer concept_answer_id="6356" concept_id="2207" answer_concept="6919" creator="24737" date_created="2010-11-19 15:33:27.0" uuid="f637c3f9-3991-4649-9834-3bf5c3f091bb" sort_weight="6356.0"/>
  <concept_answer concept_answer_id="6357" concept_id="2207" answer_concept="6920" creator="24737" date_created="2010-11-19 15:33:27.0" uuid="c5acdadb-8917-4f5d-b3da-de169c1dbc99" sort_weight="6357.0"/>
  <concept_answer concept_answer_id="6358" concept_id="2207" answer_concept="6921" creator="24737" date_created="2010-11-19 15:50:04.0" uuid="3063457e-ee33-441e-9c13-0d16f3d9f53d" sort_weight="6358.0"/>
  <concept_answer concept_answer_id="6392" concept_id="2207" answer_concept="2221" creator="24737" date_created="2010-12-10 16:29:21.0" uuid="453a0e6e-b1a8-43f3-8780-a392fce833a4" sort_weight="6392.0"/>
  <concept concept_id="2205" retired="0" datatype_id="4" class_id="3" is_set="0" creator="24737" date_created="2007-05-13 03:33:44.0" version="" changed_by="24737" date_changed="2011-09-27 10:53:24.0" uuid="3ce1ba2c-26fe-102b-80cb-0017a47871b2"/>
  <concept_name concept_id="2205" name="NVP UNIQUE DOSE" locale="en" creator="24737" date_created="2007-05-13 03:33:44.0" concept_name_id="7323" voided="0" void_reason="" uuid="94b81662-07d4-102c-b5fa-0017a47871b2" locale_preferred="false"/>
  <concept_name concept_id="2205" name="NEVIRAPINE SINGLE DOSE AFTER BIRTH" locale="en" creator="24737" date_created="2007-05-13 03:33:44.0" concept_name_id="2386" voided="0" uuid="3e22c0b6-26fe-102b-80cb-0017a47871b2" concept_name_type="FULLY_SPECIFIED" locale_preferred="false"/>
  <concept_name concept_id="2205" name="Nevirapine single dose at birth" locale="en" creator="24737" date_created="2010-11-18 10:03:06.0" concept_name_id="14211" voided="0" uuid="ccffb108-73f5-4fba-b0f3-62cc0b1c25c6" locale_preferred="false"/>
  <concept concept_id="2212" retired="0" datatype_id="4" class_id="11" is_set="0" creator="24737" date_created="2007-05-13 03:53:05.0" version="" changed_by="24737" date_changed="2011-09-27 10:53:24.0" uuid="3ce1c49a-26fe-102b-80cb-0017a47871b2"/>
  <concept_name concept_id="2212" name="ARV TRITHERAPY WHILE GIVING BIRTH" locale="en" creator="24737" date_created="2007-05-13 03:53:05.0" concept_name_id="6478" voided="0" uuid="93ed5a6c-07d4-102c-b5fa-0017a47871b2" locale_preferred="false"/>
  <concept_name concept_id="2212" name="ANTIRETROVIRAL TRIPLE THERAPY AT BIRTH" locale="en" creator="24737" date_created="2007-05-13 03:53:05.0" concept_name_id="2393" voided="0" uuid="3e22cac0-26fe-102b-80cb-0017a47871b2" concept_name_type="FULLY_SPECIFIED" locale_preferred="false"/>
  <concept concept_id="6915" retired="0" datatype_id="4" class_id="11" is_set="0" creator="24737" date_created="2010-11-18 09:58:55.0" version="" changed_by="24737" date_changed="2011-09-27 10:53:24.0" uuid="06da42ce-f8cf-4cc0-a796-e3fd4dfe467a"/>
  <concept_name concept_id="6915" name="None during delivery" locale="en" creator="24737" date_created="2010-11-18 09:58:55.0" concept_name_id="14210" voided="0" uuid="b7eaa950-41cb-4c05-a4cd-1d41cb2f1a75" concept_name_type="FULLY_SPECIFIED" locale_preferred="false"/>
  <concept concept_id="6916" retired="0" datatype_id="4" class_id="11" is_set="0" creator="24737" date_created="2010-11-19 14:15:34.0" version="" changed_by="24737" date_changed="2011-09-27 10:53:24.0" uuid="aba3527d-5b57-4991-bd42-026d3138f1eb"/>
  <concept_name concept_id="6916" name="ARV tritherapy after delivery" locale="en" creator="24737" date_created="2010-11-19 14:15:34.0" concept_name_id="14215" voided="0" uuid="315543e8-886c-42ad-929c-cf29307fe84d" locale_preferred="false"/>
  <concept_name concept_id="6916" name="Antiretroviral triple therapy after delivery" locale="en" creator="24737" date_created="2010-11-19 14:15:34.0" concept_name_id="14216" voided="0" uuid="a661ac17-476e-4295-b3ac-5117d9b1586e" concept_name_type="FULLY_SPECIFIED" locale_preferred="false"/>
  <concept concept_id="6917" retired="0" datatype_id="4" class_id="11" is_set="0" creator="24737" date_created="2010-11-19 14:16:46.0" version="" changed_by="24737" date_changed="2011-09-27 10:53:24.0" uuid="6e39f1a9-8f47-42aa-a4dc-579c752476c9"/>
  <concept_name concept_id="6917" name="No therapy after delivery" locale="en" creator="24737" date_created="2010-11-19 14:16:46.0" concept_name_id="14217" voided="0" uuid="970ed5d1-955b-420f-aadd-4645e9cb2d6a" concept_name_type="FULLY_SPECIFIED" locale_preferred="false"/>
  <concept concept_id="6918" retired="0" datatype_id="4" class_id="11" is_set="0" creator="24737" date_created="2010-11-19 15:29:54.0" version="" changed_by="24737" date_changed="2011-09-27 10:53:24.0" uuid="2f9358ed-451f-47dc-86ed-2e67e32014d9"/>
  <concept_name concept_id="6918" name="Zidovudine and Lamivudine for seven days after delivery" locale="en" creator="24737" date_created="2010-11-19 15:29:54.0" concept_name_id="14218" voided="0" uuid="435c5edb-8035-435e-87fc-bdc3073c065c" concept_name_type="FULLY_SPECIFIED" locale_preferred="false"/>
  <concept_name concept_id="6918" name="AZT and 3TC for one week following delivery" locale="en" creator="24737" date_created="2010-11-19 15:29:54.0" concept_name_id="14219" voided="0" void_reason="" uuid="240b5d1a-6464-4f54-8826-1c1fbdc61399" locale_preferred="false"/>
  <concept concept_id="6919" retired="0" datatype_id="4" class_id="11" is_set="0" creator="24737" date_created="2010-11-19 15:30:57.0" version="" changed_by="24737" date_changed="2011-09-27 10:53:24.0" uuid="4249749b-b035-43e5-aeec-5137bf27548e"/>
  <concept_name concept_id="6919" name="ABC and 3TC times for one week after delivery" locale="en" creator="24737" date_created="2010-11-19 15:30:57.0" concept_name_id="14221" voided="0" void_reason="" uuid="932bfd8a-c0f1-45af-b2f4-cf6d19c27455" locale_preferred="false"/>
  <concept_name concept_id="6919" name="Abacavir and Lamivudine for seven days following delivery" locale="en" creator="24737" date_created="2010-11-19 15:30:57.0" concept_name_id="14220" voided="0" uuid="414982ac-83cd-4caa-99d2-8cddcc48a3d5" concept_name_type="FULLY_SPECIFIED" locale_preferred="false"/>
  <concept concept_id="6920" retired="0" datatype_id="4" class_id="11" is_set="0" creator="24737" date_created="2010-11-19 15:32:05.0" version="" changed_by="24737" date_changed="2011-09-27 10:53:24.0" uuid="47533433-7c8b-46a4-a3de-4740f812b600"/>
  <concept_name concept_id="6920" name="TDF and 3TC for one week after delivery" locale="en" creator="24737" date_created="2010-11-19 15:32:05.0" concept_name_id="14223" voided="0" void_reason="" uuid="a8693f16-d02c-42c9-995d-d11912831810" locale_preferred="false"/>
  <concept_name concept_id="6920" name="Tenofovir and Lamivudine for seven days following delivery" locale="en" creator="24737" date_created="2010-11-19 15:32:05.0" concept_name_id="14222" voided="0" uuid="d577d18c-425f-452d-9c1d-12f171b1a975" concept_name_type="FULLY_SPECIFIED" locale_preferred="false"/>
  <concept concept_id="6921" retired="0" datatype_id="4" class_id="11" is_set="0" creator="24737" date_created="2010-11-19 15:49:28.0" changed_by="24761" date_changed="2012-09-12 11:36:06.0" uuid="0c565f9e-9f10-4824-a0f6-47203f4163da"/>
  <concept_name concept_id="6921" name="Suspicion of therapeutic failure" locale="en" creator="24737" date_created="2010-11-19 15:49:28.0" concept_name_id="14224" voided="0" uuid="07e452ad-c7a1-4491-91f1-50dac37ce108" concept_name_type="FULLY_SPECIFIED" locale_preferred="true"/>
  <concept concept_id="2221" retired="0" datatype_id="4" class_id="11" is_set="0" creator="24737" date_created="2007-05-13 05:04:09.0" version="" changed_by="24737" date_changed="2011-09-27 10:53:24.0" uuid="3ce1d1f6-26fe-102b-80cb-0017a47871b2"/>
  <concept_name concept_id="2221" name="NOT NEEDED BECAUSE NO CLINICAL INDICATION" locale="en" creator="24737" date_created="2007-05-13 05:04:09.0" concept_name_id="7311" voided="0" uuid="94b7ea52-07d4-102c-b5fa-0017a47871b2" locale_preferred="false"/>
  <concept_name concept_id="2221" name="NO, TREATMENT NOT INDICATED" locale="en" creator="24737" date_created="2007-05-13 05:04:09.0" concept_name_id="2402" voided="0" uuid="3e2367c8-26fe-102b-80cb-0017a47871b2" concept_name_type="FULLY_SPECIFIED" locale_preferred="false"/>
  <concept concept_id="3584" retired="0" datatype_id="1" class_id="1" is_set="0" creator="23132" date_created="2008-09-11 17:10:44.0" version="" changed_by="23132" date_changed="2011-08-08 19:55:52.0" uuid="2d5792a4-aa13-46c4-a9e6-d326a9cfbc75"/>
  <concept_numeric concept_id="3584" units="cells/mm3" precise="0"/>
  <concept_name concept_id="3584" name="MOTHER CD4 COUNT" locale="en" creator="23132" date_created="2008-09-11 17:10:44.0" concept_name_id="4939" voided="0" uuid="0b77dfce-15f5-102d-96e4-000c29c2a5d7" concept_name_type="FULLY_SPECIFIED" locale_preferred="false"/>
  <concept concept_id="6907" retired="0" datatype_id="10" class_id="7" is_set="0" creator="23132" date_created="2010-11-17 20:32:43.0" version="" changed_by="23132" date_changed="2011-08-08 19:55:52.0" uuid="b2033997-64ad-418e-8d74-27b92748dca2"/>
  <concept_name concept_id="6907" name="Need to change to infant formula" locale="en" creator="23132" date_created="2010-11-17 20:32:43.0" concept_name_id="14196" voided="0" void_reason="" uuid="b6a41161-9493-4dab-86d3-9b6fbd109e7d" locale_preferred="false"/>
  <concept_name concept_id="6907" name="Change to artificial milk" locale="en" creator="23132" date_created="2010-11-17 20:32:43.0" concept_name_id="14197" voided="0" uuid="998c99d4-b136-4b75-b1aa-9cf5ca819e75" concept_name_type="FULLY_SPECIFIED" locale_preferred="false"/>
  <concept concept_id="6765" retired="0" datatype_id="1" class_id="1" is_set="0" creator="24761" date_created="2010-06-14 14:34:26.0" version="" changed_by="24761" date_changed="2011-11-17 15:52:41.0" uuid="e5e67313-b658-4118-9a71-5d5b60fc81d7"/>
  <concept_numeric concept_id="6765" hi_absolute="800.0" low_absolute="75.0" units="L/min" precise="0"/>
  <concept_name concept_id="6765" name="Peak flow after salbutamol" locale="en" creator="24761" date_created="2010-06-14 14:34:26.0" concept_name_id="9979" voided="0" uuid="eeaa216e-e55e-43cf-8927-a75d0b88cb9b" concept_name_type="FULLY_SPECIFIED" locale_preferred="false"/>
  <concept_name concept_id="6765" name="PEF after salbutamol" locale="en" creator="24761" date_created="2010-06-14 14:34:26.0" concept_name_id="9980" voided="0" void_reason="" uuid="9c278442-db29-4cc5-bc29-d12e0a08b3f4" locale_preferred="false"/>
  <concept concept_id="6763" retired="0" datatype_id="1" class_id="1" is_set="0" creator="23132" date_created="2010-06-14 12:31:10.0" version="" changed_by="23132" date_changed="2010-06-14 12:40:40.0" uuid="e8fc0c7f-a37b-475f-ae46-73711842a66c"/>
  <concept_numeric concept_id="6763" hi_absolute="800.0" low_absolute="75.0" units="L/min" precise="0"/>
  <concept_name concept_id="6763" name="PEF before salbutamol" locale="en" creator="23132" date_created="2010-06-14 12:39:26.0" concept_name_id="9981" voided="0" void_reason="" uuid="59b7c48c-273b-4a0c-a38c-36145bd00ee7" locale_preferred="false"/>
  <concept_name concept_id="6763" name="Peak flow before salbutamol" locale="en" creator="23132" date_created="2010-06-14 12:31:10.0" concept_name_id="9976" voided="0" uuid="33ee30c8-2e52-4d1b-9b3d-ebf083d11fc2" concept_name_type="FULLY_SPECIFIED" locale_preferred="false"/>
  <concept concept_id="7074" retired="0" datatype_id="2" class_id="7" is_set="0" creator="24761" date_created="2011-08-05 17:48:56.0" version="" changed_by="24761" date_changed="2011-11-17 15:52:41.0" uuid="33c38f5b-0a68-4499-bd86-87ca792c868e"/>
  <concept_name concept_id="7074" name="Asthma classification" locale="en" creator="24761" date_created="2011-08-05 17:48:56.0" concept_name_id="14525" voided="0" uuid="9f3d6235-80f2-4c4c-8f42-a71f28bdc69c" concept_name_type="FULLY_SPECIFIED" locale_preferred="false"/>
  <concept_answer concept_answer_id="6561" concept_id="7074" answer_concept="7071" creator="24761" date_created="2011-08-05 17:48:56.0" uuid="a08e1ed5-2855-4562-9eaf-3c95f0f63b00" sort_weight="6561.0"/>
  <concept_answer concept_answer_id="6562" concept_id="7074" answer_concept="7072" creator="24761" date_created="2011-08-05 17:48:56.0" uuid="83cd015c-ac2f-403d-834f-721ce2212705" sort_weight="6562.0"/>
  <concept_answer concept_answer_id="6563" concept_id="7074" answer_concept="7067" creator="24761" date_created="2011-08-05 17:48:56.0" uuid="f9e4942a-9569-4ce1-8132-dc450c37c70c" sort_weight="6563.0"/>
  <concept_answer concept_answer_id="6564" concept_id="7074" answer_concept="2433" creator="24761" date_created="2011-09-20 17:48:23.0" uuid="d4f2f92c-0d9a-4cba-9d7e-2ef6d8214fdd" sort_weight="6564.0"/>
  <concept_answer concept_answer_id="6565" concept_id="7074" answer_concept="7073" creator="24761" date_created="2011-08-05 17:48:56.0" uuid="fc869d77-d0b7-4c16-ac68-4af98ee05016" sort_weight="6565.0"/>
  <concept_answer concept_answer_id="6566" concept_id="7074" answer_concept="7069" creator="24761" date_created="2011-08-05 17:48:56.0" uuid="1d6fd0d5-f936-4f6c-b690-40e4620c5efd" sort_weight="6566.0"/>
  <concept concept_id="7071" retired="0" datatype_id="4" class_id="4" is_set="0" creator="24761" date_created="2008-02-16 19:54:26.0" version="" changed_by="24761" date_changed="2011-11-17 15:52:41.0" uuid="153753AAAAAAAAAAAAAAAAAAAAAAAAAAAAAA"/>
  <concept_name concept_id="7071" name="intermittent asthma" locale="en" creator="24761" date_created="2008-02-16 19:59:17.0" concept_name_id="14521" voided="0" uuid="53315BBBBBBBBBBBBBBBBBBBBBBBBBBBBBBB" concept_name_type="FULLY_SPECIFIED" locale_preferred="false"/>
  <concept concept_id="7072" retired="0" datatype_id="4" class_id="4" is_set="0" creator="24761" date_created="2007-11-03 04:00:00.0" version="" changed_by="24761" date_changed="2011-11-17 15:52:41.0" uuid="113018AAAAAAAAAAAAAAAAAAAAAAAAAAAAAA"/>
  <concept_name concept_id="7072" name="Severe Persistent Asthma" locale="en" creator="24761" date_created="2007-10-18 08:28:24.0" concept_name_id="14522" voided="0" uuid="13653BBBBBBBBBBBBBBBBBBBBBBBBBBBBBBB" concept_name_type="FULLY_SPECIFIED" locale_preferred="false"/>
  <concept concept_id="7067" retired="0" datatype_id="4" class_id="4" is_set="0" creator="24761" date_created="2007-11-03 04:00:00.0" version="" changed_by="24761" date_changed="2011-11-17 15:52:41.0" uuid="134026AAAAAAAAAAAAAAAAAAAAAAAAAAAAAA"/>
  <concept_name concept_id="7067" name="Moderate Persistent Asthma" locale="en" creator="24761" date_created="2007-10-18 08:28:24.0" concept_name_id="14513" voided="0" uuid="33907BBBBBBBBBBBBBBBBBBBBBBBBBBBBBBB" concept_name_type="FULLY_SPECIFIED" locale_preferred="false"/>
  <concept concept_id="2433" retired="0" datatype_id="4" class_id="11" is_set="0" creator="24761" date_created="2007-06-03 14:37:46.0" version="" changed_by="24761" date_changed="2011-11-17 15:52:41.0" uuid="3ce3fdbe-26fe-102b-80cb-0017a47871b2"/>
  <concept_name concept_id="2433" name="NOT INDICATED" locale="en" creator="24761" date_created="2007-06-03 14:37:46.0" concept_name_id="2617" voided="0" uuid="3e250f10-26fe-102b-80cb-0017a47871b2" concept_name_type="FULLY_SPECIFIED" locale_preferred="false"/>
  <concept concept_id="7073" retired="0" datatype_id="4" class_id="11" is_set="0" creator="24761" date_created="2011-08-05 17:44:33.0" version="" changed_by="24761" date_changed="2011-11-17 15:52:41.0" uuid="0016512d-4388-44f0-a4b6-f6ad9e18fdcd"/>
  <concept_name concept_id="7073" name="Mild persistent asthma" locale="en" creator="24761" date_created="2011-08-05 17:44:33.0" concept_name_id="14524" voided="0" uuid="93ac8399-a07e-4d03-bf26-0ef3282d8150" concept_name_type="FULLY_SPECIFIED" locale_preferred="false"/>
  <concept concept_id="7069" retired="0" datatype_id="4" class_id="11" is_set="0" creator="24761" date_created="2011-08-05 17:46:01.0" version="" changed_by="24761" date_changed="2011-11-17 15:52:41.0" uuid="602cf7fd-84a4-470f-a5a8-76f19b4e6645"/>
  <concept_name concept_id="7069" name="Severe uncontrolled asthma" locale="en" creator="24761" date_created="2011-08-05 17:46:01.0" concept_name_id="14517" voided="0" uuid="23851893-39ca-47ec-ae92-37e1d2453730" concept_name_type="FULLY_SPECIFIED" locale_preferred="false"/>
  <concept concept_id="1551" retired="0" datatype_id="2" class_id="7" is_set="0" creator="9" date_created="2006-08-31 14:32:16.0" version="" changed_by="2053" date_changed="2007-12-29 15:11:16.0" uuid="3cdbdca6-26fe-102b-80cb-0017a47871b2"/>
  <concept_name concept_id="1551" name="SMOKING HISTORY" locale="en" creator="9" date_created="2006-08-31 14:32:16.0" concept_name_id="1683" voided="0" uuid="3e1b52b8-26fe-102b-80cb-0017a47871b2" concept_name_type="FULLY_SPECIFIED" locale_preferred="false"/>
  <concept_name concept_id="1551" name="SMOKE_HIS" locale="en" creator="9" date_created="2006-08-31 14:32:16.0" concept_name_id="5601" voided="0" uuid="0b7c10da-15f5-102d-96e4-000c29c2a5d7" concept_name_type="SHORT" locale_preferred="false"/>
  <concept_answer concept_answer_id="1098" concept_id="1551" answer_concept="1548" creator="9" date_created="2006-08-31 14:32:16.0" uuid="3d4084f8-26fe-102b-80cb-0017a47871b2" sort_weight="1098.0"/>
  <concept_answer concept_answer_id="1099" concept_id="1551" answer_concept="1550" creator="9" date_created="2006-08-31 14:32:16.0" uuid="3d408638-26fe-102b-80cb-0017a47871b2" sort_weight="1099.0"/>
  <concept_answer concept_answer_id="1100" concept_id="1551" answer_concept="1090" creator="9" date_created="2006-08-31 14:32:16.0" uuid="3d40876e-26fe-102b-80cb-0017a47871b2" sort_weight="1100.0"/>
  <concept concept_id="1548" retired="0" datatype_id="4" class_id="11" is_set="0" creator="24761" date_created="2006-08-31 14:30:45.0" version="" changed_by="24761" date_changed="2011-11-17 15:52:20.0" uuid="3cdbd832-26fe-102b-80cb-0017a47871b2"/>
  <concept_name concept_id="1548" name="IN THE PAST" locale="en" creator="24761" date_created="2006-08-31 14:30:45.0" concept_name_id="1680" voided="0" uuid="3e1b430e-26fe-102b-80cb-0017a47871b2" concept_name_type="FULLY_SPECIFIED" locale_preferred="false"/>
  <concept concept_id="1550" retired="0" datatype_id="4" class_id="11" is_set="0" creator="9" date_created="2006-08-31 14:31:29.0" version="" changed_by="9" date_changed="2006-08-31 14:31:29.0" uuid="3cdbdb2a-26fe-102b-80cb-0017a47871b2"/>
  <concept_name concept_id="1550" name="CURRENTLY" locale="en" creator="9" date_created="2006-08-31 14:31:29.0" concept_name_id="1682" voided="0" uuid="3e1b4e1c-26fe-102b-80cb-0017a47871b2" concept_name_type="FULLY_SPECIFIED" locale_preferred="false"/>
  <concept concept_id="1090" retired="0" datatype_id="4" class_id="11" is_set="0" creator="2" date_created="2005-01-12 00:00:00.0" changed_by="24761" date_changed="2012-09-12 11:15:08.0" uuid="3cd72968-26fe-102b-80cb-0017a47871b2"/>
  <concept_name concept_id="1090" name="NEVER" locale="en" creator="15914" date_created="2009-02-05 16:06:14.0" concept_name_id="8191" voided="0" uuid="3e154cc4-26fe-102b-80cb-0017a47871b2" concept_name_type="FULLY_SPECIFIED" locale_preferred="true"/>
  <concept concept_id="1552" retired="0" datatype_id="2" class_id="7" is_set="0" creator="9" date_created="2006-08-31 14:33:19.0" version="" changed_by="15877" date_changed="2007-08-14 14:43:43.0" uuid="3cdbde18-26fe-102b-80cb-0017a47871b2"/>
  <concept_name concept_id="1552" name="HISTORY OF ALCOHOL USE" locale="en" creator="9" date_created="2006-08-31 14:33:19.0" concept_name_id="1684" voided="0" uuid="3e1b577c-26fe-102b-80cb-0017a47871b2" concept_name_type="FULLY_SPECIFIED" locale_preferred="false"/>
  <concept_answer concept_answer_id="1101" concept_id="1552" answer_concept="1548" creator="9" date_created="2006-08-31 14:33:19.0" uuid="3d4088a4-26fe-102b-80cb-0017a47871b2" sort_weight="1101.0"/>
  <concept_answer concept_answer_id="1102" concept_id="1552" answer_concept="1550" creator="9" date_created="2006-08-31 14:33:19.0" uuid="3d4089da-26fe-102b-80cb-0017a47871b2" sort_weight="1102.0"/>
  <concept_answer concept_answer_id="1103" concept_id="1552" answer_concept="1090" creator="9" date_created="2006-08-31 14:33:19.0" uuid="3d408b10-26fe-102b-80cb-0017a47871b2" sort_weight="1103.0"/>
  <concept_answer concept_answer_id="3208" concept_id="1552" answer_concept="1067" creator="2053" date_created="2007-08-07 09:51:16.0" uuid="3d4dc3b6-26fe-102b-80cb-0017a47871b2" sort_weight="3208.0"/>
  <concept concept_id="7065" retired="0" datatype_id="4" class_id="11" is_set="0" creator="24761" date_created="2011-08-05 17:23:46.0" version="" changed_by="24761" date_changed="2011-11-17 15:52:41.0" uuid="268125c5-1ff6-4ea3-8b54-b32b88a3da39"/>
  <concept_name concept_id="7065" name="Brief inhaler coaching given" locale="en" creator="24761" date_created="2011-09-20 14:57:55.0" concept_name_id="14510" voided="0" void_reason="" uuid="7a44a131-1064-42a0-a112-b2b95443e034" locale_preferred="false"/>
  <concept_name concept_id="7065" name="Basic inhaler training provided" locale="en" creator="24761" date_created="2011-08-05 17:23:46.0" concept_name_id="14509" voided="0" uuid="ae587de2-e0df-41cb-82d7-7920099517b0" concept_name_type="FULLY_SPECIFIED" locale_preferred="false"/>
  <concept_answer concept_answer_id="6554" concept_id="7065" answer_concept="1066" creator="24761" date_created="2011-08-06 00:39:15.0" uuid="dbe553f1-826c-4026-93b5-53d75442feed" sort_weight="6554.0"/>
  <concept_answer concept_answer_id="6555" concept_id="7065" answer_concept="1065" creator="24761" date_created="2011-08-06 00:39:15.0" uuid="337cd149-c734-4cc8-bc84-4db83fb7bc06" sort_weight="6555.0"/>
  <concept concept_id="7077" retired="0" datatype_id="2" class_id="7" is_set="0" creator="24761" date_created="2011-08-05 17:13:54.0" version="" changed_by="24761" date_changed="2011-11-17 15:52:41.0" uuid="0e39fb30-b0c6-44b0-96c1-c80f7fa90d9c"/>
  <concept_name concept_id="7077" name="Proper inhaler technique" locale="en" creator="24761" date_created="2011-08-05 17:13:54.0" concept_name_id="14531" voided="0" uuid="ae0158aa-17f0-431f-99d4-667fef373d97" concept_name_type="FULLY_SPECIFIED" locale_preferred="false"/>
  <concept_answer concept_answer_id="6570" concept_id="7077" answer_concept="7065" creator="24761" date_created="2011-09-20 17:44:57.0" uuid="6e6535b1-ca88-4e5b-b9af-e71345bfe550" sort_weight="6570.0"/>
  <concept_answer concept_answer_id="6571" concept_id="7077" answer_concept="1066" creator="24761" date_created="2011-08-05 17:13:54.0" uuid="90f7467a-83ab-4931-8de8-3c7c34f164a4" sort_weight="6571.0"/>
  <concept_answer concept_answer_id="6572" concept_id="7077" answer_concept="1065" creator="24761" date_created="2011-08-05 17:13:54.0" uuid="f74b58a1-2dbb-47d6-9098-4370816096b0" sort_weight="6572.0"/>
  <concept concept_id="7167" retired="0" datatype_id="4" class_id="11" is_set="0" creator="24822" date_created="2012-04-23 16:28:36.0" version="1.0" uuid="b8cc3063-a791-4ca1-9b08-023a91898cc5"/>
  <concept_name concept_id="7167" name="Premedication" locale="en" creator="24822" date_created="2012-04-23 16:28:36.0" concept_name_id="14681" voided="0" uuid="82e30094-313a-490d-b1d7-f6253bfc1e27" concept_name_type="FULLY_SPECIFIED" locale_preferred="true"/>
  <concept concept_id="7168" retired="0" datatype_id="4" class_id="11" is_set="0" creator="24761" date_created="2012-04-23 16:29:06.0" changed_by="24761" date_changed="2012-09-24 11:19:35.0" uuid="f08a431e-222e-479d-832a-43b345314080"/>
  <concept_name concept_id="7168" name="Chemotherapy" locale="en" creator="24822" date_created="2012-04-23 16:29:06.0" concept_name_id="14682" voided="0" uuid="1183db86-26a0-4689-904f-2c0d41f6a8b2" concept_name_type="FULLY_SPECIFIED" locale_preferred="true"/>
  <concept concept_id="7166" retired="0" datatype_id="4" class_id="11" is_set="0" creator="24822" date_created="2012-04-23 16:33:43.0" uuid="1f3bfe16-fe8e-45a0-b7ad-68528a125a0a"/>
  <concept_name concept_id="7166" name="Post Medication" locale="en" creator="24822" date_created="2012-04-23 16:33:43.0" concept_name_id="14680" voided="0" uuid="c8271edf-4eaa-4b6b-8bc5-8a2c642fd036" concept_name_type="FULLY_SPECIFIED" locale_preferred="true"/>
  <concept concept_id="6797" retired="0" datatype_id="1" class_id="7" is_set="0" creator="24761" date_created="2010-07-21 15:30:11.0" version="" changed_by="24761" date_changed="2011-11-17 15:52:32.0" uuid="ba2e9e43-5a9d-423f-a33e-c34765785397"/>
  <concept_numeric concept_id="6797" low_absolute="0.0" units="" precise="0"/>
  <concept_name concept_id="6797" name="Number of seizures in the past month" locale="en" creator="24761" date_created="2010-07-21 15:30:11.0" concept_name_id="13996" voided="0" uuid="757cae45-66d0-4cc9-8742-a181c6d09aea" concept_name_type="FULLY_SPECIFIED" locale_preferred="false"/>
  <concept concept_id="3328" retired="0" datatype_id="4" class_id="11" is_set="0" creator="15894" date_created="2008-06-23 15:34:37.0" version="" uuid="304da4df-f376-4a3f-ba70-c9fbc8fe8fa6"/>
  <concept_name concept_id="3328" name="IV" locale="en" creator="15894" date_created="2008-06-23 15:34:37.0" concept_name_id="6235" voided="0" uuid="0b7fe822-15f5-102d-96e4-000c29c2a5d7" concept_name_type="SHORT" locale_preferred="false"/>
  <concept_name concept_id="3328" name="INTRAVENOUS" locale="en" creator="15894" date_created="2008-06-23 15:34:37.0" concept_name_id="4678" voided="0" uuid="0b75da80-15f5-102d-96e4-000c29c2a5d7" concept_name_type="FULLY_SPECIFIED" locale_preferred="false"/>
  <concept concept_id="7195" retired="0" datatype_id="3" class_id="7" is_set="0" creator="24822" date_created="2012-07-09 09:45:19.0" uuid="7f90c6ed-f6d5-4bd7-abf9-d71f5c5321ff"/>
  <concept_name concept_id="7195" name="Notes for future chemotherapy administration" locale="en" creator="24822" date_created="2012-07-09 09:45:19.0" concept_name_id="14720" voided="0" uuid="1ab05f40-77b4-4323-8555-a3c45fd997e3" concept_name_type="FULLY_SPECIFIED" locale_preferred="true"/>
  <concept_name concept_id="7195" name="Instructions for next treatment" locale="en" creator="24822" date_created="2012-07-09 09:45:19.0" concept_name_id="14721" voided="0" uuid="e68eea42-8eb4-4a9b-9ab2-6209d9984aa1" concept_name_type="SHORT" locale_preferred="false"/>
  <concept concept_id="7196" retired="0" datatype_id="1" class_id="7" is_set="0" creator="24822" date_created="2012-07-09 10:09:00.0" uuid="98709f1c-a667-4436-b6b1-29873d7115e7"/>
  <concept_numeric concept_id="7196" precise="0"/>
  <concept_name concept_id="7196" name="Doxorubicin dose" locale="en" creator="24822" date_created="2012-07-09 10:09:00.0" concept_name_id="14722" voided="0" uuid="eb01b72e-1100-41e2-b000-ae2f51487a16" concept_name_type="FULLY_SPECIFIED" locale_preferred="true"/>
  <concept_name concept_id="7196" name="Adriamycin dose" locale="en" creator="24822" date_created="2012-07-09 10:09:00.0" concept_name_id="14723" voided="0" uuid="20e04368-9c5d-4294-b562-bd817a6afc4d" locale_preferred="false"/>
  <concept concept_id="7205" retired="0" datatype_id="1" class_id="7" is_set="0" creator="24822" date_created="2012-09-20 09:30:14.0" changed_by="24737" date_changed="2012-10-03 13:55:34.0" uuid="a8d06e6d-9b0d-411c-aabe-8628d67f0edd"/>
  <concept_numeric concept_id="7205" precise="0"/>
  <concept_name concept_id="7205" name="Epirubicin dose" locale="en" creator="24822" date_created="2012-09-20 09:30:14.0" concept_name_id="14738" voided="0" uuid="2aa2b872-b6c5-44b3-9968-45f49b1230f5" concept_name_type="FULLY_SPECIFIED" locale_preferred="true"/>
  <concept concept_id="1350" retired="0" datatype_id="4" class_id="4" is_set="0" creator="24761" date_created="2006-06-09 23:54:40.0" version="" changed_by="24761" date_changed="2011-11-17 15:52:26.0" uuid="3cd9c484-26fe-102b-80cb-0017a47871b2"/>
  <concept_name concept_id="1350" name="ACUTE PNEUMONIA PRESUMED BACTERIAL" locale="en" creator="24761" date_created="2006-06-09 23:54:40.0" concept_name_id="1420" voided="0" uuid="3e189578-26fe-102b-80cb-0017a47871b2" concept_name_type="FULLY_SPECIFIED" locale_preferred="false"/>
  <concept_name concept_id="1350" name="BACTERIAL PNEUMONIA" locale="en" creator="24761" date_created="2006-06-09 23:54:40.0" concept_name_id="6509" voided="0" uuid="93edde6a-07d4-102c-b5fa-0017a47871b2" locale_preferred="false"/>
  <concept concept_id="1351" retired="0" datatype_id="4" class_id="4" is_set="0" creator="24761" date_created="2006-06-09 23:57:20.0" version="" changed_by="24761" date_changed="2011-11-17 15:52:26.0" uuid="3cd9c60a-26fe-102b-80cb-0017a47871b2"/>
  <concept_name concept_id="1351" name="PNEUMOCYSTIS" locale="en" creator="24761" date_created="2007-10-25 15:56:00.0" concept_name_id="7445" voided="0" uuid="0b880e62-15f5-102d-96e4-000c29c2a5d7" locale_preferred="false"/>
  <concept_name concept_id="1351" name="SUBACUTE PNEUMONIA PRESUMED PCP" locale="en" creator="24761" date_created="2009-07-13 22:38:01.0" concept_name_id="9406" voided="0" uuid="95635482-07d4-102c-b5fa-0017a47871b2" locale_preferred="false"/>
  <concept_name concept_id="1351" name="SUB-ACUTE PNEUMONIA PRESUMED PCP" locale="en" creator="24761" date_created="2006-06-09 23:57:20.0" concept_name_id="1422" voided="0" uuid="3e1898f2-26fe-102b-80cb-0017a47871b2" concept_name_type="FULLY_SPECIFIED" locale_preferred="false"/>
  <concept concept_id="204" retired="0" datatype_id="4" class_id="4" is_set="0" creator="24761" date_created="2004-01-01 07:00:00.0" version="" changed_by="24761" date_changed="2011-11-17 15:52:15.0" uuid="3cce906e-26fe-102b-80cb-0017a47871b2"/>
  <concept_name concept_id="204" name="CANDIDIASIS" locale="en" creator="24761" date_created="2004-01-01 07:00:00.0" concept_name_id="213" voided="0" uuid="3e0be922-26fe-102b-80cb-0017a47871b2" concept_name_type="FULLY_SPECIFIED" locale_preferred="false"/>
  <concept concept_id="1616" retired="0" datatype_id="4" class_id="5" is_set="0" creator="24761" date_created="2006-09-07 03:56:19.0" changed_by="24761" date_changed="2012-09-12 11:18:02.0" uuid="3cdc532a-26fe-102b-80cb-0017a47871b2"/>
  <concept_name concept_id="1616" name="CANDIDIASIS, ESOPHAGEAL" locale="en" creator="24761" date_created="2006-09-07 03:56:19.0" concept_name_id="1762" voided="0" uuid="3e1c2c24-26fe-102b-80cb-0017a47871b2" concept_name_type="FULLY_SPECIFIED" locale_preferred="true"/>
  <concept_name concept_id="1616" name="ESOPHAGEAL CANDIDIASIS" locale="en" creator="24761" date_created="2007-10-12 19:19:16.0" concept_name_id="6874" voided="0" uuid="93f675b6-07d4-102c-b5fa-0017a47871b2" locale_preferred="false"/>
  <concept concept_id="5334" retired="0" datatype_id="4" class_id="4" is_set="0" creator="24761" date_created="2004-08-12 06:00:00.0" version="" changed_by="24761" date_changed="2011-11-17 15:52:16.0" uuid="3cebb5fe-26fe-102b-80cb-0017a47871b2"/>
  <concept_name concept_id="5334" name="ORAL THRUSH" locale="en" creator="24761" date_created="2008-11-10 18:49:30.0" concept_name_id="7346" voided="0" void_reason="" uuid="0b86ea6e-15f5-102d-96e4-000c29c2a5d7" locale_preferred="false"/>
  <concept_name concept_id="5334" name="THRUSH" locale="en" creator="24761" date_created="2005-01-06 07:00:00.0" concept_name_id="7771" voided="0" void_reason="" uuid="0b89a11e-15f5-102d-96e4-000c29c2a5d7" locale_preferred="false"/>
  <concept_name concept_id="5334" name="ORAL CANDIDA" locale="en" creator="24761" date_created="2009-05-07 17:10:25.0" concept_name_id="8973" voided="0" void_reason="" uuid="7b709691-c405-48ff-b9bf-0547f03a768b" locale_preferred="false"/>
  <concept_name concept_id="5334" name="CANDIDIASIS, ORAL" locale="en" creator="24761" date_created="2004-08-12 06:00:00.0" concept_name_id="3702" voided="0" uuid="0b6e21f0-15f5-102d-96e4-000c29c2a5d7" concept_name_type="FULLY_SPECIFIED" locale_preferred="false"/>
  <concept concept_id="1369" retired="0" datatype_id="4" class_id="4" is_set="0" creator="24761" date_created="2006-06-14 20:42:09.0" version="" changed_by="24761" date_changed="2011-11-17 15:52:16.0" uuid="3cd9e0b8-26fe-102b-80cb-0017a47871b2"/>
  <concept_name concept_id="1369" name="CONVULSIONS OR NEUROLOGICAL DEFICIT PRESUMED CEREBRAL LYMPHOMA" locale="en" creator="24761" date_created="2006-06-14 20:42:09.0" concept_name_id="1458" voided="0" uuid="3e18cd40-26fe-102b-80cb-0017a47871b2" concept_name_type="FULLY_SPECIFIED" locale_preferred="false"/>
  <concept concept_id="1362" retired="0" datatype_id="4" class_id="4" is_set="0" creator="24761" date_created="2006-06-14 05:28:24.0" changed_by="24761" date_changed="2012-09-12 11:16:07.0" uuid="3cd9d65e-26fe-102b-80cb-0017a47871b2"/>
  <concept_name concept_id="1362" name="ENCEPHALOPATHY PRESUMED DUE TO HIV" locale="en" creator="24761" date_created="2006-06-14 05:28:24.0" concept_name_id="1444" voided="0" uuid="3e18b8d2-26fe-102b-80cb-0017a47871b2" concept_name_type="FULLY_SPECIFIED" locale_preferred="true"/>
  <concept concept_id="1547" retired="0" datatype_id="10" class_id="4" is_set="0" creator="24761" date_created="2006-08-31 20:29:14.0" changed_by="24761" date_changed="2012-09-12 11:17:35.0" uuid="3cdbd670-26fe-102b-80cb-0017a47871b2"/>
  <concept_name concept_id="1547" name="EXTRA-PULMONARY TUBERCULOSIS" locale="en" creator="24761" date_created="2006-08-31 20:29:14.0" concept_name_id="1679" voided="0" uuid="3e1b40fc-26fe-102b-80cb-0017a47871b2" concept_name_type="FULLY_SPECIFIED" locale_preferred="true"/>
  <concept_name concept_id="1547" name="EP_TB" locale="en" creator="24761" date_created="2006-08-31 20:29:14.0" concept_name_id="5599" voided="0" uuid="0b7c0efa-15f5-102d-96e4-000c29c2a5d7" concept_name_type="SHORT" locale_preferred="false"/>
  <concept concept_id="1549" retired="0" datatype_id="10" class_id="4" is_set="0" creator="24761" date_created="2006-08-31 20:31:13.0" changed_by="24761" date_changed="2012-09-12 11:12:59.0" uuid="3cdbd9b8-26fe-102b-80cb-0017a47871b2"/>
  <concept_name concept_id="1549" name="PULM_TB" locale="en" creator="24761" date_created="2006-08-31 20:31:13.0" concept_name_id="5600" voided="0" uuid="0b7c0fea-15f5-102d-96e4-000c29c2a5d7" concept_name_type="SHORT" locale_preferred="false"/>
  <concept_name concept_id="1549" name="PULMONARY TUBERCULOSIS" locale="en" creator="24761" date_created="2006-08-31 20:31:13.0" concept_name_id="1681" voided="0" uuid="3e1b47b4-26fe-102b-80cb-0017a47871b2" concept_name_type="FULLY_SPECIFIED" locale_preferred="true"/>
  <concept concept_id="864" retired="0" datatype_id="4" class_id="5" is_set="0" creator="24761" date_created="2004-05-05 06:00:00.0" changed_by="24761" date_changed="2012-09-12 11:14:18.0" uuid="3cd4b5d4-26fe-102b-80cb-0017a47871b2"/>
  <concept_name concept_id="864" name="GENITAL SORES" locale="en" creator="24761" date_created="2004-05-05 06:00:00.0" concept_name_id="883" voided="0" uuid="3e12a4c4-26fe-102b-80cb-0017a47871b2" concept_name_type="FULLY_SPECIFIED" locale_preferred="true"/>
  <concept_name concept_id="864" name="GENITAL ULCERS" locale="en" creator="24761" date_created="2006-12-14 21:39:59.0" concept_name_id="6965" voided="0" uuid="93f84f8a-07d4-102c-b5fa-0017a47871b2" locale_preferred="false"/>
  <concept concept_id="1373" retired="0" datatype_id="10" class_id="4" is_set="0" creator="24761" date_created="2006-06-14 16:36:10.0" version="" changed_by="24761" date_changed="2011-11-17 15:52:26.0" uuid="3cd9e694-26fe-102b-80cb-0017a47871b2"/>
  <concept_name concept_id="1373" name="HERPES SIMPLEX GENITAL INFECTION" locale="en" creator="24761" date_created="2006-06-14 16:36:10.0" concept_name_id="1466" voided="0" uuid="3e18df92-26fe-102b-80cb-0017a47871b2" concept_name_type="FULLY_SPECIFIED" locale_preferred="false"/>
  <concept_name concept_id="1373" name="HSV" locale="en" creator="24761" date_created="2006-06-14 16:36:10.0" concept_name_id="7071" voided="0" uuid="94abc2c2-07d4-102c-b5fa-0017a47871b2" locale_preferred="false"/>
  <concept concept_id="836" retired="0" datatype_id="4" class_id="4" is_set="0" creator="24761" date_created="2004-05-04 06:00:00.0" changed_by="24761" date_changed="2012-09-12 11:14:15.0" uuid="3cd48924-26fe-102b-80cb-0017a47871b2"/>
  <concept_name concept_id="836" name="ZONA" locale="en" creator="24761" date_created="2009-07-15 18:34:45.0" concept_name_id="9423" voided="0" uuid="0b94a6b8-15f5-102d-96e4-000c29c2a5d7" locale_preferred="false"/>
  <concept_name concept_id="836" name="SHINGLES" locale="en" creator="24761" date_created="2005-02-09 07:00:00.0" concept_name_id="7648" voided="0" uuid="9566deb8-07d4-102c-b5fa-0017a47871b2" locale_preferred="false"/>
  <concept_name concept_id="836" name="HERPES ZOSTER" locale="en" creator="24761" date_created="2004-05-04 06:00:00.0" concept_name_id="854" voided="0" uuid="3e12479a-26fe-102b-80cb-0017a47871b2" concept_name_type="FULLY_SPECIFIED" locale_preferred="true"/>
  <concept concept_id="507" retired="0" datatype_id="4" class_id="4" is_set="0" creator="24761" date_created="2004-01-01 07:00:00.0" changed_by="24822" date_changed="2012-09-17 10:19:11.0" uuid="3cd173f6-26fe-102b-80cb-0017a47871b2"/>
  <concept_name concept_id="507" name="KS" locale="en" creator="24761" date_created="2005-02-17 17:19:18.0" concept_name_id="7146" voided="0" uuid="94b404dc-07d4-102c-b5fa-0017a47871b2" locale_preferred="false"/>
  <concept_name concept_id="507" name="KAPOSIS SARCOMA" locale="en" creator="24761" date_created="2004-01-01 07:00:00.0" concept_name_id="519" voided="0" uuid="3e0f1890-26fe-102b-80cb-0017a47871b2" concept_name_type="FULLY_SPECIFIED" locale_preferred="true"/>
  <concept_name concept_id="507" name="KAPOSI(APOSTROPHE)S SARCOMA" locale="en" creator="24761" date_created="2010-12-07 17:05:41.0" concept_name_id="14290" voided="0" uuid="627177d7-6f83-44f2-a15d-7fbce60ed6f1" locale_preferred="false"/>
  <concept_name concept_id="507" name="KAPOSI SARCOMA" locale="en" creator="24761" date_created="2005-02-17 17:19:18.0" concept_name_id="7135" voided="0" uuid="94ae44f2-07d4-102c-b5fa-0017a47871b2" locale_preferred="false"/>
  <concept concept_id="1359" retired="0" datatype_id="4" class_id="4" is_set="0" creator="24761" date_created="2006-06-14 05:18:41.0" version="" changed_by="24761" date_changed="2011-11-17 15:52:26.0" uuid="3cd9d1f4-26fe-102b-80cb-0017a47871b2"/>
  <concept_name concept_id="1359" name="MENINGITIS SUB-ACUTE PRESUMED CRYPTOCOCCUS" locale="en" creator="24761" date_created="2006-06-14 05:18:41.0" concept_name_id="1438" voided="0" uuid="3e18b030-26fe-102b-80cb-0017a47871b2" concept_name_type="FULLY_SPECIFIED" locale_preferred="false"/>
  <concept concept_id="1360" retired="0" datatype_id="4" class_id="4" is_set="0" creator="24761" date_created="2006-06-14 05:19:58.0" version="" changed_by="24761" date_changed="2011-11-17 15:52:18.0" uuid="3cd9d366-26fe-102b-80cb-0017a47871b2"/>
  <concept_name concept_id="1360" name="MENINGITIS SUB-ACUTE PRESUMED TUBERCULOSIS" locale="en" creator="24761" date_created="2006-06-14 05:19:58.0" concept_name_id="1440" voided="0" uuid="3e18b314-26fe-102b-80cb-0017a47871b2" concept_name_type="FULLY_SPECIFIED" locale_preferred="false"/>
  <concept concept_id="1370" retired="0" datatype_id="10" class_id="7" is_set="0" creator="24761" date_created="2006-06-14 20:46:35.0" version="" changed_by="24761" date_changed="2011-11-17 15:52:21.0" uuid="3cd9e22a-26fe-102b-80cb-0017a47871b2"/>
  <concept_name concept_id="1370" name="PRURIGO NODULAIRIS" locale="en" creator="24761" date_created="2007-12-06 21:34:50.0" concept_name_id="7496" voided="0" uuid="95641750-07d4-102c-b5fa-0017a47871b2" locale_preferred="false"/>
  <concept_name concept_id="1370" name="NODULAR RASH" locale="en" creator="24761" date_created="2006-06-14 20:46:35.0" concept_name_id="1460" voided="0" uuid="3e18d09c-26fe-102b-80cb-0017a47871b2" concept_name_type="FULLY_SPECIFIED" locale_preferred="false"/>
  <concept concept_id="1356" retired="0" datatype_id="4" class_id="4" is_set="0" creator="24761" date_created="2006-06-14 05:11:59.0" version="" changed_by="24761" date_changed="2011-11-17 15:52:24.0" uuid="3cd9cd6c-26fe-102b-80cb-0017a47871b2"/>
  <concept_name concept_id="1356" name="SEVERE DYSPHAGIA PRESUMED INVASIVE" locale="en" creator="24761" date_created="2006-06-14 05:11:59.0" concept_name_id="1432" voided="0" uuid="3e18a770-26fe-102b-80cb-0017a47871b2" concept_name_type="FULLY_SPECIFIED" locale_preferred="false"/>
  <concept concept_id="5355" retired="0" datatype_id="1" class_id="1" is_set="0" creator="24761" date_created="2004-08-12 06:00:00.0" version="" changed_by="24761" date_changed="2011-11-17 15:52:15.0" uuid="3cebd71e-26fe-102b-80cb-0017a47871b2"/>
  <concept_numeric concept_id="5355" precise="0"/>
  <concept_name concept_id="5355" name="TOXOPLASMOSIS" locale="en" creator="24761" date_created="2004-08-12 06:00:00.0" concept_name_id="3724" voided="0" uuid="3e3dcf0a-26fe-102b-80cb-0017a47871b2" concept_name_type="FULLY_SPECIFIED" locale_preferred="false"/>
  <concept concept_id="2856" retired="0" datatype_id="4" class_id="4" is_set="0" creator="24761" date_created="2007-11-28 18:38:21.0" version="" changed_by="24761" date_changed="2011-11-17 15:52:27.0" uuid="3ce85e2c-26fe-102b-80cb-0017a47871b2"/>
  <concept_name concept_id="2856" name="TUBERCULOMA" locale="en" creator="24761" date_created="2007-11-28 18:38:21.0" concept_name_id="3074" voided="0" uuid="3e39f2b8-26fe-102b-80cb-0017a47871b2" concept_name_type="FULLY_SPECIFIED" locale_preferred="false"/>
  <concept concept_id="3536" retired="0" datatype_id="4" class_id="4" is_set="0" creator="24761" date_created="2008-08-04 23:34:33.0" version="" changed_by="24761" date_changed="2011-11-17 15:52:22.0" uuid="670895c1-e4a3-4c51-8b65-913a8713008c"/>
  <concept_name concept_id="3536" name="ENTERITIS DUE TO TUBERCULOSIS" locale="en" creator="24761" date_created="2008-08-05 17:50:27.0" concept_name_id="6865" voided="0" uuid="0b848d32-15f5-102d-96e4-000c29c2a5d7" locale_preferred="false"/>
  <concept_name concept_id="3536" name="ENTERITIS DUE TO TB" locale="en" creator="24761" date_created="2008-08-04 23:34:33.0" concept_name_id="6864" voided="0" uuid="0b848c42-15f5-102d-96e4-000c29c2a5d7" locale_preferred="false"/>
  <concept_name concept_id="3536" name="TUBERCULOUS ENTERITIS" locale="en" creator="24761" date_created="2008-08-04 23:34:33.0" concept_name_id="4889" voided="0" uuid="0b77abe4-15f5-102d-96e4-000c29c2a5d7" concept_name_type="FULLY_SPECIFIED" locale_preferred="false"/>
  <concept concept_id="998" retired="0" datatype_id="4" class_id="4" is_set="0" creator="24761" date_created="2006-06-06 18:42:57.0" version="" changed_by="24761" date_changed="2011-11-16 11:12:48.0" uuid="3cd68008-26fe-102b-80cb-0017a47871b2"/>
  <concept_name concept_id="998" name="ANAPHYLAXIS" locale="en" creator="24761" date_created="2006-06-06 18:42:57.0" concept_name_id="1034" voided="0" uuid="3e146c32-26fe-102b-80cb-0017a47871b2" concept_name_type="FULLY_SPECIFIED" locale_preferred="false"/>
  <concept_name concept_id="998" name="ANAPHYLACTIC SHOCK" locale="en" creator="24761" date_created="2006-06-06 18:42:57.0" concept_name_id="6445" voided="0" uuid="93ecc7c8-07d4-102c-b5fa-0017a47871b2" locale_preferred="false"/>
  <concept concept_id="123" retired="0" datatype_id="4" class_id="4" is_set="0" creator="24761" date_created="2004-01-01 07:00:00.0" changed_by="24761" date_changed="2012-09-12 11:13:36.0" uuid="3ccd0f0a-26fe-102b-80cb-0017a47871b2"/>
  <concept_name concept_id="123" name="CLINICAL" locale="en" creator="24761" date_created="2006-09-06 17:06:13.0" concept_name_id="6650" voided="0" uuid="93f2c7ea-07d4-102c-b5fa-0017a47871b2" locale_preferred="false"/>
  <concept_name concept_id="123" name="CLINICAL MALARIA" locale="en" creator="24761" date_created="2005-02-16 21:33:25.0" concept_name_id="6652" voided="0" uuid="93f2d1e0-07d4-102c-b5fa-0017a47871b2" locale_preferred="false"/>
  <concept_name concept_id="123" name="Malaria, presumptive" locale="en" creator="24761" date_created="2011-05-18 20:48:30.0" concept_name_id="14379" voided="0" uuid="624e29c7-cfd7-47ee-afa0-33d8fec553f2" locale_preferred="false"/>
  <concept_name concept_id="123" name="PRESUMED" locale="en" creator="24761" date_created="2006-09-06 17:06:13.0" concept_name_id="7472" voided="0" uuid="9563c1b0-07d4-102c-b5fa-0017a47871b2" locale_preferred="false"/>
  <concept_name concept_id="123" name="MALARIA" locale="en" creator="24761" date_created="2004-01-01 07:00:00.0" concept_name_id="127" voided="0" uuid="3e0b168c-26fe-102b-80cb-0017a47871b2" concept_name_type="FULLY_SPECIFIED" locale_preferred="true"/>
  <concept concept_id="879" retired="0" datatype_id="4" class_id="13" is_set="0" creator="24761" date_created="2004-05-05 06:00:00.0" version="" changed_by="24761" date_changed="2011-11-17 15:52:26.0" uuid="3cd4cda8-26fe-102b-80cb-0017a47871b2"/>
  <concept_name concept_id="879" name="PRURITIS" locale="en" creator="24761" date_created="2004-05-05 06:00:00.0" concept_name_id="899" voided="0" uuid="3e12bcfc-26fe-102b-80cb-0017a47871b2" concept_name_type="FULLY_SPECIFIED" locale_preferred="false"/>
  <concept_name concept_id="879" name="ITCHING" locale="en" creator="24761" date_created="2004-10-20 06:00:00.0" concept_name_id="7127" voided="0" void_reason="" uuid="94add7ec-07d4-102c-b5fa-0017a47871b2" locale_preferred="false"/>
  <concept concept_id="174" retired="0" datatype_id="4" class_id="4" is_set="0" creator="24761" date_created="2004-01-01 00:00:00.0" changed_by="24761" date_changed="2012-09-12 11:13:38.0" uuid="3cce6116-26fe-102b-80cb-0017a47871b2"/>
  <concept_name concept_id="174" name="Unspecified sexually transmitted disease" locale="en" creator="24761" date_created="2011-05-19 15:06:11.0" concept_name_id="14344" voided="0" uuid="ed80c561-274f-4d43-b522-4eb2428afa0b" locale_preferred="false"/>
  <concept_name concept_id="174" name="SEXUALLY TRANSMITTED INFECTION DIAGNOSIS" locale="en" creator="24761" date_created="2004-01-01 00:00:00.0" concept_name_id="180" voided="0" uuid="3e0b767c-26fe-102b-80cb-0017a47871b2" concept_name_type="FULLY_SPECIFIED" locale_preferred="true"/>
  <concept_name concept_id="174" name="STI,FEMALES" locale="en" creator="24761" date_created="2005-02-16 11:29:18.0" concept_name_id="7695" voided="0" uuid="95694f5e-07d4-102c-b5fa-0017a47871b2" locale_preferred="false"/>
  <concept_name concept_id="174" name="STI" locale="en" creator="24761" date_created="2005-02-16 11:29:18.0" concept_name_id="7692" voided="0" uuid="956942ca-07d4-102c-b5fa-0017a47871b2" locale_preferred="false"/>
  <concept concept_id="60" retired="0" datatype_id="4" class_id="4" is_set="0" creator="24761" date_created="2004-01-01 07:00:00.0" version="" changed_by="24761" date_changed="2011-11-17 15:52:26.0" uuid="3cccaab0-26fe-102b-80cb-0017a47871b2"/>
  <concept_name concept_id="60" name="MENINGITIS" locale="en" creator="24761" date_created="2004-01-01 07:00:00.0" concept_name_id="63" voided="0" uuid="3e09f32e-26fe-102b-80cb-0017a47871b2" concept_name_type="FULLY_SPECIFIED" locale_preferred="false"/>
  <concept concept_id="58" retired="0" datatype_id="10" class_id="4" is_set="0" creator="24761" date_created="2004-01-01 07:00:00.0" changed_by="24761" date_changed="2012-09-12 11:13:32.0" uuid="3ccca7cc-26fe-102b-80cb-0017a47871b2"/>
  <concept_name concept_id="58" name="TUBERCULOSIS NOS" locale="en" creator="24761" date_created="2005-02-14 13:42:49.0" concept_name_id="7839" voided="0" uuid="956bbdac-07d4-102c-b5fa-0017a47871b2" locale_preferred="false"/>
  <concept_name concept_id="58" name="TUBERCULOSIS" locale="en" creator="24761" date_created="2004-01-01 07:00:00.0" concept_name_id="60" voided="0" uuid="0b55f86e-15f5-102d-96e4-000c29c2a5d7" concept_name_type="FULLY_SPECIFIED" locale_preferred="true"/>
  <concept_name concept_id="58" name="ACTIVE TB" locale="en" creator="24761" date_created="2006-04-05 22:25:36.0" concept_name_id="6394" voided="0" uuid="93ebe57e-07d4-102c-b5fa-0017a47871b2" locale_preferred="false"/>
  <concept_name concept_id="58" name="TB" locale="en" creator="24761" date_created="2004-01-01 07:00:00.0" concept_name_id="5433" voided="0" uuid="0b7b1c7a-15f5-102d-96e4-000c29c2a5d7" concept_name_type="SHORT" locale_preferred="false"/>
  <concept concept_id="43" retired="0" datatype_id="4" class_id="4" is_set="0" creator="24761" date_created="2004-01-01 07:00:00.0" version="" changed_by="24761" date_changed="2011-11-17 15:52:17.0" uuid="3ccc91c4-26fe-102b-80cb-0017a47871b2"/>
  <concept_name concept_id="43" name="PNEUMONIA" locale="en" creator="24761" date_created="2004-01-01 07:00:00.0" concept_name_id="45" voided="0" uuid="3e09d7e0-26fe-102b-80cb-0017a47871b2" concept_name_type="FULLY_SPECIFIED" locale_preferred="false"/>
  <concept_name concept_id="43" name="PNEUMONIA NOS" locale="en" creator="24761" date_created="2005-01-06 07:00:00.0" concept_name_id="7447" voided="0" void_reason="" uuid="95635cfc-07d4-102c-b5fa-0017a47871b2" locale_preferred="false"/>
  <concept concept_id="298" retired="0" datatype_id="4" class_id="4" is_set="0" creator="24761" date_created="2004-01-01 07:00:00.0" version="" changed_by="24761" date_changed="2011-11-17 15:52:20.0" uuid="3ccf3d70-26fe-102b-80cb-0017a47871b2"/>
  <concept_name concept_id="298" name="VAGINAL CANDIDIASIS" locale="en" creator="24761" date_created="2004-10-20 06:00:00.0" concept_name_id="7864" voided="0" uuid="956c19f0-07d4-102c-b5fa-0017a47871b2" locale_preferred="false"/>
  <concept_name concept_id="298" name="CANDIDIASIS, VAGINAL" locale="en" creator="24761" date_created="2004-01-01 07:00:00.0" concept_name_id="310" voided="0" uuid="3e0cc09a-26fe-102b-80cb-0017a47871b2" concept_name_type="FULLY_SPECIFIED" locale_preferred="false"/>
  <concept concept_id="370" retired="0" datatype_id="4" class_id="4" is_set="0" creator="24761" date_created="2004-01-01 07:00:00.0" version="" changed_by="24761" date_changed="2011-11-17 15:52:26.0" uuid="3ccfb6d8-26fe-102b-80cb-0017a47871b2"/>
  <concept_name concept_id="370" name="URETHRITIS" locale="en" creator="24761" date_created="2004-01-01 07:00:00.0" concept_name_id="382" voided="0" uuid="3e0d62c0-26fe-102b-80cb-0017a47871b2" concept_name_type="FULLY_SPECIFIED" locale_preferred="false"/>
  <concept concept_id="1431" retired="1" datatype_id="4" class_id="13" is_set="0" creator="24761" date_created="2006-07-14 20:59:39.0" changed_by="24761" date_changed="2012-09-12 11:17:02.0" retired_by="24761" date_retired="2012-09-12 11:17:01.0" uuid="3cda44ea-26fe-102b-80cb-0017a47871b2"/>
  <concept_name concept_id="1431" name="DIARRHEA CHRONIC (GREATER THAN OR EQUAL TO 1 MONTH)" locale="en" creator="24761" date_created="2006-07-14 20:59:39.0" concept_name_id="1548" voided="0" uuid="3e19ff1c-26fe-102b-80cb-0017a47871b2" concept_name_type="FULLY_SPECIFIED" locale_preferred="true"/>
  <concept concept_id="684" retired="0" datatype_id="4" class_id="4" is_set="0" creator="24761" date_created="2004-01-01 00:00:00.0" version="" changed_by="24761" date_changed="2011-11-17 15:52:22.0" uuid="3cd35c5c-26fe-102b-80cb-0017a47871b2"/>
  <concept_name concept_id="684" name="T VAGINALIS" locale="en" creator="24761" date_created="2004-10-20 00:00:00.0" concept_name_id="7726" voided="0" uuid="9569c880-07d4-102c-b5fa-0017a47871b2" locale_preferred="false"/>
  <concept_name concept_id="684" name="TRICHOMONAS VAGINALIS" locale="en" creator="24761" date_created="2004-10-20 00:00:00.0" concept_name_id="7821" voided="0" uuid="956b7856-07d4-102c-b5fa-0017a47871b2" locale_preferred="false"/>
  <concept_name concept_id="684" name="TRICHOMONAS" locale="en" creator="24761" date_created="2004-01-01 00:00:00.0" concept_name_id="698" voided="0" uuid="3e10fa20-26fe-102b-80cb-0017a47871b2" concept_name_type="FULLY_SPECIFIED" locale_preferred="false"/>
  <concept concept_id="2155" retired="0" datatype_id="4" class_id="5" is_set="0" creator="24761" date_created="2007-05-12 18:41:53.0" version="" changed_by="24761" date_changed="2011-11-17 15:52:20.0" uuid="3ce16838-26fe-102b-80cb-0017a47871b2"/>
  <concept_name concept_id="2155" name="BACTERIAL VAGINOSIS, NON-SPECIFIED" locale="en" creator="24761" date_created="2007-05-12 18:41:53.0" concept_name_id="2334" voided="0" uuid="3e223bc8-26fe-102b-80cb-0017a47871b2" concept_name_type="FULLY_SPECIFIED" locale_preferred="false"/>
  <concept concept_id="5993" retired="0" datatype_id="4" class_id="13" is_set="0" creator="24761" date_created="2004-08-12 06:00:00.0" version="" changed_by="24761" date_changed="2011-11-17 15:52:16.0" uuid="3cf1ddc6-26fe-102b-80cb-0017a47871b2"/>
  <concept_name concept_id="5993" name="VAGINAL DISCHARGE" locale="en" creator="24761" date_created="2004-08-12 06:00:00.0" concept_name_id="4369" voided="0" uuid="3e44af00-26fe-102b-80cb-0017a47871b2" concept_name_type="FULLY_SPECIFIED" locale_preferred="false"/>
  <concept_name concept_id="5993" name="AVD" locale="en" creator="24761" date_created="2009-05-07 17:05:48.0" concept_name_id="8972" voided="0" uuid="f0ec969c-b5f7-45ee-8660-c499a3b8211e" concept_name_type="SHORT" locale_preferred="false"/>
  <concept concept_id="1598" retired="0" datatype_id="4" class_id="4" is_set="0" creator="24761" date_created="2006-09-06 15:50:53.0" changed_by="24761" date_changed="2012-09-12 11:17:56.0" uuid="3cdc346c-26fe-102b-80cb-0017a47871b2"/>
  <concept_name concept_id="1598" name="PNEUMOPATHY" locale="en" creator="24761" date_created="2006-09-06 15:50:53.0" concept_name_id="1739" voided="0" uuid="3e1bddf0-26fe-102b-80cb-0017a47871b2" concept_name_type="FULLY_SPECIFIED" locale_preferred="true"/>
  <concept concept_id="1352" retired="0" datatype_id="4" class_id="13" is_set="0" creator="24761" date_created="2006-06-08 02:53:22.0" changed_by="24761" date_changed="2012-09-12 11:16:03.0" uuid="3cd9c77c-26fe-102b-80cb-0017a47871b2"/>
  <concept_name concept_id="1352" name="WEIGHT LOSS GREATER THAN TEN PERCENT" locale="en" creator="24761" date_created="2006-06-08 02:53:22.0" concept_name_id="1424" voided="0" uuid="3e189bd6-26fe-102b-80cb-0017a47871b2" concept_name_type="FULLY_SPECIFIED" locale_preferred="true"/>
  <concept concept_id="141" retired="0" datatype_id="4" class_id="4" is_set="0" creator="24761" date_created="2004-01-01 07:00:00.0" version="" changed_by="24761" date_changed="2011-11-17 15:52:26.0" uuid="3ccd2b02-26fe-102b-80cb-0017a47871b2"/>
  <concept_name concept_id="141" name="ENTERIC FEVER" locale="en" creator="24761" date_created="2005-02-14 17:43:33.0" concept_name_id="6863" voided="0" uuid="93f6488e-07d4-102c-b5fa-0017a47871b2" locale_preferred="false"/>
  <concept_name concept_id="141" name="TYPHOID FEVER" locale="en" creator="24761" date_created="2004-01-01 07:00:00.0" concept_name_id="146" voided="0" uuid="3e0b415c-26fe-102b-80cb-0017a47871b2" concept_name_type="FULLY_SPECIFIED" locale_preferred="false"/>
  <concept concept_id="207" retired="0" datatype_id="4" class_id="4" is_set="0" creator="24761" date_created="2004-01-01 07:00:00.0" version="" changed_by="24761" date_changed="2011-11-17 15:52:15.0" uuid="3cce9514-26fe-102b-80cb-0017a47871b2"/>
  <concept_name concept_id="207" name="DEPRESSION" locale="en" creator="24761" date_created="2004-01-01 07:00:00.0" concept_name_id="218" voided="0" uuid="3e0bf55c-26fe-102b-80cb-0017a47871b2" concept_name_type="FULLY_SPECIFIED" locale_preferred="false"/>
  <concept_name concept_id="207" name="DEPRESSIVE EPISODE" locale="en" creator="24761" date_created="2005-02-18 08:37:25.0" concept_name_id="6751" voided="0" void_reason="" uuid="93f48616-07d4-102c-b5fa-0017a47871b2" locale_preferred="false"/>
  <concept concept_id="219" retired="0" datatype_id="4" class_id="4" is_set="0" creator="24761" date_created="2004-01-01 07:00:00.0" version="" changed_by="24761" date_changed="2011-11-17 15:52:15.0" uuid="3ccea7fc-26fe-102b-80cb-0017a47871b2"/>
  <concept_name concept_id="219" name="PSYCHOSIS" locale="en" creator="24761" date_created="2004-01-01 07:00:00.0" concept_name_id="231" voided="0" uuid="3e0c0952-26fe-102b-80cb-0017a47871b2" concept_name_type="FULLY_SPECIFIED" locale_preferred="false"/>
  <concept concept_id="2719" retired="0" datatype_id="4" class_id="4" is_set="0" creator="24761" date_created="2007-10-12 19:35:07.0" version="" changed_by="24761" date_changed="2011-11-17 15:52:15.0" uuid="3ce6b1ee-26fe-102b-80cb-0017a47871b2"/>
  <concept_name concept_id="2719" name="ANXIETY" locale="en" creator="24761" date_created="2007-10-12 19:35:46.0" concept_name_id="6453" voided="0" uuid="93ece974-07d4-102c-b5fa-0017a47871b2" locale_preferred="false"/>
  <concept_name concept_id="2719" name="ANXIETY DISORDER" locale="en" creator="24761" date_created="2007-10-12 19:35:46.0" concept_name_id="2932" voided="0" uuid="3e383392-26fe-102b-80cb-0017a47871b2" concept_name_type="FULLY_SPECIFIED" locale_preferred="false"/>
  <concept concept_id="2720" retired="0" datatype_id="4" class_id="4" is_set="0" creator="24761" date_created="2007-10-12 20:03:20.0" version="" changed_by="24761" date_changed="2011-11-17 15:52:26.0" uuid="3ce6b374-26fe-102b-80cb-0017a47871b2"/>
  <concept_name concept_id="2720" name="CONGESTIVE HEART FAILURE" locale="en" creator="24761" date_created="2007-10-12 20:03:20.0" concept_name_id="2934" voided="0" uuid="3e383784-26fe-102b-80cb-0017a47871b2" concept_name_type="FULLY_SPECIFIED" locale_preferred="false"/>
  <concept_name concept_id="2720" name="CONGESTIVE HEART DISEASE" locale="en" creator="24761" date_created="2007-10-12 20:04:39.0" concept_name_id="6675" voided="0" uuid="93f33b1c-07d4-102c-b5fa-0017a47871b2" locale_preferred="false"/>
  <concept_name concept_id="2720" name="chd" locale="en" creator="24761" date_created="2007-10-12 20:03:20.0" concept_name_id="6033" voided="0" uuid="93bf430c-07d4-102c-b5fa-0017a47871b2" concept_name_type="SHORT" locale_preferred="false"/>
  <concept concept_id="223" retired="0" datatype_id="4" class_id="4" is_set="0" creator="24761" date_created="2004-01-01 00:00:00.0" version="" changed_by="24761" date_changed="2011-11-17 15:52:26.0" uuid="3cceae50-26fe-102b-80cb-0017a47871b2"/>
  <concept_name concept_id="223" name="SYPHILIS" locale="en" creator="24761" date_created="2004-01-01 00:00:00.0" concept_name_id="235" voided="0" uuid="3e0c0f1a-26fe-102b-80cb-0017a47871b2" concept_name_type="FULLY_SPECIFIED" locale_preferred="false"/>
  <concept concept_id="1213" retired="0" datatype_id="4" class_id="4" is_set="0" creator="24761" date_created="2005-02-09 00:00:00.0" version="" changed_by="24761" date_changed="2011-11-17 15:52:22.0" uuid="3cd80b44-26fe-102b-80cb-0017a47871b2"/>
  <concept_name concept_id="1213" name="HPV" locale="en" creator="24761" date_created="2005-02-09 00:00:00.0" concept_name_id="7067" voided="0" uuid="94abae4a-07d4-102c-b5fa-0017a47871b2" locale_preferred="false"/>
  <concept_name concept_id="1213" name="HUMAN PAPILLOMAVIRUS" locale="en" creator="24761" date_created="2005-02-09 00:00:00.0" concept_name_id="1251" voided="0" uuid="3e16e516-26fe-102b-80cb-0017a47871b2" concept_name_type="FULLY_SPECIFIED" locale_preferred="false"/>
  <concept concept_id="902" retired="0" datatype_id="4" class_id="4" is_set="0" creator="24761" date_created="2004-06-23 06:00:00.0" version="" changed_by="24761" date_changed="2011-11-17 15:52:16.0" uuid="3cd4ff6c-26fe-102b-80cb-0017a47871b2"/>
  <concept_name concept_id="902" name="PID" locale="en" creator="24761" date_created="2004-06-23 06:00:00.0" concept_name_id="5474" voided="0" uuid="93a46bcc-07d4-102c-b5fa-0017a47871b2" concept_name_type="SHORT" locale_preferred="false"/>
  <concept_name concept_id="902" name="PELVIC INFLAMMATORY DISEASE" locale="en" creator="24761" date_created="2004-06-23 06:00:00.0" concept_name_id="925" voided="0" uuid="3e12e330-26fe-102b-80cb-0017a47871b2" concept_name_type="FULLY_SPECIFIED" locale_preferred="false"/>
  <concept_name concept_id="902" name="PID" locale="en" creator="24761" date_created="2004-10-20 06:00:00.0" concept_name_id="7426" voided="0" uuid="95630842-07d4-102c-b5fa-0017a47871b2" locale_preferred="false"/>
  <concept concept_id="14" retired="0" datatype_id="4" class_id="4" is_set="0" creator="24761" date_created="2004-04-02 07:00:00.0" version="" changed_by="24761" date_changed="2011-11-17 15:52:17.0" uuid="3ccc6636-26fe-102b-80cb-0017a47871b2"/>
  <concept_name concept_id="14" name="AMOEBIC DYSENTRY" locale="en" creator="24761" date_created="2005-02-12 18:39:55.0" concept_name_id="6431" voided="0" uuid="93ec8a06-07d4-102c-b5fa-0017a47871b2" locale_preferred="false"/>
  <concept_name concept_id="14" name="DIARRHEA, PARASITE" locale="en" creator="24761" date_created="2004-04-02 07:00:00.0" concept_name_id="15" voided="0" uuid="3e09ac8e-26fe-102b-80cb-0017a47871b2" concept_name_type="FULLY_SPECIFIED" locale_preferred="false"/>
  <concept_name concept_id="14" name="AMOEBIC DIARRHOEA" locale="en" creator="24761" date_created="2005-02-12 18:39:55.0" concept_name_id="6430" voided="0" uuid="93ec8592-07d4-102c-b5fa-0017a47871b2" locale_preferred="false"/>
  <concept concept_id="2736" retired="0" datatype_id="4" class_id="4" is_set="0" creator="24761" date_created="2007-10-25 16:07:29.0" version="" changed_by="24761" date_changed="2011-11-17 15:52:23.0" uuid="3ce6cb8e-26fe-102b-80cb-0017a47871b2"/>
  <concept_name concept_id="2736" name="DIARRHEA, BACTERIAL" locale="en" creator="24761" date_created="2007-10-25 16:07:29.0" concept_name_id="2954" voided="0" uuid="3e385516-26fe-102b-80cb-0017a47871b2" concept_name_type="FULLY_SPECIFIED" locale_preferred="false"/>
  <concept_name concept_id="2736" name="Other bacterial intestinal infections" locale="en" creator="24761" date_created="2011-05-20 21:38:44.0" concept_name_id="14376" voided="0" uuid="2601860a-7303-4b6b-a274-be1a53c2a2fb" locale_preferred="false"/>
  <concept_name concept_id="2736" name="Bacterial Gastroenteritis" locale="en" creator="24761" date_created="2011-05-20 21:38:44.0" concept_name_id="14375" voided="0" uuid="7bbff110-a26c-4f8f-abca-d6768ea3d664" locale_preferred="false"/>
  <concept concept_id="1372" retired="0" datatype_id="10" class_id="4" is_set="0" creator="24761" date_created="2006-06-14 16:34:47.0" changed_by="24761" date_changed="2012-09-12 11:16:13.0" uuid="3cd9e518-26fe-102b-80cb-0017a47871b2"/>
  <concept_name concept_id="1372" name="CT" locale="en" creator="24761" date_created="2007-10-25 10:53:39.0" concept_name_id="6706" voided="0" uuid="93f3a584-07d4-102c-b5fa-0017a47871b2" locale_preferred="false"/>
  <concept_name concept_id="1372" name="CHLAMYDIA TRACHOMATIS" locale="en" creator="24761" date_created="2006-06-14 16:34:47.0" concept_name_id="1464" voided="0" uuid="3e18dab0-26fe-102b-80cb-0017a47871b2" concept_name_type="FULLY_SPECIFIED" locale_preferred="true"/>
  <concept_name concept_id="1372" name="CHLAMYDIA" locale="en" creator="24761" date_created="2007-10-25 10:52:29.0" concept_name_id="6627" voided="0" uuid="93f2620a-07d4-102c-b5fa-0017a47871b2" locale_preferred="false"/>
  <concept concept_id="1816" retired="0" datatype_id="4" class_id="11" is_set="0" creator="24761" date_created="2006-12-14 21:42:09.0" version="" changed_by="24761" date_changed="2011-11-17 15:52:19.0" uuid="3cde6656-26fe-102b-80cb-0017a47871b2"/>
  <concept_name concept_id="1816" name="GENITAL DISCHARGE" locale="en" creator="24761" date_created="2006-12-14 21:42:09.0" concept_name_id="1977" voided="0" uuid="3e1ec15a-26fe-102b-80cb-0017a47871b2" concept_name_type="FULLY_SPECIFIED" locale_preferred="false"/>
  <concept concept_id="893" retired="0" datatype_id="4" class_id="4" is_set="0" creator="24761" date_created="2004-06-04 00:00:00.0" version="" changed_by="24761" date_changed="2011-11-17 15:52:09.0" uuid="3cd4eca2-26fe-102b-80cb-0017a47871b2"/>
  <concept_name concept_id="893" name="GONORRHOEA" locale="en" creator="24761" date_created="2004-10-20 00:00:00.0" concept_name_id="6979" voided="0" void_reason="" uuid="93f88a0e-07d4-102c-b5fa-0017a47871b2" locale_preferred="false"/>
  <concept_name concept_id="893" name="Gonococcal infection" locale="en" creator="24761" date_created="2011-05-24 22:36:43.0" concept_name_id="14361" voided="0" uuid="88aab84b-4c48-401e-a18f-65de3ccf3796" locale_preferred="false"/>
  <concept_name concept_id="893" name="GC" locale="en" creator="24761" date_created="2007-10-25 10:33:40.0" concept_name_id="6959" voided="0" void_reason="" uuid="93f83540-07d4-102c-b5fa-0017a47871b2" locale_preferred="false"/>
  <concept_name concept_id="893" name="CLAP" locale="en" creator="24761" date_created="2005-02-18 15:30:39.0" concept_name_id="6643" voided="0" void_reason="" uuid="93f2ac2e-07d4-102c-b5fa-0017a47871b2" locale_preferred="false"/>
  <concept_name concept_id="893" name="GONORRHEA" locale="en" creator="24761" date_created="2004-06-04 00:00:00.0" concept_name_id="916" voided="0" uuid="3e12d606-26fe-102b-80cb-0017a47871b2" concept_name_type="FULLY_SPECIFIED" locale_preferred="false"/>
  <concept concept_id="2738" retired="0" datatype_id="4" class_id="4" is_set="0" creator="24761" date_created="2007-10-25 11:01:48.0" version="" changed_by="24761" date_changed="2011-11-17 15:52:27.0" uuid="3ce6ce90-26fe-102b-80cb-0017a47871b2"/>
  <concept_name concept_id="2738" name="SOFT CHANCRE" locale="en" creator="24761" date_created="2007-10-25 11:01:48.0" concept_name_id="7671" voided="0" uuid="95672ab2-07d4-102c-b5fa-0017a47871b2" locale_preferred="false"/>
  <concept_name concept_id="2738" name="GENITAL ULCERS, CHANCROID" locale="en" creator="24761" date_created="2007-10-25 11:01:48.0" concept_name_id="2956" voided="0" uuid="3e38580e-26fe-102b-80cb-0017a47871b2" concept_name_type="FULLY_SPECIFIED" locale_preferred="false"/>
  <concept concept_id="2737" retired="0" datatype_id="4" class_id="4" is_set="0" creator="24761" date_created="2007-10-25 10:59:48.0" version="" changed_by="24761" date_changed="2011-11-17 15:52:27.0" uuid="3ce6cd14-26fe-102b-80cb-0017a47871b2"/>
  <concept_name concept_id="2737" name="GENITAL ULCERS, LGV" locale="en" creator="24761" date_created="2007-10-25 10:59:48.0" concept_name_id="2955" voided="0" uuid="3e385692-26fe-102b-80cb-0017a47871b2" concept_name_type="FULLY_SPECIFIED" locale_preferred="false"/>
  <concept_name concept_id="2737" name="LYMPHOGRANULOMA VENEREUM" locale="en" creator="24761" date_created="2007-10-25 10:59:48.0" concept_name_id="7205" voided="0" uuid="94b66204-07d4-102c-b5fa-0017a47871b2" locale_preferred="false"/>
  <concept concept_id="823" retired="0" datatype_id="4" class_id="4" is_set="0" creator="24761" date_created="2004-05-04 06:00:00.0" version="" changed_by="24761" date_changed="2011-11-17 15:52:27.0" uuid="3cd474de-26fe-102b-80cb-0017a47871b2"/>
  <concept_name concept_id="823" name="Cachexia" locale="en" creator="24761" date_created="2011-04-13 23:31:44.0" concept_name_id="14380" voided="0" uuid="44ca9a8b-0732-47e1-ba70-03b1603b25e9" locale_preferred="false"/>
  <concept_name concept_id="823" name="WASTING SYNDROME" locale="en" creator="24761" date_created="2004-05-04 06:00:00.0" concept_name_id="841" voided="0" uuid="3e122ad0-26fe-102b-80cb-0017a47871b2" concept_name_type="FULLY_SPECIFIED" locale_preferred="false"/>
  <concept concept_id="2849" retired="0" datatype_id="4" class_id="5" is_set="0" creator="24761" date_created="2007-11-06 19:56:08.0" version="" changed_by="24761" date_changed="2011-11-17 15:52:27.0" uuid="3ce853fa-26fe-102b-80cb-0017a47871b2"/>
  <concept_name concept_id="2849" name="SYPHILIS WITHOUT GENITAL ULCERS" locale="en" creator="24761" date_created="2007-11-06 19:56:08.0" concept_name_id="3067" voided="0" uuid="3e39e7e6-26fe-102b-80cb-0017a47871b2" concept_name_type="FULLY_SPECIFIED" locale_preferred="false"/>
  <concept concept_id="2850" retired="0" datatype_id="4" class_id="5" is_set="0" creator="24761" date_created="2007-11-06 19:57:21.0" version="" changed_by="24761" date_changed="2011-11-17 15:52:27.0" uuid="3ce8556c-26fe-102b-80cb-0017a47871b2"/>
  <concept_name concept_id="2850" name="SYPHILIS WITH GENITAL ULCERS" locale="en" creator="24761" date_created="2007-11-06 19:57:21.0" concept_name_id="3068" voided="0" uuid="3e39e944-26fe-102b-80cb-0017a47871b2" concept_name_type="FULLY_SPECIFIED" locale_preferred="false"/>
  <concept concept_id="2857" retired="0" datatype_id="4" class_id="4" is_set="0" creator="24761" date_created="2007-11-28 11:40:15.0" version="" changed_by="24761" date_changed="2011-11-17 15:52:21.0" uuid="3ce85fa8-26fe-102b-80cb-0017a47871b2"/>
  <concept_name concept_id="2857" name="VAGINAL/URETHRAL DISCHARGE NON-GC" locale="en" creator="24761" date_created="2007-11-28 11:40:15.0" concept_name_id="3075" voided="0" uuid="3e39f42a-26fe-102b-80cb-0017a47871b2" concept_name_type="FULLY_SPECIFIED" locale_preferred="false"/>
  <concept concept_id="1358" retired="0" datatype_id="4" class_id="4" is_set="0" creator="24761" date_created="2006-06-14 05:16:47.0" version="" changed_by="24761" date_changed="2011-11-17 15:52:15.0" uuid="3cd9d064-26fe-102b-80cb-0017a47871b2"/>
  <concept_name concept_id="1358" name="MENINGITIS ACUTE BACTERIAL" locale="en" creator="24761" date_created="2006-06-14 05:16:47.0" concept_name_id="1436" voided="0" uuid="3e18ad4c-26fe-102b-80cb-0017a47871b2" concept_name_type="FULLY_SPECIFIED" locale_preferred="false"/>
  <concept concept_id="2931" retired="0" datatype_id="4" class_id="5" is_set="0" creator="24761" date_created="2008-02-08 17:54:34.0" version="" changed_by="24761" date_changed="2011-11-17 15:52:23.0" uuid="2ea5a7fc-85dc-4472-838c-0f49011a1903"/>
  <concept_name concept_id="2931" name="RASH, OTHER" locale="en" creator="24761" date_created="2008-02-08 17:54:34.0" concept_name_id="3151" voided="0" uuid="0b6aa322-15f5-102d-96e4-000c29c2a5d7" concept_name_type="FULLY_SPECIFIED" locale_preferred="false"/>
  <concept concept_id="2930" retired="0" datatype_id="4" class_id="4" is_set="0" creator="24761" date_created="2008-02-08 17:50:01.0" version="" changed_by="24761" date_changed="2011-11-17 15:52:27.0" uuid="ac9a4589-f884-48fe-b670-3833988dda98"/>
  <concept_name concept_id="2930" name="OTHER ENTERITIS" locale="en" creator="24761" date_created="2008-02-08 17:50:01.0" concept_name_id="3150" voided="0" uuid="0b6aa228-15f5-102d-96e4-000c29c2a5d7" concept_name_type="FULLY_SPECIFIED" locale_preferred="false"/>
  <concept concept_id="1363" retired="0" datatype_id="4" class_id="4" is_set="0" creator="24761" date_created="2006-06-14 05:31:19.0" changed_by="24761" date_changed="2012-09-12 11:16:09.0" uuid="3cd9d7da-26fe-102b-80cb-0017a47871b2"/>
  <concept_name concept_id="1363" name="ENCEPHALOPATHY PRESUMED NOT DUE TO HIV" locale="en" creator="24761" date_created="2006-06-14 05:31:19.0" concept_name_id="1446" voided="0" uuid="3e18bbde-26fe-102b-80cb-0017a47871b2" concept_name_type="FULLY_SPECIFIED" locale_preferred="true"/>
  <concept concept_id="140" retired="0" datatype_id="4" class_id="4" is_set="0" creator="24761" date_created="2004-01-01 07:00:00.0" version="" changed_by="24761" date_changed="2011-11-17 15:52:27.0" uuid="3ccd2986-26fe-102b-80cb-0017a47871b2"/>
  <concept_name concept_id="140" name="SCABIES" locale="en" creator="24761" date_created="2004-01-01 07:00:00.0" concept_name_id="145" voided="0" uuid="3e0b3fe0-26fe-102b-80cb-0017a47871b2" concept_name_type="FULLY_SPECIFIED" locale_preferred="false"/>
  <concept concept_id="144" retired="0" datatype_id="4" class_id="4" is_set="0" creator="24761" date_created="2004-01-01 07:00:00.0" version="" changed_by="24761" date_changed="2011-11-17 15:52:17.0" uuid="3ccd398a-26fe-102b-80cb-0017a47871b2"/>
  <concept_name concept_id="144" name="SCALP RINGWORM" locale="en" creator="24761" date_created="2005-02-14 17:45:53.0" concept_name_id="7611" voided="0" void_reason="" uuid="95664eda-07d4-102c-b5fa-0017a47871b2" locale_preferred="false"/>
  <concept_name concept_id="144" name="TINEA CAPITIS" locale="en" creator="24761" date_created="2004-01-01 07:00:00.0" concept_name_id="149" voided="0" uuid="3e0b45b2-26fe-102b-80cb-0017a47871b2" concept_name_type="FULLY_SPECIFIED" locale_preferred="false"/>
  <concept_name concept_id="144" name="RINGWORM OF THE SCALP" locale="en" creator="24761" date_created="2005-02-14 17:45:53.0" concept_name_id="7588" voided="0" void_reason="" uuid="9565edb4-07d4-102c-b5fa-0017a47871b2" locale_preferred="false"/>
  <concept concept_id="199" retired="0" datatype_id="4" class_id="4" is_set="0" creator="24761" date_created="2004-01-01 07:00:00.0" version="" changed_by="24761" date_changed="2011-11-17 15:52:23.0" uuid="3cce889e-26fe-102b-80cb-0017a47871b2"/>
  <concept_name concept_id="199" name="WORM INFESTATION" locale="en" creator="24761" date_created="2009-05-07 17:04:17.0" concept_name_id="8970" voided="0" void_reason="" uuid="1fca0e15-1372-4e70-85a8-fe1adf8f3b78" locale_preferred="false"/>
  <concept_name concept_id="199" name="Parasites" locale="en" creator="24761" date_created="2010-11-16 22:17:05.0" concept_name_id="14181" voided="0" void_reason="" uuid="da3df712-d618-4a49-ae4c-a2f32be1e0b4" locale_preferred="false"/>
  <concept_name concept_id="199" name="WORMS, INTESTINAL" locale="en" creator="24761" date_created="2004-10-20 06:00:00.0" concept_name_id="7899" voided="0" void_reason="" uuid="956caf5a-07d4-102c-b5fa-0017a47871b2" locale_preferred="false"/>
  <concept_name concept_id="199" name="Other helminthiases" locale="en" creator="24761" date_created="2011-05-20 21:58:52.0" concept_name_id="14378" voided="0" uuid="0a4319b7-e17a-4eb8-a02c-d5be25c95c50" locale_preferred="false"/>
  <concept_name concept_id="199" name="HELMINTHIASIS" locale="en" creator="24761" date_created="2004-01-01 07:00:00.0" concept_name_id="208" voided="0" uuid="3e0bdd24-26fe-102b-80cb-0017a47871b2" concept_name_type="FULLY_SPECIFIED" locale_preferred="false"/>
  <concept_name concept_id="199" name="WORMS NOS" locale="en" creator="24761" date_created="2004-10-20 06:00:00.0" concept_name_id="7898" voided="0" void_reason="" uuid="956caad2-07d4-102c-b5fa-0017a47871b2" locale_preferred="false"/>
  <concept concept_id="3110" retired="0" datatype_id="4" class_id="4" is_set="0" creator="24761" date_created="2008-05-28 21:54:05.0" version="" changed_by="24761" date_changed="2011-11-17 15:52:25.0" uuid="fac0b0d9-945b-40a9-a865-2176f61f6059"/>
  <concept_name concept_id="3110" name="VIRAL MENINGITIS" locale="en" creator="24761" date_created="2008-05-28 21:54:05.0" concept_name_id="3330" voided="0" uuid="0b6b5a06-15f5-102d-96e4-000c29c2a5d7" concept_name_type="FULLY_SPECIFIED" locale_preferred="false"/>
  <concept concept_id="206" retired="0" datatype_id="4" class_id="4" is_set="0" creator="24761" date_created="2004-01-01 07:00:00.0" changed_by="24761" date_changed="2012-09-12 11:13:42.0" uuid="3cce938e-26fe-102b-80cb-0017a47871b2"/>
  <concept_name concept_id="206" name="SEIZURE" locale="en" creator="24761" date_created="2004-01-01 07:00:00.0" concept_name_id="216" voided="0" uuid="3e0bf098-26fe-102b-80cb-0017a47871b2" concept_name_type="FULLY_SPECIFIED" locale_preferred="true"/>
  <concept_name concept_id="206" name="CONVULSIONS" locale="en" creator="24761" date_created="2009-06-25 20:33:28.0" concept_name_id="9176" voided="0" uuid="0b93371a-15f5-102d-96e4-000c29c2a5d7" locale_preferred="false"/>
  <concept_name concept_id="206" name="CONVULSION" locale="en" creator="24761" date_created="2005-02-18 08:35:46.0" concept_name_id="6683" voided="0" uuid="93f363b2-07d4-102c-b5fa-0017a47871b2" locale_preferred="false"/>
  <concept concept_id="172" retired="0" datatype_id="4" class_id="4" is_set="0" creator="24761" date_created="2004-01-01 07:00:00.0" version="" changed_by="24761" date_changed="2011-11-17 15:52:16.0" uuid="3cce5dd8-26fe-102b-80cb-0017a47871b2"/>
  <concept_name concept_id="172" name="Gastritis and duodenitis" locale="en" creator="24761" date_created="2011-05-20 21:25:04.0" concept_name_id="14362" voided="0" uuid="4f80e047-99ae-4ce7-a235-f3cc962f8d8d" locale_preferred="false"/>
  <concept_name concept_id="172" name="Gastritis and Gastroduodenitis" locale="en" creator="24761" date_created="2011-05-20 21:25:04.0" concept_name_id="14363" voided="0" uuid="96882f10-c39c-4079-914c-e9decb6f9938" locale_preferred="false"/>
  <concept_name concept_id="172" name="GASTRITIS" locale="en" creator="24761" date_created="2004-01-01 07:00:00.0" concept_name_id="178" voided="0" uuid="3e0b7384-26fe-102b-80cb-0017a47871b2" concept_name_type="FULLY_SPECIFIED" locale_preferred="false"/>
  <concept concept_id="3107" retired="0" datatype_id="4" class_id="4" is_set="0" creator="24761" date_created="2008-05-28 21:51:37.0" version="" changed_by="24761" date_changed="2011-11-17 15:52:27.0" uuid="23bf765a-30ab-45a3-b231-aa1131eddfd8"/>
  <concept_name concept_id="3107" name="GASTRITIS WITH HEMORRHAGE" locale="en" creator="24761" date_created="2008-05-28 21:51:37.0" concept_name_id="3327" voided="0" uuid="0b6b574a-15f5-102d-96e4-000c29c2a5d7" concept_name_type="FULLY_SPECIFIED" locale_preferred="false"/>
  <concept concept_id="3109" retired="0" datatype_id="4" class_id="4" is_set="0" creator="24761" date_created="2008-05-28 21:53:16.0" version="" changed_by="24761" date_changed="2011-11-17 15:52:21.0" uuid="a2a69b56-9e5a-46c3-ac93-f867e1c9df6b"/>
  <concept_name concept_id="3109" name="UNSPECIFIED MENINGITIS" locale="en" creator="24761" date_created="2008-05-28 21:53:16.0" concept_name_id="3329" voided="0" uuid="0b6b5920-15f5-102d-96e4-000c29c2a5d7" concept_name_type="FULLY_SPECIFIED" locale_preferred="false"/>
  <concept concept_id="996" retired="0" datatype_id="4" class_id="4" is_set="0" creator="24761" date_created="2006-06-04 16:23:56.0" changed_by="24761" date_changed="2012-09-12 11:14:42.0" uuid="3cd67d1a-26fe-102b-80cb-0017a47871b2"/>
  <concept_name concept_id="996" name="CVD" locale="en" creator="24761" date_created="2006-06-04 16:23:56.0" concept_name_id="6716" voided="0" uuid="93f3d734-07d4-102c-b5fa-0017a47871b2" locale_preferred="false"/>
  <concept_name concept_id="996" name="CARDIOVASCULAR DISEASE" locale="en" creator="24761" date_created="2006-06-04 16:23:56.0" concept_name_id="1031" voided="0" uuid="3e146502-26fe-102b-80cb-0017a47871b2" concept_name_type="FULLY_SPECIFIED" locale_preferred="true"/>
  <concept concept_id="2135" retired="0" datatype_id="4" class_id="13" is_set="0" creator="24761" date_created="2007-05-12 16:23:32.0" version="" changed_by="24761" date_changed="2011-11-17 15:52:23.0" uuid="3ce14aba-26fe-102b-80cb-0017a47871b2"/>
  <concept_name concept_id="2135" name="DIARRHEA, BLOODY" locale="en" creator="24761" date_created="2007-05-12 16:23:32.0" concept_name_id="2304" voided="0" uuid="3e21fc3a-26fe-102b-80cb-0017a47871b2" concept_name_type="FULLY_SPECIFIED" locale_preferred="false"/>
  <concept_name concept_id="2135" name="Diarrhea with bleeding" locale="en" creator="24761" date_created="2011-05-18 22:13:30.0" concept_name_id="14381" voided="0" void_reason="" uuid="3c7def25-12b6-494d-9e54-28452f4d52ba" locale_preferred="false"/>
  <concept concept_id="120" retired="0" datatype_id="4" class_id="4" is_set="0" creator="24761" date_created="2004-01-01 07:00:00.0" version="" changed_by="24761" date_changed="2011-11-17 15:52:08.0" uuid="3ccd0a64-26fe-102b-80cb-0017a47871b2"/>
  <concept_name concept_id="120" name="RASH ALLERGIC" locale="en" creator="24761" date_created="2005-02-17 16:31:26.0" concept_name_id="7514" voided="0" uuid="956456a2-07d4-102c-b5fa-0017a47871b2" locale_preferred="false"/>
  <concept_name concept_id="120" name="DERMATITIS, ALLERGIC" locale="en" creator="24761" date_created="2004-01-01 07:00:00.0" concept_name_id="124" voided="0" uuid="3e0b0f48-26fe-102b-80cb-0017a47871b2" concept_name_type="FULLY_SPECIFIED" locale_preferred="false"/>
  <concept_name concept_id="120" name="ALLERGIC DERMATITIS" locale="en" creator="24761" date_created="2005-02-16 18:02:12.0" concept_name_id="6417" voided="0" uuid="93ec4e9c-07d4-102c-b5fa-0017a47871b2" locale_preferred="false"/>
  <concept_name concept_id="120" name="ALLERGIC RASH" locale="en" creator="24761" date_created="2005-02-17 16:31:26.0" concept_name_id="6419" voided="0" uuid="93ec57f2-07d4-102c-b5fa-0017a47871b2" locale_preferred="false"/>
  <concept concept_id="3111" retired="0" datatype_id="4" class_id="4" is_set="0" creator="24761" date_created="2008-05-28 21:57:43.0" version="" changed_by="24761" date_changed="2011-11-17 15:52:21.0" uuid="dfd88507-695f-4eb6-99e8-52d7c5f9ba2f"/>
  <concept_name concept_id="3111" name="GENITOURINARY PROBLEM" locale="en" creator="24761" date_created="2008-05-28 21:57:43.0" concept_name_id="3331" voided="0" uuid="0b6b612c-15f5-102d-96e4-000c29c2a5d7" concept_name_type="FULLY_SPECIFIED" locale_preferred="false"/>
  <concept concept_id="972" retired="0" datatype_id="4" class_id="12" is_set="0" creator="24761" date_created="2006-03-23 00:12:40.0" changed_by="24761" date_changed="2012-09-12 11:14:26.0" uuid="3cd659ac-26fe-102b-80cb-0017a47871b2"/>
  <concept_name concept_id="972" name="FOCAL NEUROLOGICAL DEFICIT" locale="en" creator="24761" date_created="2006-03-23 00:12:40.0" concept_name_id="998" voided="0" uuid="3e14175a-26fe-102b-80cb-0017a47871b2" concept_name_type="FULLY_SPECIFIED" locale_preferred="true"/>
  <concept_name concept_id="972" name="Focal defect" locale="en" creator="24761" date_created="2006-03-23 00:12:40.0" concept_name_id="5480" voided="0" uuid="93b3ba46-07d4-102c-b5fa-0017a47871b2" concept_name_type="SHORT" locale_preferred="false"/>
  <concept concept_id="937" retired="0" datatype_id="4" class_id="4" is_set="0" creator="24761" date_created="2004-07-28 06:00:00.0" version="" changed_by="24761" date_changed="2011-11-17 15:52:15.0" uuid="3cd54256-26fe-102b-80cb-0017a47871b2"/>
  <concept_name concept_id="937" name="DERMATOPHYTOSIS" locale="en" creator="24761" date_created="2004-07-28 06:00:00.0" concept_name_id="961" voided="0" uuid="3e13b170-26fe-102b-80cb-0017a47871b2" concept_name_type="FULLY_SPECIFIED" locale_preferred="false"/>
  <concept_name concept_id="937" name="FUNGAL SKIN INFECTION" locale="en" creator="24761" date_created="2004-10-20 06:00:00.0" concept_name_id="6947" voided="0" uuid="93f80278-07d4-102c-b5fa-0017a47871b2" locale_preferred="false"/>
  <concept_name concept_id="937" name="SKIN INFECTION, FUNGAL" locale="en" creator="24761" date_created="2004-10-20 06:00:00.0" concept_name_id="7656" voided="0" uuid="9566f3a8-07d4-102c-b5fa-0017a47871b2" locale_preferred="false"/>
  <concept_name concept_id="937" name="FUNGAL INFECTION SKIN" locale="en" creator="24761" date_created="2004-10-20 06:00:00.0" concept_name_id="6946" voided="0" uuid="93f7fd5a-07d4-102c-b5fa-0017a47871b2" locale_preferred="false"/>
  <concept concept_id="901" retired="0" datatype_id="4" class_id="13" is_set="0" creator="24761" date_created="2004-06-23 06:00:00.0" version="" changed_by="24761" date_changed="2011-11-17 15:52:22.0" uuid="3cd4fd00-26fe-102b-80cb-0017a47871b2"/>
  <concept_name concept_id="901" name="Fever of other and unknown origin" locale="en" creator="24761" date_created="2011-05-18 19:25:39.0" concept_name_id="14374" voided="0" uuid="ac7dc458-4fe6-4c79-9491-362dac31f8a1" locale_preferred="false"/>
  <concept_name concept_id="901" name="PUO" locale="en" creator="24761" date_created="2005-02-09 07:00:00.0" concept_name_id="7501" voided="0" void_reason="" uuid="9564284e-07d4-102c-b5fa-0017a47871b2" locale_preferred="false"/>
  <concept_name concept_id="901" name="FEVER OF UNKNOWN ORIGIN" locale="en" creator="24761" date_created="2004-06-23 06:00:00.0" concept_name_id="924" voided="0" uuid="3e12e1be-26fe-102b-80cb-0017a47871b2" concept_name_type="FULLY_SPECIFIED" locale_preferred="false"/>
  <concept_name concept_id="901" name="FUO" locale="en" creator="24761" date_created="2005-02-09 07:00:00.0" concept_name_id="6949" voided="0" void_reason="" uuid="93f80b1a-07d4-102c-b5fa-0017a47871b2" locale_preferred="false"/>
  <concept_name concept_id="901" name="PYREXIA OF UNKNOWN ORIGIN" locale="en" creator="24761" date_created="2005-02-14 15:46:12.0" concept_name_id="7503" voided="0" void_reason="" uuid="95643082-07d4-102c-b5fa-0017a47871b2" locale_preferred="false"/>
  <concept concept_id="3108" retired="0" datatype_id="4" class_id="4" is_set="0" creator="24761" date_created="2008-05-28 21:52:11.0" version="" changed_by="24761" date_changed="2011-11-17 15:52:23.0" uuid="d3b7db43-7ed6-42a5-86d8-1822637b48dc"/>
  <concept_name concept_id="3108" name="GASTRITIS WITHOUT HEMORRHAGE" locale="en" creator="24761" date_created="2008-05-28 21:52:11.0" concept_name_id="3328" voided="0" uuid="0b6b583a-15f5-102d-96e4-000c29c2a5d7" concept_name_type="FULLY_SPECIFIED" locale_preferred="false"/>
  <concept concept_id="512" retired="0" datatype_id="4" class_id="13" is_set="0" creator="24761" date_created="2004-01-01 07:00:00.0" version="" changed_by="24761" date_changed="2011-11-17 15:52:26.0" uuid="3cd182e2-26fe-102b-80cb-0017a47871b2"/>
  <concept_name concept_id="512" name="Rash and other nonspecific skin eruption" locale="en" creator="24761" date_created="2011-05-23 19:06:59.0" concept_name_id="14364" voided="0" uuid="8747c684-759e-43b3-9509-f34f254e0329" locale_preferred="false"/>
  <concept_name concept_id="512" name="RASH" locale="en" creator="24761" date_created="2004-01-01 07:00:00.0" concept_name_id="524" voided="0" uuid="3e0f2132-26fe-102b-80cb-0017a47871b2" concept_name_type="FULLY_SPECIFIED" locale_preferred="false"/>
  <concept concept_id="1365" retired="0" datatype_id="4" class_id="4" is_set="0" creator="24761" date_created="2006-06-14 20:27:43.0" changed_by="24761" date_changed="2012-09-12 11:16:10.0" uuid="3cd9dad2-26fe-102b-80cb-0017a47871b2"/>
  <concept_name concept_id="1365" name="DYSENTERY BACILLIARY" locale="en" creator="24761" date_created="2006-06-14 20:27:43.0" concept_name_id="1450" voided="0" uuid="3e18c1b0-26fe-102b-80cb-0017a47871b2" concept_name_type="FULLY_SPECIFIED" locale_preferred="true"/>
  <concept concept_id="218" retired="0" datatype_id="4" class_id="4" is_set="0" creator="24761" date_created="2004-01-01 07:00:00.0" version="" changed_by="24761" date_changed="2011-11-17 15:52:26.0" uuid="3ccea66c-26fe-102b-80cb-0017a47871b2"/>
  <concept_name concept_id="218" name="OE" locale="en" creator="24761" date_created="2005-02-16 21:12:45.0" concept_name_id="7331" voided="0" void_reason="" uuid="94b83a02-07d4-102c-b5fa-0017a47871b2" locale_preferred="false"/>
  <concept_name concept_id="218" name="OTITIS EXTERNA" locale="en" creator="24761" date_created="2004-01-01 07:00:00.0" concept_name_id="230" voided="0" uuid="3e0c07e0-26fe-102b-80cb-0017a47871b2" concept_name_type="FULLY_SPECIFIED" locale_preferred="false"/>
  <concept concept_id="3588" retired="0" datatype_id="4" class_id="4" is_set="0" creator="24761" date_created="2008-09-15 21:01:17.0" version="" changed_by="24761" date_changed="2011-11-17 15:52:22.0" uuid="aafca29e-a395-4638-9e27-2cddc7ed9146"/>
  <concept_name concept_id="3588" name="ACUTE DIARRHEA" locale="en" creator="24761" date_created="2008-09-15 21:01:17.0" concept_name_id="4943" voided="0" uuid="0b77e3ac-15f5-102d-96e4-000c29c2a5d7" concept_name_type="FULLY_SPECIFIED" locale_preferred="false"/>
  <concept concept_id="5345" retired="0" datatype_id="4" class_id="4" is_set="0" creator="24761" date_created="2004-08-12 06:00:00.0" version="" changed_by="24761" date_changed="2011-11-17 15:52:27.0" uuid="3cebc756-26fe-102b-80cb-0017a47871b2"/>
  <concept_name concept_id="5345" name="ENCEPHALOPATHY" locale="en" creator="24761" date_created="2004-08-12 06:00:00.0" concept_name_id="3714" voided="0" uuid="3e3daa2a-26fe-102b-80cb-0017a47871b2" concept_name_type="FULLY_SPECIFIED" locale_preferred="false"/>
  <concept concept_id="1361" retired="0" datatype_id="2" class_id="7" is_set="0" creator="24761" date_created="2006-06-14 05:26:30.0" changed_by="24761" date_changed="2012-09-12 11:16:06.0" uuid="3cd9d4e2-26fe-102b-80cb-0017a47871b2"/>
  <concept_name concept_id="1361" name="ENCEPHALOPATHY NON FOCAL" locale="en" creator="24761" date_created="2006-06-14 05:26:30.0" concept_name_id="1442" voided="0" uuid="3e18b5f8-26fe-102b-80cb-0017a47871b2" concept_name_type="FULLY_SPECIFIED" locale_preferred="true"/>
  <concept_answer concept_answer_id="907" concept_id="1361" answer_concept="1066" creator="24761" date_created="2006-06-14 05:26:51.0" uuid="3d3f0178-26fe-102b-80cb-0017a47871b2" sort_weight="907.0"/>
  <concept_answer concept_answer_id="908" concept_id="1361" answer_concept="1362" creator="24761" date_created="2006-06-14 05:38:15.0" uuid="3d3f02b8-26fe-102b-80cb-0017a47871b2" sort_weight="908.0"/>
  <concept_answer concept_answer_id="909" concept_id="1361" answer_concept="1363" creator="24761" date_created="2006-06-14 05:38:15.0" uuid="3d3f03ee-26fe-102b-80cb-0017a47871b2" sort_weight="909.0"/>
  <concept_answer concept_answer_id="920" concept_id="1361" answer_concept="1371" creator="24761" date_created="2006-06-14 22:22:52.0" uuid="3d3f11cc-26fe-102b-80cb-0017a47871b2" sort_weight="920.0"/>
  <concept concept_id="68" retired="0" datatype_id="4" class_id="4" is_set="0" creator="24761" date_created="2004-01-01 07:00:00.0" version="" changed_by="24761" date_changed="2011-11-17 15:52:26.0" uuid="3cccb654-26fe-102b-80cb-0017a47871b2"/>
  <concept_name concept_id="68" name="MALNUTRITION" locale="en" creator="24761" date_created="2004-01-01 07:00:00.0" concept_name_id="71" voided="0" uuid="3e0a0594-26fe-102b-80cb-0017a47871b2" concept_name_type="FULLY_SPECIFIED" locale_preferred="false"/>
  <concept concept_id="880" retired="0" datatype_id="4" class_id="5" is_set="0" creator="24761" date_created="2004-05-24 06:00:00.0" version="" changed_by="24761" date_changed="2011-11-17 15:52:40.0" uuid="3cd4cf38-26fe-102b-80cb-0017a47871b2"/>
  <concept_name concept_id="880" name="RHINITIS" locale="en" creator="24761" date_created="2004-05-24 06:00:00.0" concept_name_id="901" voided="0" uuid="3e12bfe0-26fe-102b-80cb-0017a47871b2" concept_name_type="FULLY_SPECIFIED" locale_preferred="false"/>
  <concept_name concept_id="880" name="RHINITIS, ALLERGIC" locale="en" creator="24761" date_created="2004-10-20 06:00:00.0" concept_name_id="7573" voided="0" uuid="9565026e-07d4-102c-b5fa-0017a47871b2" locale_preferred="false"/>
  <concept_name concept_id="880" name="ALLERGIC RHINITIS" locale="en" creator="24761" date_created="2004-10-20 06:00:00.0" concept_name_id="6421" voided="0" uuid="93ec6120-07d4-102c-b5fa-0017a47871b2" locale_preferred="false"/>
  <concept concept_id="3723" retired="0" datatype_id="4" class_id="4" is_set="0" creator="24761" date_created="2008-11-10 18:11:08.0" version="" changed_by="24761" date_changed="2011-11-17 15:52:40.0" uuid="e99123ff-7906-4bf6-906e-cd0b1d555e27"/>
  <concept_name concept_id="3723" name="GASTROESOPHAGEAL REFLUX" locale="en" creator="24761" date_created="2008-11-10 18:11:08.0" concept_name_id="5079" voided="0" uuid="900293f9-8278-476f-a5ae-93f79916ec1e" concept_name_type="FULLY_SPECIFIED" locale_preferred="false"/>
  <concept_name concept_id="3723" name="GERD" locale="en" creator="24761" date_created="2008-11-10 18:11:08.0" concept_name_id="6967" voided="0" void_reason="" uuid="113c5eaf-c183-4810-ba16-d8dd14cad527" locale_preferred="false"/>
  <concept_name concept_id="3723" name="Gastro-oesophageal reflux disease" locale="en" creator="24761" date_created="2011-05-20 21:20:54.0" concept_name_id="14382" voided="0" uuid="4cfaa02b-f062-4f4f-b153-944d7c5884d3" locale_preferred="false"/>
  <concept concept_id="3720" retired="0" datatype_id="4" class_id="4" is_set="0" creator="24761" date_created="2008-11-10 18:03:32.0" changed_by="24761" date_changed="2012-09-12 11:13:05.0" uuid="edf4ecc4-44f6-457a-b561-179f4426b16a"/>
  <concept_name concept_id="3720" name="DIABETES" locale="en" creator="24761" date_created="2008-11-10 18:03:32.0" concept_name_id="5076" voided="0" uuid="0b78ae4a-15f5-102d-96e4-000c29c2a5d7" concept_name_type="FULLY_SPECIFIED" locale_preferred="true"/>
  <concept concept_id="197" retired="0" datatype_id="4" class_id="4" is_set="0" creator="24761" date_created="2004-01-01 07:00:00.0" version="" changed_by="24761" date_changed="2011-11-17 15:52:16.0" uuid="3cce8510-26fe-102b-80cb-0017a47871b2"/>
  <concept_name concept_id="197" name="DIARRHOEA AND GASTROENTERITIS OF PRESUMED INFECTIOUS ORIGIN" locale="en" creator="24761" date_created="2005-02-16 21:29:16.0" concept_name_id="6765" voided="0" void_reason="" uuid="93f4c928-07d4-102c-b5fa-0017a47871b2" locale_preferred="false"/>
  <concept_name concept_id="197" name="DYSENTRY" locale="en" creator="24761" date_created="2005-02-16 21:29:16.0" concept_name_id="6833" voided="0" void_reason="" uuid="93f5d44e-07d4-102c-b5fa-0017a47871b2" locale_preferred="false"/>
  <concept_name concept_id="197" name="DYSENTERY" locale="en" creator="24761" date_created="2005-02-16 21:29:16.0" concept_name_id="6831" voided="0" void_reason="" uuid="93f5ca9e-07d4-102c-b5fa-0017a47871b2" locale_preferred="false"/>
  <concept_name concept_id="197" name="GE" locale="en" creator="24761" date_created="2009-05-07 17:05:09.0" concept_name_id="8971" voided="0" uuid="e1e49ce4-b97f-48a8-8d15-35a659e8ecc6" concept_name_type="SHORT" locale_preferred="false"/>
  <concept_name concept_id="197" name="GASTROENTERITIS" locale="en" creator="24761" date_created="2004-01-01 07:00:00.0" concept_name_id="206" voided="0" uuid="3e0bce74-26fe-102b-80cb-0017a47871b2" concept_name_type="FULLY_SPECIFIED" locale_preferred="false"/>
  <concept concept_id="3" retired="0" datatype_id="4" class_id="4" is_set="0" creator="24761" date_created="2004-01-01 07:00:00.0" changed_by="24761" date_changed="2012-09-12 11:13:25.0" uuid="3ccc4764-26fe-102b-80cb-0017a47871b2"/>
  <concept_name concept_id="3" name="ANAEMIA" locale="en" creator="24761" date_created="2005-02-12 18:27:42.0" concept_name_id="6443" voided="0" uuid="93ecbea4-07d4-102c-b5fa-0017a47871b2" locale_preferred="false"/>
  <concept_name concept_id="3" name="Other anaemias" locale="en" creator="24761" date_created="2011-05-18 21:07:17.0" concept_name_id="14373" voided="0" uuid="354036e4-8ace-44c1-9def-77a73d6cedd3" locale_preferred="false"/>
  <concept_name concept_id="3" name="ANEMIA" locale="en" creator="24761" date_created="2004-01-01 07:00:00.0" concept_name_id="3" voided="0" uuid="3e098f38-26fe-102b-80cb-0017a47871b2" concept_name_type="FULLY_SPECIFIED" locale_preferred="true"/>
  <concept_name concept_id="3" name="ANEMIA NOS" locale="en" creator="24761" date_created="2005-02-12 18:15:01.0" concept_name_id="6447" voided="0" uuid="93ecccdc-07d4-102c-b5fa-0017a47871b2" locale_preferred="false"/>
  <concept concept_id="106" retired="0" datatype_id="4" class_id="4" is_set="0" creator="24761" date_created="2004-01-01 07:00:00.0" version="" changed_by="24761" date_changed="2011-11-17 15:52:20.0" uuid="3cccf4a2-26fe-102b-80cb-0017a47871b2"/>
  <concept_name concept_id="106" name="CORYZA" locale="en" creator="24761" date_created="2005-02-17 16:55:45.0" concept_name_id="6687" voided="0" void_reason="" uuid="93f36d1c-07d4-102c-b5fa-0017a47871b2" locale_preferred="false"/>
  <concept_name concept_id="106" name="URTI" locale="en" creator="24761" date_created="2005-02-16 21:30:19.0" concept_name_id="7861" voided="0" void_reason="" uuid="956c0cbc-07d4-102c-b5fa-0017a47871b2" locale_preferred="false"/>
  <concept_name concept_id="106" name="UPPER RESPIRATORY TRACT INFECTION" locale="en" creator="24761" date_created="2004-01-01 07:00:00.0" concept_name_id="109" voided="0" uuid="3e0af2e2-26fe-102b-80cb-0017a47871b2" concept_name_type="FULLY_SPECIFIED" locale_preferred="false"/>
  <concept_name concept_id="106" name="URI" locale="en" creator="24761" date_created="2005-02-16 21:30:19.0" concept_name_id="7859" voided="0" void_reason="" uuid="956c041a-07d4-102c-b5fa-0017a47871b2" locale_preferred="false"/>
  <concept_name concept_id="106" name="COMMON COLD" locale="en" creator="24761" date_created="2005-02-17 16:55:45.0" concept_name_id="6670" voided="0" void_reason="" uuid="93f33298-07d4-102c-b5fa-0017a47871b2" locale_preferred="false"/>
  <concept concept_id="5018" retired="0" datatype_id="4" class_id="12" is_set="0" creator="24761" date_created="2004-08-12 06:00:00.0" version="" changed_by="24761" date_changed="2011-11-17 15:52:20.0" uuid="3ce8c8b2-26fe-102b-80cb-0017a47871b2"/>
  <concept_name concept_id="5018" name="CHRONIC DIARRHEA" locale="en" creator="24761" date_created="2005-02-12 18:48:00.0" concept_name_id="6636" voided="0" void_reason="" uuid="93f28b18-07d4-102c-b5fa-0017a47871b2" locale_preferred="false"/>
  <concept_name concept_id="5018" name="CHRONIC DIARRHOEA" locale="en" creator="24761" date_created="2005-02-12 18:48:00.0" concept_name_id="6637" voided="0" void_reason="" uuid="93f28f82-07d4-102c-b5fa-0017a47871b2" locale_preferred="false"/>
  <concept_name concept_id="5018" name="DIARRHEA, CHRONIC" locale="en" creator="24761" date_created="2004-08-12 06:00:00.0" concept_name_id="3380" voided="0" uuid="3e3a4a24-26fe-102b-80cb-0017a47871b2" concept_name_type="FULLY_SPECIFIED" locale_preferred="false"/>
  <concept concept_id="7002" retired="0" datatype_id="2" class_id="7" is_set="0" creator="24737" date_created="2011-07-25 11:02:48.0" version="" changed_by="24761" date_changed="2011-11-11 12:23:05.0" uuid="cfd246e2-db79-4ab9-bc7a-a45813734a3b"/>
  <concept_name concept_id="7002" name="OPPORTUNISTIC INFECTION, CONFIRMED OR PRESUMED" locale="en" creator="24737" date_created="2011-07-25 11:02:48.0" concept_name_id="14398" voided="0" uuid="55f68324-2422-445b-957a-3807a9d48c62" concept_name_type="FULLY_SPECIFIED" locale_preferred="false"/>
  <concept_answer concept_answer_id="6423" concept_id="7002" answer_concept="58" creator="24737" date_created="2011-07-25 11:02:48.0" uuid="860438b7-78bf-4eec-b7c0-cffbe097cfc4" sort_weight="6423.0"/>
  <concept_answer concept_answer_id="6424" concept_id="7002" answer_concept="204" creator="24737" date_created="2011-07-25 11:02:48.0" uuid="d03b482b-89e2-4b65-a0de-2de37720993a" sort_weight="6424.0"/>
  <concept_answer concept_answer_id="6425" concept_id="7002" answer_concept="1370" creator="24737" date_created="2011-07-25 11:02:48.0" uuid="9885f1a2-9863-4e59-a2c8-131178524856" sort_weight="6425.0"/>
  <concept_answer concept_answer_id="6426" concept_id="7002" answer_concept="1360" creator="24737" date_created="2011-07-25 11:02:48.0" uuid="6d0923f1-5835-41b1-89d6-d6d65d3da46c" sort_weight="6426.0"/>
  <concept_answer concept_answer_id="6427" concept_id="7002" answer_concept="1547" creator="24737" date_created="2011-07-25 11:02:48.0" uuid="b14534d1-3731-4c09-a021-f7a72e3cb864" sort_weight="6427.0"/>
  <concept_answer concept_answer_id="6428" concept_id="7002" answer_concept="836" creator="24737" date_created="2011-07-25 11:02:48.0" uuid="3a075262-b9ba-4679-96b5-8c427fa18df3" sort_weight="6428.0"/>
  <concept_answer concept_answer_id="6429" concept_id="7002" answer_concept="1356" creator="24737" date_created="2011-07-25 11:02:48.0" uuid="a0f69e90-77c3-463e-ba2d-867b6d7c1681" sort_weight="6429.0"/>
  <concept_answer concept_answer_id="6430" concept_id="7002" answer_concept="1549" creator="24737" date_created="2011-07-25 11:02:48.0" uuid="44b53b36-d4c7-483b-b05e-97462fd3cbc8" sort_weight="6430.0"/>
  <concept_answer concept_answer_id="6431" concept_id="7002" answer_concept="1369" creator="24737" date_created="2011-07-25 11:02:48.0" uuid="5f979e3b-3e74-403d-9838-b1a3af4435e0" sort_weight="6431.0"/>
  <concept_answer concept_answer_id="6432" concept_id="7002" answer_concept="1350" creator="24737" date_created="2011-07-25 11:02:48.0" uuid="07601f4e-9b37-430d-890d-a2eabcaf2d4d" sort_weight="6432.0"/>
  <concept_answer concept_answer_id="6433" concept_id="7002" answer_concept="2856" creator="24737" date_created="2011-07-25 11:02:48.0" uuid="82e6a037-928a-4592-b359-1d0e132cf0c6" sort_weight="6433.0"/>
  <concept_answer concept_answer_id="6434" concept_id="7002" answer_concept="3536" creator="24737" date_created="2011-07-25 11:02:48.0" uuid="31eabc23-8898-41af-b1cc-326e6cb9304e" sort_weight="6434.0"/>
  <concept_answer concept_answer_id="6435" concept_id="7002" answer_concept="1431" creator="24737" date_created="2011-07-25 11:02:48.0" uuid="68181d0b-5191-49df-9341-e76b0da619a4" sort_weight="6435.0"/>
  <concept_answer concept_answer_id="6436" concept_id="7002" answer_concept="5334" creator="24737" date_created="2011-07-25 11:02:48.0" uuid="0c9d76a9-f277-4a03-97d0-5c8899ae8386" sort_weight="6436.0"/>
  <concept_answer concept_answer_id="6437" concept_id="7002" answer_concept="5622" creator="24737" date_created="2011-07-25 11:02:48.0" uuid="804c4193-7b7f-44c6-8958-59eac95a08ad" sort_weight="6437.0"/>
  <concept_answer concept_answer_id="6438" concept_id="7002" answer_concept="507" creator="24737" date_created="2011-07-25 11:02:48.0" uuid="2edb8873-9e2e-46eb-9ed9-1df5f5e02280" sort_weight="6438.0"/>
  <concept_answer concept_answer_id="6439" concept_id="7002" answer_concept="1616" creator="24737" date_created="2011-07-25 11:02:48.0" uuid="77106eb2-83e2-4488-86fb-ba6582c4be19" sort_weight="6439.0"/>
  <concept_answer concept_answer_id="6440" concept_id="7002" answer_concept="5355" creator="24737" date_created="2011-07-25 11:02:48.0" uuid="7413709d-3d1f-428b-9fd4-3f3355fe27e7" sort_weight="6440.0"/>
  <concept_answer concept_answer_id="6441" concept_id="7002" answer_concept="1351" creator="24737" date_created="2011-07-25 11:02:48.0" uuid="eef79a4e-a7d6-4ae8-9196-996181cda2d2" sort_weight="6441.0"/>
  <concept_answer concept_answer_id="6442" concept_id="7002" answer_concept="864" creator="24737" date_created="2011-07-25 11:02:48.0" uuid="2ca2b67a-6e93-4a65-a9a0-fcd942093506" sort_weight="6442.0"/>
  <concept_answer concept_answer_id="6443" concept_id="7002" answer_concept="1359" creator="24737" date_created="2011-07-25 11:02:48.0" uuid="b69ac640-6b6a-4585-8875-3dc15cf6a118" sort_weight="6443.0"/>
  <concept_answer concept_answer_id="6444" concept_id="7002" answer_concept="1362" creator="24737" date_created="2011-07-25 11:02:48.0" uuid="4a42ea88-a58b-48e2-ae7a-57a06d61238f" sort_weight="6444.0"/>
  <concept_answer concept_answer_id="6445" concept_id="7002" answer_concept="1373" creator="24737" date_created="2011-07-25 11:02:48.0" uuid="159c2d8f-d4d7-4c36-a282-b6aff904e819" sort_weight="6445.0"/>
  <concept concept_id="821" retired="0" datatype_id="4" class_id="4" is_set="0" creator="24761" date_created="2004-05-04 00:00:00.0" version="" changed_by="24761" date_changed="2011-11-17 15:52:28.0" uuid="3cd471be-26fe-102b-80cb-0017a47871b2"/>
  <concept_name concept_id="821" name="PERIPHERAL NEUROPATHY" locale="en" creator="24761" date_created="2004-05-04 00:00:00.0" concept_name_id="838" voided="0" uuid="3e122666-26fe-102b-80cb-0017a47871b2" concept_name_type="FULLY_SPECIFIED" locale_preferred="false"/>
  <concept_name concept_id="821" name="PN" locale="en" creator="24761" date_created="2009-05-07 11:03:24.0" concept_name_id="8969" voided="0" uuid="8f743543-9a6a-4242-a696-383a2c20c6a3" concept_name_type="SHORT" locale_preferred="false"/>
  <concept concept_id="29" retired="0" datatype_id="4" class_id="4" is_set="0" creator="24761" date_created="2004-01-01 00:00:00.0" changed_by="24761" date_changed="2012-09-12 11:13:30.0" uuid="3ccc7d2e-26fe-102b-80cb-0017a47871b2"/>
  <concept_name concept_id="29" name="HEPATITIS NOS" locale="en" creator="24761" date_created="2005-02-12 12:02:59.0" concept_name_id="7017" voided="0" uuid="94aac55c-07d4-102c-b5fa-0017a47871b2" locale_preferred="false"/>
  <concept_name concept_id="29" name="HEPATITIS" locale="en" creator="24761" date_created="2004-01-01 00:00:00.0" concept_name_id="30" voided="0" uuid="3e09c304-26fe-102b-80cb-0017a47871b2" concept_name_type="FULLY_SPECIFIED" locale_preferred="true"/>
  <concept concept_id="1728" retired="0" datatype_id="4" class_id="13" is_set="0" creator="24761" date_created="2006-10-04 17:40:35.0" version="" changed_by="24761" date_changed="2011-11-16 11:12:48.0" uuid="3cdd0af4-26fe-102b-80cb-0017a47871b2"/>
  <concept_name concept_id="1728" name="RASH, SEVERE" locale="en" creator="24761" date_created="2006-10-04 17:40:35.0" concept_name_id="1887" voided="0" uuid="3e1e053a-26fe-102b-80cb-0017a47871b2" concept_name_type="FULLY_SPECIFIED" locale_preferred="false"/>
  <concept concept_id="215" retired="0" datatype_id="4" class_id="5" is_set="0" creator="24761" date_created="2004-01-01 07:00:00.0" changed_by="24761" date_changed="2012-09-12 11:13:44.0" uuid="3ccea1bc-26fe-102b-80cb-0017a47871b2"/>
  <concept_name concept_id="215" name="ICTERUS" locale="en" creator="24761" date_created="2005-02-16 21:10:52.0" concept_name_id="7091" voided="0" uuid="94ac2726-07d4-102c-b5fa-0017a47871b2" locale_preferred="false"/>
  <concept_name concept_id="215" name="JAUNDICE" locale="en" creator="24761" date_created="2004-01-01 07:00:00.0" concept_name_id="226" voided="0" uuid="3e0c01f0-26fe-102b-80cb-0017a47871b2" concept_name_type="FULLY_SPECIFIED" locale_preferred="true"/>
  <concept concept_id="5978" retired="0" datatype_id="4" class_id="12" is_set="0" creator="24761" date_created="2004-08-12 06:00:00.0" changed_by="24761" date_changed="2012-09-12 11:34:26.0" uuid="3cf1c610-26fe-102b-80cb-0017a47871b2"/>
  <concept_name concept_id="5978" name="NAUSEA" locale="en" creator="24761" date_created="2004-08-12 06:00:00.0" concept_name_id="4352" voided="0" uuid="3e4470f8-26fe-102b-80cb-0017a47871b2" concept_name_type="FULLY_SPECIFIED" locale_preferred="true"/>
  <concept concept_id="1298" retired="0" datatype_id="4" class_id="4" is_set="0" creator="24761" date_created="2006-06-06 18:44:19.0" version="" changed_by="24761" date_changed="2011-11-16 11:12:46.0" uuid="3cd961c4-26fe-102b-80cb-0017a47871b2"/>
  <concept_name concept_id="1298" name="ANGIO-EDEMA" locale="en" creator="24761" date_created="2006-06-06 18:44:19.0" concept_name_id="1335" voided="0" uuid="18759777-bfee-4e67-8e33-cf06ac0813bd" concept_name_type="FULLY_SPECIFIED" locale_preferred="false"/>
  <concept_name concept_id="1298" name="ANGIOEDEMA" locale="en" creator="24761" date_created="2008-11-18 10:23:49.0" concept_name_id="6448" voided="0" uuid="b89a5971-ba08-4c3b-aab5-604fd394e232" locale_preferred="false"/>
  <concept concept_id="2148" retired="0" datatype_id="4" class_id="5" is_set="0" creator="24761" date_created="2007-05-12 17:42:04.0" version="" changed_by="24761" date_changed="2011-11-16 11:12:48.0" uuid="3ce15dca-26fe-102b-80cb-0017a47871b2"/>
  <concept_name concept_id="2148" name="LIPODYSTROPHY" locale="en" creator="24761" date_created="2007-05-12 17:42:04.0" concept_name_id="2325" voided="0" uuid="3e222de0-26fe-102b-80cb-0017a47871b2" concept_name_type="FULLY_SPECIFIED" locale_preferred="false"/>
  <concept concept_id="1726" retired="0" datatype_id="4" class_id="13" is_set="0" creator="24761" date_created="2006-10-04 17:39:04.0" version="" changed_by="24761" date_changed="2011-11-16 11:12:48.0" uuid="3cdcfe56-26fe-102b-80cb-0017a47871b2"/>
  <concept_name concept_id="1726" name="RASH, MINOR" locale="en" creator="24761" date_created="2006-10-04 17:39:04.0" concept_name_id="1883" voided="0" uuid="3e1dfbb2-26fe-102b-80cb-0017a47871b2" concept_name_type="FULLY_SPECIFIED" locale_preferred="false"/>
  <concept concept_id="1727" retired="0" datatype_id="4" class_id="13" is_set="0" creator="24761" date_created="2006-10-04 17:39:38.0" version="" changed_by="24761" date_changed="2011-11-16 11:12:48.0" uuid="3cdd098c-26fe-102b-80cb-0017a47871b2"/>
  <concept_name concept_id="1727" name="RASH, MODERATE" locale="en" creator="24761" date_created="2006-10-04 17:39:38.0" concept_name_id="1885" voided="0" uuid="3e1e0076-26fe-102b-80cb-0017a47871b2" concept_name_type="FULLY_SPECIFIED" locale_preferred="false"/>
  <concept concept_id="1458" retired="0" datatype_id="4" class_id="13" is_set="0" creator="24761" date_created="2006-08-04 08:30:06.0" version="" changed_by="24761" date_changed="2011-11-16 11:12:48.0" uuid="3cda6d62-26fe-102b-80cb-0017a47871b2"/>
  <concept_name concept_id="1458" name="LACTIC ACIDOSIS" locale="en" creator="24761" date_created="2006-08-04 08:30:06.0" concept_name_id="1576" voided="0" uuid="3e1a5c6e-26fe-102b-80cb-0017a47871b2" concept_name_type="FULLY_SPECIFIED" locale_preferred="false"/>
  <concept concept_id="2150" retired="0" datatype_id="4" class_id="5" is_set="0" creator="24761" date_created="2007-05-12 17:43:05.0" version="" changed_by="24761" date_changed="2011-11-16 11:12:48.0" uuid="3ce160b8-26fe-102b-80cb-0017a47871b2"/>
  <concept_name concept_id="2150" name="NIGHTMARES" locale="en" creator="24761" date_created="2007-05-12 17:43:05.0" concept_name_id="2328" voided="0" uuid="3e22333a-26fe-102b-80cb-0017a47871b2" concept_name_type="FULLY_SPECIFIED" locale_preferred="false"/>
  <concept_name concept_id="2150" name="BAD DREAMS" locale="en" creator="24761" date_created="2007-05-12 17:43:05.0" concept_name_id="6510" voided="0" uuid="93ede342-07d4-102c-b5fa-0017a47871b2" locale_preferred="false"/>
  <concept concept_id="5980" retired="0" datatype_id="4" class_id="12" is_set="0" creator="24761" date_created="2004-08-12 06:00:00.0" changed_by="24761" date_changed="2012-09-12 11:34:27.0" uuid="3cf1c930-26fe-102b-80cb-0017a47871b2"/>
  <concept_name concept_id="5980" name="VOMITING" locale="en" creator="24761" date_created="2004-08-12 06:00:00.0" concept_name_id="4355" voided="0" uuid="3e448016-26fe-102b-80cb-0017a47871b2" concept_name_type="FULLY_SPECIFIED" locale_preferred="true"/>
  <concept_name concept_id="5980" name="EMESIS" locale="en" creator="24761" date_created="2004-10-15 06:00:00.0" concept_name_id="6857" voided="0" uuid="93f62ae8-07d4-102c-b5fa-0017a47871b2" locale_preferred="false"/>
  <concept concept_id="80" retired="0" datatype_id="4" class_id="5" is_set="0" creator="24761" date_created="2004-01-01 07:00:00.0" version="" changed_by="24761" date_changed="2011-11-16 11:12:39.0" uuid="3cccc7ac-26fe-102b-80cb-0017a47871b2"/>
  <concept_name concept_id="80" name="ARTHRALGIA" locale="en" creator="24761" date_created="2007-08-02 21:17:44.0" concept_name_id="6463" voided="0" uuid="93ed0bfc-07d4-102c-b5fa-0017a47871b2" locale_preferred="false"/>
  <concept_name concept_id="80" name="JOINT PAIN" locale="en" creator="24761" date_created="2004-01-01 07:00:00.0" concept_name_id="83" voided="0" uuid="3e0a2b50-26fe-102b-80cb-0017a47871b2" concept_name_type="FULLY_SPECIFIED" locale_preferred="false"/>
  <concept_name concept_id="80" name="RHEUMATISM" locale="en" creator="24761" date_created="2005-02-16 18:15:20.0" concept_name_id="7572" voided="0" uuid="9564fe36-07d4-102c-b5fa-0017a47871b2" locale_preferred="false"/>
  <concept concept_id="861" retired="0" datatype_id="4" class_id="5" is_set="0" creator="24761" date_created="2004-05-05 06:00:00.0" version="" changed_by="24761" date_changed="2011-11-16 11:12:45.0" uuid="3cd4b124-26fe-102b-80cb-0017a47871b2"/>
  <concept_name concept_id="861" name="HEARING DIFFICULTIES" locale="en" creator="24761" date_created="2004-05-05 06:00:00.0" concept_name_id="880" voided="0" uuid="3e12a046-26fe-102b-80cb-0017a47871b2" concept_name_type="FULLY_SPECIFIED" locale_preferred="false"/>
  <concept_name concept_id="861" name="Hypoacusia" locale="en" creator="24761" date_created="2010-11-15 22:39:08.0" concept_name_id="14170" voided="0" uuid="7f301f8d-a1e5-43fb-a847-db75bcf6100c" locale_preferred="false"/>
  <concept concept_id="16" retired="0" datatype_id="4" class_id="4" is_set="0" creator="24761" date_created="2004-01-01 00:00:00.0" version="" changed_by="24761" date_changed="2011-11-17 15:52:21.0" uuid="3ccc6a00-26fe-102b-80cb-0017a47871b2"/>
  <concept_name concept_id="16" name="DIARRHEA NOS" locale="en" creator="24761" date_created="2005-02-12 11:47:09.0" concept_name_id="6763" voided="0" void_reason="" uuid="93f4bf82-07d4-102c-b5fa-0017a47871b2" locale_preferred="false"/>
  <concept_name concept_id="16" name="DIARRHOEA" locale="en" creator="24761" date_created="2005-02-12 11:47:09.0" concept_name_id="6764" voided="0" void_reason="" uuid="93f4c446-07d4-102c-b5fa-0017a47871b2" locale_preferred="false"/>
  <concept_name concept_id="16" name="DIARRHEA" locale="en" creator="24761" date_created="2004-01-01 00:00:00.0" concept_name_id="17" voided="0" uuid="3e09b102-26fe-102b-80cb-0017a47871b2" concept_name_type="FULLY_SPECIFIED" locale_preferred="false"/>
  <concept concept_id="877" retired="0" datatype_id="10" class_id="12" is_set="0" creator="24761" date_created="2004-05-05 06:00:00.0" version="" changed_by="24761" date_changed="2011-11-16 11:12:46.0" uuid="3cd4ca7e-26fe-102b-80cb-0017a47871b2"/>
  <concept_name concept_id="877" name="DIZZINESS" locale="en" creator="24761" date_created="2004-05-05 06:00:00.0" concept_name_id="897" voided="0" uuid="3e12ba22-26fe-102b-80cb-0017a47871b2" concept_name_type="FULLY_SPECIFIED" locale_preferred="false"/>
  <concept concept_id="151" retired="0" datatype_id="4" class_id="12" is_set="0" creator="24761" date_created="2004-01-01 07:00:00.0" version="" changed_by="24761" date_changed="2011-11-17 15:52:16.0" uuid="3ccdf8d4-26fe-102b-80cb-0017a47871b2"/>
  <concept_name concept_id="151" name="ABDOMINAL PAIN" locale="en" creator="24761" date_created="2004-01-01 07:00:00.0" concept_name_id="156" voided="0" uuid="3e0b4fee-26fe-102b-80cb-0017a47871b2" concept_name_type="FULLY_SPECIFIED" locale_preferred="false"/>
  <concept concept_id="620" retired="0" datatype_id="4" class_id="12" is_set="0" creator="24761" date_created="2004-01-01 07:00:00.0" changed_by="24761" date_changed="2012-09-12 11:13:51.0" uuid="3cd24178-26fe-102b-80cb-0017a47871b2"/>
  <concept_name concept_id="620" name="HEADACHE" locale="en" creator="24761" date_created="2004-01-01 07:00:00.0" concept_name_id="633" voided="0" uuid="3e0fff94-26fe-102b-80cb-0017a47871b2" concept_name_type="FULLY_SPECIFIED" locale_preferred="true"/>
  <concept concept_id="868" retired="0" datatype_id="4" class_id="5" is_set="0" creator="24761" date_created="2004-05-05 06:00:00.0" version="" changed_by="24761" date_changed="2011-11-16 11:12:37.0" uuid="3cd4bc50-26fe-102b-80cb-0017a47871b2"/>
  <concept_name concept_id="868" name="ANOREXIA" locale="en" creator="24761" date_created="2004-05-05 06:00:00.0" concept_name_id="888" voided="0" uuid="3e12abea-26fe-102b-80cb-0017a47871b2" concept_name_type="FULLY_SPECIFIED" locale_preferred="false"/>
  <concept concept_id="1630" retired="0" datatype_id="4" class_id="11" is_set="0" creator="24761" date_created="2006-09-11 21:31:15.0" version="" changed_by="24761" date_changed="2011-11-17 15:52:08.0" uuid="3cdc67f2-26fe-102b-80cb-0017a47871b2"/>
  <concept_name concept_id="1630" name="TINNITUS" locale="en" creator="24761" date_created="2006-09-11 21:31:15.0" concept_name_id="1778" voided="0" uuid="3e1c4eca-26fe-102b-80cb-0017a47871b2" concept_name_type="FULLY_SPECIFIED" locale_preferred="false"/>
  <concept_name concept_id="1630" name="RINGING IN EARS" locale="en" creator="24761" date_created="2007-08-13 21:23:16.0" concept_name_id="7587" voided="0" uuid="9565e94a-07d4-102c-b5fa-0017a47871b2" locale_preferred="false"/>
  <concept concept_id="142" retired="0" datatype_id="4" class_id="4" is_set="0" creator="24761" date_created="2004-01-01 00:00:00.0" version="" changed_by="24761" date_changed="2011-11-16 11:12:37.0" uuid="3ccd369c-26fe-102b-80cb-0017a47871b2"/>
  <concept_name concept_id="142" name="ALLERGIC REACTION" locale="en" creator="24761" date_created="2004-10-20 00:00:00.0" concept_name_id="6420" voided="0" uuid="93ec5c84-07d4-102c-b5fa-0017a47871b2" locale_preferred="false"/>
  <concept_name concept_id="142" name="ALLERGY" locale="en" creator="24761" date_created="2004-01-01 00:00:00.0" concept_name_id="147" voided="0" uuid="3e0b42d8-26fe-102b-80cb-0017a47871b2" concept_name_type="FULLY_SPECIFIED" locale_preferred="false"/>
  <concept concept_id="212" retired="0" datatype_id="4" class_id="4" is_set="0" creator="24761" date_created="2004-01-01 00:00:00.0" version="" changed_by="24761" date_changed="2011-11-16 11:12:42.0" uuid="3cce9ce4-26fe-102b-80cb-0017a47871b2"/>
  <concept_name concept_id="212" name="GASTRIC ULCER" locale="en" creator="24761" date_created="2004-01-01 00:00:00.0" concept_name_id="223" voided="0" uuid="3e0bfd86-26fe-102b-80cb-0017a47871b2" concept_name_type="FULLY_SPECIFIED" locale_preferred="false"/>
  <concept_name concept_id="212" name="GUD" locale="en" creator="24761" date_created="2004-10-20 00:00:00.0" concept_name_id="6985" voided="0" uuid="93f8a296-07d4-102c-b5fa-0017a47871b2" locale_preferred="false"/>
  <concept_name concept_id="212" name="ULCER GASTRIC" locale="en" creator="24761" date_created="2004-10-20 00:00:00.0" concept_name_id="7850" voided="0" uuid="956be57a-07d4-102c-b5fa-0017a47871b2" locale_preferred="false"/>
  <concept concept_id="3698" retired="0" datatype_id="4" class_id="4" is_set="0" creator="24761" date_created="2008-11-10 17:42:32.0" version="" changed_by="24761" date_changed="2011-11-16 11:12:41.0" uuid="fc85e7c1-910e-4877-922a-f5448339f303"/>
  <concept_name concept_id="3698" name="ARF" locale="en" creator="24761" date_created="2008-11-10 17:42:32.0" concept_name_id="6455" voided="0" uuid="16a436ef-a540-4e9a-b7e5-b2477dc9dc51" locale_preferred="false"/>
  <concept_name concept_id="3698" name="RENAL FAILURE, ACUTE" locale="en" creator="24761" date_created="2008-11-10 17:42:32.0" concept_name_id="5054" voided="0" uuid="f527e8b9-4d1f-4165-953c-132aa0ecd166" concept_name_type="FULLY_SPECIFIED" locale_preferred="false"/>
  <concept concept_id="3714" retired="0" datatype_id="4" class_id="4" is_set="0" creator="24761" date_created="2008-11-10 17:58:57.0" version="" changed_by="24761" date_changed="2011-11-16 11:12:46.0" uuid="9e856570-cb13-4452-9fcc-b35b4c1cb990"/>
  <concept_name concept_id="3714" name="CIRRHOSIS" locale="en" creator="24761" date_created="2008-11-10 17:58:57.0" concept_name_id="5070" voided="0" uuid="e1e15fcc-c98d-4fb4-9c9e-7d8511eadfba" concept_name_type="FULLY_SPECIFIED" locale_preferred="false"/>
  <concept_name concept_id="3714" name="LIVER CIRRHOSIS" locale="en" creator="24761" date_created="2008-11-10 17:58:57.0" concept_name_id="7183" voided="0" uuid="1084200a-5704-4eb5-acd8-c6ef80a298ff" locale_preferred="false"/>
  <concept concept_id="970" retired="0" datatype_id="4" class_id="12" is_set="0" creator="24761" date_created="2006-03-23 00:06:48.0" changed_by="24761" date_changed="2012-09-12 11:14:24.0" uuid="3cd656be-26fe-102b-80cb-0017a47871b2"/>
  <concept_name concept_id="970" name="HEMOPTYSIS" locale="en" creator="24761" date_created="2006-03-23 00:06:48.0" concept_name_id="994" voided="0" uuid="3e14117e-26fe-102b-80cb-0017a47871b2" concept_name_type="FULLY_SPECIFIED" locale_preferred="true"/>
  <concept concept_id="3711" retired="0" datatype_id="4" class_id="4" is_set="0" creator="24761" date_created="2008-11-10 17:50:39.0" version="" changed_by="24761" date_changed="2011-11-16 11:12:44.0" uuid="373630b7-778c-4208-8048-f40007fd3587"/>
  <concept_name concept_id="3711" name="CHEST PAIN, CARDIAC" locale="en" creator="24761" date_created="2008-11-10 17:50:39.0" concept_name_id="5067" voided="0" uuid="14341d9b-2b95-40c8-9674-4982ff220481" concept_name_type="FULLY_SPECIFIED" locale_preferred="false"/>
  <concept_name concept_id="3711" name="CARDIAC CHEST PAIN" locale="en" creator="24761" date_created="2008-11-10 17:50:39.0" concept_name_id="6576" voided="0" uuid="b6908aef-903a-4c37-8ccd-d97b45ac7294" locale_preferred="false"/>
  <concept concept_id="2618" retired="0" datatype_id="4" class_id="4" is_set="0" creator="24761" date_created="2007-08-17 17:06:29.0" version="" changed_by="24761" date_changed="2011-11-17 15:52:12.0" uuid="3ce603a2-26fe-102b-80cb-0017a47871b2"/>
  <concept_name concept_id="2618" name="COLLAPSED LUNG" locale="en" creator="24761" date_created="2007-08-17 17:06:29.0" concept_name_id="6664" voided="0" uuid="93f2fa62-07d4-102c-b5fa-0017a47871b2" locale_preferred="false"/>
  <concept_name concept_id="2618" name="PNEUMOTHORAX" locale="en" creator="24761" date_created="2007-08-17 17:06:29.0" concept_name_id="2810" voided="0" uuid="3e276166-26fe-102b-80cb-0017a47871b2" concept_name_type="FULLY_SPECIFIED" locale_preferred="false"/>
  <concept concept_id="20" retired="1" datatype_id="4" class_id="3" is_set="0" creator="24761" date_created="2004-01-01 07:00:00.0" version="" changed_by="24761" date_changed="2011-11-16 11:12:43.0" uuid="3ccc6fdc-26fe-102b-80cb-0017a47871b2"/>
  <concept_name concept_id="20" name="DPT VACCINATION NO.3" locale="en" creator="24761" date_created="2004-01-01 07:00:00.0" concept_name_id="21" voided="0" uuid="3e09b698-26fe-102b-80cb-0017a47871b2" concept_name_type="FULLY_SPECIFIED" locale_preferred="false"/>
  <concept concept_id="7316" retired="0" datatype_id="3" class_id="7" is_set="0" creator="24761" date_created="2012-08-27 11:34:43.0" uuid="5e1eca70-d380-492a-82c2-fa89c4924b7d"/>
  <concept_name concept_id="7316" name="Tissue biopsy site" locale="en" creator="24761" date_created="2012-08-27 11:34:43.0" concept_name_id="14928" voided="0" uuid="6a294f62-25e8-4244-97f4-59bd2c0fbea3" concept_name_type="FULLY_SPECIFIED" locale_preferred="true"/>
  <concept concept_id="3946" retired="0" datatype_id="1" class_id="5" is_set="0" creator="24761" date_created="2008-12-03 14:18:46.0" version="" changed_by="24761" date_changed="2011-11-17 15:52:38.0" uuid="a643a9b7-6b4e-4478-8e55-5429fe91c39b"/>
  <concept_numeric concept_id="3946" hi_absolute="80.0" low_absolute="10.0" units="" precise="1"/>
  <concept_name concept_id="3946" name="EF" locale="en" creator="24761" date_created="2011-08-20 01:13:26.0" concept_name_id="14530" voided="0" uuid="c125ea52-e2c4-47ad-a8cc-3e0491742ec4" concept_name_type="SHORT" locale_preferred="false"/>
  <concept_name concept_id="3946" name="EJECTION FRACTION" locale="en" creator="24761" date_created="2008-12-03 14:18:46.0" concept_name_id="5302" voided="0" uuid="3af0455c-37e2-4282-9ca7-632d424bc7c9" concept_name_type="FULLY_SPECIFIED" locale_preferred="false"/>
  <concept concept_id="767" retired="0" datatype_id="4" class_id="3" is_set="0" creator="24761" date_created="2004-03-20 07:00:00.0" changed_by="24761" date_changed="2012-09-12 11:14:10.0" uuid="3cd40b5c-26fe-102b-80cb-0017a47871b2"/>
  <concept_name concept_id="767" name="R" locale="en" creator="24761" date_created="2004-03-20 07:00:00.0" concept_name_id="5457" voided="0" uuid="93c0ff62-07d4-102c-b5fa-0017a47871b2" concept_name_type="SHORT" locale_preferred="false"/>
  <concept_name concept_id="767" name="RIFAMPIN" locale="en" creator="24761" date_created="2005-01-12 07:00:00.0" concept_name_id="7579" voided="0" uuid="0b88a836-15f5-102d-96e4-000c29c2a5d7" locale_preferred="false"/>
  <concept_name concept_id="767" name="RIFAMPICIN" locale="en" creator="24761" date_created="2004-03-20 07:00:00.0" concept_name_id="783" voided="0" uuid="0b5b2942-15f5-102d-96e4-000c29c2a5d7" concept_name_type="FULLY_SPECIFIED" locale_preferred="true"/>
  <concept concept_id="656" retired="0" datatype_id="4" class_id="3" is_set="0" creator="24761" date_created="2004-01-01 07:00:00.0" changed_by="24761" date_changed="2012-09-12 11:13:53.0" uuid="3cd27a8a-26fe-102b-80cb-0017a47871b2"/>
  <concept_name concept_id="656" name="INH" locale="en" creator="24761" date_created="2005-01-12 07:00:00.0" concept_name_id="7109" voided="0" uuid="0b85d642-15f5-102d-96e4-000c29c2a5d7" locale_preferred="false"/>
  <concept_name concept_id="656" name="INH" locale="en" creator="24761" date_created="2004-01-01 07:00:00.0" concept_name_id="5447" voided="0" uuid="93c40eb4-07d4-102c-b5fa-0017a47871b2" concept_name_type="SHORT" locale_preferred="false"/>
  <concept_name concept_id="656" name="ISONIAZID" locale="en" creator="24761" date_created="2004-01-01 07:00:00.0" concept_name_id="670" voided="0" uuid="0b5a84f6-15f5-102d-96e4-000c29c2a5d7" concept_name_type="FULLY_SPECIFIED" locale_preferred="true"/>
  <concept concept_id="745" retired="0" datatype_id="4" class_id="3" is_set="0" creator="24761" date_created="2004-03-20 07:00:00.0" changed_by="24761" date_changed="2012-09-12 11:14:06.0" uuid="3cd3e910-26fe-102b-80cb-0017a47871b2"/>
  <concept_name concept_id="745" name="E" locale="en" creator="24761" date_created="2006-08-10 21:08:14.0" concept_name_id="6837" voided="0" uuid="0b84720c-15f5-102d-96e4-000c29c2a5d7" locale_preferred="false"/>
  <concept_name concept_id="745" name="ETHAMBUTOL" locale="en" creator="24761" date_created="2004-03-20 07:00:00.0" concept_name_id="761" voided="0" uuid="0b5b147a-15f5-102d-96e4-000c29c2a5d7" concept_name_type="FULLY_SPECIFIED" locale_preferred="true"/>
  <concept_name concept_id="745" name="EMB" locale="en" creator="24761" date_created="2006-08-10 21:08:14.0" concept_name_id="6856" voided="0" uuid="0b84845e-15f5-102d-96e4-000c29c2a5d7" locale_preferred="false"/>
  <concept_name concept_id="745" name="E" locale="en" creator="24761" date_created="2004-03-20 07:00:00.0" concept_name_id="5452" voided="0" uuid="0b7b42d6-15f5-102d-96e4-000c29c2a5d7" concept_name_type="SHORT" locale_preferred="false"/>
  <concept concept_id="797" retired="0" datatype_id="4" class_id="3" is_set="0" creator="24761" date_created="2004-04-08 06:00:00.0" version="" changed_by="24761" date_changed="2011-11-16 11:12:45.0" uuid="3cd444be-26fe-102b-80cb-0017a47871b2"/>
  <concept_name concept_id="797" name="AZT" locale="en" creator="24761" date_created="2004-10-20 06:00:00.0" concept_name_id="6499" voided="0" uuid="0b81eabe-15f5-102d-96e4-000c29c2a5d7" locale_preferred="false"/>
  <concept_name concept_id="797" name="AZT" locale="en" creator="24761" date_created="2004-04-08 06:00:00.0" concept_name_id="5465" voided="0" uuid="93c3e678-07d4-102c-b5fa-0017a47871b2" concept_name_type="SHORT" locale_preferred="false"/>
  <concept_name concept_id="797" name="ZDV" locale="en" creator="24761" date_created="2004-10-20 06:00:00.0" concept_name_id="7938" voided="0" uuid="956f3040-07d4-102c-b5fa-0017a47871b2" locale_preferred="false"/>
  <concept_name concept_id="797" name="ZIDOVUDINE" locale="en" creator="24761" date_created="2004-04-08 06:00:00.0" concept_name_id="814" voided="0" uuid="0b5b4e4a-15f5-102d-96e4-000c29c2a5d7" concept_name_type="FULLY_SPECIFIED" locale_preferred="false"/>
  <concept_name concept_id="797" name="RETROVIR" locale="en" creator="24761" date_created="2004-10-20 06:00:00.0" concept_name_id="7568" voided="0" uuid="956f345a-07d4-102c-b5fa-0017a47871b2" locale_preferred="false"/>
  <concept concept_id="628" retired="0" datatype_id="4" class_id="3" is_set="0" creator="24761" date_created="2004-01-01 07:00:00.0" version="" changed_by="24761" date_changed="2011-11-16 11:12:40.0" uuid="3cd24e3e-26fe-102b-80cb-0017a47871b2"/>
  <concept_name concept_id="628" name="3TC" locale="en" creator="24761" date_created="2004-10-20 06:00:00.0" concept_name_id="6341" voided="0" uuid="956f1f9c-07d4-102c-b5fa-0017a47871b2" locale_preferred="false"/>
  <concept_name concept_id="628" name="EPIVIR" locale="en" creator="24761" date_created="2004-10-20 06:00:00.0" concept_name_id="6869" voided="0" uuid="956f1b0a-07d4-102c-b5fa-0017a47871b2" locale_preferred="false"/>
  <concept_name concept_id="628" name="LAMIVUDINE" locale="en" creator="24761" date_created="2004-01-01 07:00:00.0" concept_name_id="642" voided="0" uuid="0b5a51f2-15f5-102d-96e4-000c29c2a5d7" concept_name_type="FULLY_SPECIFIED" locale_preferred="false"/>
  <concept_name concept_id="628" name="3TC" locale="en" creator="24761" date_created="2004-01-01 07:00:00.0" concept_name_id="5440" voided="0" uuid="0b7b22ce-15f5-102d-96e4-000c29c2a5d7" concept_name_type="SHORT" locale_preferred="false"/>
  <concept concept_id="796" retired="0" datatype_id="4" class_id="3" is_set="0" creator="24761" date_created="2004-04-08 06:00:00.0" version="" changed_by="24761" date_changed="2011-11-16 11:12:41.0" uuid="3cd44248-26fe-102b-80cb-0017a47871b2"/>
  <concept_name concept_id="796" name="DDI-125" locale="en" creator="24761" date_created="2005-02-22 19:50:02.0" concept_name_id="6735" voided="0" uuid="93f43710-07d4-102c-b5fa-0017a47871b2" locale_preferred="false"/>
  <concept_name concept_id="796" name="DDI" locale="en" creator="24761" date_created="2004-04-08 06:00:00.0" concept_name_id="6734" voided="0" uuid="0b83170e-15f5-102d-96e4-000c29c2a5d7" locale_preferred="false"/>
  <concept_name concept_id="796" name="VIDEX" locale="en" creator="24761" date_created="2004-04-08 06:00:00.0" concept_name_id="7875" voided="0" uuid="956f5f3e-07d4-102c-b5fa-0017a47871b2" locale_preferred="false"/>
  <concept_name concept_id="796" name="DIDANOSINE" locale="en" creator="24761" date_created="2004-04-08 06:00:00.0" concept_name_id="813" voided="0" uuid="0b5b4d5a-15f5-102d-96e4-000c29c2a5d7" concept_name_type="FULLY_SPECIFIED" locale_preferred="false"/>
  <concept_name concept_id="796" name="DDI-200" locale="en" creator="24761" date_created="2005-02-22 19:50:02.0" concept_name_id="6736" voided="0" uuid="93f43bca-07d4-102c-b5fa-0017a47871b2" locale_preferred="false"/>
  <concept_name concept_id="796" name="DDI" locale="en" creator="24761" date_created="2004-04-08 06:00:00.0" concept_name_id="5464" voided="0" uuid="93c3f992-07d4-102c-b5fa-0017a47871b2" concept_name_type="SHORT" locale_preferred="false"/>
  <concept concept_id="631" retired="0" datatype_id="4" class_id="3" is_set="0" creator="24761" date_created="2004-01-01 07:00:00.0" version="" changed_by="24761" date_changed="2011-11-16 11:12:40.0" uuid="3cd252f8-26fe-102b-80cb-0017a47871b2"/>
  <concept_name concept_id="631" name="NVP" locale="en" creator="24761" date_created="2004-01-01 07:00:00.0" concept_name_id="5442" voided="0" uuid="93c41b02-07d4-102c-b5fa-0017a47871b2" concept_name_type="SHORT" locale_preferred="false"/>
  <concept_name concept_id="631" name="NVP" locale="en" creator="24761" date_created="2004-10-20 06:00:00.0" concept_name_id="7322" voided="0" uuid="0b86b3b4-15f5-102d-96e4-000c29c2a5d7" locale_preferred="false"/>
  <concept_name concept_id="631" name="NEVIRAPINE" locale="en" creator="24761" date_created="2004-01-01 07:00:00.0" concept_name_id="645" voided="0" uuid="0b5a54d6-15f5-102d-96e4-000c29c2a5d7" concept_name_type="FULLY_SPECIFIED" locale_preferred="false"/>
  <concept_name concept_id="631" name="VIRAMUNE" locale="en" creator="24761" date_created="2004-10-20 06:00:00.0" concept_name_id="7880" voided="0" uuid="956ff750-07d4-102c-b5fa-0017a47871b2" locale_preferred="false"/>
  <concept concept_id="633" retired="0" datatype_id="4" class_id="3" is_set="0" creator="24761" date_created="2004-01-01 07:00:00.0" version="" changed_by="24761" date_changed="2011-11-16 11:12:40.0" uuid="3cd25622-26fe-102b-80cb-0017a47871b2"/>
  <concept_name concept_id="633" name="SUSTIVA" locale="en" creator="24761" date_created="2004-04-08 06:00:00.0" concept_name_id="7714" voided="0" uuid="956997f2-07d4-102c-b5fa-0017a47871b2" locale_preferred="false"/>
  <concept_name concept_id="633" name="EFV" locale="en" creator="24761" date_created="2004-01-01 07:00:00.0" concept_name_id="5443" voided="0" uuid="0b7b2580-15f5-102d-96e4-000c29c2a5d7" concept_name_type="SHORT" locale_preferred="false"/>
  <concept_name concept_id="633" name="EFZ" locale="en" creator="24761" date_created="2006-08-10 21:12:02.0" concept_name_id="6852" voided="0" uuid="93f6172e-07d4-102c-b5fa-0017a47871b2" locale_preferred="false"/>
  <concept_name concept_id="633" name="EFV" locale="en" creator="24761" date_created="2004-10-20 06:00:00.0" concept_name_id="6851" voided="0" uuid="93c3fe24-07d4-102c-b5fa-0017a47871b2" locale_preferred="false"/>
  <concept_name concept_id="633" name="SUSTIVE" locale="en" creator="24761" date_created="2004-10-20 06:00:00.0" concept_name_id="7715" voided="0" uuid="95699cd4-07d4-102c-b5fa-0017a47871b2" locale_preferred="false"/>
  <concept_name concept_id="633" name="EFAVIRENZ" locale="en" creator="24761" date_created="2004-01-01 07:00:00.0" concept_name_id="647" voided="0" uuid="0b5a56c0-15f5-102d-96e4-000c29c2a5d7" concept_name_type="FULLY_SPECIFIED" locale_preferred="false"/>
  <concept_name concept_id="633" name="STOCRIN" locale="en" creator="24761" date_created="2004-04-08 06:00:00.0" concept_name_id="7698" voided="0" uuid="95695c42-07d4-102c-b5fa-0017a47871b2" locale_preferred="false"/>
  <concept concept_id="916" retired="0" datatype_id="4" class_id="3" is_set="0" creator="24761" date_created="2004-07-15 06:00:00.0" version="" changed_by="24761" date_changed="2011-11-16 11:12:46.0" uuid="3cd51772-26fe-102b-80cb-0017a47871b2"/>
  <concept_name concept_id="916" name="SEPTRIN SYRUP" locale="en" creator="24761" date_created="2004-10-20 06:00:00.0" concept_name_id="7635" voided="0" void_reason="" uuid="95702f2c-07d4-102c-b5fa-0017a47871b2" locale_preferred="false"/>
  <concept_name concept_id="916" name="TMP/SMX" locale="en" creator="24761" date_created="2004-07-15 06:00:00.0" concept_name_id="5476" voided="0" uuid="93c4345c-07d4-102c-b5fa-0017a47871b2" concept_name_type="SHORT" locale_preferred="false"/>
  <concept_name concept_id="916" name="CO-TRIMOXAZOLE" locale="en" creator="24761" date_created="2005-01-12 07:00:00.0" concept_name_id="6661" voided="0" void_reason="" uuid="95702270-07d4-102c-b5fa-0017a47871b2" locale_preferred="false"/>
  <concept_name concept_id="916" name="TRIMETHOPRIM AND SULFAMETHOXAZOLE" locale="en" creator="24761" date_created="2004-07-15 06:00:00.0" concept_name_id="940" voided="0" uuid="0b5beb20-15f5-102d-96e4-000c29c2a5d7" concept_name_type="FULLY_SPECIFIED" locale_preferred="false"/>
  <concept_name concept_id="916" name="COTRIMOXAZOLE" locale="en" creator="24761" date_created="2005-01-12 07:00:00.0" concept_name_id="6689" voided="0" void_reason="" uuid="95702694-07d4-102c-b5fa-0017a47871b2" locale_preferred="false"/>
  <concept_name concept_id="916" name="CTX" locale="en" creator="24761" date_created="2011-01-27 22:36:26.0" concept_name_id="14377" voided="0" uuid="d69e2c94-302b-4c83-bccc-08e012b7d265" locale_preferred="false"/>
  <concept_name concept_id="916" name="SEPTRIN" locale="en" creator="24761" date_created="2004-10-20 06:00:00.0" concept_name_id="7634" voided="0" void_reason="" uuid="95702ac2-07d4-102c-b5fa-0017a47871b2" locale_preferred="false"/>
  <concept concept_id="912" retired="0" datatype_id="4" class_id="3" is_set="0" creator="24761" date_created="2004-07-13 06:00:00.0" version="" changed_by="24761" date_changed="2011-11-16 11:12:40.0" uuid="3cd5111e-26fe-102b-80cb-0017a47871b2"/>
  <concept_name concept_id="912" name="BRUFEN SYRUP" locale="en" creator="24761" date_created="2004-10-20 06:00:00.0" concept_name_id="6559" voided="0" uuid="93ee949a-07d4-102c-b5fa-0017a47871b2" locale_preferred="false"/>
  <concept_name concept_id="912" name="IBUPROFEN" locale="en" creator="24761" date_created="2004-07-13 06:00:00.0" concept_name_id="936" voided="0" uuid="3e12f69a-26fe-102b-80cb-0017a47871b2" concept_name_type="FULLY_SPECIFIED" locale_preferred="false"/>
  <concept_name concept_id="912" name="BRUFEN" locale="en" creator="24761" date_created="2004-10-20 06:00:00.0" concept_name_id="6558" voided="0" uuid="93ee8fe0-07d4-102c-b5fa-0017a47871b2" locale_preferred="false"/>
  <concept concept_id="814" retired="0" datatype_id="4" class_id="3" is_set="0" creator="24761" date_created="2004-04-25 06:00:00.0" version="" changed_by="24761" date_changed="2011-11-16 11:12:45.0" uuid="3cd466b0-26fe-102b-80cb-0017a47871b2"/>
  <concept_name concept_id="814" name="ABACAVIR" locale="en" creator="24761" date_created="2004-04-25 06:00:00.0" concept_name_id="831" voided="0" uuid="0b5b5e94-15f5-102d-96e4-000c29c2a5d7" concept_name_type="FULLY_SPECIFIED" locale_preferred="false"/>
  <concept_name concept_id="814" name="ABC" locale="en" creator="24761" date_created="2004-04-25 06:00:00.0" concept_name_id="5467" voided="0" uuid="0b7b8b9c-15f5-102d-96e4-000c29c2a5d7" concept_name_type="SHORT" locale_preferred="false"/>
  <concept_name concept_id="814" name="ZIAGEN" locale="en" creator="24761" date_created="2004-10-20 06:00:00.0" concept_name_id="7942" voided="0" uuid="956f23d4-07d4-102c-b5fa-0017a47871b2" locale_preferred="false"/>
  <concept_name concept_id="814" name="ABC" locale="en" creator="24761" date_created="2004-10-20 06:00:00.0" concept_name_id="6355" voided="0" uuid="93c3e24a-07d4-102c-b5fa-0017a47871b2" locale_preferred="false"/>
  <concept concept_id="625" retired="0" datatype_id="4" class_id="3" is_set="0" creator="24761" date_created="2004-01-01 07:00:00.0" version="" changed_by="24761" date_changed="2011-11-16 11:12:38.0" uuid="3cd24984-26fe-102b-80cb-0017a47871b2"/>
  <concept_name concept_id="625" name="D4T" locale="en" creator="24761" date_created="2004-10-20 06:00:00.0" concept_name_id="6720" voided="0" uuid="956f5660-07d4-102c-b5fa-0017a47871b2" locale_preferred="false"/>
  <concept_name concept_id="625" name="d4T" locale="en" creator="24761" date_created="2004-01-01 07:00:00.0" concept_name_id="5439" voided="0" uuid="93c3f320-07d4-102c-b5fa-0017a47871b2" concept_name_type="SHORT" locale_preferred="false"/>
  <concept_name concept_id="625" name="STAVUDINE" locale="en" creator="24761" date_created="2004-01-01 07:00:00.0" concept_name_id="639" voided="0" uuid="0b5a4f0e-15f5-102d-96e4-000c29c2a5d7" concept_name_type="FULLY_SPECIFIED" locale_preferred="false"/>
  <concept_name concept_id="625" name="ZERIT" locale="en" creator="24761" date_created="2004-10-20 06:00:00.0" concept_name_id="7941" voided="0" uuid="956f523c-07d4-102c-b5fa-0017a47871b2" locale_preferred="false"/>
  <concept concept_id="3327" retired="0" datatype_id="4" class_id="11" is_set="0" creator="15894" date_created="2008-06-23 15:33:46.0" version="" uuid="46aaaca8-1f21-410a-aac9-67bfcc1fd577"/>
  <concept_name concept_id="3327" name="PO" locale="en" creator="15894" date_created="2008-06-23 15:33:46.0" concept_name_id="6234" voided="0" uuid="0b7fe728-15f5-102d-96e4-000c29c2a5d7" concept_name_type="SHORT" locale_preferred="false"/>
  <concept_name concept_id="3327" name="ORAL" locale="en" creator="15894" date_created="2008-06-23 15:33:46.0" concept_name_id="4677" voided="0" uuid="0b75d990-15f5-102d-96e4-000c29c2a5d7" concept_name_type="FULLY_SPECIFIED" locale_preferred="false"/>
  <concept_name concept_id="3327" name="PER ORAL" locale="en" creator="15894" date_created="2008-06-23 15:33:46.0" concept_name_id="7414" voided="0" uuid="0b87e7fc-15f5-102d-96e4-000c29c2a5d7" locale_preferred="false"/>
  <concept concept_id="4020" retired="0" datatype_id="4" class_id="11" is_set="0" creator="7" date_created="2009-01-09 08:19:58.0" version="" changed_by="7" date_changed="2009-01-09 08:29:48.0" uuid="3f2b8c24-aef1-41ef-a409-d089b3d1a839"/>
  <concept_name concept_id="4020" name="TABLET" locale="en" creator="7" date_created="2009-01-09 08:19:58.0" concept_name_id="5380" voided="0" uuid="0d8a0cf0-b2b8-41d1-9c6b-69e8c1a0237a" concept_name_type="FULLY_SPECIFIED" locale_preferred="false"/>
  <concept concept_id="1327" retired="0" datatype_id="3" class_id="7" is_set="0" creator="23132" date_created="2006-06-08 02:32:12.0" version="" changed_by="23132" date_changed="2011-08-08 19:55:37.0" uuid="3cd997f2-26fe-102b-80cb-0017a47871b2"/>
  <concept_name concept_id="1327" name="NAMES AND FIRSTNAMES OF CONTACT" locale="en" creator="23132" date_created="2006-06-08 02:32:12.0" concept_name_id="1380" voided="0" uuid="3e1817e2-26fe-102b-80cb-0017a47871b2" concept_name_type="FULLY_SPECIFIED" locale_preferred="false"/>
  <concept concept_id="6194" retired="0" datatype_id="3" class_id="7" is_set="0" creator="24761" date_created="2009-03-26 05:55:36.0" version="" changed_by="24761" date_changed="2011-11-17 15:52:37.0" uuid="276f8057-55a4-4b1c-8915-69ad090fcffb"/>
  <concept_name concept_id="6194" name="CONTACT PHONE NUMBER" locale="en" creator="24761" date_created="2009-03-26 05:55:36.0" concept_name_id="8819" voided="0" uuid="441d28cf-bbfc-407e-a007-efa91f303d5b" locale_preferred="false"/>
  <concept_name concept_id="6194" name="TELEPHONE NUMBER OF CONTACT" locale="en" creator="24761" date_created="2009-03-26 05:55:36.0" concept_name_id="8820" voided="0" uuid="67da6b1b-3689-42ff-bb0a-11c9e7292e14" concept_name_type="FULLY_SPECIFIED" locale_preferred="false"/>
  <concept concept_id="6297" retired="0" datatype_id="3" class_id="11" is_set="0" creator="24761" date_created="2009-05-25 13:50:05.0" version="" changed_by="24761" date_changed="2011-11-17 15:52:37.0" uuid="a4cd8972-6a31-411c-ade2-54c24ddad631"/>
  <concept_name concept_id="6297" name="Email address of Clinician" locale="en" creator="24761" date_created="2009-05-25 13:50:05.0" concept_name_id="9012" voided="0" uuid="0b928932-15f5-102d-96e4-000c29c2a5d7" concept_name_type="FULLY_SPECIFIED" locale_preferred="false"/>
  <concept concept_id="7329" retired="0" datatype_id="4" class_id="10" is_set="1" creator="24761" date_created="2012-08-27 14:07:28.0" uuid="56b7cea0-3aae-401b-8280-1639e0e46310"/>
  <concept_name concept_id="7329" name="Oncology test" locale="en" creator="24761" date_created="2012-08-27 14:07:28.0" concept_name_id="14953" voided="0" uuid="5df734e4-c894-455a-a450-91e449d5fe3b" concept_name_type="SHORT" locale_preferred="false"/>
  <concept_name concept_id="7329" name="Oncology test construct" locale="en" creator="24761" date_created="2012-08-27 14:07:28.0" concept_name_id="14954" voided="0" uuid="fca49330-7189-4598-b4c5-07bb9ecf9120" concept_name_type="FULLY_SPECIFIED" locale_preferred="true"/>
  <concept_set concept_set_id="1508" concept_id="1341" concept_set="7329" sort_weight="0.0" creator="24761" date_created="2012-08-27 14:07:28.0" uuid="fab5ce68-36ca-4b7b-8460-b4b468d5260c"/>
  <concept_set concept_set_id="1510" concept_id="7320" concept_set="7329" sort_weight="1.0" creator="24761" date_created="2012-08-27 14:07:28.0" uuid="d52932c8-02c9-4799-95b1-d15458a905aa"/>
  <concept_set concept_set_id="1509" concept_id="2170" concept_set="7329" sort_weight="2.0" creator="24761" date_created="2012-08-27 14:07:28.0" uuid="192bc4a4-e0fd-4bc2-9054-8ad4e628cb0c"/>
  <concept_set concept_set_id="1507" concept_id="7328" concept_set="7329" sort_weight="3.0" creator="24761" date_created="2012-08-27 14:07:28.0" uuid="deeab96a-d61a-4c33-9157-af006ebc5bc6"/>
  <concept concept_id="1341" retired="0" datatype_id="3" class_id="7" is_set="0" creator="24761" date_created="2006-06-07 22:03:58.0" changed_by="24761" date_changed="2012-09-24 11:19:35.0" uuid="3cd9b714-26fe-102b-80cb-0017a47871b2"/>
  <concept_name concept_id="1341" name="LABORATORY TESTS OTHER" locale="en" creator="24761" date_created="2006-06-07 22:03:58.0" concept_name_id="1405" voided="0" uuid="3e18525c-26fe-102b-80cb-0017a47871b2" concept_name_type="FULLY_SPECIFIED" locale_preferred="true"/>
  <concept_name concept_id="1341" name="Other laboratory test" locale="en" creator="24761" date_created="2010-11-18 12:22:33.0" concept_name_id="14213" voided="0" uuid="ca229b78-5677-4708-b065-23cb75becdce" locale_preferred="false"/>
  <concept concept_id="7320" retired="0" datatype_id="2" class_id="7" is_set="0" creator="24761" date_created="2012-08-27 11:23:35.0" uuid="509a5a0f-c504-4ee0-bfe9-6473147f3920"/>
  <concept_name concept_id="7320" name="Test location" locale="en" creator="24761" date_created="2012-08-27 11:23:35.0" concept_name_id="14935" voided="0" uuid="c7c8f03f-2541-4978-af8f-15444516df27" concept_name_type="SHORT" locale_preferred="false"/>
  <concept_name concept_id="7320" name="Location where test took place" locale="en" creator="24761" date_created="2012-08-27 11:23:35.0" concept_name_id="14936" voided="0" uuid="96613489-82b8-458f-b2b8-4c9efcc0c30d" concept_name_type="FULLY_SPECIFIED" locale_preferred="true"/>
  <concept_answer concept_answer_id="6683" concept_id="7320" answer_concept="6166" creator="24761" date_created="2012-08-27 11:23:35.0" uuid="be125955-627c-4c3f-9b3c-8ffd461b44f2" sort_weight="1.0"/>
  <concept_answer concept_answer_id="6686" concept_id="7320" answer_concept="6165" creator="24761" date_created="2012-08-27 11:23:35.0" uuid="9717b6c3-b232-4943-9c46-3e769157532c" sort_weight="2.0"/>
  <concept_answer concept_answer_id="6684" concept_id="7320" answer_concept="5622" creator="24761" date_created="2012-08-27 11:23:35.0" uuid="013c8dfa-f431-4862-a576-c4184e0b13e0" sort_weight="3.0"/>
  <concept_answer concept_answer_id="6687" concept_id="7320" answer_concept="7319" creator="24761" date_created="2012-08-27 16:56:44.0" uuid="c3378d6c-14f9-4514-a265-eedb869f8672" sort_weight="4.0"/>
  <concept_answer concept_answer_id="6685" concept_id="7320" answer_concept="7318" creator="24761" date_created="2012-08-27 16:56:44.0" uuid="c130dfb3-f311-4bdc-a8cb-d6fee4850a03" sort_weight="5.0"/>
  <concept concept_id="2170" retired="0" datatype_id="3" class_id="7" is_set="0" creator="24761" date_created="2007-05-13 00:06:44.0" changed_by="24761" date_changed="2012-09-24 11:19:35.0" uuid="3ce17e68-26fe-102b-80cb-0017a47871b2"/>
  <concept_name concept_id="2170" name="Location where test took place non coded" locale="en" creator="24761" date_created="2007-05-13 00:06:44.0" concept_name_id="14929" voided="0" uuid="0e4cf42d-5acd-4778-9aa0-e66615c12479" concept_name_type="FULLY_SPECIFIED" locale_preferred="true"/>
  <concept concept_id="7328" retired="0" datatype_id="2" class_id="1" is_set="0" creator="24761" date_created="2012-08-27 14:06:12.0" uuid="c14dc466-abc9-4660-b0c9-ae617bb9f9de"/>
  <concept_name concept_id="7328" name="Sample status" locale="en" creator="24761" date_created="2012-08-27 14:06:12.0" concept_name_id="14951" voided="0" uuid="06389ead-9f1f-4c1e-9e60-d3a02e0962f8" concept_name_type="SHORT" locale_preferred="false"/>
  <concept_name concept_id="7328" name="Laboratory sample status" locale="en" creator="24761" date_created="2012-08-27 14:06:12.0" concept_name_id="14952" voided="0" uuid="46cddcd8-3dd5-4e48-9f81-dd72ec3432b1" concept_name_type="FULLY_SPECIFIED" locale_preferred="true"/>
  <concept_answer concept_answer_id="6688" concept_id="7328" answer_concept="7314" creator="24761" date_created="2012-08-27 14:06:12.0" uuid="2782b95c-1b6f-4eb3-9c94-622add889ca9" sort_weight="1.0"/>
  <concept_answer concept_answer_id="6689" concept_id="7328" answer_concept="7306" creator="24761" date_created="2012-08-27 14:06:12.0" uuid="02d36092-abfb-46f6-bfd7-cab730fc7d8b" sort_weight="2.0"/>
  <concept concept_id="1271" retired="0" datatype_id="2" class_id="7" is_set="0" creator="24761" date_created="2007-05-12 18:32:14.0" version="" changed_by="24761" date_changed="2011-11-17 15:52:38.0" uuid="3cd937e4-26fe-102b-80cb-0017a47871b2"/>
  <concept_name concept_id="1271" name="LABORATORY TESTS ORDERED" locale="en" creator="24761" date_created="2009-03-30 14:38:29.0" concept_name_id="8839" voided="0" void_reason="" uuid="583e8cd7-ae01-4f4b-be90-41d9579b108d" locale_preferred="false"/>
  <concept_name concept_id="1271" name="TESTS ORDERED" locale="en" creator="24761" date_created="2007-05-12 18:32:14.0" concept_name_id="1309" voided="0" uuid="2796c035-b04a-4524-8231-782f3088cdcb" concept_name_type="FULLY_SPECIFIED" locale_preferred="false"/>
  <concept_answer concept_answer_id="1937" concept_id="1271" answer_concept="654" creator="24761" date_created="2007-05-12 18:36:03.0" uuid="3d45605e-26fe-102b-80cb-0017a47871b2" sort_weight="1937.0"/>
  <concept_answer concept_answer_id="1938" concept_id="1271" answer_concept="729" creator="24761" date_created="2007-05-12 18:36:03.0" uuid="3d456220-26fe-102b-80cb-0017a47871b2" sort_weight="1938.0"/>
  <concept_answer concept_answer_id="1939" concept_id="1271" answer_concept="1437" creator="24761" date_created="2007-05-12 18:36:03.0" uuid="3d4563e2-26fe-102b-80cb-0017a47871b2" sort_weight="1939.0"/>
  <concept_answer concept_answer_id="1941" concept_id="1271" answer_concept="21" creator="24761" date_created="2007-05-12 18:36:03.0" uuid="3d457710-26fe-102b-80cb-0017a47871b2" sort_weight="1941.0"/>
  <concept_answer concept_answer_id="1942" concept_id="1271" answer_concept="5622" creator="24761" date_created="2007-05-12 18:36:03.0" uuid="3d4578d2-26fe-102b-80cb-0017a47871b2" sort_weight="1942.0"/>
  <concept_answer concept_answer_id="1943" concept_id="1271" answer_concept="857" creator="24761" date_created="2007-05-12 18:36:03.0" uuid="3d457a94-26fe-102b-80cb-0017a47871b2" sort_weight="1943.0"/>
  <concept_answer concept_answer_id="1944" concept_id="1271" answer_concept="653" creator="24761" date_created="2007-05-12 18:36:03.0" uuid="3d457c4c-26fe-102b-80cb-0017a47871b2" sort_weight="1944.0"/>
  <concept_answer concept_answer_id="1946" concept_id="1271" answer_concept="1015" creator="24761" date_created="2007-05-12 18:36:03.0" uuid="3d4586ec-26fe-102b-80cb-0017a47871b2" sort_weight="1946.0"/>
  <concept_answer concept_answer_id="1947" concept_id="1271" answer_concept="1030" creator="24761" date_created="2007-05-12 18:36:03.0" uuid="3d458fa2-26fe-102b-80cb-0017a47871b2" sort_weight="1947.0"/>
  <concept_answer concept_answer_id="1948" concept_id="1271" answer_concept="790" creator="24761" date_created="2007-05-12 18:36:03.0" uuid="3d459862-26fe-102b-80cb-0017a47871b2" sort_weight="1948.0"/>
  <concept_answer concept_answer_id="1949" concept_id="1271" answer_concept="678" creator="24761" date_created="2007-05-12 18:36:03.0" uuid="3d45abcc-26fe-102b-80cb-0017a47871b2" sort_weight="1949.0"/>
  <concept_answer concept_answer_id="1953" concept_id="1271" answer_concept="1476" creator="24761" date_created="2007-05-12 18:36:03.0" uuid="3d45af8c-26fe-102b-80cb-0017a47871b2" sort_weight="1953.0"/>
  <concept_answer concept_answer_id="1954" concept_id="1271" answer_concept="1107" creator="24761" date_created="2007-05-12 18:36:03.0" uuid="3d45b0c2-26fe-102b-80cb-0017a47871b2" sort_weight="1954.0"/>
  <concept_answer concept_answer_id="1955" concept_id="1271" answer_concept="5475" creator="24761" date_created="2007-05-12 18:36:03.0" uuid="3d45b1f8-26fe-102b-80cb-0017a47871b2" sort_weight="1955.0"/>
  <concept_answer concept_answer_id="1958" concept_id="1271" answer_concept="855" creator="24761" date_created="2007-05-12 18:36:03.0" uuid="3d45b5a4-26fe-102b-80cb-0017a47871b2" sort_weight="1958.0"/>
  <concept_answer concept_answer_id="1960" concept_id="1271" answer_concept="657" creator="24761" date_created="2007-05-12 18:36:03.0" uuid="3d45b810-26fe-102b-80cb-0017a47871b2" sort_weight="1960.0"/>
  <concept_answer concept_answer_id="1961" concept_id="1271" answer_concept="5497" creator="24761" date_created="2007-05-12 18:36:03.0" uuid="3d45b950-26fe-102b-80cb-0017a47871b2" sort_weight="1961.0"/>
  <concept_answer concept_answer_id="1962" concept_id="1271" answer_concept="887" creator="24761" date_created="2007-05-12 18:36:03.0" uuid="3d45ba86-26fe-102b-80cb-0017a47871b2" sort_weight="1962.0"/>
  <concept_answer concept_answer_id="1963" concept_id="1271" answer_concept="856" creator="24761" date_created="2007-05-12 18:36:03.0" uuid="3d45bbbc-26fe-102b-80cb-0017a47871b2" sort_weight="1963.0"/>
  <concept_answer concept_answer_id="3401" concept_id="1271" answer_concept="1624" creator="24761" date_created="2007-09-04 18:16:33.0" uuid="3d4f1338-26fe-102b-80cb-0017a47871b2" sort_weight="3401.0"/>
  <concept_answer concept_answer_id="3628" concept_id="1271" answer_concept="655" creator="24761" date_created="2007-11-21 19:52:41.0" uuid="3d50c980-26fe-102b-80cb-0017a47871b2" sort_weight="3628.0"/>
  <concept_answer concept_answer_id="3629" concept_id="1271" answer_concept="1133" creator="24761" date_created="2007-11-21 19:52:41.0" uuid="3d50cb7e-26fe-102b-80cb-0017a47871b2" sort_weight="3629.0"/>
  <concept_answer concept_answer_id="3631" concept_id="1271" answer_concept="1339" creator="24761" date_created="2007-11-28 17:38:42.0" uuid="3d513168-26fe-102b-80cb-0017a47871b2" sort_weight="3631.0"/>
  <concept_answer concept_answer_id="3692" concept_id="1271" answer_concept="2555" creator="24761" date_created="2008-02-07 17:25:02.0" uuid="a36fc15f-1ed1-439c-96ba-0543d7454cb5" sort_weight="3692.0"/>
  <concept_answer concept_answer_id="3818" concept_id="1271" answer_concept="3007" creator="24761" date_created="2008-04-16 22:08:44.0" uuid="435367e7-c6d6-4e74-9081-3de1fee63555" sort_weight="3818.0"/>
  <concept_answer concept_answer_id="5041" concept_id="1271" answer_concept="1338" creator="24761" date_created="2008-08-04 21:02:27.0" uuid="3d455cda-26fe-102b-80cb-0017a47871b2" sort_weight="5041.0"/>
  <concept_answer concept_answer_id="5042" concept_id="1271" answer_concept="1478" creator="24761" date_created="2008-08-04 21:02:27.0" uuid="3d45ad16-26fe-102b-80cb-0017a47871b2" sort_weight="5042.0"/>
  <concept_answer concept_answer_id="5043" concept_id="1271" answer_concept="12" creator="24761" date_created="2008-08-04 21:02:27.0" uuid="3d45b32e-26fe-102b-80cb-0017a47871b2" sort_weight="5043.0"/>
  <concept_answer concept_answer_id="5044" concept_id="1271" answer_concept="1444" creator="24761" date_created="2008-08-04 21:02:27.0" uuid="3d45b464-26fe-102b-80cb-0017a47871b2" sort_weight="5044.0"/>
  <concept_answer concept_answer_id="5045" concept_id="1271" answer_concept="2711" creator="24761" date_created="2008-08-04 21:02:27.0" uuid="3d5001b2-26fe-102b-80cb-0017a47871b2" sort_weight="5045.0"/>
  <concept_answer concept_answer_id="5061" concept_id="1271" answer_concept="1019" creator="24761" date_created="2008-08-15 19:05:04.0" uuid="3d456838-26fe-102b-80cb-0017a47871b2" sort_weight="5061.0"/>
  <concept_answer concept_answer_id="5566" concept_id="1271" answer_concept="1477" creator="24761" date_created="2009-03-30 14:39:43.0" uuid="256438da-5c46-4220-b598-0f6fed0b37a1" sort_weight="5566.0"/>
  <concept_answer concept_answer_id="5567" concept_id="1271" answer_concept="848" creator="24761" date_created="2009-04-01 19:21:18.0" uuid="341a3a93-98b7-479a-9c0d-7fb9a81a9dc5" sort_weight="5567.0"/>
  <concept_answer concept_answer_id="5568" concept_id="1271" answer_concept="1040" creator="24761" date_created="2009-04-01 19:21:18.0" uuid="0184806b-466d-4ded-8d94-614bb20c4c78" sort_weight="5568.0"/>
  <concept_answer concept_answer_id="5622" concept_id="1271" answer_concept="885" creator="24761" date_created="2009-06-03 17:43:31.0" uuid="3c40b24c-0ea1-4f9d-a647-9acc20fd3bef" sort_weight="5622.0"/>
  <concept_answer concept_answer_id="6078" concept_id="1271" answer_concept="849" creator="24761" date_created="2010-03-03 00:41:40.0" uuid="25b51abb-1622-4a82-b35a-4be48c61528f" sort_weight="6078.0"/>
  <concept_answer concept_answer_id="6173" concept_id="1271" answer_concept="6771" creator="24761" date_created="2010-06-21 22:51:36.0" uuid="b91955ae-389e-4994-bc9a-94dc61e1d696" sort_weight="6173.0"/>
  <concept_answer concept_answer_id="6244" concept_id="1271" answer_concept="6827" creator="24761" date_created="2010-07-22 01:06:22.0" uuid="7a0cf0a0-9796-45a3-8597-8744c942127c" sort_weight="6244.0"/>
  <concept_answer concept_answer_id="6274" concept_id="1271" answer_concept="846" creator="24761" date_created="2010-07-24 00:33:08.0" uuid="ab1184fd-9032-4d10-b701-7ae9789bcfbd" sort_weight="6274.0"/>
  <concept_answer concept_answer_id="6275" concept_id="1271" answer_concept="6842" creator="24761" date_created="2010-07-24 00:36:56.0" uuid="72a94221-6514-40a2-977f-a9631759b796" sort_weight="6275.0"/>
  <concept_answer concept_answer_id="6292" concept_id="1271" answer_concept="1553" creator="24761" date_created="2010-11-01 13:22:51.0" uuid="90a3c8a2-7a27-429a-88b7-7a1c92cdf786" sort_weight="6292.0"/>
  <concept_answer concept_answer_id="6400" concept_id="1271" answer_concept="6961" creator="24761" date_created="2010-12-15 19:25:47.0" uuid="c566335a-9f48-4a3c-be3d-833bb33196de" sort_weight="6400.0"/>
  <concept_answer concept_answer_id="6401" concept_id="1271" answer_concept="6962" creator="24761" date_created="2010-12-15 19:25:47.0" uuid="46893bb3-9d61-4c7a-bf80-61a25e6875d7" sort_weight="6401.0"/>
  <concept_answer concept_answer_id="6406" concept_id="1271" answer_concept="953" creator="24761" date_created="2011-04-04 21:43:51.0" uuid="4645fe6d-8a2a-408e-9471-9da4cf168c22" sort_weight="6406.0"/>
  <concept_answer concept_answer_id="6407" concept_id="1271" answer_concept="3270" creator="24761" date_created="2011-04-04 21:43:51.0" uuid="cbb6a707-9c0e-4245-a820-99a1f2e67239" sort_weight="6407.0"/>
  <concept_answer concept_answer_id="6408" concept_id="1271" answer_concept="2473" creator="24761" date_created="2011-05-12 21:50:50.0" uuid="dfa47fba-cb88-426c-af69-ad53de6fcfb7" sort_weight="6408.0"/>
  <concept_answer concept_answer_id="6409" concept_id="1271" answer_concept="45" creator="24761" date_created="2011-05-12 21:50:50.0" uuid="145812f8-b730-48f1-8b1d-a9eeaac0dbfe" sort_weight="6409.0"/>
  <concept_answer concept_answer_id="6543" concept_id="1271" answer_concept="7057" creator="24761" date_created="2011-09-13 16:42:07.0" uuid="77cbf125-e4bd-414c-86fd-ecb6040feed9" sort_weight="6543.0"/>
  <concept_answer concept_answer_id="6544" concept_id="1271" answer_concept="7058" creator="24761" date_created="2011-09-13 16:42:07.0" uuid="53ff744f-b4fd-45fd-94ae-1563f7da9f50" sort_weight="6544.0"/>
  <concept_answer concept_answer_id="6545" concept_id="1271" answer_concept="7059" creator="24761" date_created="2011-09-13 16:54:50.0" uuid="2fe3d5d8-9e39-4448-a527-b4bec4fc4921" sort_weight="6545.0"/>
  <concept_answer concept_answer_id="6546" concept_id="1271" answer_concept="845" creator="24761" date_created="2011-09-13 16:54:50.0" uuid="cee38309-67d7-4118-a107-748b5a53d27b" sort_weight="6546.0"/>
  <concept_answer concept_answer_id="6547" concept_id="1271" answer_concept="7060" creator="24761" date_created="2011-09-13 16:54:50.0" uuid="72db163d-32db-4e7a-b244-f9f022cf86b2" sort_weight="6547.0"/>
  <concept_answer concept_answer_id="6548" concept_id="1271" answer_concept="32" creator="24761" date_created="2011-09-13 16:54:50.0" uuid="08fcca69-4451-4e61-83d8-4042ee2f46d2" sort_weight="6548.0"/>
  <concept_answer concept_answer_id="6549" concept_id="1271" answer_concept="7051" creator="24761" date_created="2011-09-28 14:09:42.0" uuid="36e93c46-ea61-413e-9353-7c8d6c2e8364" sort_weight="6549.0"/>
  <concept_answer concept_answer_id="6550" concept_id="1271" answer_concept="7061" creator="24761" date_created="2011-09-13 16:54:50.0" uuid="edee6be5-c213-4d54-b32b-8677fa20d264" sort_weight="6550.0"/>
  <concept_answer concept_answer_id="6551" concept_id="1271" answer_concept="7062" creator="24761" date_created="2011-09-13 16:42:07.0" uuid="380d26e0-8c2c-406d-bc0e-dfef46d73921" sort_weight="6551.0"/>
  <concept concept_id="654" retired="0" datatype_id="1" class_id="1" is_set="0" creator="24761" date_created="2004-01-01 07:00:00.0" version="" changed_by="24761" date_changed="2011-11-17 15:52:32.0" uuid="3cd27760-26fe-102b-80cb-0017a47871b2"/>
  <concept_name concept_id="654" name="SGPT" locale="en" creator="24761" date_created="2004-01-01 07:00:00.0" concept_name_id="5445" voided="0" uuid="0b7b2f08-15f5-102d-96e4-000c29c2a5d7" concept_name_type="SHORT" locale_preferred="false"/>
  <concept_name concept_id="654" name="ALANINE AMINOTRANSFERASE" locale="en" creator="24761" date_created="2004-12-02 07:00:00.0" concept_name_id="6410" voided="0" void_reason="" uuid="93ec28f4-07d4-102c-b5fa-0017a47871b2" locale_preferred="false"/>
  <concept_name concept_id="654" name="SGPT" locale="en" creator="24761" date_created="2004-12-02 07:00:00.0" concept_name_id="7641" voided="0" void_reason="" uuid="0b8917b2-15f5-102d-96e4-000c29c2a5d7" locale_preferred="false"/>
  <concept_name concept_id="654" name="ALT" locale="en" creator="24761" date_created="2004-12-02 07:00:00.0" concept_name_id="6424" voided="0" void_reason="" uuid="93ec6eb8-07d4-102c-b5fa-0017a47871b2" locale_preferred="false"/>
  <concept_name concept_id="654" name="SERUM GLUTAMIC-PYRUVIC TRANSAMINASE" locale="en" creator="24761" date_created="2004-01-01 07:00:00.0" concept_name_id="668" voided="0" uuid="3e104238-26fe-102b-80cb-0017a47871b2" concept_name_type="FULLY_SPECIFIED" locale_preferred="false"/>
  <concept concept_id="729" retired="0" datatype_id="1" class_id="1" is_set="0" creator="24761" date_created="2004-01-01 07:00:00.0" changed_by="24761" date_changed="2012-09-12 11:14:00.0" uuid="3cd3d038-26fe-102b-80cb-0017a47871b2"/>
  <concept_name concept_id="729" name="PLATELETS" locale="en" creator="24761" date_created="2004-01-01 07:00:00.0" concept_name_id="744" voided="0" uuid="3e115786-26fe-102b-80cb-0017a47871b2" concept_name_type="FULLY_SPECIFIED" locale_preferred="true"/>
  <concept_name concept_id="729" name="BLOOD PLATELET" locale="en" creator="24761" date_created="2004-12-02 07:00:00.0" concept_name_id="6547" voided="0" uuid="93ee6ace-07d4-102c-b5fa-0017a47871b2" locale_preferred="false"/>
  <concept_name concept_id="729" name="THROMBOCYTE" locale="en" creator="24761" date_created="2004-12-02 07:00:00.0" concept_name_id="7768" voided="0" uuid="956a86ee-07d4-102c-b5fa-0017a47871b2" locale_preferred="false"/>
  <concept_name concept_id="729" name="Plts" locale="en" creator="24761" date_created="2009-03-04 16:52:46.0" concept_name_id="8750" voided="0" uuid="0b904e38-15f5-102d-96e4-000c29c2a5d7" concept_name_type="SHORT" locale_preferred="false"/>
  <concept_name concept_id="729" name="PLTS" locale="en" creator="24761" date_created="2004-10-20 06:00:00.0" concept_name_id="7441" voided="0" uuid="95634366-07d4-102c-b5fa-0017a47871b2" locale_preferred="false"/>
  <concept concept_id="1437" retired="0" datatype_id="1" class_id="1" is_set="0" creator="24761" date_created="2006-07-17 22:24:29.0" version="" changed_by="24761" date_changed="2011-11-17 15:52:09.0" uuid="3cda4de6-26fe-102b-80cb-0017a47871b2"/>
  <concept_name concept_id="1437" name="TUBERCULIN SKIN TEST QUANTITATIVE" locale="en" creator="24761" date_created="2006-07-17 22:27:17.0" concept_name_id="7833" voided="0" uuid="956ba358-07d4-102c-b5fa-0017a47871b2" locale_preferred="false"/>
  <concept_name concept_id="1437" name="TUBERCULIN TEST QUANTITATIVE" locale="en" creator="24761" date_created="2006-07-17 22:25:58.0" concept_name_id="7835" voided="0" uuid="956babf0-07d4-102c-b5fa-0017a47871b2" locale_preferred="false"/>
  <concept_name concept_id="1437" name="PPD, QUANTITATIVE" locale="en" creator="24761" date_created="2006-07-17 22:24:29.0" concept_name_id="1555" voided="0" uuid="3e1a1542-26fe-102b-80cb-0017a47871b2" concept_name_type="FULLY_SPECIFIED" locale_preferred="false"/>
  <concept concept_id="21" retired="0" datatype_id="1" class_id="1" is_set="0" creator="24761" date_created="2004-01-01 07:00:00.0" version="" changed_by="24761" date_changed="2011-11-17 15:52:39.0" uuid="3ccc7158-26fe-102b-80cb-0017a47871b2"/>
  <concept_numeric concept_id="21" hi_absolute="20.0" low_absolute="2.0" low_normal="11.5" units="g/dl" precise="1"/>
  <concept_name concept_id="21" name="HGB" locale="en" creator="24761" date_created="2004-10-20 06:00:00.0" concept_name_id="7021" voided="0" void_reason="" uuid="0b853dd6-15f5-102d-96e4-000c29c2a5d7" locale_preferred="false"/>
  <concept_name concept_id="21" name="HEMOGLOBIN" locale="en" creator="24761" date_created="2004-01-01 07:00:00.0" concept_name_id="22" voided="0" uuid="3e09b800-26fe-102b-80cb-0017a47871b2" concept_name_type="FULLY_SPECIFIED" locale_preferred="false"/>
  <concept_name concept_id="21" name="HB" locale="en" creator="24761" date_created="2004-10-20 06:00:00.0" concept_name_id="6994" voided="0" void_reason="" uuid="94aa1e22-07d4-102c-b5fa-0017a47871b2" locale_preferred="false"/>
  <concept_name concept_id="21" name="Hb" locale="en" creator="24761" date_created="2004-01-01 07:00:00.0" concept_name_id="5430" voided="0" uuid="0b7b1982-15f5-102d-96e4-000c29c2a5d7" concept_name_type="SHORT" locale_preferred="false"/>
  <concept concept_id="857" retired="0" datatype_id="1" class_id="1" is_set="0" creator="24761" date_created="2004-05-05 06:00:00.0" version="" changed_by="24761" date_changed="2011-11-17 15:52:10.0" uuid="3cd4aa12-26fe-102b-80cb-0017a47871b2"/>
  <concept_name concept_id="857" name="BUN" locale="en" creator="24761" date_created="2004-05-05 06:00:00.0" concept_name_id="5471" voided="0" uuid="0b7b8f70-15f5-102d-96e4-000c29c2a5d7" concept_name_type="SHORT" locale_preferred="false"/>
  <concept_name concept_id="857" name="BLOOD UREA NITROGEN" locale="en" creator="24761" date_created="2004-05-05 06:00:00.0" concept_name_id="876" voided="0" uuid="3e129a88-26fe-102b-80cb-0017a47871b2" concept_name_type="FULLY_SPECIFIED" locale_preferred="false"/>
  <concept_name concept_id="857" name="UREA" locale="en" creator="24761" date_created="2004-12-02 07:00:00.0" concept_name_id="7858" voided="0" uuid="956bff74-07d4-102c-b5fa-0017a47871b2" locale_preferred="false"/>
  <concept_name concept_id="857" name="BUN" locale="en" creator="24761" date_created="2004-12-02 07:00:00.0" concept_name_id="6564" voided="0" uuid="93eeac5a-07d4-102c-b5fa-0017a47871b2" locale_preferred="false"/>
  <concept concept_id="653" retired="0" datatype_id="1" class_id="1" is_set="0" creator="24761" date_created="2004-01-01 07:00:00.0" version="" changed_by="24761" date_changed="2011-11-17 15:52:32.0" uuid="3cd275d0-26fe-102b-80cb-0017a47871b2"/>
  <concept_name concept_id="653" name="SGOT" locale="en" creator="24761" date_created="2004-12-02 07:00:00.0" concept_name_id="7640" voided="0" void_reason="" uuid="0b8916c2-15f5-102d-96e4-000c29c2a5d7" locale_preferred="false"/>
  <concept_name concept_id="653" name="ASPARTATE AMINOTRANSFERASE" locale="en" creator="24761" date_created="2004-12-02 07:00:00.0" concept_name_id="6485" voided="0" void_reason="" uuid="93ed76fa-07d4-102c-b5fa-0017a47871b2" locale_preferred="false"/>
  <concept_name concept_id="653" name="AST" locale="en" creator="24761" date_created="2004-12-02 07:00:00.0" concept_name_id="6488" voided="0" void_reason="" uuid="93ed8096-07d4-102c-b5fa-0017a47871b2" locale_preferred="false"/>
  <concept_name concept_id="653" name="SGOT" locale="en" creator="24761" date_created="2004-01-01 07:00:00.0" concept_name_id="5444" voided="0" uuid="0b7b2e22-15f5-102d-96e4-000c29c2a5d7" concept_name_type="SHORT" locale_preferred="false"/>
  <concept_name concept_id="653" name="SERUM GLUTAMIC-OXALOACETIC TRANSAMINASE" locale="en" creator="24761" date_created="2004-01-01 07:00:00.0" concept_name_id="667" voided="0" uuid="3e1040c6-26fe-102b-80cb-0017a47871b2" concept_name_type="FULLY_SPECIFIED" locale_preferred="false"/>
  <concept concept_id="1015" retired="0" datatype_id="1" class_id="1" is_set="0" creator="24761" date_created="2004-12-02 07:00:00.0" version="" changed_by="24761" date_changed="2011-11-17 15:52:32.0" uuid="3cd69a98-26fe-102b-80cb-0017a47871b2"/>
  <concept_name concept_id="1015" name="HEMATOCRIT" locale="en" creator="24761" date_created="2004-12-02 07:00:00.0" concept_name_id="1051" voided="0" uuid="3e148d20-26fe-102b-80cb-0017a47871b2" concept_name_type="FULLY_SPECIFIED" locale_preferred="false"/>
  <concept_name concept_id="1015" name="PACKED CELL VOLUME" locale="en" creator="24761" date_created="2004-12-02 07:00:00.0" concept_name_id="7375" voided="0" void_reason="" uuid="94b8dc5a-07d4-102c-b5fa-0017a47871b2" locale_preferred="false"/>
  <concept_name concept_id="1015" name="Hct" locale="en" creator="24761" date_created="2004-12-02 07:00:00.0" concept_name_id="5499" voided="0" uuid="0b7ba816-15f5-102d-96e4-000c29c2a5d7" concept_name_type="SHORT" locale_preferred="false"/>
  <concept_name concept_id="1015" name="CRIT" locale="en" creator="24761" date_created="2004-12-02 07:00:00.0" concept_name_id="6701" voided="0" void_reason="" uuid="93f3926a-07d4-102c-b5fa-0017a47871b2" locale_preferred="false"/>
  <concept_name concept_id="1015" name="HCT" locale="en" creator="24761" date_created="2004-12-02 07:00:00.0" concept_name_id="6996" voided="0" void_reason="" uuid="0b851fb8-15f5-102d-96e4-000c29c2a5d7" locale_preferred="false"/>
  <concept_name concept_id="1015" name="PCV" locale="en" creator="24761" date_created="2004-12-02 07:00:00.0" concept_name_id="7406" voided="0" void_reason="" uuid="9562d11a-07d4-102c-b5fa-0017a47871b2" locale_preferred="false"/>
  <concept concept_id="1030" retired="0" datatype_id="10" class_id="1" is_set="0" creator="24761" date_created="2004-12-02 07:00:00.0" version="" changed_by="24761" date_changed="2011-11-17 15:52:10.0" uuid="3cd6b1fe-26fe-102b-80cb-0017a47871b2"/>
  <concept_name concept_id="1030" name="HIV PCR QUAL" locale="en" creator="24761" date_created="2004-12-02 07:00:00.0" concept_name_id="7037" voided="0" uuid="0b854d62-15f5-102d-96e4-000c29c2a5d7" locale_preferred="false"/>
  <concept_name concept_id="1030" name="HIV QUAL" locale="en" creator="24761" date_created="2004-12-02 07:00:00.0" concept_name_id="7039" voided="0" uuid="94ab3014-07d4-102c-b5fa-0017a47871b2" locale_preferred="false"/>
  <concept_name concept_id="1030" name="HIV DNA POLYMERASE CHAIN REACTION, QUALITATIVE" locale="en" creator="24761" date_created="2004-12-02 07:00:00.0" concept_name_id="1066" voided="0" uuid="3e14ac60-26fe-102b-80cb-0017a47871b2" concept_name_type="FULLY_SPECIFIED" locale_preferred="false"/>
  <concept_name concept_id="1030" name="HIV PCR Qual" locale="en" creator="24761" date_created="2004-12-02 07:00:00.0" concept_name_id="5512" voided="0" uuid="0b7bb540-15f5-102d-96e4-000c29c2a5d7" concept_name_type="SHORT" locale_preferred="false"/>
  <concept concept_id="790" retired="0" datatype_id="1" class_id="1" is_set="0" creator="24761" date_created="2004-04-08 06:00:00.0" changed_by="24761" date_changed="2012-09-12 11:14:13.0" uuid="3cd4374e-26fe-102b-80cb-0017a47871b2"/>
  <concept_numeric concept_id="790" hi_absolute="1500.0" hi_normal="120.0" low_absolute="30.0" units="mmol/L" precise="1"/>
  <concept_name concept_id="790" name="Cr" locale="en" creator="24761" date_created="2004-04-08 06:00:00.0" concept_name_id="5461" voided="0" uuid="9388d100-07d4-102c-b5fa-0017a47871b2" concept_name_type="SHORT" locale_preferred="false"/>
  <concept_name concept_id="790" name="CR" locale="en" creator="24761" date_created="2004-12-02 07:00:00.0" concept_name_id="6696" voided="0" uuid="93f37f5a-07d4-102c-b5fa-0017a47871b2" locale_preferred="false"/>
  <concept_name concept_id="790" name="SERUM CREATININE" locale="en" creator="24761" date_created="2004-04-08 06:00:00.0" concept_name_id="806" voided="0" uuid="3e11f416-26fe-102b-80cb-0017a47871b2" concept_name_type="FULLY_SPECIFIED" locale_preferred="true"/>
  <concept_name concept_id="790" name="CREATININE" locale="en" creator="24761" date_created="2005-01-22 07:00:00.0" concept_name_id="6697" voided="0" uuid="93f38414-07d4-102c-b5fa-0017a47871b2" locale_preferred="false"/>
  <concept concept_id="678" retired="0" datatype_id="1" class_id="1" is_set="0" creator="24761" date_created="2004-01-01 07:00:00.0" version="" changed_by="24761" date_changed="2011-11-17 15:52:32.0" uuid="3cd2a906-26fe-102b-80cb-0017a47871b2"/>
  <concept_name concept_id="678" name="WHITE CELLS" locale="en" creator="24761" date_created="2004-10-20 06:00:00.0" concept_name_id="7895" voided="0" void_reason="" uuid="956ca244-07d4-102c-b5fa-0017a47871b2" locale_preferred="false"/>
  <concept_name concept_id="678" name="WBC" locale="en" creator="24761" date_created="2004-10-20 06:00:00.0" concept_name_id="7891" voided="0" void_reason="" uuid="0b8a567c-15f5-102d-96e4-000c29c2a5d7" locale_preferred="false"/>
  <concept_name concept_id="678" name="WBC" locale="en" creator="24761" date_created="2004-01-01 07:00:00.0" concept_name_id="5449" voided="0" uuid="9388bbac-07d4-102c-b5fa-0017a47871b2" concept_name_type="SHORT" locale_preferred="false"/>
  <concept_name concept_id="678" name="WHITE BLOOD CELLS" locale="en" creator="24761" date_created="2004-01-01 07:00:00.0" concept_name_id="692" voided="0" uuid="3e10f142-26fe-102b-80cb-0017a47871b2" concept_name_type="FULLY_SPECIFIED" locale_preferred="false"/>
  <concept_name concept_id="678" name="WBCs" locale="en" creator="24761" date_created="2009-10-30 15:53:39.0" concept_name_id="9685" voided="0" void_reason="" uuid="f5d5258d-275b-47ea-a786-d3b7852891cc" locale_preferred="false"/>
  <concept_name concept_id="678" name="PUS CELLS" locale="en" creator="24761" date_created="2004-10-20 06:00:00.0" concept_name_id="7502" voided="0" void_reason="" uuid="95642c68-07d4-102c-b5fa-0017a47871b2" locale_preferred="false"/>
  <concept_name concept_id="678" name="LEUKOCYTE COUNT" locale="en" creator="24761" date_created="2004-12-02 07:00:00.0" concept_name_id="7177" voided="0" void_reason="" uuid="94b47674-07d4-102c-b5fa-0017a47871b2" locale_preferred="false"/>
  <concept concept_id="1476" retired="0" datatype_id="3" class_id="1" is_set="0" creator="24761" date_created="2006-08-15 05:52:58.0" version="" changed_by="24761" date_changed="2011-11-17 15:52:10.0" uuid="3cdb2a36-26fe-102b-80cb-0017a47871b2"/>
  <concept_name concept_id="1476" name="BLOOD SMEAR" locale="en" creator="24761" date_created="2006-08-15 05:53:48.0" concept_name_id="1597" voided="0" uuid="3e1a7f3c-26fe-102b-80cb-0017a47871b2" concept_name_type="FULLY_SPECIFIED" locale_preferred="false"/>
  <concept concept_id="5475" retired="0" datatype_id="1" class_id="1" is_set="0" creator="24761" date_created="2004-08-12 06:00:00.0" version="" changed_by="24761" date_changed="2011-11-17 15:52:10.0" uuid="3cecf388-26fe-102b-80cb-0017a47871b2"/>
  <concept_name concept_id="5475" name="TB SKIN TEST" locale="en" creator="24761" date_created="2005-01-22 07:00:00.0" concept_name_id="7748" voided="0" uuid="956a1f56-07d4-102c-b5fa-0017a47871b2" locale_preferred="false"/>
  <concept_name concept_id="5475" name="TUBERCULIN SKIN TEST" locale="en" creator="24761" date_created="2004-08-12 06:00:00.0" concept_name_id="3844" voided="0" uuid="3e3f4092-26fe-102b-80cb-0017a47871b2" concept_name_type="FULLY_SPECIFIED" locale_preferred="false"/>
  <concept concept_id="855" retired="1" datatype_id="1" class_id="1" is_set="0" creator="24761" date_created="2004-05-05 06:00:00.0" version="" changed_by="24761" date_changed="2011-11-17 15:52:10.0" uuid="3cd4a6fc-26fe-102b-80cb-0017a47871b2"/>
  <concept_name concept_id="855" name="ERYTHROCYTE SEDIMENTATION RATE retired" locale="en" creator="24761" date_created="2004-05-05 06:00:00.0" concept_name_id="874" voided="0" uuid="3e1297a4-26fe-102b-80cb-0017a47871b2" concept_name_type="FULLY_SPECIFIED" locale_preferred="false"/>
  <concept concept_id="657" retired="0" datatype_id="4" class_id="8" is_set="1" creator="24761" date_created="2004-01-01 07:00:00.0" version="" changed_by="24761" date_changed="2011-11-17 15:52:10.0" uuid="3cd27c1a-26fe-102b-80cb-0017a47871b2"/>
  <concept_name concept_id="657" name="LYMPHOCYTE SUBSET PANEL" locale="en" creator="24761" date_created="2004-12-02 07:00:00.0" concept_name_id="7204" voided="0" uuid="94b65d72-07d4-102c-b5fa-0017a47871b2" locale_preferred="false"/>
  <concept_name concept_id="657" name="CD4 PANEL" locale="en" creator="24761" date_created="2004-01-01 07:00:00.0" concept_name_id="671" voided="0" uuid="3e1046e8-26fe-102b-80cb-0017a47871b2" concept_name_type="FULLY_SPECIFIED" locale_preferred="false"/>
  <concept_set concept_set_id="1144" concept_id="5497" concept_set="657" sort_weight="0.0" creator="24761" date_created="2009-03-04 13:32:31.0" uuid="42906f69-0a05-4da9-a912-878896ba7f64"/>
  <concept_set concept_set_id="94" concept_id="730" concept_set="657" sort_weight="1.0" creator="24761" date_created="2009-03-04 13:32:31.0" uuid="68d27a19-c7eb-41f3-bf5b-9cce7d95e976"/>
  <concept concept_id="5497" retired="0" datatype_id="1" class_id="1" is_set="0" creator="24761" date_created="2004-08-12 06:00:00.0" changed_by="24761" date_changed="2012-09-12 11:34:15.0" uuid="3ceda710-26fe-102b-80cb-0017a47871b2"/>
  <concept_numeric concept_id="5497" low_absolute="0.0" low_critical="350.0" units="cells/mm3" precise="0"/>
  <concept_name concept_id="5497" name="CD4" locale="en" creator="24761" date_created="2004-12-02 07:00:00.0" concept_name_id="6596" voided="0" uuid="93bfb15c-07d4-102c-b5fa-0017a47871b2" locale_preferred="false"/>
  <concept_name concept_id="5497" name="CD4 COUNT" locale="en" creator="24761" date_created="2004-08-12 06:00:00.0" concept_name_id="3866" voided="0" uuid="3e3f6df6-26fe-102b-80cb-0017a47871b2" concept_name_type="FULLY_SPECIFIED" locale_preferred="true"/>
  <concept_name concept_id="5497" name="CD4" locale="en" creator="24761" date_created="2004-08-12 06:00:00.0" concept_name_id="6182" voided="0" uuid="0b7faef2-15f5-102d-96e4-000c29c2a5d7" concept_name_type="SHORT" locale_preferred="false"/>
  <concept concept_id="856" retired="0" datatype_id="1" class_id="1" is_set="0" creator="23132" date_created="2004-05-05 06:00:00.0" version="" changed_by="24761" date_changed="2011-11-17 15:52:10.0" uuid="5b1f9343-3298-4223-ae8e-5071cb07f5ad"/>
  <concept_numeric concept_id="856" units="" precise="0"/>
  <concept_name concept_id="856" name="VIRAL LOAD" locale="en" creator="23132" date_created="2005-02-18 21:58:11.0" concept_name_id="7879" voided="0" void_reason="" uuid="956c69e6-07d4-102c-b5fa-0017a47871b2" locale_preferred="false"/>
  <concept_name concept_id="856" name="HIV VIRAL LOAD" locale="en" creator="23132" date_created="2004-05-05 06:00:00.0" concept_name_id="875" voided="0" uuid="3e129920-26fe-102b-80cb-0017a47871b2" concept_name_type="FULLY_SPECIFIED" locale_preferred="false"/>
  <concept concept_id="1624" retired="0" datatype_id="1" class_id="1" is_set="0" creator="24761" date_created="2006-09-11 20:17:57.0" version="" changed_by="24761" date_changed="2011-11-17 15:52:38.0" uuid="3cdc5f1e-26fe-102b-80cb-0017a47871b2"/>
  <concept_name concept_id="1624" name="THYROID STIMULATING HORMONE" locale="en" creator="24761" date_created="2006-09-11 20:17:57.0" concept_name_id="7772" voided="0" uuid="956a9878-07d4-102c-b5fa-0017a47871b2" locale_preferred="false"/>
  <concept_name concept_id="1624" name="TSH" locale="en" creator="24761" date_created="2006-09-11 20:17:57.0" concept_name_id="1772" voided="0" uuid="3e1c45f6-26fe-102b-80cb-0017a47871b2" concept_name_type="FULLY_SPECIFIED" locale_preferred="false"/>
  <concept concept_id="655" retired="0" datatype_id="1" class_id="1" is_set="0" creator="24761" date_created="2004-01-01 07:00:00.0" version="" changed_by="24761" date_changed="2011-11-17 15:52:10.0" uuid="3cd278fa-26fe-102b-80cb-0017a47871b2"/>
  <concept_name concept_id="655" name="BILI" locale="en" creator="24761" date_created="2004-12-02 07:00:00.0" concept_name_id="6537" voided="0" uuid="93ee3fae-07d4-102c-b5fa-0017a47871b2" locale_preferred="false"/>
  <concept_name concept_id="655" name="TBILI" locale="en" creator="24761" date_created="2004-01-01 07:00:00.0" concept_name_id="5446" voided="0" uuid="0b7b2fee-15f5-102d-96e4-000c29c2a5d7" concept_name_type="SHORT" locale_preferred="false"/>
  <concept_name concept_id="655" name="TOTAL BILIRUBIN" locale="en" creator="24761" date_created="2004-01-01 07:00:00.0" concept_name_id="669" voided="0" uuid="3e1043fa-26fe-102b-80cb-0017a47871b2" concept_name_type="FULLY_SPECIFIED" locale_preferred="false"/>
  <concept_name concept_id="655" name="BILIRUBIN" locale="en" creator="24761" date_created="2004-12-02 07:00:00.0" concept_name_id="6540" voided="0" uuid="93ee4e0e-07d4-102c-b5fa-0017a47871b2" locale_preferred="false"/>
  <concept_name concept_id="655" name="TBILI" locale="en" creator="24761" date_created="2004-12-02 07:00:00.0" concept_name_id="7752" voided="0" uuid="0b898fb2-15f5-102d-96e4-000c29c2a5d7" locale_preferred="false"/>
  <concept concept_id="1133" retired="0" datatype_id="1" class_id="1" is_set="0" creator="24761" date_created="2005-01-22 07:00:00.0" version="" changed_by="24761" date_changed="2011-11-17 15:52:39.0" uuid="3cd76ce8-26fe-102b-80cb-0017a47871b2"/>
  <concept_name concept_id="1133" name="POTASSIUM" locale="en" creator="24761" date_created="2005-01-22 07:00:00.0" concept_name_id="7463" voided="0" void_reason="" uuid="9563a018-07d4-102c-b5fa-0017a47871b2" locale_preferred="false"/>
  <concept_name concept_id="1133" name="K" locale="en" creator="24761" date_created="2005-01-22 07:00:00.0" concept_name_id="5533" voided="0" uuid="93b4bc7a-07d4-102c-b5fa-0017a47871b2" concept_name_type="SHORT" locale_preferred="false"/>
  <concept_name concept_id="1133" name="SERUM POTASSIUM" locale="en" creator="24761" date_created="2005-01-22 07:00:00.0" concept_name_id="1171" voided="0" uuid="3e15a1ce-26fe-102b-80cb-0017a47871b2" concept_name_type="FULLY_SPECIFIED" locale_preferred="false"/>
  <concept concept_id="1339" retired="0" datatype_id="3" class_id="7" is_set="0" creator="24761" date_created="2006-06-08 03:37:40.0" version="" changed_by="24761" date_changed="2011-11-17 15:52:10.0" uuid="3cd9b426-26fe-102b-80cb-0017a47871b2"/>
  <concept_name concept_id="1339" name="DST RESULT TEXT" locale="en" creator="24761" date_created="2006-08-11 18:26:56.0" concept_name_id="6823" voided="0" uuid="93f5a942-07d4-102c-b5fa-0017a47871b2" locale_preferred="false"/>
  <concept_name concept_id="1339" name="TB DST" locale="en" creator="24761" date_created="2007-06-26 20:23:52.0" concept_name_id="7738" voided="0" uuid="9569f378-07d4-102c-b5fa-0017a47871b2" locale_preferred="false"/>
  <concept_name concept_id="1339" name="NON-CODED" locale="en" creator="24761" date_created="2007-06-26 20:23:52.0" concept_name_id="7299" voided="0" uuid="94b7c27a-07d4-102c-b5fa-0017a47871b2" locale_preferred="false"/>
  <concept_name concept_id="1339" name="DST_RES" locale="en" creator="24761" date_created="2006-06-08 03:37:40.0" concept_name_id="5552" voided="0" uuid="0b7bdf98-15f5-102d-96e4-000c29c2a5d7" concept_name_type="SHORT" locale_preferred="false"/>
  <concept_name concept_id="1339" name="TUBERCULOSIS DRUG SENSITIVITY TESTING, NON-CODED" locale="en" creator="24761" date_created="2006-06-08 03:37:40.0" concept_name_id="1401" voided="0" uuid="3e1848fc-26fe-102b-80cb-0017a47871b2" concept_name_type="FULLY_SPECIFIED" locale_preferred="false"/>
  <concept concept_id="2555" retired="0" datatype_id="1" class_id="5" is_set="0" creator="24761" date_created="2007-08-07 17:37:48.0" version="" changed_by="24761" date_changed="2011-11-17 15:52:10.0" uuid="3ce512e4-26fe-102b-80cb-0017a47871b2"/>
  <concept_name concept_id="2555" name="urea" locale="en" creator="24761" date_created="2009-10-19 17:36:03.0" concept_name_id="9589" voided="0" uuid="0b9616ec-15f5-102d-96e4-000c29c2a5d7" concept_name_type="SHORT" locale_preferred="false"/>
  <concept_name concept_id="2555" name="CREATININE/UREA UNSPECIFIED" locale="en" creator="24761" date_created="2007-08-07 17:37:48.0" concept_name_id="2742" voided="0" uuid="3e26b6da-26fe-102b-80cb-0017a47871b2" concept_name_type="FULLY_SPECIFIED" locale_preferred="false"/>
  <concept concept_id="3007" retired="0" datatype_id="1" class_id="1" is_set="0" creator="24761" date_created="2008-04-16 21:08:52.0" version="" changed_by="24761" date_changed="2011-11-17 15:52:10.0" uuid="5ad4753c-4757-4169-81a3-c5e342ad2155"/>
  <concept_name concept_id="3007" name="SGOT/SGPT" locale="en" creator="24761" date_created="2008-04-16 21:08:52.0" concept_name_id="6101" voided="0" uuid="93c17b2c-07d4-102c-b5fa-0017a47871b2" concept_name_type="SHORT" locale_preferred="false"/>
  <concept_name concept_id="3007" name="SERUM GLUTAMIC OXALOACETIC/PYRUVIC TRANSAMINASE" locale="en" creator="24761" date_created="2008-04-16 21:08:52.0" concept_name_id="3227" voided="0" uuid="0b6af534-15f5-102d-96e4-000c29c2a5d7" concept_name_type="FULLY_SPECIFIED" locale_preferred="false"/>
  <concept concept_id="1338" retired="0" datatype_id="2" class_id="1" is_set="0" creator="24761" date_created="2006-06-08 03:33:24.0" changed_by="24761" date_changed="2012-09-12 11:15:58.0" uuid="3cd9b2aa-26fe-102b-80cb-0017a47871b2"/>
  <concept_name concept_id="1338" name="CULTURE FOR MYCOBACTERIUM TUBERCULOSIS COMPLEX" locale="en" creator="24761" date_created="2007-11-30 22:12:57.0" concept_name_id="6709" voided="0" uuid="93f3b3c6-07d4-102c-b5fa-0017a47871b2" locale_preferred="false"/>
  <concept_name concept_id="1338" name="CULTURE FOR TUBERCULOSIS, QUALITATIVE" locale="en" creator="24761" date_created="2006-06-08 03:33:24.0" concept_name_id="1399" voided="0" uuid="3e184050-26fe-102b-80cb-0017a47871b2" concept_name_type="FULLY_SPECIFIED" locale_preferred="true"/>
  <concept_name concept_id="1338" name="CULTURE" locale="en" creator="24761" date_created="2006-06-08 03:33:24.0" concept_name_id="5551" voided="0" uuid="93b50fc2-07d4-102c-b5fa-0017a47871b2" concept_name_type="SHORT" locale_preferred="false"/>
  <concept_answer concept_answer_id="978" concept_id="1338" answer_concept="1408" creator="24761" date_created="2006-07-17 20:37:45.0" uuid="3d3fcec8-26fe-102b-80cb-0017a47871b2" sort_weight="978.0"/>
  <concept_answer concept_answer_id="979" concept_id="1338" answer_concept="1410" creator="24761" date_created="2006-07-17 20:37:45.0" uuid="3d3fd008-26fe-102b-80cb-0017a47871b2" sort_weight="979.0"/>
  <concept_answer concept_answer_id="980" concept_id="1338" answer_concept="1118" creator="24761" date_created="2006-07-17 20:37:45.0" uuid="3d3fd134-26fe-102b-80cb-0017a47871b2" sort_weight="980.0"/>
  <concept_answer concept_answer_id="981" concept_id="1338" answer_concept="1409" creator="24761" date_created="2006-07-17 20:37:45.0" uuid="3d3fd260-26fe-102b-80cb-0017a47871b2" sort_weight="981.0"/>
  <concept_answer concept_answer_id="1023" concept_id="1338" answer_concept="664" creator="24761" date_created="2006-08-03 09:11:14.0" uuid="3d404088-26fe-102b-80cb-0017a47871b2" sort_weight="1023.0"/>
  <concept_answer concept_answer_id="1911" concept_id="1338" answer_concept="703" creator="24761" date_created="2007-05-12 17:19:17.0" uuid="3d453c82-26fe-102b-80cb-0017a47871b2" sort_weight="1911.0"/>
  <concept_answer concept_answer_id="3136" concept_id="1338" answer_concept="1407" creator="24761" date_created="2007-07-03 16:29:26.0" uuid="3d4cf36e-26fe-102b-80cb-0017a47871b2" sort_weight="3136.0"/>
  <concept_answer concept_answer_id="3137" concept_id="1338" answer_concept="2500" creator="24761" date_created="2007-07-03 16:29:26.0" uuid="3d4cfbb6-26fe-102b-80cb-0017a47871b2" sort_weight="3137.0"/>
  <concept_answer concept_answer_id="3138" concept_id="1338" answer_concept="2499" creator="24761" date_created="2007-07-03 16:29:26.0" uuid="3d4cfcec-26fe-102b-80cb-0017a47871b2" sort_weight="3138.0"/>
  <concept_answer concept_answer_id="3139" concept_id="1338" answer_concept="2506" creator="24761" date_created="2007-07-03 16:29:26.0" uuid="3d4cfe2c-26fe-102b-80cb-0017a47871b2" sort_weight="3139.0"/>
  <concept_answer concept_answer_id="3140" concept_id="1338" answer_concept="2501" creator="24761" date_created="2007-07-03 16:29:26.0" uuid="3d4cff80-26fe-102b-80cb-0017a47871b2" sort_weight="3140.0"/>
  <concept_answer concept_answer_id="3141" concept_id="1338" answer_concept="2498" creator="24761" date_created="2007-07-03 16:29:26.0" uuid="3d4d00b6-26fe-102b-80cb-0017a47871b2" sort_weight="3141.0"/>
  <concept_answer concept_answer_id="3142" concept_id="1338" answer_concept="2502" creator="24761" date_created="2007-07-03 16:29:26.0" uuid="3d4d0200-26fe-102b-80cb-0017a47871b2" sort_weight="3142.0"/>
  <concept_answer concept_answer_id="3143" concept_id="1338" answer_concept="2503" creator="24761" date_created="2007-07-03 16:29:26.0" uuid="3d4d0340-26fe-102b-80cb-0017a47871b2" sort_weight="3143.0"/>
  <concept_answer concept_answer_id="3144" concept_id="1338" answer_concept="2504" creator="24761" date_created="2007-07-03 16:29:26.0" uuid="3d4d0476-26fe-102b-80cb-0017a47871b2" sort_weight="3144.0"/>
  <concept_answer concept_answer_id="3145" concept_id="1338" answer_concept="2505" creator="24761" date_created="2007-07-03 16:29:26.0" uuid="3d4d05c0-26fe-102b-80cb-0017a47871b2" sort_weight="3145.0"/>
  <concept concept_id="1478" retired="0" datatype_id="2" class_id="1" is_set="0" creator="24761" date_created="2006-08-15 06:05:30.0" version="" changed_by="24761" date_changed="2011-11-17 15:52:11.0" uuid="3cdb36f2-26fe-102b-80cb-0017a47871b2"/>
  <concept_name concept_id="1478" name="RPR" locale="en" creator="24761" date_created="2006-08-15 06:05:30.0" concept_name_id="5583" voided="0" uuid="93b5bf76-07d4-102c-b5fa-0017a47871b2" concept_name_type="SHORT" locale_preferred="false"/>
  <concept_name concept_id="1478" name="RPR" locale="en" creator="24761" date_created="2006-09-01 23:42:01.0" concept_name_id="7594" voided="0" void_reason="" uuid="956606f0-07d4-102c-b5fa-0017a47871b2" locale_preferred="false"/>
  <concept_name concept_id="1478" name="RAPID PLASMIN REAGENT" locale="en" creator="24761" date_created="2006-08-15 06:05:30.0" concept_name_id="1601" voided="0" uuid="3e1a88f6-26fe-102b-80cb-0017a47871b2" concept_name_type="FULLY_SPECIFIED" locale_preferred="false"/>
  <concept_answer concept_answer_id="1161" concept_id="1478" answer_concept="1229" creator="24761" date_created="2006-09-05 18:43:20.0" uuid="3d40cf4e-26fe-102b-80cb-0017a47871b2" sort_weight="1161.0"/>
  <concept_answer concept_answer_id="1162" concept_id="1478" answer_concept="1228" creator="24761" date_created="2006-09-05 18:43:20.0" uuid="3d40d07a-26fe-102b-80cb-0017a47871b2" sort_weight="1162.0"/>
  <concept_answer concept_answer_id="6349" concept_id="1478" answer_concept="1118" creator="24761" date_created="2010-11-18 18:54:48.0" uuid="aa64799c-6a3d-4d26-a501-b51bf5c07332" sort_weight="6349.0"/>
  <concept concept_id="12" retired="0" datatype_id="2" class_id="1" is_set="0" creator="24761" date_created="2004-01-01 07:00:00.0" changed_by="24761" date_changed="2012-09-12 11:13:27.0" uuid="3ccc6186-26fe-102b-80cb-0017a47871b2"/>
  <concept_name concept_id="12" name="CHEST XRAY" locale="en" creator="24761" date_created="2005-01-07 07:00:00.0" concept_name_id="6619" voided="0" uuid="93f24cc0-07d4-102c-b5fa-0017a47871b2" locale_preferred="false"/>
  <concept_name concept_id="12" name="X-RAY CHEST" locale="en" creator="24761" date_created="2004-10-20 06:00:00.0" concept_name_id="7909" voided="0" uuid="956cdda4-07d4-102c-b5fa-0017a47871b2" locale_preferred="false"/>
  <concept_name concept_id="12" name="X-RAY, CHEST" locale="en" creator="24761" date_created="2004-01-01 07:00:00.0" concept_name_id="13" voided="0" uuid="3e09a824-26fe-102b-80cb-0017a47871b2" concept_name_type="FULLY_SPECIFIED" locale_preferred="true"/>
  <concept_name concept_id="12" name="CXR" locale="en" creator="24761" date_created="2004-10-20 06:00:00.0" concept_name_id="6717" voided="0" uuid="93f3dc2a-07d4-102c-b5fa-0017a47871b2" locale_preferred="false"/>
  <concept_answer concept_answer_id="1" concept_id="12" answer_concept="1115" creator="24761" date_created="2005-01-26 07:00:00.0" uuid="3d38cf1a-26fe-102b-80cb-0017a47871b2" sort_weight="1.0"/>
  <concept_answer concept_answer_id="2" concept_id="12" answer_concept="1136" creator="24761" date_created="2005-01-26 07:00:00.0" uuid="3d38d262-26fe-102b-80cb-0017a47871b2" sort_weight="2.0"/>
  <concept_answer concept_answer_id="3" concept_id="12" answer_concept="1137" creator="24761" date_created="2005-01-26 07:00:00.0" uuid="3d38d474-26fe-102b-80cb-0017a47871b2" sort_weight="3.0"/>
  <concept_answer concept_answer_id="4" concept_id="12" answer_concept="5158" creator="24761" date_created="2005-01-26 07:00:00.0" uuid="3d38d654-26fe-102b-80cb-0017a47871b2" sort_weight="4.0"/>
  <concept_answer concept_answer_id="5" concept_id="12" answer_concept="5622" creator="24761" date_created="2005-02-18 04:05:21.0" uuid="3d38d83e-26fe-102b-80cb-0017a47871b2" sort_weight="5.0"/>
  <concept_answer concept_answer_id="6" concept_id="12" answer_concept="6049" creator="24761" date_created="2005-01-26 07:00:00.0" uuid="3d38da28-26fe-102b-80cb-0017a47871b2" sort_weight="6.0"/>
  <concept_answer concept_answer_id="7" concept_id="12" answer_concept="6050" creator="24761" date_created="2005-01-26 07:00:00.0" uuid="3d38dc30-26fe-102b-80cb-0017a47871b2" sort_weight="7.0"/>
  <concept_answer concept_answer_id="8" concept_id="12" answer_concept="6052" creator="24761" date_created="2005-01-26 07:00:00.0" uuid="3d38de10-26fe-102b-80cb-0017a47871b2" sort_weight="8.0"/>
  <concept_answer concept_answer_id="2363" concept_id="12" answer_concept="1118" creator="24761" date_created="2007-05-19 20:54:59.0" uuid="3d48d36a-26fe-102b-80cb-0017a47871b2" sort_weight="2363.0"/>
  <concept_answer concept_answer_id="3057" concept_id="12" answer_concept="2468" creator="24761" date_created="2007-06-26 18:14:32.0" uuid="3d4c8fc8-26fe-102b-80cb-0017a47871b2" sort_weight="3057.0"/>
  <concept_answer concept_answer_id="3058" concept_id="12" answer_concept="161" creator="24761" date_created="2007-06-26 18:14:32.0" uuid="3d4c9108-26fe-102b-80cb-0017a47871b2" sort_weight="3058.0"/>
  <concept_answer concept_answer_id="3059" concept_id="12" answer_concept="2467" creator="24761" date_created="2007-06-26 18:14:32.0" uuid="3d4c923e-26fe-102b-80cb-0017a47871b2" sort_weight="3059.0"/>
  <concept_answer concept_answer_id="3060" concept_id="12" answer_concept="2469" creator="24761" date_created="2007-06-26 18:14:32.0" uuid="3d4c937e-26fe-102b-80cb-0017a47871b2" sort_weight="3060.0"/>
  <concept_answer concept_answer_id="3240" concept_id="12" answer_concept="1138" creator="24761" date_created="2007-08-07 20:06:16.0" uuid="3d4e2db0-26fe-102b-80cb-0017a47871b2" sort_weight="3240.0"/>
  <concept_answer concept_answer_id="3241" concept_id="12" answer_concept="1116" creator="24761" date_created="2007-08-07 20:06:16.0" uuid="3d4e2ef0-26fe-102b-80cb-0017a47871b2" sort_weight="3241.0"/>
  <concept_answer concept_answer_id="3242" concept_id="12" answer_concept="1067" creator="24761" date_created="2007-08-07 20:06:16.0" uuid="3d4e3026-26fe-102b-80cb-0017a47871b2" sort_weight="3242.0"/>
  <concept_answer concept_answer_id="3323" concept_id="12" answer_concept="2618" creator="24761" date_created="2007-08-17 17:08:46.0" uuid="3d4e944e-26fe-102b-80cb-0017a47871b2" sort_weight="3323.0"/>
  <concept_answer concept_answer_id="4918" concept_id="12" answer_concept="1903" creator="24761" date_created="2008-06-30 15:01:36.0" uuid="0b1f0ae8-15f5-102d-96e4-000c29c2a5d7" sort_weight="4918.0"/>
  <concept_answer concept_answer_id="4919" concept_id="12" answer_concept="1900" creator="24761" date_created="2008-06-30 15:01:36.0" uuid="0b1f0bc4-15f5-102d-96e4-000c29c2a5d7" sort_weight="4919.0"/>
  <concept_answer concept_answer_id="4920" concept_id="12" answer_concept="1906" creator="24761" date_created="2008-06-30 15:01:36.0" uuid="0b1f0ca0-15f5-102d-96e4-000c29c2a5d7" sort_weight="4920.0"/>
  <concept_answer concept_answer_id="4921" concept_id="12" answer_concept="3399" creator="24761" date_created="2008-06-30 15:04:42.0" uuid="0b1f0d7c-15f5-102d-96e4-000c29c2a5d7" sort_weight="4921.0"/>
  <concept_answer concept_answer_id="4922" concept_id="12" answer_concept="3398" creator="24761" date_created="2008-06-30 15:04:42.0" uuid="0b1f0e58-15f5-102d-96e4-000c29c2a5d7" sort_weight="4922.0"/>
  <concept concept_id="1444" retired="0" datatype_id="2" class_id="1" is_set="0" creator="24761" date_created="2006-07-18 00:02:47.0" version="" changed_by="24761" date_changed="2011-11-17 15:52:40.0" uuid="3cda584a-26fe-102b-80cb-0017a47871b2"/>
  <concept_name concept_id="1444" name="SPUTUM FOR AFB" locale="en" creator="24761" date_created="2007-08-06 16:39:15.0" concept_name_id="7686" voided="0" uuid="95693190-07d4-102c-b5fa-0017a47871b2" locale_preferred="false"/>
  <concept_name concept_id="1444" name="SMEAR" locale="en" creator="24761" date_created="2006-07-18 00:02:47.0" concept_name_id="5577" voided="0" uuid="93b57c14-07d4-102c-b5fa-0017a47871b2" concept_name_type="SHORT" locale_preferred="false"/>
  <concept_name concept_id="1444" name="SMEAR MICROSCOPY" locale="en" creator="24761" date_created="2007-11-30 22:10:49.0" concept_name_id="7660" voided="0" uuid="95670032-07d4-102c-b5fa-0017a47871b2" locale_preferred="false"/>
  <concept_name concept_id="1444" name="SPUTUM FOR ACID FAST BACILLI" locale="en" creator="24761" date_created="2007-08-06 16:39:15.0" concept_name_id="7684" voided="0" uuid="956928a8-07d4-102c-b5fa-0017a47871b2" locale_preferred="false"/>
  <concept_name concept_id="1444" name="ZIEHL NIELSEN STAIN" locale="en" creator="24761" date_created="2006-07-18 00:02:47.0" concept_name_id="7945" voided="0" uuid="956d7520-07d4-102c-b5fa-0017a47871b2" locale_preferred="false"/>
  <concept_name concept_id="1444" name="SMEAR FOR ACID FAST BACILLI" locale="en" creator="24761" date_created="2006-07-18 00:02:47.0" concept_name_id="7659" voided="0" uuid="9566fc18-07d4-102c-b5fa-0017a47871b2" locale_preferred="false"/>
  <concept_name concept_id="1444" name="ZN STAIN" locale="en" creator="24761" date_created="2007-08-06 16:39:15.0" concept_name_id="7949" voided="0" uuid="956d861e-07d4-102c-b5fa-0017a47871b2" locale_preferred="false"/>
  <concept_name concept_id="1444" name="AFB SPUTUM SMEAR" locale="en" creator="24761" date_created="2006-07-18 00:02:47.0" concept_name_id="1562" voided="0" uuid="3e1a32d4-26fe-102b-80cb-0017a47871b2" concept_name_type="FULLY_SPECIFIED" locale_preferred="false"/>
  <concept_answer concept_answer_id="1008" concept_id="1444" answer_concept="1408" creator="24761" date_created="2006-07-18 00:02:47.0" uuid="3d40332c-26fe-102b-80cb-0017a47871b2" sort_weight="1008.0"/>
  <concept_answer concept_answer_id="1009" concept_id="1444" answer_concept="1410" creator="24761" date_created="2006-07-18 00:02:47.0" uuid="3d403462-26fe-102b-80cb-0017a47871b2" sort_weight="1009.0"/>
  <concept_answer concept_answer_id="1010" concept_id="1444" answer_concept="1118" creator="24761" date_created="2006-07-18 00:02:47.0" uuid="3d403598-26fe-102b-80cb-0017a47871b2" sort_weight="1010.0"/>
  <concept_answer concept_answer_id="1011" concept_id="1444" answer_concept="1409" creator="24761" date_created="2006-07-18 00:02:47.0" uuid="3d4036ce-26fe-102b-80cb-0017a47871b2" sort_weight="1011.0"/>
  <concept_answer concept_answer_id="1027" concept_id="1444" answer_concept="664" creator="24761" date_created="2006-08-03 13:26:37.0" uuid="3d40459c-26fe-102b-80cb-0017a47871b2" sort_weight="1027.0"/>
  <concept_answer concept_answer_id="3146" concept_id="1444" answer_concept="1407" creator="24761" date_created="2007-07-03 16:32:28.0" uuid="3d4d0700-26fe-102b-80cb-0017a47871b2" sort_weight="3146.0"/>
  <concept_answer concept_answer_id="3147" concept_id="1444" answer_concept="2492" creator="24761" date_created="2007-07-03 16:32:28.0" uuid="3d4d0840-26fe-102b-80cb-0017a47871b2" sort_weight="3147.0"/>
  <concept_answer concept_answer_id="3148" concept_id="1444" answer_concept="2493" creator="24761" date_created="2007-07-03 16:32:28.0" uuid="3d4d0980-26fe-102b-80cb-0017a47871b2" sort_weight="3148.0"/>
  <concept_answer concept_answer_id="3149" concept_id="1444" answer_concept="2496" creator="24761" date_created="2007-07-03 16:32:28.0" uuid="3d4d0ac0-26fe-102b-80cb-0017a47871b2" sort_weight="3149.0"/>
  <concept_answer concept_answer_id="3150" concept_id="1444" answer_concept="2489" creator="24761" date_created="2007-07-03 16:32:28.0" uuid="3d4d0c0a-26fe-102b-80cb-0017a47871b2" sort_weight="3150.0"/>
  <concept_answer concept_answer_id="3151" concept_id="1444" answer_concept="2491" creator="24761" date_created="2007-07-03 16:32:28.0" uuid="3d4d0d4a-26fe-102b-80cb-0017a47871b2" sort_weight="3151.0"/>
  <concept_answer concept_answer_id="3152" concept_id="1444" answer_concept="2494" creator="24761" date_created="2007-07-03 16:32:28.0" uuid="3d4d0e8a-26fe-102b-80cb-0017a47871b2" sort_weight="3152.0"/>
  <concept_answer concept_answer_id="3153" concept_id="1444" answer_concept="2497" creator="24761" date_created="2007-07-03 16:32:28.0" uuid="3d4d0fca-26fe-102b-80cb-0017a47871b2" sort_weight="3153.0"/>
  <concept_answer concept_answer_id="3154" concept_id="1444" answer_concept="2490" creator="24761" date_created="2007-07-03 16:32:28.0" uuid="3d4d110a-26fe-102b-80cb-0017a47871b2" sort_weight="3154.0"/>
  <concept_answer concept_answer_id="3155" concept_id="1444" answer_concept="2495" creator="24761" date_created="2007-07-03 16:32:28.0" uuid="3d4d124a-26fe-102b-80cb-0017a47871b2" sort_weight="3155.0"/>
  <concept_answer concept_answer_id="3402" concept_id="1444" answer_concept="703" creator="24761" date_created="2007-09-16 19:26:36.0" uuid="3d4f1478-26fe-102b-80cb-0017a47871b2" sort_weight="3402.0"/>
  <concept_answer concept_answer_id="5725" concept_id="1444" answer_concept="3047" creator="24761" date_created="2009-06-16 04:05:31.0" uuid="0b248982-15f5-102d-96e4-000c29c2a5d7" sort_weight="5725.0"/>
  <concept concept_id="2711" retired="0" datatype_id="2" class_id="1" is_set="0" creator="24761" date_created="2007-10-11 23:23:26.0" version="" changed_by="24761" date_changed="2011-11-17 15:52:08.0" uuid="3ce69d8a-26fe-102b-80cb-0017a47871b2"/>
  <concept_name concept_id="2711" name="ULTRASOUND, GENERIC" locale="en" creator="24761" date_created="2007-10-11 23:23:26.0" concept_name_id="2918" voided="0" uuid="3e381150-26fe-102b-80cb-0017a47871b2" concept_name_type="FULLY_SPECIFIED" locale_preferred="false"/>
  <concept_answer concept_answer_id="3476" concept_id="2711" answer_concept="1115" creator="24761" date_created="2007-10-11 23:23:26.0" uuid="3d4fd1ce-26fe-102b-80cb-0017a47871b2" sort_weight="3476.0"/>
  <concept_answer concept_answer_id="3477" concept_id="2711" answer_concept="1116" creator="24761" date_created="2007-10-11 23:23:26.0" uuid="3d4fd32c-26fe-102b-80cb-0017a47871b2" sort_weight="3477.0"/>
  <concept_answer concept_answer_id="3478" concept_id="2711" answer_concept="1118" creator="24761" date_created="2007-10-11 23:23:26.0" uuid="3d4fd480-26fe-102b-80cb-0017a47871b2" sort_weight="3478.0"/>
  <concept concept_id="1019" retired="0" datatype_id="4" class_id="8" is_set="1" creator="24761" date_created="2004-12-02 07:00:00.0" version="" changed_by="24761" date_changed="2011-11-17 15:52:12.0" uuid="3cd6a0e2-26fe-102b-80cb-0017a47871b2"/>
  <concept_name concept_id="1019" name="CBC" locale="en" creator="24761" date_created="2004-12-02 07:00:00.0" concept_name_id="5503" voided="0" uuid="93b416b2-07d4-102c-b5fa-0017a47871b2" concept_name_type="SHORT" locale_preferred="false"/>
  <concept_name concept_id="1019" name="FULL HEMOGRAM" locale="en" creator="24761" date_created="2004-12-02 07:00:00.0" concept_name_id="6940" voided="0" uuid="93f7e018-07d4-102c-b5fa-0017a47871b2" locale_preferred="false"/>
  <concept_name concept_id="1019" name="FHG" locale="en" creator="24761" date_created="2006-02-13 20:54:55.0" concept_name_id="6907" voided="0" uuid="93f70d50-07d4-102c-b5fa-0017a47871b2" locale_preferred="false"/>
  <concept_name concept_id="1019" name="HEMOGRAM" locale="en" creator="24761" date_created="2004-12-02 07:00:00.0" concept_name_id="7009" voided="0" uuid="94aa919a-07d4-102c-b5fa-0017a47871b2" locale_preferred="false"/>
  <concept_name concept_id="1019" name="COMPLETE BLOOD COUNT" locale="en" creator="24761" date_created="2004-12-02 07:00:00.0" concept_name_id="1055" voided="0" uuid="3e14931a-26fe-102b-80cb-0017a47871b2" concept_name_type="FULLY_SPECIFIED" locale_preferred="false"/>
  <concept_name concept_id="1019" name="CBC" locale="en" creator="24761" date_created="2004-12-02 07:00:00.0" concept_name_id="6593" voided="0" uuid="93ef0830-07d4-102c-b5fa-0017a47871b2" locale_preferred="false"/>
  <concept_name concept_id="1019" name="HGM" locale="en" creator="24761" date_created="2004-12-02 07:00:00.0" concept_name_id="7022" voided="0" uuid="94aaded4-07d4-102c-b5fa-0017a47871b2" locale_preferred="false"/>
  <concept_set concept_set_id="171" concept_id="1015" concept_set="1019" sort_weight="0.0" creator="24761" date_created="2005-12-15 20:26:49.0" uuid="3f28d932-26fe-102b-80cb-0017a47871b2"/>
  <concept_set concept_set_id="3" concept_id="21" concept_set="1019" sort_weight="1.0" creator="24761" date_created="2005-12-15 20:26:49.0" uuid="3f27c330-26fe-102b-80cb-0017a47871b2"/>
  <concept_set concept_set_id="176" concept_id="1017" concept_set="1019" sort_weight="2.0" creator="24761" date_created="2005-12-15 20:26:49.0" uuid="3f28dc52-26fe-102b-80cb-0017a47871b2"/>
  <concept_set concept_set_id="179" concept_id="1018" concept_set="1019" sort_weight="3.0" creator="24761" date_created="2005-12-15 20:26:49.0" uuid="3f28dd56-26fe-102b-80cb-0017a47871b2"/>
  <concept_set concept_set_id="138" concept_id="851" concept_set="1019" sort_weight="4.0" creator="24761" date_created="2005-12-15 20:26:49.0" uuid="3f28bb50-26fe-102b-80cb-0017a47871b2"/>
  <concept_set concept_set_id="90" concept_id="729" concept_set="1019" sort_weight="5.0" creator="24761" date_created="2005-12-15 20:26:49.0" uuid="3f285994-26fe-102b-80cb-0017a47871b2"/>
  <concept_set concept_set_id="88" concept_id="679" concept_set="1019" sort_weight="6.0" creator="24761" date_created="2005-12-15 20:26:49.0" uuid="3f2857b4-26fe-102b-80cb-0017a47871b2"/>
  <concept_set concept_set_id="175" concept_id="1016" concept_set="1019" sort_weight="7.0" creator="24761" date_created="2005-12-15 20:26:49.0" uuid="3f28db44-26fe-102b-80cb-0017a47871b2"/>
  <concept_set concept_set_id="84" concept_id="678" concept_set="1019" sort_weight="8.0" creator="24761" date_created="2005-12-15 20:26:49.0" uuid="3f2855ca-26fe-102b-80cb-0017a47871b2"/>
  <concept concept_id="1477" retired="0" datatype_id="1" class_id="1" is_set="0" creator="24761" date_created="2006-08-15 06:03:18.0" version="" changed_by="24761" date_changed="2011-11-17 15:52:12.0" uuid="3cdb2c48-26fe-102b-80cb-0017a47871b2"/>
  <concept_name concept_id="1477" name="VS" locale="en" creator="24761" date_created="2009-06-18 16:40:47.0" concept_name_id="9164" voided="0" void_reason="" uuid="0b932b6c-15f5-102d-96e4-000c29c2a5d7" locale_preferred="false"/>
  <concept_name concept_id="1477" name="ERYTHROCYTE SEDIMENTATION RATE" locale="en" creator="24761" date_created="2006-08-15 06:03:18.0" concept_name_id="1599" voided="0" uuid="0b5feb94-15f5-102d-96e4-000c29c2a5d7" concept_name_type="FULLY_SPECIFIED" locale_preferred="false"/>
  <concept_name concept_id="1477" name="BIERNACKI REACTION" locale="en" creator="24761" date_created="2010-12-06 22:57:52.0" concept_name_id="14289" voided="0" uuid="fdef5f9a-16c7-4148-81a5-c4cfeb7ed7f5" locale_preferred="false"/>
  <concept_name concept_id="1477" name="ESR" locale="en" creator="24761" date_created="2009-06-18 15:46:01.0" concept_name_id="9163" voided="0" uuid="0b932a72-15f5-102d-96e4-000c29c2a5d7" concept_name_type="SHORT" locale_preferred="false"/>
  <concept_name concept_id="1477" name="SED RATE" locale="en" creator="24761" date_created="2006-08-15 06:03:18.0" concept_name_id="7622" voided="0" void_reason="" uuid="95667c98-07d4-102c-b5fa-0017a47871b2" locale_preferred="false"/>
  <concept_name concept_id="1477" name="ESR" locale="en" creator="24761" date_created="2006-08-15 06:03:38.0" concept_name_id="7885" voided="0" void_reason="" uuid="3e1a841e-26fe-102b-80cb-0017a47871b2" locale_preferred="false"/>
  <concept concept_id="848" retired="0" datatype_id="1" class_id="1" is_set="0" creator="24761" date_created="2004-05-05 06:00:00.0" version="" changed_by="24761" date_changed="2011-11-17 15:52:13.0" uuid="3cd49bf8-26fe-102b-80cb-0017a47871b2"/>
  <concept_name concept_id="848" name="SERUM ALBUMIN" locale="en" creator="24761" date_created="2004-05-05 06:00:00.0" concept_name_id="867" voided="0" uuid="3e127d28-26fe-102b-80cb-0017a47871b2" concept_name_type="FULLY_SPECIFIED" locale_preferred="false"/>
  <concept concept_id="1040" retired="0" datatype_id="2" class_id="1" is_set="0" creator="24761" date_created="2004-12-02 07:00:00.0" version="" changed_by="24761" date_changed="2011-11-17 15:52:13.0" uuid="3cd6c946-26fe-102b-80cb-0017a47871b2"/>
  <concept_name concept_id="1040" name="HIV RAPID QUAL" locale="en" creator="24761" date_created="2004-12-02 07:00:00.0" concept_name_id="5522" voided="0" uuid="93b48cf0-07d4-102c-b5fa-0017a47871b2" concept_name_type="SHORT" locale_preferred="false"/>
  <concept_name concept_id="1040" name="HIV RAPID TEST, QUALITATIVE" locale="en" creator="24761" date_created="2004-12-02 07:00:00.0" concept_name_id="1076" voided="0" uuid="3e14cdf8-26fe-102b-80cb-0017a47871b2" concept_name_type="FULLY_SPECIFIED" locale_preferred="false"/>
  <concept_answer concept_answer_id="767" concept_id="1040" answer_concept="1138" creator="24761" date_created="2006-03-22 20:04:53.0" uuid="3d3e5e30-26fe-102b-80cb-0017a47871b2" sort_weight="767.0"/>
  <concept_answer concept_answer_id="768" concept_id="1040" answer_concept="664" creator="24761" date_created="2006-03-22 20:04:53.0" uuid="3d3e5f7a-26fe-102b-80cb-0017a47871b2" sort_weight="768.0"/>
  <concept_answer concept_answer_id="769" concept_id="1040" answer_concept="703" creator="24761" date_created="2006-03-22 20:04:53.0" uuid="3d3e618c-26fe-102b-80cb-0017a47871b2" sort_weight="769.0"/>
  <concept concept_id="885" retired="0" datatype_id="2" class_id="1" is_set="0" creator="24761" date_created="2004-05-27 06:00:00.0" version="" changed_by="24761" date_changed="2011-11-17 15:52:13.0" uuid="3cd4de2e-26fe-102b-80cb-0017a47871b2"/>
  <concept_name concept_id="885" name="PAP TEST" locale="en" creator="24761" date_created="2005-02-14 12:00:44.0" concept_name_id="7381" voided="0" void_reason="" uuid="94b8f640-07d4-102c-b5fa-0017a47871b2" locale_preferred="false"/>
  <concept_name concept_id="885" name="PAP SMEAR" locale="en" creator="24761" date_created="2004-10-20 06:00:00.0" concept_name_id="7380" voided="0" void_reason="" uuid="94b8f230-07d4-102c-b5fa-0017a47871b2" locale_preferred="false"/>
  <concept_name concept_id="885" name="PAPANICOLAOU SMEAR" locale="en" creator="24761" date_created="2004-05-27 06:00:00.0" concept_name_id="907" voided="0" uuid="3e12c896-26fe-102b-80cb-0017a47871b2" concept_name_type="FULLY_SPECIFIED" locale_preferred="false"/>
  <concept_name concept_id="885" name="CERVICAL SMEAR" locale="en" creator="24761" date_created="2009-06-03 17:42:25.0" concept_name_id="9040" voided="0" void_reason="" uuid="fb0a117a-7fe7-4340-a794-4be39019b2a8" locale_preferred="false"/>
  <concept_answer concept_answer_id="6175" concept_id="885" answer_concept="1115" creator="24761" date_created="2010-06-28 18:08:35.0" uuid="942811ec-f84a-478b-a77f-778b4d58e4ec" sort_weight="6175.0"/>
  <concept_answer concept_answer_id="6180" concept_id="885" answer_concept="1116" creator="24761" date_created="2010-07-14 14:32:23.0" uuid="fd1a009b-1444-430c-9641-613c46b18047" sort_weight="6180.0"/>
  <concept_answer concept_answer_id="6278" concept_id="885" answer_concept="6859" creator="24761" date_created="2010-08-02 17:38:36.0" uuid="c7d4035d-ec73-4240-abdd-e93ed59b2c66" sort_weight="6278.0"/>
  <concept_answer concept_answer_id="6279" concept_id="885" answer_concept="6860" creator="24761" date_created="2010-08-02 17:38:36.0" uuid="188c5a4b-12e9-43b8-b34f-ded6c36b139a" sort_weight="6279.0"/>
  <concept_answer concept_answer_id="6280" concept_id="885" answer_concept="6861" creator="24761" date_created="2010-08-02 17:38:36.0" uuid="70b0a54c-9de2-47ba-a22b-9d875be9631b" sort_weight="6280.0"/>
  <concept_answer concept_answer_id="6281" concept_id="885" answer_concept="6862" creator="24761" date_created="2010-08-02 17:38:36.0" uuid="19ffe0a0-7dcd-4b59-b8c0-b860a105fd97" sort_weight="6281.0"/>
  <concept_answer concept_answer_id="6282" concept_id="885" answer_concept="6863" creator="24761" date_created="2010-08-02 17:38:36.0" uuid="29973db0-63de-4d31-9cfb-952dea62d3ba" sort_weight="6282.0"/>
  <concept_answer concept_answer_id="6283" concept_id="885" answer_concept="6864" creator="24761" date_created="2010-08-02 17:38:36.0" uuid="bb4c9469-4814-4a99-a881-0a4ff31dbe2a" sort_weight="6283.0"/>
  <concept concept_id="849" retired="0" datatype_id="1" class_id="1" is_set="0" creator="24761" date_created="2004-05-05 06:00:00.0" version="" changed_by="24761" date_changed="2011-11-17 15:52:38.0" uuid="3cd49d88-26fe-102b-80cb-0017a47871b2"/>
  <concept_name concept_id="849" name="Proteinuria" locale="en" creator="24761" date_created="2010-01-11 20:27:22.0" concept_name_id="9786" voided="0" uuid="5854208d-e3c9-4cf4-a27f-71f8c19498f0" locale_preferred="false"/>
  <concept_name concept_id="849" name="URINARY ALBUMIN" locale="en" creator="24761" date_created="2004-05-05 06:00:00.0" concept_name_id="868" voided="0" uuid="3e128282-26fe-102b-80cb-0017a47871b2" concept_name_type="FULLY_SPECIFIED" locale_preferred="false"/>
  <concept_name concept_id="849" name="Albuminuria" locale="en" creator="24761" date_created="2010-01-11 20:27:22.0" concept_name_id="9787" voided="0" uuid="4673f528-3a10-4865-81af-5df0adc01f6d" locale_preferred="false"/>
  <concept concept_id="6771" retired="0" datatype_id="4" class_id="1" is_set="0" creator="24761" date_created="2010-06-21 22:50:37.0" changed_by="24761" date_changed="2012-09-24 11:19:35.0" uuid="040ab2b8-8e08-4cb1-9d73-2e4cc6cfe900"/>
  <concept_name concept_id="6771" name="Echocardiography" locale="en" creator="24761" date_created="2010-06-21 22:50:37.0" concept_name_id="9997" voided="0" uuid="2ba54cf3-1a65-44e8-b944-2694678dfd99" concept_name_type="FULLY_SPECIFIED" locale_preferred="true"/>
  <concept_name concept_id="6771" name="Cardiac echo" locale="en" creator="24761" date_created="2010-06-21 22:50:37.0" concept_name_id="9995" voided="0" uuid="85c5b976-9017-460a-9cda-f0a2abeea71e" locale_preferred="false"/>
  <concept_name concept_id="6771" name="Cardiac ultrasound" locale="en" creator="24761" date_created="2010-06-21 22:50:37.0" concept_name_id="9996" voided="0" uuid="270ee702-5401-410e-a24c-c00bb8ff5eff" locale_preferred="false"/>
  <concept_answer concept_answer_id="6691" concept_id="6771" answer_concept="1115" creator="24761" date_created="2012-08-27 10:29:37.0" uuid="0c1e07ba-76f4-489f-b616-35b8e88b2bd6" sort_weight="1.0"/>
  <concept_answer concept_answer_id="6690" concept_id="6771" answer_concept="1116" creator="24761" date_created="2012-08-27 10:29:37.0" uuid="faaa93e1-3d00-46e2-a2ad-dbd617f93c86" sort_weight="2.0"/>
  <concept concept_id="6827" retired="0" datatype_id="4" class_id="1" is_set="0" creator="24761" date_created="2010-07-22 01:03:54.0" version="" changed_by="24761" date_changed="2011-11-17 15:52:13.0" uuid="080ec838-770e-49a9-820d-ba445067ef87"/>
  <concept_name concept_id="6827" name="Lab test for phenytoin, carbamazepine, depakene" locale="en" creator="24761" date_created="2010-07-22 01:03:54.0" concept_name_id="14036" voided="0" uuid="6e247e30-e6f1-4164-8380-cfc037ae4609" concept_name_type="FULLY_SPECIFIED" locale_preferred="false"/>
  <concept_name concept_id="6827" name="Laboratory tests for epilepsy drugs" locale="en" creator="24761" date_created="2010-07-24 00:22:04.0" concept_name_id="14060" voided="0" void_reason="" uuid="ac27c240-b009-4318-8086-96491f957bbb" locale_preferred="false"/>
  <concept concept_id="846" retired="0" datatype_id="2" class_id="1" is_set="0" creator="24761" date_created="2004-05-05 06:00:00.0" version="" changed_by="24761" date_changed="2011-11-17 15:52:13.0" uuid="3cd498d8-26fe-102b-80cb-0017a47871b2"/>
  <concept_name concept_id="846" name="COMPUTED TOMOGRAPHY SCAN, HEAD" locale="en" creator="24761" date_created="2004-05-05 06:00:00.0" concept_name_id="865" voided="0" uuid="3e127062-26fe-102b-80cb-0017a47871b2" concept_name_type="FULLY_SPECIFIED" locale_preferred="false"/>
  <concept_name concept_id="846" name="HEAD CT" locale="en" creator="24761" date_created="2005-02-18 21:46:34.0" concept_name_id="6999" voided="0" uuid="94aa6abc-07d4-102c-b5fa-0017a47871b2" locale_preferred="false"/>
  <concept_answer concept_answer_id="47" concept_id="846" answer_concept="1115" creator="24761" date_created="2005-02-18 21:45:07.0" uuid="3d3917a4-26fe-102b-80cb-0017a47871b2" sort_weight="47.0"/>
  <concept_answer concept_answer_id="48" concept_id="846" answer_concept="1116" creator="24761" date_created="2005-02-18 21:45:07.0" uuid="3d3918f8-26fe-102b-80cb-0017a47871b2" sort_weight="48.0"/>
  <concept concept_id="6842" retired="0" datatype_id="3" class_id="1" is_set="0" creator="24761" date_created="2010-07-24 00:34:55.0" version="" changed_by="24761" date_changed="2011-11-17 15:52:32.0" uuid="356d0244-2ce4-4e7e-a207-63e537de72d5"/>
  <concept_name concept_id="6842" name="Electroencephalogram" locale="en" creator="24761" date_created="2010-07-24 00:34:55.0" concept_name_id="14064" voided="0" uuid="3f463a00-d9f4-4e26-bf49-49ef3a30e1c5" concept_name_type="FULLY_SPECIFIED" locale_preferred="false"/>
  <concept_name concept_id="6842" name="EEG" locale="en" creator="24761" date_created="2010-07-24 00:34:55.0" concept_name_id="14063" voided="0" uuid="216d8be8-7b34-4dd1-9cbb-bc72dc06c136" concept_name_type="SHORT" locale_preferred="false"/>
  <concept concept_id="1553" retired="0" datatype_id="2" class_id="7" is_set="0" creator="24761" date_created="2006-08-31 20:42:54.0" version="" changed_by="24761" date_changed="2011-11-17 15:52:13.0" uuid="3cdbdf94-26fe-102b-80cb-0017a47871b2"/>
  <concept_name concept_id="1553" name="HIV PCR" locale="en" creator="24761" date_created="2006-08-31 20:42:54.0" concept_name_id="1685" voided="0" uuid="3e1b6366-26fe-102b-80cb-0017a47871b2" concept_name_type="FULLY_SPECIFIED" locale_preferred="false"/>
  <concept_name concept_id="1553" name="HIV DRIED BLOOD SPOT" locale="en" creator="24761" date_created="2006-08-31 20:42:54.0" concept_name_id="7028" voided="0" void_reason="" uuid="94aaf7de-07d4-102c-b5fa-0017a47871b2" locale_preferred="false"/>
  <concept_name concept_id="1553" name="HIV PCR DBS" locale="en" creator="24761" date_created="2010-11-01 11:24:50.0" concept_name_id="14137" voided="0" void_reason="" uuid="a7846212-4b4d-4d20-bb74-d905d3c1ce73" locale_preferred="false"/>
  <concept_answer concept_answer_id="6419" concept_id="1553" answer_concept="664" creator="24761" date_created="2011-06-21 10:17:56.0" uuid="8434046f-2ae1-4af5-bd69-4941ada54182" sort_weight="6419.0"/>
  <concept_answer concept_answer_id="6420" concept_id="1553" answer_concept="703" creator="24761" date_created="2011-06-21 10:17:56.0" uuid="30cdff80-fb13-488e-9853-05903ba8c685" sort_weight="6420.0"/>
  <concept concept_id="6961" retired="0" datatype_id="2" class_id="1" is_set="0" creator="24761" date_created="2010-12-15 19:19:24.0" version="" changed_by="24761" date_changed="2011-11-17 15:52:13.0" uuid="dbfcf5f1-0733-4972-b533-e7eba647a00a"/>
  <concept_name concept_id="6961" name="Initial HIV PCR" locale="en" creator="24761" date_created="2010-12-15 19:19:24.0" concept_name_id="14303" voided="0" uuid="17c9ac93-041b-4393-acb9-3db97cfd5c8e" concept_name_type="FULLY_SPECIFIED" locale_preferred="false"/>
  <concept_name concept_id="6961" name="HIV PCR DBS preliminary" locale="en" creator="24761" date_created="2010-12-15 19:19:24.0" concept_name_id="14305" voided="0" void_reason="" uuid="a0ea1ddc-abd1-460b-ab18-655dab541527" locale_preferred="false"/>
  <concept_answer concept_answer_id="6396" concept_id="6961" answer_concept="703" creator="24761" date_created="2010-12-15 19:22:14.0" uuid="9e70e0f6-1bdd-4af9-bbcb-0c9d91e93e89" sort_weight="6396.0"/>
  <concept_answer concept_answer_id="6397" concept_id="6961" answer_concept="664" creator="24761" date_created="2010-12-15 19:22:14.0" uuid="e77b5ade-be10-48e5-a12c-1076de882bce" sort_weight="6397.0"/>
  <concept concept_id="6962" retired="0" datatype_id="2" class_id="1" is_set="0" creator="24761" date_created="2010-12-15 19:24:01.0" version="" changed_by="24761" date_changed="2011-11-17 15:52:13.0" uuid="6d85cc86-f18e-4f79-a8e8-98f7ac0addc9"/>
  <concept_name concept_id="6962" name="Confirming HIV PCR" locale="en" creator="24761" date_created="2010-12-15 19:24:01.0" concept_name_id="14307" voided="0" uuid="2c7af3a8-4b5a-44a2-9184-c222297f3ebf" concept_name_type="FULLY_SPECIFIED" locale_preferred="false"/>
  <concept_name concept_id="6962" name="Confirming HIV PCR DBS" locale="en" creator="24761" date_created="2010-12-15 19:24:01.0" concept_name_id="14306" voided="0" void_reason="" uuid="da396fc2-e572-4e3a-9ea9-a26cb717ad59" locale_preferred="false"/>
  <concept_answer concept_answer_id="6398" concept_id="6962" answer_concept="664" creator="24761" date_created="2010-12-15 19:24:01.0" uuid="0e6b5ff4-0413-471d-af60-787bda090a1a" sort_weight="6398.0"/>
  <concept_answer concept_answer_id="6399" concept_id="6962" answer_concept="703" creator="24761" date_created="2010-12-15 19:24:01.0" uuid="8b735456-497b-4cdc-9482-1bd444bda888" sort_weight="6399.0"/>
  <concept concept_id="953" retired="0" datatype_id="4" class_id="8" is_set="1" creator="24761" date_created="2004-08-26 06:00:00.0" version="" changed_by="24761" date_changed="2011-11-17 15:52:13.0" uuid="3cd58dba-26fe-102b-80cb-0017a47871b2"/>
  <concept_name concept_id="953" name="LIVER PANEL" locale="en" creator="24761" date_created="2005-02-18 23:30:04.0" concept_name_id="7184" voided="0" uuid="94b48bc8-07d4-102c-b5fa-0017a47871b2" locale_preferred="false"/>
  <concept_name concept_id="953" name="HFP" locale="en" creator="24761" date_created="2005-02-18 23:28:22.0" concept_name_id="7020" voided="0" uuid="94aad4ac-07d4-102c-b5fa-0017a47871b2" locale_preferred="false"/>
  <concept_name concept_id="953" name="LIVER FUNCTION TESTS" locale="en" creator="24761" date_created="2004-08-26 06:00:00.0" concept_name_id="977" voided="0" uuid="3e13f86a-26fe-102b-80cb-0017a47871b2" concept_name_type="FULLY_SPECIFIED" locale_preferred="false"/>
  <concept_name concept_id="953" name="LFTS" locale="en" creator="24761" date_created="2004-10-20 06:00:00.0" concept_name_id="7180" voided="0" uuid="94b48326-07d4-102c-b5fa-0017a47871b2" locale_preferred="false"/>
  <concept concept_id="3270" retired="0" datatype_id="4" class_id="8" is_set="1" creator="24761" date_created="2008-06-18 20:54:54.0" version="" changed_by="24761" date_changed="2011-11-17 15:52:13.0" uuid="4e572ddb-c191-4dda-90f5-e65107e2f591"/>
  <concept_name concept_id="3270" name="ISTAT CHEM8 PLUS CONSTRUCT" locale="en" creator="24761" date_created="2008-06-18 20:54:54.0" concept_name_id="4620" voided="0" uuid="0b759ae8-15f5-102d-96e4-000c29c2a5d7" concept_name_type="FULLY_SPECIFIED" locale_preferred="false"/>
  <concept_name concept_id="3270" name="CHEM8" locale="en" creator="24761" date_created="2008-06-18 20:54:54.0" concept_name_id="6613" voided="0" uuid="0b82955e-15f5-102d-96e4-000c29c2a5d7" locale_preferred="false"/>
  <concept_name concept_id="3270" name="ELECTROLYTES" locale="en" creator="24761" date_created="2008-06-18 20:54:54.0" concept_name_id="6854" voided="0" uuid="0b848274-15f5-102d-96e4-000c29c2a5d7" locale_preferred="false"/>
  <concept_set concept_set_id="222" concept_id="1132" concept_set="3270" sort_weight="0.0" creator="24761" date_created="2008-06-18 20:54:54.0" uuid="11dc60dc-0f45-4573-a60a-27fa9cc79064"/>
  <concept_set concept_set_id="225" concept_id="1133" concept_set="3270" sort_weight="1.0" creator="24761" date_created="2008-06-18 20:54:54.0" uuid="cf62e36d-da5a-406f-b4fd-48fa1beea410"/>
  <concept_set concept_set_id="745" concept_id="3056" concept_set="3270" sort_weight="2.0" creator="24761" date_created="2008-06-18 20:54:54.0" uuid="74bdb127-d557-4fb9-8af4-58efaf585a36"/>
  <concept_set concept_set_id="231" concept_id="1135" concept_set="3270" sort_weight="3.0" creator="24761" date_created="2008-06-18 20:54:54.0" uuid="97fa6640-01ae-4653-be7c-5d9d774444dd"/>
  <concept_set concept_set_id="141" concept_id="857" concept_set="3270" sort_weight="4.0" creator="24761" date_created="2008-06-18 20:54:54.0" uuid="c48a108d-52a6-47f5-bd3e-3ef7f9304da8"/>
  <concept_set concept_set_id="120" concept_id="790" concept_set="3270" sort_weight="5.0" creator="24761" date_created="2008-06-18 20:54:54.0" uuid="7286f510-ed90-4b1a-94dd-6ba81ebbacec"/>
  <concept_set concept_set_id="148" concept_id="887" concept_set="3270" sort_weight="6.0" creator="24761" date_created="2008-06-18 20:54:54.0" uuid="1901e343-f309-456f-8851-75e91e2dd76e"/>
  <concept_set concept_set_id="5" concept_id="21" concept_set="3270" sort_weight="7.0" creator="24761" date_created="2008-06-18 20:54:54.0" uuid="0cea553a-c763-436c-aaec-89952978bf1a"/>
  <concept_set concept_set_id="228" concept_id="1134" concept_set="3270" sort_weight="8.0" creator="24761" date_created="2008-06-18 20:54:54.0" uuid="22e61b51-ee4c-4e42-b684-6ba960db6538"/>
  <concept_set concept_set_id="539" concept_id="2216" concept_set="3270" sort_weight="9.0" creator="24761" date_created="2008-11-07 19:38:50.0" uuid="afadeea0-32f1-46a5-a651-b4aa0b92d82a"/>
  <concept_set concept_set_id="806" concept_id="3267" concept_set="3270" sort_weight="10.0" creator="24761" date_created="2008-11-10 15:53:59.0" uuid="9d699946-63db-4621-a4a9-a32bcec8fff5"/>
  <concept concept_id="2473" retired="0" datatype_id="2" class_id="1" is_set="0" creator="24761" date_created="2007-06-26 19:20:21.0" version="" changed_by="24761" date_changed="2011-11-17 15:52:14.0" uuid="3ce44134-26fe-102b-80cb-0017a47871b2"/>
  <concept_name concept_id="2473" name="PREGNANCY TEST" locale="en" creator="24761" date_created="2007-06-26 19:20:21.0" concept_name_id="7467" voided="0" void_reason="" uuid="9563b0da-07d4-102c-b5fa-0017a47871b2" locale_preferred="false"/>
  <concept_name concept_id="2473" name="BETA-HCG" locale="en" creator="24761" date_created="2007-06-26 19:20:21.0" concept_name_id="6530" voided="0" void_reason="" uuid="93ee2bf4-07d4-102c-b5fa-0017a47871b2" locale_preferred="false"/>
  <concept_name concept_id="2473" name="Blood hCG" locale="en" creator="24761" date_created="2011-05-12 21:55:02.0" concept_name_id="14351" voided="0" uuid="5bb737f8-ed32-4165-adb6-639285e316ab" locale_preferred="false"/>
  <concept_name concept_id="2473" name="B-HCG" locale="en" creator="24761" date_created="2007-06-26 19:20:21.0" concept_name_id="2657" voided="0" uuid="3e258436-26fe-102b-80cb-0017a47871b2" concept_name_type="FULLY_SPECIFIED" locale_preferred="false"/>
  <concept_answer concept_answer_id="3067" concept_id="2473" answer_concept="1138" creator="24761" date_created="2007-06-26 19:20:21.0" uuid="3d4c9c2a-26fe-102b-80cb-0017a47871b2" sort_weight="3067.0"/>
  <concept_answer concept_answer_id="3068" concept_id="2473" answer_concept="664" creator="24761" date_created="2007-06-26 19:20:21.0" uuid="3d4c9d6a-26fe-102b-80cb-0017a47871b2" sort_weight="3068.0"/>
  <concept_answer concept_answer_id="3069" concept_id="2473" answer_concept="703" creator="24761" date_created="2007-06-26 19:20:21.0" uuid="3d4c9ea0-26fe-102b-80cb-0017a47871b2" sort_weight="3069.0"/>
  <concept concept_id="45" retired="0" datatype_id="2" class_id="1" is_set="0" creator="24761" date_created="2004-01-01 07:00:00.0" version="" changed_by="24761" date_changed="2011-11-17 15:52:14.0" uuid="3ccc94a8-26fe-102b-80cb-0017a47871b2"/>
  <concept_name concept_id="45" name="Urine hCG" locale="en" creator="24761" date_created="2011-05-12 21:54:27.0" concept_name_id="14352" voided="0" uuid="7366cdfe-add0-481e-91d6-5d337f20e424" locale_preferred="false"/>
  <concept_name concept_id="45" name="URINE PREGNANCY TEST" locale="en" creator="24761" date_created="2004-01-01 07:00:00.0" concept_name_id="47" voided="0" uuid="3e09dab0-26fe-102b-80cb-0017a47871b2" concept_name_type="FULLY_SPECIFIED" locale_preferred="false"/>
  <concept_answer concept_answer_id="12" concept_id="45" answer_concept="664" creator="24761" date_created="2005-02-14 13:03:55.0" uuid="3d38e5ae-26fe-102b-80cb-0017a47871b2" sort_weight="12.0"/>
  <concept_answer concept_answer_id="13" concept_id="45" answer_concept="703" creator="24761" date_created="2005-02-14 13:03:55.0" uuid="3d38e78e-26fe-102b-80cb-0017a47871b2" sort_weight="13.0"/>
  <concept_answer concept_answer_id="14" concept_id="45" answer_concept="1138" creator="24761" date_created="2005-02-14 13:03:55.0" uuid="3d38edd8-26fe-102b-80cb-0017a47871b2" sort_weight="14.0"/>
  <concept concept_id="7057" retired="0" datatype_id="2" class_id="1" is_set="0" creator="24761" date_created="2006-06-07 09:32:55.0" version="0.1" changed_by="24761" date_changed="2011-11-17 15:52:14.0" uuid="1325AAAAAAAAAAAAAAAAAAAAAAAAAAAAAAAA"/>
  <concept_name concept_id="7057" name="HEPATITIS C TEST - QUALITATIVE" locale="en" creator="24761" date_created="2006-06-07 09:32:55.0" concept_name_id="14484" voided="0" uuid="1414BBBBBBBBBBBBBBBBBBBBBBBBBBBBBBBB" concept_name_type="FULLY_SPECIFIED" locale_preferred="false"/>
  <concept_name concept_id="7057" name="HEP C TEST - QUAL" locale="en" creator="24761" date_created="2006-06-07 09:32:55.0" concept_name_id="14485" voided="0" uuid="86797BBBBBBBBBBBBBBBBBBBBBBBBBBBBBBB" concept_name_type="SHORT" locale_preferred="false"/>
  <concept_answer concept_answer_id="6526" concept_id="7057" answer_concept="664" creator="24761" date_created="2006-06-07 09:33:32.0" uuid="1011CCCCCCCCCCCCCCCCCCCCCCCCCCCCCCCC" sort_weight="6526.0"/>
  <concept_answer concept_answer_id="6527" concept_id="7057" answer_concept="1138" creator="24761" date_created="2006-06-07 09:33:32.0" uuid="1013CCCCCCCCCCCCCCCCCCCCCCCCCCCCCCCC" sort_weight="6527.0"/>
  <concept_answer concept_answer_id="6528" concept_id="7057" answer_concept="703" creator="24761" date_created="2006-06-07 09:33:32.0" uuid="1010CCCCCCCCCCCCCCCCCCCCCCCCCCCCCCCC" sort_weight="6528.0"/>
  <concept_answer concept_answer_id="6529" concept_id="7057" answer_concept="7056" creator="24761" date_created="2006-06-07 09:33:32.0" uuid="1012CCCCCCCCCCCCCCCCCCCCCCCCCCCCCCCC" sort_weight="6529.0"/>
  <concept concept_id="7058" retired="0" datatype_id="2" class_id="1" is_set="0" creator="24761" date_created="2006-06-06 17:03:14.0" version="0.1" changed_by="24761" date_changed="2011-11-17 15:52:14.0" uuid="1322AAAAAAAAAAAAAAAAAAAAAAAAAAAAAAAA"/>
  <concept_name concept_id="7058" name="HEP B TEST - QUAL" locale="en" creator="24761" date_created="2006-06-06 17:03:14.0" concept_name_id="14486" voided="0" uuid="86794BBBBBBBBBBBBBBBBBBBBBBBBBBBBBBB" concept_name_type="SHORT" locale_preferred="false"/>
  <concept_name concept_id="7058" name="HEPATITIS B TEST - QUALITATIVE" locale="en" creator="24761" date_created="2006-06-06 17:03:14.0" concept_name_id="14487" voided="0" uuid="1411BBBBBBBBBBBBBBBBBBBBBBBBBBBBBBBB" concept_name_type="FULLY_SPECIFIED" locale_preferred="false"/>
  <concept_answer concept_answer_id="6530" concept_id="7058" answer_concept="664" creator="24761" date_created="2006-06-06 17:04:08.0" uuid="1007CCCCCCCCCCCCCCCCCCCCCCCCCCCCCCCC" sort_weight="6530.0"/>
  <concept_answer concept_answer_id="6531" concept_id="7058" answer_concept="7056" creator="24761" date_created="2006-06-06 17:04:08.0" uuid="1009CCCCCCCCCCCCCCCCCCCCCCCCCCCCCCCC" sort_weight="6531.0"/>
  <concept_answer concept_answer_id="6532" concept_id="7058" answer_concept="703" creator="24761" date_created="2006-06-06 17:04:08.0" uuid="1006CCCCCCCCCCCCCCCCCCCCCCCCCCCCCCCC" sort_weight="6532.0"/>
  <concept_answer concept_answer_id="6533" concept_id="7058" answer_concept="1138" creator="24761" date_created="2006-06-06 17:04:08.0" uuid="1008CCCCCCCCCCCCCCCCCCCCCCCCCCCCCCCC" sort_weight="6533.0"/>
  <concept concept_id="7059" retired="0" datatype_id="2" class_id="1" is_set="0" creator="24761" date_created="2011-09-12 19:05:13.0" version="" changed_by="24761" date_changed="2011-11-17 15:52:14.0" uuid="81475899-1dff-4dbe-9e9b-1be0875313b9"/>
  <concept_name concept_id="7059" name="BONE MARROW ASPIRATION" locale="en" creator="24761" date_created="2011-09-12 19:05:13.0" concept_name_id="14488" voided="0" uuid="4a2d7f4f-ccec-4ea8-8eb8-adadef924bb3" concept_name_type="FULLY_SPECIFIED" locale_preferred="false"/>
  <concept_name concept_id="7059" name="BMA" locale="en" creator="24761" date_created="2011-09-12 19:05:13.0" concept_name_id="14489" voided="0" uuid="76650cd2-157d-4f4e-acec-041e59d3ecc2" locale_preferred="false"/>
  <concept_answer concept_answer_id="6534" concept_id="7059" answer_concept="3" creator="24761" date_created="2011-09-12 19:05:13.0" uuid="9abcd7da-1797-45e5-ade8-2c95a7f427bd" sort_weight="6534.0"/>
  <concept_answer concept_answer_id="6535" concept_id="7059" answer_concept="5622" creator="24761" date_created="2011-09-12 19:05:13.0" uuid="4255a9d7-3414-4bcc-943a-f2c71765b54e" sort_weight="6535.0"/>
  <concept_answer concept_answer_id="6536" concept_id="7059" answer_concept="1115" creator="24761" date_created="2011-09-12 19:05:13.0" uuid="9213c2e2-4b41-4b79-80c5-3e6bbfb8acd9" sort_weight="6536.0"/>
  <concept_answer concept_answer_id="6537" concept_id="7059" answer_concept="1116" creator="24761" date_created="2011-09-12 19:05:13.0" uuid="29606709-efc7-454e-98fc-dd766aa460a6" sort_weight="6537.0"/>
  <concept_answer concept_answer_id="6538" concept_id="7059" answer_concept="839" creator="24761" date_created="2011-09-12 19:05:13.0" uuid="9efe688d-25ae-4d6e-a161-eebe24ca7b97" sort_weight="6538.0"/>
  <concept concept_id="845" retired="0" datatype_id="2" class_id="1" is_set="0" creator="24761" date_created="2004-05-05 00:00:00.0" version="" changed_by="24761" date_changed="2011-11-17 15:52:14.0" uuid="3cd49748-26fe-102b-80cb-0017a47871b2"/>
  <concept_name concept_id="845" name="ULTRASOUND, ABDOMEN" locale="en" creator="24761" date_created="2004-05-05 00:00:00.0" concept_name_id="864" voided="0" uuid="3e126e5a-26fe-102b-80cb-0017a47871b2" concept_name_type="FULLY_SPECIFIED" locale_preferred="false"/>
  <concept_name concept_id="845" name="ABDOMINAL ULTRASOUND" locale="en" creator="24761" date_created="2005-02-18 14:48:11.0" concept_name_id="6357" voided="0" void_reason="" uuid="93eb4074-07d4-102c-b5fa-0017a47871b2" locale_preferred="false"/>
  <concept_name concept_id="845" name="Abdominal echography" locale="en" creator="24761" date_created="2011-09-12 18:51:25.0" concept_name_id="14490" voided="0" uuid="9bcc268b-8879-4697-bd03-1e2a5a123e62" locale_preferred="false"/>
  <concept_name concept_id="845" name="Abdominal echogram" locale="en" creator="24761" date_created="2011-09-12 18:51:25.0" concept_name_id="14491" voided="0" uuid="cc611002-0901-45df-9ae3-b38aea5ae67f" locale_preferred="false"/>
  <concept_answer concept_answer_id="45" concept_id="845" answer_concept="1115" creator="24761" date_created="2005-02-18 14:44:39.0" uuid="3d39156a-26fe-102b-80cb-0017a47871b2" sort_weight="45.0"/>
  <concept_answer concept_answer_id="46" concept_id="845" answer_concept="1116" creator="24761" date_created="2005-02-18 14:44:39.0" uuid="3d391682-26fe-102b-80cb-0017a47871b2" sort_weight="46.0"/>
  <concept_answer concept_answer_id="2364" concept_id="845" answer_concept="1118" creator="24761" date_created="2007-05-19 14:56:04.0" uuid="3d48d4a0-26fe-102b-80cb-0017a47871b2" sort_weight="2364.0"/>
  <concept concept_id="7060" retired="0" datatype_id="4" class_id="1" is_set="0" creator="24761" date_created="2011-09-12 18:44:02.0" version="" changed_by="24761" date_changed="2011-11-17 15:52:14.0" uuid="2dca1aff-e26b-461c-a198-11c3ecb2471d"/>
  <concept_name concept_id="7060" name="Thin blood smear" locale="en" creator="24761" date_created="2011-09-12 18:44:02.0" concept_name_id="14493" voided="0" uuid="1bcb2d5a-22f1-40fc-beb6-bb384eae3038" concept_name_type="FULLY_SPECIFIED" locale_preferred="false"/>
  <concept_name concept_id="7060" name="Thin film" locale="en" creator="24761" date_created="2011-09-12 18:44:02.0" concept_name_id="14494" voided="0" void_reason="" uuid="e3f7a9ea-4c24-41ea-bf9d-26709e69f141" locale_preferred="false"/>
  <concept concept_id="32" retired="0" datatype_id="2" class_id="1" is_set="0" creator="24761" date_created="2004-01-01 00:00:00.0" version="" changed_by="24761" date_changed="2011-11-17 15:52:14.0" uuid="3ccc8198-26fe-102b-80cb-0017a47871b2"/>
  <concept_name concept_id="32" name="MALARIAL SMEAR" locale="en" creator="24761" date_created="2004-01-01 00:00:00.0" concept_name_id="34" voided="0" uuid="3e09c8b8-26fe-102b-80cb-0017a47871b2" concept_name_type="FULLY_SPECIFIED" locale_preferred="false"/>
  <concept_name concept_id="32" name="BS FOR MPS" locale="en" creator="24761" date_created="2004-10-20 00:00:00.0" concept_name_id="6562" voided="0" uuid="93eea2dc-07d4-102c-b5fa-0017a47871b2" locale_preferred="false"/>
  <concept_name concept_id="32" name="MP TEST" locale="en" creator="24761" date_created="2005-02-14 04:48:25.0" concept_name_id="7267" voided="0" uuid="94b744a8-07d4-102c-b5fa-0017a47871b2" locale_preferred="false"/>
  <concept_answer concept_answer_id="9" concept_id="32" answer_concept="664" creator="24761" date_created="2005-02-14 04:48:25.0" uuid="3d38dffa-26fe-102b-80cb-0017a47871b2" sort_weight="9.0"/>
  <concept_answer concept_answer_id="10" concept_id="32" answer_concept="703" creator="24761" date_created="2005-02-14 04:48:25.0" uuid="3d38e1da-26fe-102b-80cb-0017a47871b2" sort_weight="10.0"/>
  <concept_answer concept_answer_id="11" concept_id="32" answer_concept="1138" creator="24761" date_created="2005-02-14 04:48:25.0" uuid="3d38e3c4-26fe-102b-80cb-0017a47871b2" sort_weight="11.0"/>
  <concept concept_id="7061" retired="0" datatype_id="4" class_id="1" is_set="0" creator="24761" date_created="2011-09-12 18:42:04.0" changed_by="24761" date_changed="2012-09-12 11:36:13.0" uuid="cb8d8186-47cc-4c25-a8d7-4575b8759e6e"/>
  <concept_name concept_id="7061" name="Thick blood smear" locale="en" creator="24761" date_created="2011-09-12 18:42:04.0" concept_name_id="14500" voided="0" uuid="4167f4f7-fbda-4d2a-b8c7-aefe46e72f66" concept_name_type="FULLY_SPECIFIED" locale_preferred="true"/>
  <concept_name concept_id="7061" name="Thick film" locale="en" creator="24761" date_created="2011-09-12 18:45:03.0" concept_name_id="14498" voided="0" uuid="7be2caef-049c-4fe5-b86d-2c0f083fd1bb" locale_preferred="false"/>
  <concept concept_id="7062" retired="0" datatype_id="2" class_id="1" is_set="0" creator="24761" date_created="2011-09-12 21:16:42.0" version="" changed_by="24761" date_changed="2011-11-17 15:52:14.0" uuid="2762560f-b19e-442b-a55b-fc3026d53061"/>
  <concept_name concept_id="7062" name="Renal ultrasound" locale="en" creator="24761" date_created="2011-09-12 21:16:42.0" concept_name_id="14502" voided="0" uuid="1744e6bf-237a-4e7d-b2bb-2cfc600c515b" concept_name_type="FULLY_SPECIFIED" locale_preferred="false"/>
  <concept_name concept_id="7062" name="Ultrasound, kidney" locale="en" creator="24761" date_created="2011-09-12 21:16:42.0" concept_name_id="14503" voided="0" void_reason="" uuid="fe5279bf-eae6-495c-8f8f-8b89ed704fa5" locale_preferred="false"/>
  <concept_answer concept_answer_id="6539" concept_id="7062" answer_concept="1115" creator="24761" date_created="2011-09-12 21:16:42.0" uuid="8e7fa7c8-f1d9-469e-ad0a-e61af2f4959f" sort_weight="6539.0"/>
  <concept_answer concept_answer_id="6540" concept_id="7062" answer_concept="1138" creator="24761" date_created="2011-09-12 21:16:42.0" uuid="e10b850d-992e-4609-9e93-f21eb37b1a11" sort_weight="6540.0"/>
  <concept_answer concept_answer_id="6541" concept_id="7062" answer_concept="1116" creator="24761" date_created="2011-09-12 21:16:42.0" uuid="387ccc24-66e6-4539-9ff1-3a08c0a9ddff" sort_weight="6541.0"/>
  <concept_answer concept_answer_id="6542" concept_id="7062" answer_concept="5622" creator="24761" date_created="2011-09-12 21:16:42.0" uuid="54c9bc6d-5504-4110-9bc8-a920042a48bc" sort_weight="6542.0"/>
  <concept concept_id="7315" retired="0" datatype_id="2" class_id="1" is_set="0" creator="24761" date_created="2012-08-27 11:31:58.0" uuid="cffa61ee-9058-4ba5-aece-8164517d6645"/>
  <concept_name concept_id="7315" name="Tissue biopsy" locale="en" creator="24761" date_created="2012-08-27 11:31:58.0" concept_name_id="14927" voided="0" uuid="988cf64d-18f0-4355-a0b1-9028f98b30df" concept_name_type="FULLY_SPECIFIED" locale_preferred="true"/>
  <concept_answer concept_answer_id="6681" concept_id="7315" answer_concept="7314" creator="24761" date_created="2012-08-27 11:31:58.0" uuid="30348473-2689-4fc9-9f63-7aa699ba724d" sort_weight="1.0"/>
  <concept_answer concept_answer_id="6682" concept_id="7315" answer_concept="7306" creator="24761" date_created="2012-08-27 11:31:58.0" uuid="a1dd2d2c-3a46-40dc-8194-ba9bceb81e0f" sort_weight="2.0"/>
  <concept concept_id="7314" retired="0" datatype_id="4" class_id="11" is_set="0" creator="24761" date_created="2012-08-27 11:07:43.0" uuid="69bde4cf-2cf1-41c7-82ca-67a56f58ebd2"/>
  <concept_name concept_id="7314" name="Taken" locale="en" creator="24761" date_created="2012-08-27 11:07:43.0" concept_name_id="14925" voided="0" uuid="c4d5bdea-a18b-4238-9349-2442cd073c6f" concept_name_type="SHORT" locale_preferred="false"/>
  <concept_name concept_id="7314" name="Sample taken" locale="en" creator="24761" date_created="2012-08-27 11:07:43.0" concept_name_id="14926" voided="0" uuid="27b7847d-fca0-4878-9a53-4930572cd96c" concept_name_type="FULLY_SPECIFIED" locale_preferred="true"/>
  <concept concept_id="7306" retired="0" datatype_id="4" class_id="11" is_set="0" creator="24761" date_created="2012-08-27 11:08:37.0" uuid="3485d286-4559-4294-b8a5-848a07f6790e"/>
  <concept_name concept_id="7306" name="Unable to obtain" locale="en" creator="24761" date_created="2012-08-27 11:08:37.0" concept_name_id="14910" voided="0" uuid="856f96d2-0626-41c4-a06a-4d4ea6d9891c" concept_name_type="FULLY_SPECIFIED" locale_preferred="true"/>
  <concept concept_id="3509" retired="0" datatype_id="2" class_id="7" is_set="0" creator="15877" date_created="2008-11-07 10:36:22.0" version="" changed_by="7" date_changed="2009-04-07 09:03:48.0" uuid="c3e1d8d4-3040-49dd-ad66-c0928d912941"/>
  <concept_name concept_id="3509" name="TYPE OF REFERRING CLINIC OR HOSPITAL" locale="en" creator="15877" date_created="2008-11-07 10:36:22.0" concept_name_id="5035" voided="0" uuid="0b7880aa-15f5-102d-96e4-000c29c2a5d7" concept_name_type="FULLY_SPECIFIED" locale_preferred="false"/>
  <concept_name concept_id="3509" name="PATIENT REFERRED BY" locale="en" creator="7" date_created="2009-04-07 09:03:48.0" concept_name_id="8864" voided="0" uuid="de01d778-be4e-488f-ba8e-b4e094c74b08" locale_preferred="false"/>
  <concept_answer concept_answer_id="5154" concept_id="3509" answer_concept="2233" creator="15877" date_created="2008-11-07 10:36:22.0" uuid="0b21d35e-15f5-102d-96e4-000c29c2a5d7" sort_weight="5154.0"/>
  <concept_answer concept_answer_id="5155" concept_id="3509" answer_concept="2070" creator="15877" date_created="2008-11-07 10:36:22.0" uuid="0b21d43a-15f5-102d-96e4-000c29c2a5d7" sort_weight="5155.0"/>
  <concept_answer concept_answer_id="5156" concept_id="3509" answer_concept="2069" creator="15877" date_created="2008-11-07 10:36:22.0" uuid="0b21d516-15f5-102d-96e4-000c29c2a5d7" sort_weight="5156.0"/>
  <concept_answer concept_answer_id="5157" concept_id="3509" answer_concept="5622" creator="15877" date_created="2008-11-07 10:36:22.0" uuid="0b21d5f2-15f5-102d-96e4-000c29c2a5d7" sort_weight="5157.0"/>
  <concept concept_id="2233" retired="0" datatype_id="4" class_id="11" is_set="0" creator="1128" date_created="2007-05-13 13:53:22.0" version="" changed_by="7" date_changed="2007-10-12 10:41:56.0" uuid="3ce1e3e4-26fe-102b-80cb-0017a47871b2"/>
  <concept_name concept_id="2233" name="PRIMARY CARE CLINIC" locale="en" creator="1128" date_created="2007-05-13 13:53:22.0" concept_name_id="2415" voided="0" uuid="3e237a9c-26fe-102b-80cb-0017a47871b2" concept_name_type="FULLY_SPECIFIED" locale_preferred="false"/>
  <concept concept_id="2070" retired="0" datatype_id="4" class_id="11" is_set="0" creator="24737" date_created="2007-05-04 15:55:17.0" changed_by="24761" date_changed="2012-09-24 11:19:35.0" uuid="3ce0d472-26fe-102b-80cb-0017a47871b2"/>
  <concept_name concept_id="2070" name="HOSPITAL" locale="en" creator="24737" date_created="2007-05-04 15:55:17.0" concept_name_id="2237" voided="0" uuid="3e215a0a-26fe-102b-80cb-0017a47871b2" concept_name_type="FULLY_SPECIFIED" locale_preferred="true"/>
  <concept concept_id="2069" retired="0" datatype_id="4" class_id="11" is_set="0" creator="15680" date_created="2007-05-04 09:54:29.0" version="" changed_by="15680" date_changed="2007-05-04 09:54:29.0" uuid="3ce0d300-26fe-102b-80cb-0017a47871b2"/>
  <concept_name concept_id="2069" name="HEALTH CLINIC" locale="en" creator="15680" date_created="2007-05-04 09:54:29.0" concept_name_id="2236" voided="0" uuid="3e215884-26fe-102b-80cb-0017a47871b2" concept_name_type="FULLY_SPECIFIED" locale_preferred="false"/>
  <concept concept_id="3753" retired="0" datatype_id="2" class_id="7" is_set="0" creator="15877" date_created="2008-11-12 13:02:22.0" version="" uuid="aec6ad18-f4dd-4cfa-b68d-3d7bb6ea908e"/>
  <concept_name concept_id="3753" name="HIV STATUS" locale="en" creator="15877" date_created="2008-11-12 13:02:22.0" concept_name_id="5109" voided="0" uuid="0b78da14-15f5-102d-96e4-000c29c2a5d7" concept_name_type="FULLY_SPECIFIED" locale_preferred="false"/>
  <concept_answer concept_answer_id="5174" concept_id="3753" answer_concept="664" creator="15877" date_created="2008-11-12 13:02:22.0" uuid="0b21e9de-15f5-102d-96e4-000c29c2a5d7" sort_weight="5174.0"/>
  <concept_answer concept_answer_id="5175" concept_id="3753" answer_concept="703" creator="15877" date_created="2008-11-12 13:02:22.0" uuid="0b21eaba-15f5-102d-96e4-000c29c2a5d7" sort_weight="5175.0"/>
  <concept_answer concept_answer_id="5176" concept_id="3753" answer_concept="1067" creator="15877" date_created="2008-11-12 13:02:22.0" uuid="0b21eb96-15f5-102d-96e4-000c29c2a5d7" sort_weight="5176.0"/>
  <concept concept_id="664" retired="0" datatype_id="4" class_id="11" is_set="0" creator="24761" date_created="2004-01-01 07:00:00.0" changed_by="24761" date_changed="2012-09-12 11:13:54.0" uuid="3cd28732-26fe-102b-80cb-0017a47871b2"/>
  <concept_name concept_id="664" name="NEG" locale="en" creator="24761" date_created="2004-10-20 06:00:00.0" concept_name_id="7281" voided="0" uuid="956e89a6-07d4-102c-b5fa-0017a47871b2" locale_preferred="false"/>
  <concept_name concept_id="664" name="-" locale="en" creator="24761" date_created="2004-01-01 07:00:00.0" concept_name_id="5448" voided="0" uuid="0b7b31ba-15f5-102d-96e4-000c29c2a5d7" concept_name_type="SHORT" locale_preferred="false"/>
  <concept_name concept_id="664" name="(-)" locale="en" creator="24761" date_created="2004-12-02 07:00:00.0" concept_name_id="6328" voided="0" uuid="956e8582-07d4-102c-b5fa-0017a47871b2" locale_preferred="false"/>
  <concept_name concept_id="664" name="NEGATIVE" locale="en" creator="24761" date_created="2004-01-01 07:00:00.0" concept_name_id="678" voided="0" uuid="0b5abf52-15f5-102d-96e4-000c29c2a5d7" concept_name_type="FULLY_SPECIFIED" locale_preferred="true"/>
  <concept concept_id="2172" retired="0" datatype_id="2" class_id="7" is_set="0" creator="23132" date_created="2007-05-13 00:17:26.0" version="" changed_by="23132" date_changed="2011-08-08 19:55:52.0" uuid="3ce18156-26fe-102b-80cb-0017a47871b2"/>
  <concept_name concept_id="2172" name="CONTACT_REL" locale="en" creator="23132" date_created="2007-05-13 00:17:26.0" concept_name_id="5842" voided="0" uuid="93bc0d72-07d4-102c-b5fa-0017a47871b2" concept_name_type="SHORT" locale_preferred="false"/>
  <concept_name concept_id="2172" name="RELATIONSHIP OF RELATIVE TO PATIENT" locale="en" creator="23132" date_created="2007-05-13 00:17:26.0" concept_name_id="2352" voided="0" uuid="3e2256c6-26fe-102b-80cb-0017a47871b2" concept_name_type="FULLY_SPECIFIED" locale_preferred="false"/>
  <concept_answer concept_answer_id="2005" concept_id="2172" answer_concept="2174" creator="23132" date_created="2007-05-13 00:17:58.0" uuid="3d45ef88-26fe-102b-80cb-0017a47871b2" sort_weight="2005.0"/>
  <concept_answer concept_answer_id="2006" concept_id="2172" answer_concept="2175" creator="23132" date_created="2007-05-13 00:17:58.0" uuid="3d45f0be-26fe-102b-80cb-0017a47871b2" sort_weight="2006.0"/>
  <concept_answer concept_answer_id="2007" concept_id="2172" answer_concept="2179" creator="23132" date_created="2007-05-13 00:17:58.0" uuid="3d45f1f4-26fe-102b-80cb-0017a47871b2" sort_weight="2007.0"/>
  <concept_answer concept_answer_id="2008" concept_id="2172" answer_concept="2178" creator="23132" date_created="2007-05-13 00:17:58.0" uuid="3d45f334-26fe-102b-80cb-0017a47871b2" sort_weight="2008.0"/>
  <concept_answer concept_answer_id="2082" concept_id="2172" answer_concept="5617" creator="23132" date_created="2007-05-13 20:08:55.0" uuid="3d465004-26fe-102b-80cb-0017a47871b2" sort_weight="2082.0"/>
  <concept_answer concept_answer_id="2094" concept_id="2172" answer_concept="1826" creator="23132" date_created="2007-05-16 07:34:07.0" uuid="3d465ec8-26fe-102b-80cb-0017a47871b2" sort_weight="2094.0"/>
  <concept_answer concept_answer_id="6303" concept_id="2172" answer_concept="2176" creator="23132" date_created="2010-11-07 11:41:13.0" uuid="0ca0ffd9-d18a-4867-967f-ac15688dbb6c" sort_weight="6303.0"/>
  <concept_answer concept_answer_id="6304" concept_id="2172" answer_concept="2177" creator="23132" date_created="2010-11-07 11:41:13.0" uuid="4355c4ba-e92f-4cd7-ac50-9699d14f8fff" sort_weight="6304.0"/>
  <concept concept_id="2174" retired="0" datatype_id="4" class_id="11" is_set="0" creator="23132" date_created="2007-05-13 00:15:03.0" version="" changed_by="23132" date_changed="2011-08-08 19:55:52.0" uuid="3ce18444-26fe-102b-80cb-0017a47871b2"/>
  <concept_name concept_id="2174" name="FATHER" locale="en" creator="23132" date_created="2007-05-13 00:15:03.0" concept_name_id="2354" voided="0" uuid="3e2259b4-26fe-102b-80cb-0017a47871b2" concept_name_type="FULLY_SPECIFIED" locale_preferred="false"/>
  <concept concept_id="2175" retired="0" datatype_id="4" class_id="11" is_set="0" creator="23132" date_created="2007-05-13 00:15:39.0" version="" changed_by="23132" date_changed="2011-08-08 19:55:52.0" uuid="3ce185ca-26fe-102b-80cb-0017a47871b2"/>
  <concept_name concept_id="2175" name="MOTHER" locale="en" creator="23132" date_created="2007-05-13 00:15:39.0" concept_name_id="2355" voided="0" uuid="3e225b1c-26fe-102b-80cb-0017a47871b2" concept_name_type="FULLY_SPECIFIED" locale_preferred="false"/>
  <concept concept_id="2179" retired="0" datatype_id="4" class_id="11" is_set="0" creator="23132" date_created="2007-05-13 00:17:26.0" version="" changed_by="23132" date_changed="2011-08-08 19:55:42.0" uuid="3ce18bec-26fe-102b-80cb-0017a47871b2"/>
  <concept_name concept_id="2179" name="OTHER RELATIVE" locale="en" creator="23132" date_created="2007-05-13 00:17:26.0" concept_name_id="2359" voided="0" uuid="3e2265d0-26fe-102b-80cb-0017a47871b2" concept_name_type="FULLY_SPECIFIED" locale_preferred="false"/>
  <concept concept_id="2178" retired="0" datatype_id="4" class_id="11" is_set="0" creator="23132" date_created="2007-05-13 00:16:58.0" version="" changed_by="23132" date_changed="2011-08-08 19:55:34.0" uuid="3ce18a70-26fe-102b-80cb-0017a47871b2"/>
  <concept_name concept_id="2178" name="SIBLING" locale="en" creator="23132" date_created="2007-05-13 00:16:58.0" concept_name_id="2358" voided="0" uuid="3e225f36-26fe-102b-80cb-0017a47871b2" concept_name_type="FULLY_SPECIFIED" locale_preferred="false"/>
  <concept concept_id="5617" retired="0" datatype_id="4" class_id="11" is_set="0" creator="23132" date_created="2004-08-12 06:00:00.0" version="" changed_by="23132" date_changed="2011-08-08 19:55:30.0" uuid="3cee77da-26fe-102b-80cb-0017a47871b2"/>
  <concept_name concept_id="5617" name="PARTNER OR SPOUSE" locale="en" creator="23132" date_created="2004-08-12 06:00:00.0" concept_name_id="3986" voided="0" uuid="3e405a36-26fe-102b-80cb-0017a47871b2" concept_name_type="FULLY_SPECIFIED" locale_preferred="false"/>
  <concept concept_id="1826" retired="0" datatype_id="3" class_id="7" is_set="0" creator="23132" date_created="2007-02-21 19:16:29.0" changed_by="24761" date_changed="2012-09-12 11:18:24.0" uuid="3cde7c90-26fe-102b-80cb-0017a47871b2"/>
  <concept_name concept_id="1826" name="GUARDIAN RELATIONSHIP TO CHILD" locale="en" creator="23132" date_created="2007-02-21 19:16:29.0" concept_name_id="1990" voided="0" uuid="3e1ef350-26fe-102b-80cb-0017a47871b2" concept_name_type="FULLY_SPECIFIED" locale_preferred="true"/>
  <concept_name concept_id="1826" name="GUARDIAN RELATION" locale="en" creator="23132" date_created="2007-02-21 19:16:29.0" concept_name_id="5645" voided="0" uuid="93b6c704-07d4-102c-b5fa-0017a47871b2" concept_name_type="SHORT" locale_preferred="false"/>
  <concept concept_id="2176" retired="0" datatype_id="4" class_id="11" is_set="0" creator="23132" date_created="2007-05-13 00:16:05.0" version="" changed_by="23132" date_changed="2011-08-08 19:55:52.0" uuid="3ce18746-26fe-102b-80cb-0017a47871b2"/>
  <concept_name concept_id="2176" name="BROTHER" locale="en" creator="23132" date_created="2007-05-13 00:16:05.0" concept_name_id="2356" voided="0" uuid="3e225c7a-26fe-102b-80cb-0017a47871b2" concept_name_type="FULLY_SPECIFIED" locale_preferred="false"/>
  <concept concept_id="2177" retired="0" datatype_id="4" class_id="11" is_set="0" creator="23132" date_created="2007-05-13 00:16:33.0" version="" changed_by="23132" date_changed="2011-08-08 19:55:52.0" uuid="3ce188f4-26fe-102b-80cb-0017a47871b2"/>
  <concept_name concept_id="2177" name="SISTER" locale="en" creator="23132" date_created="2007-05-13 00:16:33.0" concept_name_id="2357" voided="0" uuid="3e225dd8-26fe-102b-80cb-0017a47871b2" concept_name_type="FULLY_SPECIFIED" locale_preferred="false"/>
  <concept concept_id="7325" retired="0" datatype_id="1" class_id="1" is_set="0" creator="24761" date_created="2012-08-27 10:23:12.0" uuid="8ad685de-4f19-4b75-b3f1-ee3b06bf05a2"/>
  <concept_numeric concept_id="7325" hi_absolute="5.0" precise="0"/>
  <concept_name concept_id="7325" name="Performance status" locale="en" creator="24761" date_created="2012-08-27 10:23:12.0" concept_name_id="14944" voided="0" uuid="6dee58c6-ad17-4e83-8615-90183e977255" concept_name_type="FULLY_SPECIFIED" locale_preferred="true"/>
  <concept_name concept_id="7325" name="ECOG" locale="en" creator="24761" date_created="2012-08-27 10:23:12.0" concept_name_id="14945" voided="0" uuid="b137bd8c-cd0b-45b7-8c7b-e1801df2595f" concept_name_type="SHORT" locale_preferred="false"/>
  <concept concept_id="7409" retired="0" datatype_id="6" class_id="7" is_set="0" creator="24821" date_created="2012-08-28 08:06:11.0" uuid="926dd83d-5c6c-43d9-9fb8-a8c2e364d5f6"/>
  <concept_name concept_id="7409" name="Date of pathology report" locale="en" creator="24821" date_created="2012-08-28 08:06:11.0" concept_name_id="15179" voided="0" uuid="5bdc7945-b42d-4006-98bb-1dd3a8dbac2a" concept_name_type="FULLY_SPECIFIED" locale_preferred="true"/>
  <concept_name concept_id="7409" name="Date pathology report" locale="en" creator="24821" date_created="2012-08-28 08:06:11.0" concept_name_id="15180" voided="0" uuid="d240537a-899c-4c28-8141-4a5eac1fe3e8" concept_name_type="SHORT" locale_preferred="false"/>
  <concept concept_id="7459" retired="0" datatype_id="2" class_id="7" is_set="0" creator="24821" date_created="2012-08-28 10:20:34.0" uuid="1acc8814-ce06-49f3-8cc1-6b5d1efe3f79"/>
  <concept_name concept_id="7459" name="Estrogen receptor" locale="en" creator="24821" date_created="2012-08-28 10:20:34.0" concept_name_id="15256" voided="0" uuid="68525fbc-a80e-4ab9-8859-45925c7bd9de" concept_name_type="FULLY_SPECIFIED" locale_preferred="true"/>
  <concept_answer concept_answer_id="6776" concept_id="7459" answer_concept="7444" creator="24821" date_created="2012-08-28 10:20:34.0" uuid="ac5f0371-38d6-4418-8d91-50c83a947ccb" sort_weight="1.0"/>
  <concept_answer concept_answer_id="6777" concept_id="7459" answer_concept="7442" creator="24821" date_created="2012-08-28 10:20:34.0" uuid="e5ba9c61-1631-4d73-b71e-497686150ca2" sort_weight="2.0"/>
  <concept_answer concept_answer_id="6775" concept_id="7459" answer_concept="7366" creator="24821" date_created="2012-08-28 10:20:34.0" uuid="5054020e-ecad-402e-ad41-12dfdf543137" sort_weight="3.0"/>
  <concept concept_id="7444" retired="0" datatype_id="4" class_id="11" is_set="0" creator="24821" date_created="2012-08-28 10:18:12.0" uuid="28fa396e-5330-43b3-8c69-d978003f24ff"/>
  <concept_name concept_id="7444" name="ER+" locale="en" creator="24821" date_created="2012-08-28 10:18:12.0" concept_name_id="15230" voided="0" uuid="231a852c-dc27-44c4-b8d0-7548766d6bde" concept_name_type="FULLY_SPECIFIED" locale_preferred="true"/>
  <concept concept_id="7442" retired="0" datatype_id="4" class_id="11" is_set="0" creator="24821" date_created="2012-08-28 10:18:34.0" uuid="d65a1323-e3b2-43ac-ad35-b36359d00504"/>
  <concept_name concept_id="7442" name="ER-" locale="en" creator="24821" date_created="2012-08-28 10:18:34.0" concept_name_id="15227" voided="0" uuid="e4a1729c-4fa4-4a20-b6b3-164e37eed9c4" concept_name_type="FULLY_SPECIFIED" locale_preferred="true"/>
  <concept concept_id="7366" retired="0" datatype_id="4" class_id="11" is_set="0" creator="24821" date_created="2012-08-28 10:18:58.0" uuid="09c8c10f-c3a6-41f8-ac91-55493ee008c6"/>
  <concept_name concept_id="7366" name="Not determined" locale="en" creator="24821" date_created="2012-08-28 10:18:58.0" concept_name_id="15123" voided="0" uuid="90592a83-b0a1-44b7-8f49-22105b3a16a0" concept_name_type="FULLY_SPECIFIED" locale_preferred="true"/>
  <concept concept_id="7463" retired="0" datatype_id="2" class_id="7" is_set="0" creator="24821" date_created="2012-08-28 10:26:53.0" uuid="6270e371-3fc9-4ed1-96fb-84b072067b1b"/>
  <concept_name concept_id="7463" name="HER2 IHC" locale="en" creator="24821" date_created="2012-08-28 10:26:53.0" concept_name_id="15261" voided="0" uuid="8045ca33-be9d-4330-8d5e-42220b900dca" concept_name_type="FULLY_SPECIFIED" locale_preferred="true"/>
  <concept_answer concept_answer_id="6781" concept_id="7463" answer_concept="7460" creator="24821" date_created="2012-08-28 10:26:53.0" uuid="63e854ff-77ba-43e7-a400-fc2d42b2ecec" sort_weight="1.0"/>
  <concept_answer concept_answer_id="6782" concept_id="7463" answer_concept="7462" creator="24821" date_created="2012-08-28 10:26:53.0" uuid="176e572c-2793-42c4-8c53-67b95d1f249a" sort_weight="2.0"/>
  <concept_answer concept_answer_id="6783" concept_id="7463" answer_concept="7366" creator="24821" date_created="2012-08-28 10:26:53.0" uuid="6f4ebe72-866a-46f2-a7c5-128067b53ec5" sort_weight="3.0"/>
  <concept concept_id="7460" retired="0" datatype_id="4" class_id="11" is_set="0" creator="24821" date_created="2012-08-28 10:25:17.0" uuid="f8e53211-e01c-4439-86e5-083b6a044652"/>
  <concept_name concept_id="7460" name="HER2 IHC+" locale="en" creator="24821" date_created="2012-08-28 10:25:17.0" concept_name_id="15257" voided="0" uuid="813d978e-f8a0-4357-b41d-bbdfaa61706d" concept_name_type="FULLY_SPECIFIED" locale_preferred="true"/>
  <concept concept_id="7462" retired="0" datatype_id="4" class_id="11" is_set="0" creator="24821" date_created="2012-08-28 10:25:37.0" uuid="2a7e3812-da32-437e-b967-079706ca955e"/>
  <concept_name concept_id="7462" name="HER2 IHC-" locale="en" creator="24821" date_created="2012-08-28 10:25:37.0" concept_name_id="15260" voided="0" uuid="b4b423ba-dbbb-4a8a-8029-bfa8996d9c1e" concept_name_type="FULLY_SPECIFIED" locale_preferred="true"/>
  <concept concept_id="7429" retired="0" datatype_id="2" class_id="7" is_set="0" creator="24821" date_created="2012-08-28 10:29:53.0" uuid="c40c9293-14bf-4e42-becd-e2af798d217d"/>
  <concept_name concept_id="7429" name="HER2 FISH" locale="en" creator="24821" date_created="2012-08-28 10:29:53.0" concept_name_id="15209" voided="0" uuid="1edf15ba-8c1a-4560-b170-b29281dec97d" concept_name_type="FULLY_SPECIFIED" locale_preferred="true"/>
  <concept_answer concept_answer_id="6742" concept_id="7429" answer_concept="7380" creator="24821" date_created="2012-08-28 10:29:53.0" uuid="3812a614-8081-40c5-97d0-26da3c60b6cd" sort_weight="1.0"/>
  <concept_answer concept_answer_id="6744" concept_id="7429" answer_concept="7425" creator="24821" date_created="2012-08-28 10:29:53.0" uuid="45e664d1-ec00-4290-9e5a-269faf93a3b7" sort_weight="2.0"/>
  <concept_answer concept_answer_id="6743" concept_id="7429" answer_concept="7366" creator="24821" date_created="2012-08-28 10:29:53.0" uuid="dd940a55-5db3-47eb-9605-873bb7ef9b3c" sort_weight="3.0"/>
  <concept concept_id="7380" retired="0" datatype_id="4" class_id="11" is_set="0" creator="24821" date_created="2012-08-28 10:28:01.0" uuid="7c7b9746-010e-42a1-97f7-4b5e5fe0f374"/>
  <concept_name concept_id="7380" name="HER2 FISH+" locale="en" creator="24821" date_created="2012-08-28 10:28:01.0" concept_name_id="15141" voided="0" uuid="a178cac7-0f34-4c46-8951-249028ed88d2" concept_name_type="FULLY_SPECIFIED" locale_preferred="true"/>
  <concept concept_id="7425" retired="0" datatype_id="4" class_id="11" is_set="0" creator="24821" date_created="2012-08-28 10:28:24.0" uuid="bc45c3ef-701d-4279-8434-ce94525fc7df"/>
  <concept_name concept_id="7425" name="HER2 FISH-" locale="en" creator="24821" date_created="2012-08-28 10:28:24.0" concept_name_id="15203" voided="0" uuid="c997bbc1-fa99-4ad3-a8be-bf3318a66135" concept_name_type="FULLY_SPECIFIED" locale_preferred="true"/>
  <concept concept_id="6702" retired="0" datatype_id="2" class_id="1" is_set="0" creator="23132" date_created="2010-03-30 05:40:28.0" version="" changed_by="23132" date_changed="2010-07-27 13:11:18.0" uuid="2cda28df-2fe7-42e0-bb2f-376c9f803537"/>
  <concept_name concept_id="6702" name="PRIMARY CARE SERVICE REQUESTED" locale="en" creator="23132" date_created="2010-03-30 05:40:28.0" concept_name_id="9882" voided="0" uuid="9fae02da-201e-4597-9ff7-f49be2f24802" concept_name_type="FULLY_SPECIFIED" locale_preferred="false"/>
  <concept_answer concept_answer_id="6086" concept_id="6702" answer_concept="6703" creator="23132" date_created="2010-03-30 06:05:00.0" uuid="2410d562-2542-40e6-a1fa-4a30d7b5664e" sort_weight="6086.0"/>
  <concept_answer concept_answer_id="6087" concept_id="6702" answer_concept="6704" creator="23132" date_created="2010-03-30 06:05:00.0" uuid="f4984b32-451f-458d-bcd4-5fa43a7f8377" sort_weight="6087.0"/>
  <concept_answer concept_answer_id="6088" concept_id="6702" answer_concept="6705" creator="23132" date_created="2010-03-30 06:05:00.0" uuid="e4183e39-77cb-4106-ad24-0dead94dfd49" sort_weight="6088.0"/>
  <concept_answer concept_answer_id="6089" concept_id="6702" answer_concept="6706" creator="23132" date_created="2010-03-30 06:05:00.0" uuid="8e0d0f42-5ddb-42b0-93ee-19c20f5691c9" sort_weight="6089.0"/>
  <concept_answer concept_answer_id="6090" concept_id="6702" answer_concept="6707" creator="23132" date_created="2010-03-30 06:05:00.0" uuid="0a7b0b08-f228-4838-a040-e2d711876d0e" sort_weight="6090.0"/>
  <concept_answer concept_answer_id="6092" concept_id="6702" answer_concept="1649" creator="23132" date_created="2010-03-30 06:05:00.0" uuid="050be1ca-6820-4c02-8654-05686f0f13b3" sort_weight="6092.0"/>
  <concept_answer concept_answer_id="6093" concept_id="6702" answer_concept="6708" creator="23132" date_created="2010-03-30 06:05:00.0" uuid="b8e1d84e-f91f-4051-8d3f-53847dff0f8e" sort_weight="6093.0"/>
  <concept_answer concept_answer_id="6094" concept_id="6702" answer_concept="6709" creator="23132" date_created="2010-03-30 06:05:00.0" uuid="21dd91f4-6f87-4d36-b8eb-4ac48a0dba57" sort_weight="6094.0"/>
  <concept_answer concept_answer_id="6095" concept_id="6702" answer_concept="5483" creator="23132" date_created="2010-03-30 06:05:00.0" uuid="a3f86c0e-5d1c-46dd-818c-7e40b1de8db1" sort_weight="6095.0"/>
  <concept_answer concept_answer_id="6096" concept_id="6702" answer_concept="6710" creator="23132" date_created="2010-03-30 06:05:00.0" uuid="f846d538-4bde-419a-9bde-be65878b238f" sort_weight="6096.0"/>
  <concept_answer concept_answer_id="6097" concept_id="6702" answer_concept="6711" creator="23132" date_created="2010-03-30 06:05:00.0" uuid="ee154ba6-40a6-4313-85dd-62080502344d" sort_weight="6097.0"/>
  <concept_answer concept_answer_id="6098" concept_id="6702" answer_concept="6712" creator="23132" date_created="2010-03-30 06:05:00.0" uuid="105274ff-c5f9-4c98-8748-d82655794c49" sort_weight="6098.0"/>
  <concept_answer concept_answer_id="6099" concept_id="6702" answer_concept="6713" creator="23132" date_created="2010-03-30 06:05:00.0" uuid="94e0802d-81a9-438a-b417-48614951cf33" sort_weight="6099.0"/>
  <concept_answer concept_answer_id="6100" concept_id="6702" answer_concept="6714" creator="23132" date_created="2010-03-30 06:05:00.0" uuid="6706e786-982f-4674-852c-8843878da872" sort_weight="6100.0"/>
  <concept_answer concept_answer_id="6127" concept_id="6702" answer_concept="2232" creator="23132" date_created="2010-04-27 05:20:44.0" uuid="13b0c8a9-71bd-4712-bf07-fe214e3eee97" sort_weight="6127.0"/>
  <concept concept_id="6703" retired="0" datatype_id="4" class_id="11" is_set="0" creator="23132" date_created="2010-03-30 05:42:16.0" version="" changed_by="7" date_changed="2010-07-20 09:01:58.0" uuid="2fe609b9-166a-4b9b-a117-a5478382fcf5"/>
  <concept_name concept_id="6703" name="MUTUELLE SERVICE" locale="en" creator="23132" date_created="2010-03-30 05:42:16.0" concept_name_id="9883" voided="0" uuid="4cc11337-befd-4e20-8453-a440d43969f8" concept_name_type="FULLY_SPECIFIED" locale_preferred="false"/>
  <concept concept_id="6704" retired="0" datatype_id="4" class_id="11" is_set="0" creator="23132" date_created="2010-03-30 05:43:49.0" version="" changed_by="7" date_changed="2010-07-20 09:03:37.0" uuid="1dd9fd8b-c048-4dd7-997c-85926d3204c0"/>
  <concept_name concept_id="6704" name="ACCOUNTING OFFICE SERVICE" locale="en" creator="23132" date_created="2010-03-30 05:43:49.0" concept_name_id="9884" voided="0" uuid="0b13913b-576d-4eaf-9c76-3836e8c26426" concept_name_type="FULLY_SPECIFIED" locale_preferred="false"/>
  <concept concept_id="6705" retired="0" datatype_id="4" class_id="11" is_set="0" creator="23132" date_created="2010-03-30 05:45:31.0" version="" changed_by="7" date_changed="2010-07-20 12:17:17.0" uuid="c7970a71-eaa4-4518-84b2-2a698fefb9ab"/>
  <concept_name concept_id="6705" name="INTEGRATED MANAGEMENT OF ADULT ILLNESS SERVICE" locale="en" creator="23132" date_created="2010-03-30 05:45:31.0" concept_name_id="9885" voided="0" uuid="07a1a826-b395-4c39-a155-4e976a5d3b4d" concept_name_type="FULLY_SPECIFIED" locale_preferred="false"/>
  <concept_name concept_id="6705" name="IMAI service" locale="en" creator="7" date_created="2010-07-20 12:17:17.0" concept_name_id="13962" voided="0" uuid="b0a6c629-f18c-48a5-a358-65746778118b" locale_preferred="false"/>
  <concept_name concept_id="6705" name="IMAI" locale="en" creator="23132" date_created="2010-03-30 05:45:31.0" concept_name_id="9886" voided="0" uuid="347d8d82-7e87-460a-ba5c-c52bb6e50f81" concept_name_type="SHORT" locale_preferred="false"/>
  <concept concept_id="6706" retired="0" datatype_id="4" class_id="11" is_set="0" creator="23132" date_created="2010-03-30 05:47:40.0" version="" changed_by="7" date_changed="2010-07-20 10:38:17.0" uuid="68ee1d12-193f-42f5-a0d1-c66aa6169c11"/>
  <concept_name concept_id="6706" name="IMCI" locale="en" creator="23132" date_created="2010-03-30 05:47:40.0" concept_name_id="9887" voided="0" uuid="417ef50f-a68d-48fd-9bea-549cc74586a0" concept_name_type="SHORT" locale_preferred="false"/>
  <concept_name concept_id="6706" name="INTEGRATED MANAGEMENT OF CHILDHOOD ILLNESS" locale="en" creator="23132" date_created="2010-03-30 05:47:40.0" concept_name_id="9888" voided="0" uuid="4e8e6f96-74b3-467b-9ce8-beb0e773fb41" concept_name_type="FULLY_SPECIFIED" locale_preferred="false"/>
  <concept concept_id="6707" retired="0" datatype_id="4" class_id="11" is_set="0" creator="24737" date_created="2010-03-30 05:49:01.0" changed_by="24761" date_changed="2012-09-12 11:35:51.0" uuid="ed9359b6-6d5c-4d04-b368-68c8511b3f6a"/>
  <concept_name concept_id="6707" name="ID clinic" locale="en" creator="24737" date_created="2010-07-20 12:12:23.0" concept_name_id="13954" voided="0" uuid="9a6211d9-e5c0-4205-b422-f68ed2f11755" locale_preferred="false"/>
  <concept_name concept_id="6707" name="INFECTIOUS DISEASES CLINIC SERVICE" locale="en" creator="24737" date_created="2010-03-30 05:49:01.0" concept_name_id="9889" voided="0" uuid="7ba72d90-ab8a-4284-9a5b-6c51caa1d1ff" concept_name_type="FULLY_SPECIFIED" locale_preferred="true"/>
  <concept_name concept_id="6707" name="ID Clinic" locale="en" creator="24737" date_created="2010-03-30 05:49:01.0" concept_name_id="9890" voided="0" uuid="c0359190-6d37-4403-b125-55ac151be1ae" concept_name_type="SHORT" locale_preferred="false"/>
  <concept concept_id="1649" retired="0" datatype_id="4" class_id="16" is_set="0" creator="24761" date_created="2006-09-18 09:03:42.0" version="" changed_by="24761" date_changed="2011-12-20 15:41:43.0" uuid="3cdc8426-26fe-102b-80cb-0017a47871b2"/>
  <concept_name concept_id="1649" name="VOLUNTARY COUNSELING AND TESTING PROGRAM" locale="en" creator="24761" date_created="2006-09-18 09:03:42.0" concept_name_id="7884" voided="0" void_reason="" uuid="956c7f6c-07d4-102c-b5fa-0017a47871b2" locale_preferred="false"/>
  <concept_name concept_id="1649" name="VCT PROGRAM" locale="en" creator="24761" date_created="2006-09-18 09:03:42.0" concept_name_id="1797" voided="0" uuid="3e1c7648-26fe-102b-80cb-0017a47871b2" concept_name_type="FULLY_SPECIFIED" locale_preferred="false"/>
  <concept concept_id="6708" retired="0" datatype_id="4" class_id="11" is_set="0" creator="23132" date_created="2010-03-30 05:51:35.0" version="" changed_by="7" date_changed="2010-07-20 09:06:34.0" uuid="96f39042-ee67-47eb-8d7c-22816cd9d13a"/>
  <concept_name concept_id="6708" name="SOCIAL WORKER SERVICE" locale="en" creator="23132" date_created="2010-03-30 05:51:35.0" concept_name_id="9891" voided="0" uuid="825d5df2-790a-4dec-976e-0403723bd47d" concept_name_type="FULLY_SPECIFIED" locale_preferred="false"/>
  <concept concept_id="6709" retired="0" datatype_id="4" class_id="11" is_set="0" creator="23132" date_created="2010-03-30 05:54:46.0" version="" changed_by="7" date_changed="2010-07-20 12:16:21.0" uuid="77408f95-1aaf-4ebb-9b20-285e3984a1d4"/>
  <concept_name concept_id="6709" name="PMTCT service" locale="en" creator="7" date_created="2010-07-20 12:16:21.0" concept_name_id="13960" voided="0" void_reason="" uuid="54edcccc-6991-426a-bcf3-c46694144b54" locale_preferred="false"/>
  <concept_name concept_id="6709" name="PMTCT SERVICE" locale="en" creator="23132" date_created="2010-03-30 05:54:46.0" concept_name_id="9892" voided="0" uuid="72b0ebab-a36b-4938-a295-ee787b6ec1ae" concept_name_type="SHORT" locale_preferred="false"/>
  <concept_name concept_id="6709" name="PREVENTION OF MOTHER TO CHILD TRANSMISSION SERVICE" locale="en" creator="23132" date_created="2010-03-30 05:54:46.0" concept_name_id="9893" voided="0" uuid="ee51917c-a981-4016-b6bf-e0252df82d24" concept_name_type="FULLY_SPECIFIED" locale_preferred="false"/>
  <concept concept_id="5483" retired="0" datatype_id="4" class_id="11" is_set="0" creator="2" date_created="2004-08-12 00:00:00.0" version="" changed_by="23132" date_changed="2010-07-22 05:13:22.0" uuid="3ced003a-26fe-102b-80cb-0017a47871b2"/>
  <concept_name concept_id="5483" name="FAMILY PLANNING SERVICES" locale="en" creator="2" date_created="2004-08-12 00:00:00.0" concept_name_id="3852" voided="0" uuid="3e3f4e16-26fe-102b-80cb-0017a47871b2" concept_name_type="FULLY_SPECIFIED" locale_preferred="false"/>
  <concept concept_id="6710" retired="0" datatype_id="4" class_id="11" is_set="0" creator="23132" date_created="2010-03-30 05:58:29.0" version="" changed_by="7" date_changed="2010-07-20 12:18:26.0" uuid="4e78fc3c-7901-4687-b969-a26fcb13218b"/>
  <concept_name concept_id="6710" name="LABORATORY SERVICES" locale="en" creator="23132" date_created="2010-03-30 05:58:29.0" concept_name_id="9894" voided="0" uuid="77dd30f5-b2e2-4567-a65f-7d41ba708fd3" concept_name_type="FULLY_SPECIFIED" locale_preferred="false"/>
  <concept_name concept_id="6710" name="Labs" locale="en" creator="23132" date_created="2010-03-30 05:58:29.0" concept_name_id="9895" voided="0" uuid="ee7fb3f2-83e4-409e-9302-c8e0d95c69d5" concept_name_type="SHORT" locale_preferred="false"/>
  <concept concept_id="6711" retired="0" datatype_id="4" class_id="11" is_set="0" creator="23132" date_created="2010-03-30 05:59:28.0" version="" changed_by="7" date_changed="2010-07-20 12:21:24.0" uuid="cccb52b8-0924-453e-b9a2-b4cf33392a9c"/>
  <concept_name concept_id="6711" name="Pharmacy" locale="en" creator="23132" date_created="2010-03-30 05:59:28.0" concept_name_id="9896" voided="0" uuid="250b4003-7ce7-45bd-a239-7ffe4c7a9ede" concept_name_type="SHORT" locale_preferred="false"/>
  <concept_name concept_id="6711" name="PHARMACY SERVICES" locale="en" creator="23132" date_created="2010-03-30 05:59:28.0" concept_name_id="9897" voided="0" uuid="616c1459-556b-4131-af92-d1de3c8463ad" concept_name_type="FULLY_SPECIFIED" locale_preferred="false"/>
  <concept concept_id="6712" retired="0" datatype_id="4" class_id="11" is_set="0" creator="24737" date_created="2010-03-30 06:00:23.0" version="" changed_by="24737" date_changed="2011-09-27 10:53:23.0" uuid="c967aea0-5eda-4eaf-8c92-142c6b9463de"/>
  <concept_name concept_id="6712" name="Pregnancy service" locale="en" creator="24737" date_created="2010-07-20 12:14:34.0" concept_name_id="13958" voided="0" void_reason="" uuid="124cbb2e-a48a-4952-be05-fbd35192f09c" locale_preferred="false"/>
  <concept_name concept_id="6712" name="MATERNITY SERVICE" locale="en" creator="24737" date_created="2010-03-30 06:00:23.0" concept_name_id="9898" voided="0" uuid="12060ad9-0c5d-478d-b851-63a6f79e1087" concept_name_type="FULLY_SPECIFIED" locale_preferred="false"/>
  <concept concept_id="6713" retired="0" datatype_id="4" class_id="11" is_set="0" creator="23132" date_created="2010-03-30 12:02:01.0" version="" changed_by="23132" date_changed="2011-08-08 19:55:52.0" uuid="a48b0182-709d-4c00-8333-11a409f20126"/>
  <concept_name concept_id="6713" name="HOSPITALIZATION SERVICE" locale="en" creator="23132" date_created="2010-03-30 12:02:01.0" concept_name_id="9899" voided="0" uuid="9a9507e0-2f11-478b-997f-37f392a498ea" concept_name_type="FULLY_SPECIFIED" locale_preferred="false"/>
  <concept_name concept_id="6713" name="In patient hospitalization service" locale="en" creator="23132" date_created="2010-07-20 18:13:29.0" concept_name_id="13956" voided="0" void_reason="" uuid="4d347f67-bfd8-4ec8-9620-36e54271b51b" locale_preferred="false"/>
  <concept concept_id="6714" retired="0" datatype_id="4" class_id="11" is_set="0" creator="23132" date_created="2010-03-30 12:02:57.0" version="" changed_by="24761" date_changed="2011-12-09 10:18:20.0" uuid="16edb286-a2c0-4b35-a3b6-101ea2bbb231"/>
  <concept_name concept_id="6714" name="VACCINATION SERVICE" locale="en" creator="23132" date_created="2010-03-30 12:02:57.0" concept_name_id="9900" voided="0" uuid="cb350244-8b31-483f-9dd6-9cc6ce2b9f33" concept_name_type="FULLY_SPECIFIED" locale_preferred="false"/>
  <concept concept_id="2232" retired="0" datatype_id="4" class_id="11" is_set="0" creator="24737" date_created="2007-05-13 13:52:37.0" version="" changed_by="24737" date_changed="2011-09-27 10:53:23.0" uuid="3ce1e268-26fe-102b-80cb-0017a47871b2"/>
  <concept_name concept_id="2232" name="PRENATAL CLINIC" locale="en" creator="24737" date_created="2007-10-12 10:40:55.0" concept_name_id="7470" voided="0" void_reason="" uuid="9563bd6e-07d4-102c-b5fa-0017a47871b2" locale_preferred="false"/>
  <concept_name concept_id="2232" name="MATERNAL HEALTH CLINIC" locale="en" creator="24737" date_created="2007-10-12 10:40:55.0" concept_name_id="7216" voided="0" void_reason="" uuid="94b68d24-07d4-102c-b5fa-0017a47871b2" locale_preferred="false"/>
  <concept_name concept_id="2232" name="ANTENATAL CLINIC" locale="en" creator="24737" date_created="2007-05-13 13:52:37.0" concept_name_id="2413" voided="0" uuid="3e2377b8-26fe-102b-80cb-0017a47871b2" concept_name_type="FULLY_SPECIFIED" locale_preferred="false"/>
  <concept_name concept_id="2232" name="CPN PROGRAM" locale="en" creator="24737" date_created="2007-05-13 13:52:37.0" concept_name_id="6695" voided="0" void_reason="" uuid="93f37a96-07d4-102c-b5fa-0017a47871b2" locale_preferred="false"/>
  <concept concept_id="6535" retired="0" datatype_id="2" class_id="7" is_set="0" creator="23132" date_created="2009-10-19 12:44:09.0" version="" changed_by="23132" date_changed="2009-10-19 13:35:48.0" uuid="3c4ba7eb-9803-449a-9b5f-e541fd0a0bc6"/>
  <concept_name concept_id="6535" name="ADHERENCE DAY 25 OF MONTH" locale="en" creator="23132" date_created="2009-10-19 12:44:09.0" concept_name_id="9622" voided="0" uuid="0b963adc-15f5-102d-96e4-000c29c2a5d7" concept_name_type="FULLY_SPECIFIED" locale_preferred="false"/>
  <concept_name concept_id="6535" name="25" locale="en" creator="23132" date_created="2009-10-19 13:35:48.0" concept_name_id="9655" voided="0" uuid="0b965b0c-15f5-102d-96e4-000c29c2a5d7" concept_name_type="SHORT" locale_preferred="false"/>
  <concept_answer concept_answer_id="5931" concept_id="6535" answer_concept="6510" creator="23132" date_created="2009-10-19 12:44:09.0" uuid="0b25a0ba-15f5-102d-96e4-000c29c2a5d7" sort_weight="5931.0"/>
  <concept_answer concept_answer_id="5932" concept_id="6535" answer_concept="6508" creator="23132" date_created="2009-10-19 12:44:09.0" uuid="0b25a196-15f5-102d-96e4-000c29c2a5d7" sort_weight="5932.0"/>
  <concept_answer concept_answer_id="5933" concept_id="6535" answer_concept="6509" creator="23132" date_created="2009-10-19 12:44:09.0" uuid="0b25a272-15f5-102d-96e4-000c29c2a5d7" sort_weight="5933.0"/>
  <concept concept_id="3885" retired="0" datatype_id="1" class_id="5" is_set="0" creator="7" date_created="2008-12-03 19:36:03.0" version="" changed_by="7" date_changed="2011-06-29 20:09:06.0" uuid="596daaf5-3d0b-4ddc-a848-1732d70b5962"/>
  <concept_numeric concept_id="3885" units="" precise="0"/>
  <concept_name concept_id="3885" name="1" locale="en" creator="7" date_created="2008-12-03 19:36:03.0" concept_name_id="5241" voided="0" uuid="0b7a529a-15f5-102d-96e4-000c29c2a5d7" concept_name_type="FULLY_SPECIFIED" locale_preferred="false"/>
  <concept concept_id="3886" retired="0" datatype_id="1" class_id="5" is_set="0" creator="7" date_created="2008-12-03 19:36:52.0" version="" changed_by="7" date_changed="2011-06-29 20:09:06.0" uuid="bff8b23f-0d4b-4606-9e72-88c9b401f4d2"/>
  <concept_numeric concept_id="3886" units="" precise="0"/>
  <concept_name concept_id="3886" name="2" locale="en" creator="7" date_created="2008-12-03 19:36:52.0" concept_name_id="5242" voided="0" uuid="0b7a538a-15f5-102d-96e4-000c29c2a5d7" concept_name_type="FULLY_SPECIFIED" locale_preferred="false"/>
  <concept concept_id="3887" retired="0" datatype_id="1" class_id="5" is_set="0" creator="7" date_created="2008-12-03 19:37:10.0" version="" changed_by="7" date_changed="2011-06-29 20:09:06.0" uuid="ed34b78a-e029-4711-a2a0-7cad6160c89c"/>
  <concept_numeric concept_id="3887" units="" precise="0"/>
  <concept_name concept_id="3887" name="3" locale="en" creator="7" date_created="2008-12-03 19:37:10.0" concept_name_id="5243" voided="0" uuid="0b7a547a-15f5-102d-96e4-000c29c2a5d7" concept_name_type="FULLY_SPECIFIED" locale_preferred="false"/>
  <concept concept_id="3888" retired="0" datatype_id="1" class_id="5" is_set="0" creator="7" date_created="2008-12-03 19:37:27.0" version="" changed_by="7" date_changed="2011-06-29 20:09:06.0" uuid="772c4100-270c-49d4-873a-ffec0bbef3d3"/>
  <concept_numeric concept_id="3888" units="" precise="0"/>
  <concept_name concept_id="3888" name="4" locale="en" creator="7" date_created="2008-12-03 19:37:27.0" concept_name_id="5244" voided="0" uuid="0b7a5574-15f5-102d-96e4-000c29c2a5d7" concept_name_type="FULLY_SPECIFIED" locale_preferred="false"/>
  <concept concept_id="6534" retired="0" datatype_id="2" class_id="7" is_set="0" creator="23132" date_created="2009-10-19 12:43:38.0" version="" changed_by="23132" date_changed="2009-10-19 13:35:32.0" uuid="ef476efe-1960-4fff-874f-17e73b11d288"/>
  <concept_name concept_id="6534" name="24" locale="en" creator="23132" date_created="2009-10-19 13:35:32.0" concept_name_id="9654" voided="0" uuid="0b965a12-15f5-102d-96e4-000c29c2a5d7" concept_name_type="SHORT" locale_preferred="false"/>
  <concept_name concept_id="6534" name="ADHERENCE DAY 24 OF MONTH" locale="en" creator="23132" date_created="2009-10-19 12:43:38.0" concept_name_id="9621" voided="0" uuid="0b9639e2-15f5-102d-96e4-000c29c2a5d7" concept_name_type="FULLY_SPECIFIED" locale_preferred="false"/>
  <concept_answer concept_answer_id="5928" concept_id="6534" answer_concept="6510" creator="23132" date_created="2009-10-19 12:43:38.0" uuid="0b259e26-15f5-102d-96e4-000c29c2a5d7" sort_weight="5928.0"/>
  <concept_answer concept_answer_id="5929" concept_id="6534" answer_concept="6508" creator="23132" date_created="2009-10-19 12:43:38.0" uuid="0b259f0c-15f5-102d-96e4-000c29c2a5d7" sort_weight="5929.0"/>
  <concept_answer concept_answer_id="5930" concept_id="6534" answer_concept="6509" creator="23132" date_created="2009-10-19 12:43:38.0" uuid="0b259fe8-15f5-102d-96e4-000c29c2a5d7" sort_weight="5930.0"/>
  <concept concept_id="6533" retired="0" datatype_id="2" class_id="7" is_set="0" creator="23132" date_created="2009-10-19 12:43:04.0" version="" changed_by="23132" date_changed="2009-10-19 13:35:13.0" uuid="baaa9766-f612-482c-abab-dd3c598fb5ac"/>
  <concept_name concept_id="6533" name="ADHERENCE DAY 23 OF MONTH" locale="en" creator="23132" date_created="2009-10-19 12:43:04.0" concept_name_id="9620" voided="0" uuid="0b9638e8-15f5-102d-96e4-000c29c2a5d7" concept_name_type="FULLY_SPECIFIED" locale_preferred="false"/>
  <concept_name concept_id="6533" name="23" locale="en" creator="23132" date_created="2009-10-19 13:35:13.0" concept_name_id="9653" voided="0" uuid="0b965918-15f5-102d-96e4-000c29c2a5d7" concept_name_type="SHORT" locale_preferred="false"/>
  <concept_answer concept_answer_id="5925" concept_id="6533" answer_concept="6510" creator="23132" date_created="2009-10-19 12:43:04.0" uuid="0b259494-15f5-102d-96e4-000c29c2a5d7" sort_weight="5925.0"/>
  <concept_answer concept_answer_id="5926" concept_id="6533" answer_concept="6508" creator="23132" date_created="2009-10-19 12:43:04.0" uuid="0b259c78-15f5-102d-96e4-000c29c2a5d7" sort_weight="5926.0"/>
  <concept_answer concept_answer_id="5927" concept_id="6533" answer_concept="6509" creator="23132" date_created="2009-10-19 12:43:04.0" uuid="0b259d54-15f5-102d-96e4-000c29c2a5d7" sort_weight="5927.0"/>
  <concept concept_id="6530" retired="0" datatype_id="2" class_id="7" is_set="0" creator="23132" date_created="2009-10-19 12:41:19.0" version="" changed_by="23132" date_changed="2009-10-19 13:33:55.0" uuid="ac086d16-08a4-4778-9df8-2a347d43a024"/>
  <concept_name concept_id="6530" name="20" locale="en" creator="23132" date_created="2009-10-19 13:33:55.0" concept_name_id="9650" voided="0" uuid="0b96562a-15f5-102d-96e4-000c29c2a5d7" concept_name_type="SHORT" locale_preferred="false"/>
  <concept_name concept_id="6530" name="ADHERENCE DAY 20 OF MONTH" locale="en" creator="23132" date_created="2009-10-19 12:41:19.0" concept_name_id="9617" voided="0" uuid="0b963604-15f5-102d-96e4-000c29c2a5d7" concept_name_type="FULLY_SPECIFIED" locale_preferred="false"/>
  <concept_answer concept_answer_id="5916" concept_id="6530" answer_concept="6510" creator="23132" date_created="2009-10-19 12:41:19.0" uuid="0b258ca6-15f5-102d-96e4-000c29c2a5d7" sort_weight="5916.0"/>
  <concept_answer concept_answer_id="5917" concept_id="6530" answer_concept="6508" creator="23132" date_created="2009-10-19 12:41:19.0" uuid="0b258d82-15f5-102d-96e4-000c29c2a5d7" sort_weight="5917.0"/>
  <concept_answer concept_answer_id="5918" concept_id="6530" answer_concept="6509" creator="23132" date_created="2009-10-19 12:41:19.0" uuid="0b258e5e-15f5-102d-96e4-000c29c2a5d7" sort_weight="5918.0"/>
  <concept concept_id="6531" retired="0" datatype_id="2" class_id="7" is_set="0" creator="23132" date_created="2009-10-19 12:41:52.0" version="" changed_by="23132" date_changed="2009-10-19 13:34:33.0" uuid="821e6e7b-b9e3-47f7-bf2a-33f2a88ce1cd"/>
  <concept_name concept_id="6531" name="21" locale="en" creator="23132" date_created="2009-10-19 13:34:33.0" concept_name_id="9651" voided="0" uuid="0b965724-15f5-102d-96e4-000c29c2a5d7" concept_name_type="SHORT" locale_preferred="false"/>
  <concept_name concept_id="6531" name="ADHERENCE DAY 21 OF MONTH" locale="en" creator="23132" date_created="2009-10-19 12:41:52.0" concept_name_id="9618" voided="0" uuid="0b9636fe-15f5-102d-96e4-000c29c2a5d7" concept_name_type="FULLY_SPECIFIED" locale_preferred="false"/>
  <concept_answer concept_answer_id="5919" concept_id="6531" answer_concept="6510" creator="23132" date_created="2009-10-19 12:41:52.0" uuid="0b258f3a-15f5-102d-96e4-000c29c2a5d7" sort_weight="5919.0"/>
  <concept_answer concept_answer_id="5920" concept_id="6531" answer_concept="6508" creator="23132" date_created="2009-10-19 12:41:52.0" uuid="0b259016-15f5-102d-96e4-000c29c2a5d7" sort_weight="5920.0"/>
  <concept_answer concept_answer_id="5921" concept_id="6531" answer_concept="6509" creator="23132" date_created="2009-10-19 12:41:52.0" uuid="0b2590f2-15f5-102d-96e4-000c29c2a5d7" sort_weight="5921.0"/>
  <concept concept_id="6538" retired="0" datatype_id="2" class_id="7" is_set="0" creator="23132" date_created="2009-10-19 12:46:47.0" version="" changed_by="23132" date_changed="2009-10-19 13:36:48.0" uuid="ebd384a6-f98d-42f2-9d32-cb068d060ae0"/>
  <concept_name concept_id="6538" name="ADHERENCE DAY 27 OF MONTH" locale="en" creator="23132" date_created="2009-10-19 12:46:47.0" concept_name_id="9625" voided="0" uuid="0b963dc0-15f5-102d-96e4-000c29c2a5d7" concept_name_type="FULLY_SPECIFIED" locale_preferred="false"/>
  <concept_name concept_id="6538" name="27" locale="en" creator="23132" date_created="2009-10-19 13:36:48.0" concept_name_id="9658" voided="0" uuid="0b965df0-15f5-102d-96e4-000c29c2a5d7" concept_name_type="SHORT" locale_preferred="false"/>
  <concept_answer concept_answer_id="5940" concept_id="6538" answer_concept="6510" creator="23132" date_created="2009-10-19 12:46:47.0" uuid="0b25a86c-15f5-102d-96e4-000c29c2a5d7" sort_weight="5940.0"/>
  <concept_answer concept_answer_id="5941" concept_id="6538" answer_concept="6508" creator="23132" date_created="2009-10-19 12:46:47.0" uuid="0b25a948-15f5-102d-96e4-000c29c2a5d7" sort_weight="5941.0"/>
  <concept_answer concept_answer_id="5942" concept_id="6538" answer_concept="6509" creator="23132" date_created="2009-10-19 12:46:47.0" uuid="0b25aa24-15f5-102d-96e4-000c29c2a5d7" sort_weight="5942.0"/>
  <concept concept_id="6537" retired="0" datatype_id="2" class_id="7" is_set="0" creator="23132" date_created="2009-10-19 12:45:45.0" version="" changed_by="23132" date_changed="2009-10-19 13:36:30.0" uuid="7bbce045-04b0-4a01-bf3f-1e9eca9afd16"/>
  <concept_name concept_id="6537" name="ADHERENCE DAY 28 OF MONTH" locale="en" creator="23132" date_created="2009-10-19 12:45:45.0" concept_name_id="9624" voided="0" uuid="0b963cc6-15f5-102d-96e4-000c29c2a5d7" concept_name_type="FULLY_SPECIFIED" locale_preferred="false"/>
  <concept_name concept_id="6537" name="28" locale="en" creator="23132" date_created="2009-10-19 13:36:30.0" concept_name_id="9657" voided="0" uuid="0b965cf6-15f5-102d-96e4-000c29c2a5d7" concept_name_type="SHORT" locale_preferred="false"/>
  <concept_answer concept_answer_id="5937" concept_id="6537" answer_concept="6510" creator="23132" date_created="2009-10-19 12:45:45.0" uuid="0b25a5e2-15f5-102d-96e4-000c29c2a5d7" sort_weight="5937.0"/>
  <concept_answer concept_answer_id="5938" concept_id="6537" answer_concept="6508" creator="23132" date_created="2009-10-19 12:45:45.0" uuid="0b25a6b4-15f5-102d-96e4-000c29c2a5d7" sort_weight="5938.0"/>
  <concept_answer concept_answer_id="5939" concept_id="6537" answer_concept="6509" creator="23132" date_created="2009-10-19 12:45:45.0" uuid="0b25a790-15f5-102d-96e4-000c29c2a5d7" sort_weight="5939.0"/>
  <concept concept_id="6539" retired="0" datatype_id="2" class_id="7" is_set="0" creator="23132" date_created="2009-10-19 12:47:39.0" version="" changed_by="23132" date_changed="2009-10-19 13:37:17.0" uuid="e758c051-5e65-4f55-a1c8-7d361b3883fc"/>
  <concept_name concept_id="6539" name="ADHERENCE DAY 29 OF MONTH" locale="en" creator="23132" date_created="2009-10-19 12:47:39.0" concept_name_id="9626" voided="0" uuid="0b963eb0-15f5-102d-96e4-000c29c2a5d7" concept_name_type="FULLY_SPECIFIED" locale_preferred="false"/>
  <concept_name concept_id="6539" name="29" locale="en" creator="23132" date_created="2009-10-19 13:37:17.0" concept_name_id="9659" voided="0" uuid="0b965eea-15f5-102d-96e4-000c29c2a5d7" concept_name_type="SHORT" locale_preferred="false"/>
  <concept_answer concept_answer_id="5943" concept_id="6539" answer_concept="6510" creator="23132" date_created="2009-10-19 12:47:39.0" uuid="0b25ab00-15f5-102d-96e4-000c29c2a5d7" sort_weight="5943.0"/>
  <concept_answer concept_answer_id="5944" concept_id="6539" answer_concept="6508" creator="23132" date_created="2009-10-19 12:47:39.0" uuid="0b25abd2-15f5-102d-96e4-000c29c2a5d7" sort_weight="5944.0"/>
  <concept_answer concept_answer_id="5945" concept_id="6539" answer_concept="6509" creator="23132" date_created="2009-10-19 12:47:39.0" uuid="0b25acae-15f5-102d-96e4-000c29c2a5d7" sort_weight="5945.0"/>
  <concept concept_id="6536" retired="0" datatype_id="2" class_id="7" is_set="0" creator="23132" date_created="2009-10-19 12:45:04.0" version="" changed_by="23132" date_changed="2009-10-19 13:36:13.0" uuid="51b36366-d01f-4b5b-b1d8-cb1e1c217fd3"/>
  <concept_name concept_id="6536" name="ADHERENCE DAY 26 OF MONTH" locale="en" creator="23132" date_created="2009-10-19 12:45:04.0" concept_name_id="9623" voided="0" uuid="0b963bcc-15f5-102d-96e4-000c29c2a5d7" concept_name_type="FULLY_SPECIFIED" locale_preferred="false"/>
  <concept_name concept_id="6536" name="26" locale="en" creator="23132" date_created="2009-10-19 13:36:13.0" concept_name_id="9656" voided="0" uuid="0b965bfc-15f5-102d-96e4-000c29c2a5d7" concept_name_type="SHORT" locale_preferred="false"/>
  <concept_answer concept_answer_id="5934" concept_id="6536" answer_concept="6510" creator="23132" date_created="2009-10-19 12:45:04.0" uuid="0b25a34e-15f5-102d-96e4-000c29c2a5d7" sort_weight="5934.0"/>
  <concept_answer concept_answer_id="5935" concept_id="6536" answer_concept="6508" creator="23132" date_created="2009-10-19 12:45:04.0" uuid="0b25a42a-15f5-102d-96e4-000c29c2a5d7" sort_weight="5935.0"/>
  <concept_answer concept_answer_id="5936" concept_id="6536" answer_concept="6509" creator="23132" date_created="2009-10-19 12:45:04.0" uuid="0b25a506-15f5-102d-96e4-000c29c2a5d7" sort_weight="5936.0"/>
  <concept concept_id="3468" retired="0" datatype_id="4" class_id="5" is_set="0" creator="24761" date_created="2008-07-03 14:27:41.0" version="" changed_by="24761" date_changed="2011-11-17 15:52:35.0" uuid="0670f6b9-5456-4bd3-86b1-846abc4fe2ba"/>
  <concept_name concept_id="3468" name="HEART FAILURE" locale="en" creator="24761" date_created="2008-07-03 14:27:41.0" concept_name_id="4820" voided="0" uuid="0b775ec8-15f5-102d-96e4-000c29c2a5d7" concept_name_type="FULLY_SPECIFIED" locale_preferred="false"/>
  <concept concept_id="6523" retired="0" datatype_id="2" class_id="7" is_set="0" creator="23132" date_created="2009-10-19 12:37:36.0" version="" changed_by="23132" date_changed="2009-10-19 13:32:02.0" uuid="ca19989c-f01d-4577-89f1-51268b0cc4d6"/>
  <concept_name concept_id="6523" name="13" locale="en" creator="23132" date_created="2009-10-19 13:32:02.0" concept_name_id="9643" voided="0" uuid="0b964f5e-15f5-102d-96e4-000c29c2a5d7" concept_name_type="SHORT" locale_preferred="false"/>
  <concept_name concept_id="6523" name="ADHERENCE DAY 13 OF MONTH" locale="en" creator="23132" date_created="2009-10-19 12:37:36.0" concept_name_id="9610" voided="0" uuid="0b962f42-15f5-102d-96e4-000c29c2a5d7" concept_name_type="FULLY_SPECIFIED" locale_preferred="false"/>
  <concept_answer concept_answer_id="5895" concept_id="6523" answer_concept="6510" creator="23132" date_created="2009-10-19 12:37:36.0" uuid="0b257ac2-15f5-102d-96e4-000c29c2a5d7" sort_weight="5895.0"/>
  <concept_answer concept_answer_id="5896" concept_id="6523" answer_concept="6508" creator="23132" date_created="2009-10-19 12:37:36.0" uuid="0b257b9e-15f5-102d-96e4-000c29c2a5d7" sort_weight="5896.0"/>
  <concept_answer concept_answer_id="5897" concept_id="6523" answer_concept="6509" creator="23132" date_created="2009-10-19 12:37:36.0" uuid="0b257c7a-15f5-102d-96e4-000c29c2a5d7" sort_weight="5897.0"/>
  <concept concept_id="82" retired="1" datatype_id="4" class_id="4" is_set="0" creator="2" date_created="2004-01-01 00:00:00.0" version="" changed_by="2" date_changed="2005-02-14 08:45:15.0" uuid="3ccccaae-26fe-102b-80cb-0017a47871b2"/>
  <concept_name concept_id="82" name="PYREXIA OF UNKNOWN ORIGON(PUO)" locale="en" creator="2" date_created="2004-01-01 00:00:00.0" concept_name_id="85" voided="0" uuid="3e0a365e-26fe-102b-80cb-0017a47871b2" concept_name_type="FULLY_SPECIFIED" locale_preferred="false"/>
  <concept concept_id="83" retired="0" datatype_id="4" class_id="4" is_set="0" creator="2" date_created="2004-01-01 00:00:00.0" version="" changed_by="2" date_changed="2005-02-16 10:59:44.0" uuid="3ccccc20-26fe-102b-80cb-0017a47871b2"/>
  <concept_name concept_id="83" name="TOXICITY, NOT OTHERWISE SPECIFIED" locale="en" creator="2" date_created="2004-01-01 00:00:00.0" concept_name_id="86" voided="0" uuid="3e0a3bb8-26fe-102b-80cb-0017a47871b2" concept_name_type="FULLY_SPECIFIED" locale_preferred="false"/>
  <concept_name concept_id="83" name="TOXICITY NOS" locale="en" creator="2" date_created="2005-02-16 10:55:39.0" concept_name_id="7797" voided="0" uuid="956b1adc-07d4-102c-b5fa-0017a47871b2" locale_preferred="false"/>
  <concept_name concept_id="83" name="POISONING NOS" locale="en" creator="2" date_created="2005-02-14 08:47:26.0" concept_name_id="7448" voided="0" uuid="95636166-07d4-102c-b5fa-0017a47871b2" locale_preferred="false"/>
  <concept concept_id="129" retired="1" datatype_id="4" class_id="4" is_set="0" creator="2" date_created="2004-01-01 00:00:00.0" version="" uuid="3ccd1888-26fe-102b-80cb-0017a47871b2"/>
  <concept_name concept_id="129" name="RHINITIS, ALLERGIC" locale="en" creator="2" date_created="2004-01-01 00:00:00.0" concept_name_id="134" voided="0" uuid="3e0b2726-26fe-102b-80cb-0017a47871b2" concept_name_type="FULLY_SPECIFIED" locale_preferred="false"/>
  <concept concept_id="77" retired="0" datatype_id="4" class_id="10" is_set="1" creator="24761" date_created="2004-01-01 00:00:00.0" version="" changed_by="24761" date_changed="2011-11-17 15:52:19.0" uuid="3cccc34c-26fe-102b-80cb-0017a47871b2"/>
  <concept_name concept_id="77" name="MENTAL DISORDERS" locale="en" creator="24761" date_created="2004-01-01 00:00:00.0" concept_name_id="80" voided="0" uuid="3e0a1eee-26fe-102b-80cb-0017a47871b2" concept_name_type="FULLY_SPECIFIED" locale_preferred="false"/>
  <concept_set concept_set_id="1099" concept_id="5136" concept_set="77" sort_weight="1.0" creator="24761" date_created="2005-12-15 13:26:49.0" uuid="3f2d80e0-26fe-102b-80cb-0017a47871b2"/>
  <concept_set concept_set_id="55" concept_id="487" concept_set="77" sort_weight="2.0" creator="24761" date_created="2005-12-15 13:26:49.0" uuid="3f27fb8e-26fe-102b-80cb-0017a47871b2"/>
  <concept_set concept_set_id="38" concept_id="207" concept_set="77" sort_weight="3.0" creator="24761" date_created="2005-12-15 13:26:49.0" uuid="3f27f0a8-26fe-102b-80cb-0017a47871b2"/>
  <concept_set concept_set_id="152" concept_id="911" concept_set="77" sort_weight="4.0" creator="24761" date_created="2005-12-15 13:26:49.0" uuid="3f28c4c4-26fe-102b-80cb-0017a47871b2"/>
  <concept_set concept_set_id="40" concept_id="219" concept_set="77" sort_weight="5.0" creator="24761" date_created="2005-12-15 13:26:49.0" uuid="3f27f292-26fe-102b-80cb-0017a47871b2"/>
  <concept_set concept_set_id="54" concept_id="467" concept_set="77" sort_weight="6.0" creator="24761" date_created="2005-12-15 13:26:49.0" uuid="3f27fa94-26fe-102b-80cb-0017a47871b2"/>
  <concept concept_id="5136" retired="0" datatype_id="4" class_id="4" is_set="0" creator="24761" date_created="2004-08-12 00:00:00.0" version="" changed_by="24761" date_changed="2011-11-17 15:52:18.0" uuid="3ce98d06-26fe-102b-80cb-0017a47871b2"/>
  <concept_name concept_id="5136" name="DEMENTIA" locale="en" creator="24761" date_created="2004-08-12 00:00:00.0" concept_name_id="3503" voided="0" uuid="3e3b6ed6-26fe-102b-80cb-0017a47871b2" concept_name_type="FULLY_SPECIFIED" locale_preferred="false"/>
  <concept concept_id="487" retired="0" datatype_id="4" class_id="4" is_set="0" creator="24761" date_created="2004-01-01 00:00:00.0" version="" changed_by="24761" date_changed="2011-11-17 15:52:19.0" uuid="3cd15484-26fe-102b-80cb-0017a47871b2"/>
  <concept_name concept_id="487" name="DEMENTIA, SENILE" locale="en" creator="24761" date_created="2004-01-01 00:00:00.0" concept_name_id="499" voided="0" uuid="3e0ee7d0-26fe-102b-80cb-0017a47871b2" concept_name_type="FULLY_SPECIFIED" locale_preferred="false"/>
  <concept_name concept_id="487" name="SENILE DEMENTIA" locale="en" creator="24761" date_created="2004-10-20 00:00:00.0" concept_name_id="7630" voided="0" uuid="9566962e-07d4-102c-b5fa-0017a47871b2" locale_preferred="false"/>
  <concept_name concept_id="487" name="SENILE PSYCHOSIS" locale="en" creator="24761" date_created="2005-02-17 09:52:00.0" concept_name_id="7631" voided="0" uuid="95669a48-07d4-102c-b5fa-0017a47871b2" locale_preferred="false"/>
  <concept concept_id="911" retired="1" datatype_id="2" class_id="4" is_set="0" creator="24761" date_created="2004-07-11 00:00:00.0" version="" changed_by="24761" date_changed="2011-11-17 15:52:19.0" uuid="3cd50f8e-26fe-102b-80cb-0017a47871b2"/>
  <concept_name concept_id="911" name="DEPRESSIVE EPISODE" locale="en" creator="24761" date_created="2004-07-11 00:00:00.0" concept_name_id="935" voided="0" uuid="3e12f532-26fe-102b-80cb-0017a47871b2" concept_name_type="FULLY_SPECIFIED" locale_preferred="false"/>
  <concept concept_id="467" retired="0" datatype_id="4" class_id="4" is_set="0" creator="24761" date_created="2004-01-01 00:00:00.0" version="" changed_by="24761" date_changed="2011-11-17 15:52:16.0" uuid="3cd134f4-26fe-102b-80cb-0017a47871b2"/>
  <concept_name concept_id="467" name="SCHIZOPHRENIA" locale="en" creator="24761" date_created="2004-01-01 00:00:00.0" concept_name_id="479" voided="0" uuid="3e0ecaca-26fe-102b-80cb-0017a47871b2" concept_name_type="FULLY_SPECIFIED" locale_preferred="false"/>
  <concept_name concept_id="467" name="DEMENTIA PRAECOX" locale="en" creator="24761" date_created="2005-02-17 09:32:23.0" concept_name_id="6748" voided="0" void_reason="" uuid="93f4773e-07d4-102c-b5fa-0017a47871b2" locale_preferred="false"/>
  <concept concept_id="85" retired="1" datatype_id="4" class_id="4" is_set="0" creator="2" date_created="2004-01-01 00:00:00.0" version="" changed_by="2" date_changed="2005-02-14 08:49:42.0" uuid="3ccccf04-26fe-102b-80cb-0017a47871b2"/>
  <concept_name concept_id="85" name="UNCLASSIFIED DISEASES" locale="en" creator="2" date_created="2004-01-01 00:00:00.0" concept_name_id="88" voided="0" uuid="3e0a49be-26fe-102b-80cb-0017a47871b2" concept_name_type="FULLY_SPECIFIED" locale_preferred="false"/>
  <concept concept_id="86" retired="0" datatype_id="4" class_id="4" is_set="0" creator="2" date_created="2004-01-01 00:00:00.0" version="" changed_by="2" date_changed="2005-02-16 14:08:42.0" uuid="3cccd076-26fe-102b-80cb-0017a47871b2"/>
  <concept_name concept_id="86" name="MVA" locale="en" creator="2" date_created="2005-02-14 08:51:51.0" concept_name_id="7272" voided="0" uuid="94b75b00-07d4-102c-b5fa-0017a47871b2" locale_preferred="false"/>
  <concept_name concept_id="86" name="MOTOR VEHICLE ACCIDENT" locale="en" creator="2" date_created="2005-02-14 08:51:51.0" concept_name_id="7266" voided="0" uuid="94b7402a-07d4-102c-b5fa-0017a47871b2" locale_preferred="false"/>
  <concept_name concept_id="86" name="RTA" locale="en" creator="2" date_created="2005-02-16 14:08:42.0" concept_name_id="7596" voided="0" uuid="95660fce-07d4-102c-b5fa-0017a47871b2" locale_preferred="false"/>
  <concept_name concept_id="86" name="ACCIDENT, MOTOR VEHICLE" locale="en" creator="2" date_created="2004-01-01 00:00:00.0" concept_name_id="89" voided="0" uuid="3e0a4b1c-26fe-102b-80cb-0017a47871b2" concept_name_type="FULLY_SPECIFIED" locale_preferred="false"/>
  <concept_name concept_id="86" name="ROAD TRAFFIC ACCIDENT" locale="en" creator="2" date_created="2005-02-16 14:08:42.0" concept_name_id="7591" voided="0" uuid="9565fa66-07d4-102c-b5fa-0017a47871b2" locale_preferred="false"/>
  <concept concept_id="187" retired="1" datatype_id="4" class_id="4" is_set="0" creator="2" date_created="2004-01-01 00:00:00.0" version="" uuid="3cce7548-26fe-102b-80cb-0017a47871b2"/>
  <concept_name concept_id="187" name="ABORTION, INCOMPLETE" locale="en" creator="2" date_created="2004-01-01 00:00:00.0" concept_name_id="195" voided="0" uuid="3e0b9bca-26fe-102b-80cb-0017a47871b2" concept_name_type="FULLY_SPECIFIED" locale_preferred="false"/>
  <concept concept_id="188" retired="1" datatype_id="4" class_id="4" is_set="0" creator="2" date_created="2004-01-01 00:00:00.0" version="" changed_by="2" date_changed="2005-02-16 11:42:58.0" uuid="3cce7700-26fe-102b-80cb-0017a47871b2"/>
  <concept_name concept_id="188" name="RASH, SEPTIC" locale="en" creator="2" date_created="2004-01-01 00:00:00.0" concept_name_id="196" voided="0" uuid="3e0b9d5a-26fe-102b-80cb-0017a47871b2" concept_name_type="FULLY_SPECIFIED" locale_preferred="false"/>
  <concept concept_id="99" retired="0" datatype_id="4" class_id="3" is_set="0" creator="24761" date_created="2004-04-02 07:00:00.0" changed_by="24822" date_changed="2012-09-17 10:19:11.0" uuid="3ccce886-26fe-102b-80cb-0017a47871b2"/>
  <concept_name concept_id="99" name="LASIX" locale="en" creator="24761" date_created="2004-10-20 06:00:00.0" concept_name_id="7157" voided="0" uuid="94b430b0-07d4-102c-b5fa-0017a47871b2" locale_preferred="false"/>
  <concept_name concept_id="99" name="FUROSEMIDE" locale="en" creator="24761" date_created="2004-04-02 07:00:00.0" concept_name_id="102" voided="0" uuid="3e0ae8c4-26fe-102b-80cb-0017a47871b2" concept_name_type="FULLY_SPECIFIED" locale_preferred="true"/>
  <concept concept_id="3186" retired="0" datatype_id="4" class_id="3" is_set="0" creator="24761" date_created="2008-06-17 19:40:59.0" version="" changed_by="24761" date_changed="2011-11-17 15:52:22.0" uuid="d53d1bc4-1b19-4c03-9aae-61e7662acc0e"/>
  <concept_name concept_id="3186" name="ATENOLOL" locale="en" creator="24761" date_created="2008-06-17 19:40:59.0" concept_name_id="4531" voided="0" uuid="0b751000-15f5-102d-96e4-000c29c2a5d7" concept_name_type="FULLY_SPECIFIED" locale_preferred="false"/>
  <concept_name concept_id="3186" name="TENORMIN" locale="en" creator="24761" date_created="2008-06-17 19:40:59.0" concept_name_id="7757" voided="0" uuid="0b899480-15f5-102d-96e4-000c29c2a5d7" locale_preferred="false"/>
  <concept concept_id="3185" retired="0" datatype_id="4" class_id="3" is_set="0" creator="24761" date_created="2008-06-17 19:39:48.0" version="" changed_by="24761" date_changed="2011-11-17 15:52:16.0" uuid="b4307c45-16dc-428a-b194-e6ed6470b264"/>
  <concept_name concept_id="3185" name="DILATREND" locale="en" creator="24761" date_created="2008-06-17 19:39:48.0" concept_name_id="6781" voided="0" uuid="0b83fa20-15f5-102d-96e4-000c29c2a5d7" locale_preferred="false"/>
  <concept_name concept_id="3185" name="EUCARDIC" locale="en" creator="24761" date_created="2008-06-17 19:39:48.0" concept_name_id="6881" voided="0" uuid="0b849c8c-15f5-102d-96e4-000c29c2a5d7" locale_preferred="false"/>
  <concept_name concept_id="3185" name="COREG" locale="en" creator="24761" date_created="2008-06-17 19:39:48.0" concept_name_id="6686" voided="0" uuid="0b82ea18-15f5-102d-96e4-000c29c2a5d7" locale_preferred="false"/>
  <concept_name concept_id="3185" name="CARVEDILOL" locale="en" creator="24761" date_created="2008-06-17 19:39:48.0" concept_name_id="4530" voided="0" uuid="0b750f10-15f5-102d-96e4-000c29c2a5d7" concept_name_type="FULLY_SPECIFIED" locale_preferred="false"/>
  <concept concept_id="3184" retired="0" datatype_id="4" class_id="3" is_set="0" creator="24761" date_created="2008-06-17 19:38:25.0" version="" changed_by="24761" date_changed="2011-11-17 15:52:22.0" uuid="65d46f90-9352-41c9-9705-38f67f097fdd"/>
  <concept_name concept_id="3184" name="ALDACTONE" locale="en" creator="24761" date_created="2008-06-17 19:38:25.0" concept_name_id="4529" voided="0" uuid="0b750e20-15f5-102d-96e4-000c29c2a5d7" concept_name_type="FULLY_SPECIFIED" locale_preferred="false"/>
  <concept concept_id="3183" retired="0" datatype_id="4" class_id="3" is_set="0" creator="24761" date_created="2008-06-17 19:37:09.0" changed_by="24822" date_changed="2012-09-17 10:19:11.0" uuid="44299055-6e5f-4548-af34-dcf5e13bb6a5"/>
  <concept_name concept_id="3183" name="LISINOPRIL" locale="en" creator="24761" date_created="2008-06-17 19:37:09.0" concept_name_id="4528" voided="0" uuid="0b750d30-15f5-102d-96e4-000c29c2a5d7" concept_name_type="FULLY_SPECIFIED" locale_preferred="true"/>
  <concept concept_id="3182" retired="0" datatype_id="4" class_id="3" is_set="0" creator="24761" date_created="2008-06-17 19:31:41.0" changed_by="24822" date_changed="2012-09-17 10:19:11.0" uuid="4add1344-ec52-41e3-b5b9-267f19d99aa2"/>
  <concept_name concept_id="3182" name="CAPTOPRIL" locale="en" creator="24761" date_created="2008-06-17 19:31:41.0" concept_name_id="4527" voided="0" uuid="ba41e278-f31a-4b04-b44a-dbdd7fdea69a" concept_name_type="FULLY_SPECIFIED" locale_preferred="true"/>
  <concept_name concept_id="3182" name="CAPOTEN" locale="en" creator="24761" date_created="2008-06-17 19:31:41.0" concept_name_id="6575" voided="0" uuid="a5dac43b-be15-49f3-87ad-adad58272a1e" locale_preferred="false"/>
  <concept concept_id="3190" retired="0" datatype_id="4" class_id="3" is_set="0" creator="24761" date_created="2008-06-17 20:00:25.0" version="" changed_by="24761" date_changed="2011-11-17 15:52:18.0" uuid="98649fa2-a68b-4bbd-b570-95a718a94924"/>
  <concept_name concept_id="3190" name="WARFARIN" locale="en" creator="24761" date_created="2008-06-17 20:00:25.0" concept_name_id="4535" voided="0" uuid="0b751cd0-15f5-102d-96e4-000c29c2a5d7" concept_name_type="FULLY_SPECIFIED" locale_preferred="false"/>
  <concept_name concept_id="3190" name="JANTOVEN" locale="en" creator="24761" date_created="2008-06-17 20:00:25.0" concept_name_id="7130" voided="0" uuid="0b85eb3c-15f5-102d-96e4-000c29c2a5d7" locale_preferred="false"/>
  <concept_name concept_id="3190" name="COUMADIN" locale="en" creator="24761" date_created="2008-06-17 20:00:25.0" concept_name_id="6690" voided="0" uuid="0b82edec-15f5-102d-96e4-000c29c2a5d7" locale_preferred="false"/>
  <concept_name concept_id="3190" name="WARAN" locale="en" creator="24761" date_created="2008-06-17 20:00:25.0" concept_name_id="7889" voided="0" uuid="0b8a5474-15f5-102d-96e4-000c29c2a5d7" locale_preferred="false"/>
  <concept_name concept_id="3190" name="MAREVAN" locale="en" creator="24761" date_created="2008-06-17 20:00:25.0" concept_name_id="7213" voided="0" uuid="0b8647f8-15f5-102d-96e4-000c29c2a5d7" locale_preferred="false"/>
  <concept concept_id="784" retired="0" datatype_id="4" class_id="3" is_set="0" creator="24761" date_created="2004-03-20 07:00:00.0" version="" changed_by="24761" date_changed="2011-11-17 15:52:35.0" uuid="3cd42dc6-26fe-102b-80cb-0017a47871b2"/>
  <concept_name concept_id="784" name="PENICILLIN V (ORAL) TABS" locale="en" creator="24761" date_created="2004-10-20 06:00:00.0" concept_name_id="7411" voided="0" uuid="9562e614-07d4-102c-b5fa-0017a47871b2" locale_preferred="false"/>
  <concept_name concept_id="784" name="PENICILLIN V SYRUP" locale="en" creator="24761" date_created="2004-10-20 06:00:00.0" concept_name_id="7412" voided="0" uuid="9562ea74-07d4-102c-b5fa-0017a47871b2" locale_preferred="false"/>
  <concept_name concept_id="784" name="TRIPLE PEN INJECTION" locale="en" creator="24761" date_created="2004-10-20 06:00:00.0" concept_name_id="7826" voided="0" uuid="956b8dbe-07d4-102c-b5fa-0017a47871b2" locale_preferred="false"/>
  <concept_name concept_id="784" name="CRYSTAPEN INJECTION" locale="en" creator="24761" date_created="2004-10-20 06:00:00.0" concept_name_id="6704" voided="0" uuid="93f3a0a2-07d4-102c-b5fa-0017a47871b2" locale_preferred="false"/>
  <concept_name concept_id="784" name="PENICILLIN" locale="en" creator="24761" date_created="2004-03-20 07:00:00.0" concept_name_id="800" voided="0" uuid="3e11ea3e-26fe-102b-80cb-0017a47871b2" concept_name_type="FULLY_SPECIFIED" locale_preferred="false"/>
  <concept_name concept_id="784" name="NORMAXICILLIN" locale="en" creator="24761" date_created="2004-10-20 06:00:00.0" concept_name_id="7306" voided="0" uuid="94b7d882-07d4-102c-b5fa-0017a47871b2" locale_preferred="false"/>
  <concept_name concept_id="784" name="PENICILLIN INJECTION" locale="en" creator="24761" date_created="2004-10-20 06:00:00.0" concept_name_id="7410" voided="0" uuid="9562e1f0-07d4-102c-b5fa-0017a47871b2" locale_preferred="false"/>
  <concept_name concept_id="784" name="PPF" locale="en" creator="24761" date_created="2004-10-20 06:00:00.0" concept_name_id="7464" voided="0" uuid="9563a432-07d4-102c-b5fa-0017a47871b2" locale_preferred="false"/>
  <concept concept_id="282" retired="0" datatype_id="4" class_id="3" is_set="0" creator="24761" date_created="2004-01-01 07:00:00.0" changed_by="24822" date_changed="2012-09-17 10:19:11.0" uuid="0ad8ceac-15f5-102d-96e4-000c29c2a5d7"/>
  <concept_name concept_id="282" name="INSULIN, Regular" locale="en" creator="24761" date_created="2004-01-01 07:00:00.0" concept_name_id="294" voided="0" uuid="3e0c895e-26fe-102b-80cb-0017a47871b2" concept_name_type="FULLY_SPECIFIED" locale_preferred="true"/>
  <concept_name concept_id="282" name="SOLUBLE INSULIN" locale="en" creator="24761" date_created="2004-10-20 06:00:00.0" concept_name_id="7673" voided="0" void_reason="" uuid="9567334a-07d4-102c-b5fa-0017a47871b2" locale_preferred="false"/>
  <concept_name concept_id="282" name="REGULAR INSULIN" locale="en" creator="24761" date_created="2004-10-20 06:00:00.0" concept_name_id="7549" voided="0" void_reason="" uuid="9564c204-07d4-102c-b5fa-0017a47871b2" locale_preferred="false"/>
  <concept concept_id="279" retired="0" datatype_id="4" class_id="3" is_set="0" creator="24761" date_created="2004-01-01 07:00:00.0" changed_by="24822" date_changed="2012-09-17 10:19:11.0" uuid="3ccf1c1e-26fe-102b-80cb-0017a47871b2"/>
  <concept_name concept_id="279" name="INSULIN LENTE" locale="en" creator="24761" date_created="2004-10-20 06:00:00.0" concept_name_id="7117" voided="0" uuid="94ad3ea4-07d4-102c-b5fa-0017a47871b2" locale_preferred="false"/>
  <concept_name concept_id="279" name="LENTE INSULIN" locale="en" creator="24761" date_created="2005-02-16 22:55:59.0" concept_name_id="7176" voided="0" uuid="94b47214-07d4-102c-b5fa-0017a47871b2" locale_preferred="false"/>
  <concept_name concept_id="279" name="INSULIN, LENTE" locale="en" creator="24761" date_created="2004-01-01 07:00:00.0" concept_name_id="291" voided="0" uuid="3e0c7bd0-26fe-102b-80cb-0017a47871b2" concept_name_type="FULLY_SPECIFIED" locale_preferred="true"/>
  <concept concept_id="6746" retired="0" datatype_id="4" class_id="3" is_set="0" creator="24761" date_created="2010-05-24 23:51:27.0" changed_by="24822" date_changed="2012-09-17 10:19:11.0" uuid="9231cac4-8d3d-4bf5-97a3-81ec912b1899"/>
  <concept_name concept_id="6746" name="Insulin 70/30" locale="en" creator="24761" date_created="2010-05-24 23:51:27.0" concept_name_id="9944" voided="0" uuid="e8a46f1f-bf0e-45a4-afc9-8bcf79eef46f" concept_name_type="FULLY_SPECIFIED" locale_preferred="true"/>
  <concept concept_id="6872" retired="0" datatype_id="4" class_id="3" is_set="0" creator="7" date_created="2010-08-16 12:16:29.0" version="" changed_by="7" date_changed="2010-08-16 12:17:28.0" uuid="fa202316-558f-453d-babd-ba28f43a7fd9"/>
  <concept_name concept_id="6872" name="Insulin" locale="en" creator="7" date_created="2010-08-16 12:16:29.0" concept_name_id="14125" voided="0" uuid="1e847c2c-ca23-45ab-9562-2cff64865e88" concept_name_type="FULLY_SPECIFIED" locale_preferred="false"/>
  <concept_name concept_id="6872" name="Insulin, all" locale="en" creator="7" date_created="2010-08-16 12:17:28.0" concept_name_id="14126" voided="0" uuid="c7f5e5e0-2981-4dc4-a38b-45afc447f147" locale_preferred="false"/>
  <concept concept_id="4046" retired="0" datatype_id="4" class_id="3" is_set="0" creator="24761" date_created="2009-01-09 18:16:03.0" changed_by="24822" date_changed="2012-09-17 10:19:11.0" uuid="0084d7bd-a40f-44fb-bd18-2a1853d03ee8"/>
  <concept_name concept_id="4046" name="DOANIL" locale="en" creator="24761" date_created="2009-07-22 22:03:54.0" concept_name_id="9436" voided="0" uuid="0b955de2-15f5-102d-96e4-000c29c2a5d7" locale_preferred="false"/>
  <concept_name concept_id="4046" name="GLIBENCLAMIDE" locale="en" creator="24761" date_created="2009-01-09 18:16:03.0" concept_name_id="5406" voided="0" uuid="c7ac47f7-299e-43dc-a8c8-31c691dabe4a" concept_name_type="FULLY_SPECIFIED" locale_preferred="true"/>
  <concept concept_id="798" retired="0" datatype_id="4" class_id="3" is_set="0" creator="24761" date_created="2004-04-08 06:00:00.0" changed_by="24822" date_changed="2012-09-17 10:19:11.0" uuid="3cd4470c-26fe-102b-80cb-0017a47871b2"/>
  <concept_name concept_id="798" name="SALBUTAMOL INHALER" locale="en" creator="24761" date_created="2005-02-18 08:28:43.0" concept_name_id="7606" voided="0" uuid="956639b8-07d4-102c-b5fa-0017a47871b2" locale_preferred="false"/>
  <concept_name concept_id="798" name="SALBUTAMOL SYRUP" locale="en" creator="24761" date_created="2004-10-20 06:00:00.0" concept_name_id="7607" voided="0" uuid="95663ddc-07d4-102c-b5fa-0017a47871b2" locale_preferred="false"/>
  <concept_name concept_id="798" name="SALBUTAMOL" locale="en" creator="24761" date_created="2004-04-08 06:00:00.0" concept_name_id="815" voided="0" uuid="3e12014a-26fe-102b-80cb-0017a47871b2" concept_name_type="FULLY_SPECIFIED" locale_preferred="true"/>
  <concept_name concept_id="798" name="VENTOLIN" locale="en" creator="24761" date_created="2004-10-20 06:00:00.0" concept_name_id="7870" voided="0" uuid="956c33a4-07d4-102c-b5fa-0017a47871b2" locale_preferred="false"/>
  <concept_name concept_id="798" name="SALBUTAMOL TABS" locale="en" creator="24761" date_created="2004-10-20 06:00:00.0" concept_name_id="7608" voided="0" uuid="95664200-07d4-102c-b5fa-0017a47871b2" locale_preferred="false"/>
  <concept_name concept_id="798" name="VENTOLIN INHALER" locale="en" creator="24761" date_created="2004-10-20 06:00:00.0" concept_name_id="7871" voided="0" uuid="956c380e-07d4-102c-b5fa-0017a47871b2" locale_preferred="false"/>
  <concept concept_id="765" retired="0" datatype_id="4" class_id="3" is_set="0" creator="24761" date_created="2004-03-20 07:00:00.0" version="" changed_by="24761" date_changed="2011-11-17 15:52:24.0" uuid="3cd40850-26fe-102b-80cb-0017a47871b2"/>
  <concept_name concept_id="765" name="PREDNISOLONE" locale="en" creator="24761" date_created="2004-03-20 07:00:00.0" concept_name_id="781" voided="0" uuid="3e11bc30-26fe-102b-80cb-0017a47871b2" concept_name_type="FULLY_SPECIFIED" locale_preferred="false"/>
  <concept concept_id="1240" retired="0" datatype_id="4" class_id="3" is_set="0" creator="24761" date_created="2005-02-18 08:30:17.0" changed_by="24822" date_changed="2012-09-17 10:19:11.0" uuid="3cd906e8-26fe-102b-80cb-0017a47871b2"/>
  <concept_name concept_id="1240" name="BECONASE" locale="en" creator="24761" date_created="2005-02-18 08:30:17.0" concept_name_id="6522" voided="0" uuid="93ee140c-07d4-102c-b5fa-0017a47871b2" locale_preferred="false"/>
  <concept_name concept_id="1240" name="BECLOMETHASONE" locale="en" creator="24761" date_created="2005-02-18 08:30:17.0" concept_name_id="1278" voided="0" uuid="3e1719fa-26fe-102b-80cb-0017a47871b2" concept_name_type="FULLY_SPECIFIED" locale_preferred="true"/>
  <concept_name concept_id="1240" name="BECLOMETHASONE INHALER" locale="en" creator="24761" date_created="2005-02-18 08:30:17.0" concept_name_id="6521" voided="0" uuid="93ee0f66-07d4-102c-b5fa-0017a47871b2" locale_preferred="false"/>
  <concept_name concept_id="1240" name="BECLOMETASONE INHALER" locale="en" creator="24761" date_created="2005-02-18 08:30:17.0" concept_name_id="6520" voided="0" uuid="93ee0b38-07d4-102c-b5fa-0017a47871b2" locale_preferred="false"/>
  <concept concept_id="1243" retired="0" datatype_id="4" class_id="3" is_set="0" creator="24761" date_created="2005-02-18 18:00:09.0" changed_by="24822" date_changed="2012-09-17 10:19:11.0" uuid="3cd90ba2-26fe-102b-80cb-0017a47871b2"/>
  <concept_name concept_id="1243" name="HCTZ" locale="en" creator="24761" date_created="2005-02-18 18:00:09.0" concept_name_id="6997" voided="0" uuid="94aa606c-07d4-102c-b5fa-0017a47871b2" locale_preferred="false"/>
  <concept_name concept_id="1243" name="DYAZIDE" locale="en" creator="24761" date_created="2005-02-18 18:00:09.0" concept_name_id="6830" voided="0" uuid="93f5c5b2-07d4-102c-b5fa-0017a47871b2" locale_preferred="false"/>
  <concept_name concept_id="1243" name="HYDRODIURIL" locale="en" creator="24761" date_created="2005-02-18 18:00:09.0" concept_name_id="7086" voided="0" uuid="94ac111e-07d4-102c-b5fa-0017a47871b2" locale_preferred="false"/>
  <concept_name concept_id="1243" name="ORETIC" locale="en" creator="24761" date_created="2005-02-18 18:00:09.0" concept_name_id="7348" voided="0" uuid="94b8927c-07d4-102c-b5fa-0017a47871b2" locale_preferred="false"/>
  <concept_name concept_id="1243" name="HYDROCHLOROTHIAZIDE" locale="en" creator="24761" date_created="2005-02-18 18:00:09.0" concept_name_id="1281" voided="0" uuid="3e172440-26fe-102b-80cb-0017a47871b2" concept_name_type="FULLY_SPECIFIED" locale_preferred="true"/>
  <concept concept_id="794" retired="0" datatype_id="4" class_id="3" is_set="0" creator="2" date_created="2004-04-08 00:00:00.0" version="" changed_by="24761" date_changed="2011-11-09 11:35:51.0" uuid="3cd43d98-26fe-102b-80cb-0017a47871b2"/>
  <concept_name concept_id="794" name="LPV/RTV" locale="en" creator="7" date_created="2006-08-11 23:10:30.0" concept_name_id="7194" voided="0" uuid="956feaa8-07d4-102c-b5fa-0017a47871b2" locale_preferred="false"/>
  <concept_name concept_id="794" name="LPV/R" locale="en" creator="7" date_created="2006-08-11 23:10:30.0" concept_name_id="7193" voided="0" uuid="956fcab4-07d4-102c-b5fa-0017a47871b2" locale_preferred="false"/>
  <concept_name concept_id="794" name="KALETRA" locale="en" creator="4" date_created="2004-10-20 00:00:00.0" concept_name_id="7134" voided="0" uuid="94ae2e4a-07d4-102c-b5fa-0017a47871b2" locale_preferred="false"/>
  <concept_name concept_id="794" name="LOPINAVIR AND RITONAVIR" locale="en" creator="4" date_created="2004-04-08 00:00:00.0" concept_name_id="811" voided="0" uuid="0b5b4b70-15f5-102d-96e4-000c29c2a5d7" concept_name_type="FULLY_SPECIFIED" locale_preferred="false"/>
  <concept_name concept_id="794" name="LPV/r" locale="en" creator="4" date_created="2004-04-08 00:00:00.0" concept_name_id="5463" voided="0" uuid="93c412c4-07d4-102c-b5fa-0017a47871b2" concept_name_type="SHORT" locale_preferred="false"/>
  <concept concept_id="747" retired="0" datatype_id="4" class_id="3" is_set="0" creator="23132" date_created="2004-03-20 07:00:00.0" version="" changed_by="23132" date_changed="2011-08-08 19:55:29.0" uuid="3cd3ec30-26fe-102b-80cb-0017a47871b2"/>
  <concept_name concept_id="747" name="FCZ" locale="en" creator="23132" date_created="2004-03-20 07:00:00.0" concept_name_id="5453" voided="0" uuid="93c40658-07d4-102c-b5fa-0017a47871b2" concept_name_type="SHORT" locale_preferred="false"/>
  <concept_name concept_id="747" name="DIFLUCAN" locale="en" creator="23132" date_created="2004-10-20 06:00:00.0" concept_name_id="6778" voided="0" uuid="93f50816-07d4-102c-b5fa-0017a47871b2" locale_preferred="false"/>
  <concept_name concept_id="747" name="FLUCONAZOLE" locale="en" creator="23132" date_created="2004-03-20 07:00:00.0" concept_name_id="763" voided="0" uuid="0b5b1664-15f5-102d-96e4-000c29c2a5d7" concept_name_type="FULLY_SPECIFIED" locale_preferred="false"/>
  <concept concept_id="92" retired="0" datatype_id="4" class_id="3" is_set="0" creator="2" date_created="2004-01-01 00:00:00.0" version="" changed_by="24761" date_changed="2011-11-09 11:35:58.0" uuid="3cccd95e-26fe-102b-80cb-0017a47871b2"/>
  <concept_name concept_id="92" name="DAPSONE" locale="en" creator="2" date_created="2004-01-01 00:00:00.0" concept_name_id="95" voided="0" uuid="3e0a54d6-26fe-102b-80cb-0017a47871b2" concept_name_type="FULLY_SPECIFIED" locale_preferred="false"/>
  <concept concept_id="1085" retired="0" datatype_id="4" class_id="9" is_set="1" creator="2" date_created="2005-01-12 00:00:00.0" version="" changed_by="7" date_changed="2010-03-31 14:47:20.0" uuid="3cd72184-26fe-102b-80cb-0017a47871b2"/>
  <concept_name concept_id="1085" name="ANTIRETROVIRAL DRUGS" locale="en" creator="2" date_created="2005-01-12 00:00:00.0" concept_name_id="1122" voided="0" uuid="3e154044-26fe-102b-80cb-0017a47871b2" concept_name_type="FULLY_SPECIFIED" locale_preferred="false"/>
  <concept_name concept_id="1085" name="ARVS" locale="en" creator="2" date_created="2005-01-12 00:00:00.0" concept_name_id="6480" voided="0" void_reason="" uuid="956ee3d8-07d4-102c-b5fa-0017a47871b2" locale_preferred="false"/>
  <concept_name concept_id="1085" name="HAART" locale="en" creator="2" date_created="2005-02-18 12:54:52.0" concept_name_id="6986" voided="0" void_reason="" uuid="93f8a6e2-07d4-102c-b5fa-0017a47871b2" locale_preferred="false"/>
  <concept_set concept_set_id="128" concept_id="814" concept_set="1085" sort_weight="0.0" creator="2" date_created="2005-12-15 13:26:49.0" uuid="ec5cbf96-a7d4-4efe-8d3f-b6c4f589a35b"/>
  <concept_set concept_set_id="125" concept_id="796" concept_set="1085" sort_weight="1.0" creator="2" date_created="2005-12-15 13:26:49.0" uuid="1d618980-41a9-45de-8bf4-1365f5f756bb"/>
  <concept_set concept_set_id="70" concept_id="633" concept_set="1085" sort_weight="2.0" creator="2" date_created="2005-12-15 13:26:49.0" uuid="84590b80-620a-4c72-8692-0a403796bbdc"/>
  <concept_set concept_set_id="67" concept_id="628" concept_set="1085" sort_weight="3.0" creator="2" date_created="2005-12-15 13:26:49.0" uuid="e295ae09-4108-4645-9f5c-9d883d67e70a"/>
  <concept_set concept_set_id="124" concept_id="794" concept_set="1085" sort_weight="4.0" creator="2" date_created="2005-12-15 13:26:49.0" uuid="1806e3ae-674c-454d-9e76-ca9b830b168a"/>
  <concept_set concept_set_id="71" concept_id="635" concept_set="1085" sort_weight="5.0" creator="2" date_created="2005-12-15 13:26:49.0" uuid="9767b36d-82f5-4216-8354-08daea66ced9"/>
  <concept_set concept_set_id="69" concept_id="631" concept_set="1085" sort_weight="6.0" creator="2" date_created="2005-12-15 13:26:49.0" uuid="6ed1e494-2df2-4391-abcf-1039d9c49b7b"/>
  <concept_set concept_set_id="1142" concept_id="5424" concept_set="1085" sort_weight="7.0" creator="2" date_created="2005-12-15 13:26:49.0" uuid="5a17d631-4129-433c-a2a7-c168176fd0bf"/>
  <concept_set concept_set_id="66" concept_id="625" concept_set="1085" sort_weight="8.0" creator="2" date_created="2005-12-15 13:26:49.0" uuid="7fd5e4ad-8ae9-43c3-b66c-b458ec8d9bc7"/>
  <concept_set concept_set_id="123" concept_id="792" concept_set="1085" sort_weight="9.0" creator="2" date_created="2005-12-15 13:26:49.0" uuid="5a4f6766-76f1-4aa3-a691-bdfdee924a93"/>
  <concept_set concept_set_id="127" concept_id="802" concept_set="1085" sort_weight="10.0" creator="2" date_created="2005-12-15 13:26:49.0" uuid="8c514a44-e45a-40cf-ab6c-f484802951b5"/>
  <concept_set concept_set_id="1151" concept_id="5811" concept_set="1085" sort_weight="11.0" creator="2" date_created="2005-12-15 13:26:49.0" uuid="cc328228-35fc-4814-bf52-76f9bf82fc65"/>
  <concept_set concept_set_id="126" concept_id="797" concept_set="1085" sort_weight="12.0" creator="2" date_created="2005-12-15 13:26:49.0" uuid="6e82f85a-f90d-4a68-aeb1-383537b4fa60"/>
  <concept_set concept_set_id="68" concept_id="630" concept_set="1085" sort_weight="13.0" creator="2" date_created="2005-12-15 13:26:49.0" uuid="64194046-7ae3-4c60-a61a-bdcbe3f4f812"/>
  <concept_set concept_set_id="685" concept_id="2833" concept_set="1085" sort_weight="14.0" creator="6" date_created="2008-09-02 13:44:24.0" uuid="2d692604-5d53-4292-bf1d-8da07b99b044"/>
  <concept_set concept_set_id="531" concept_id="2203" concept_set="1085" sort_weight="15.0" creator="6" date_created="2008-09-02 13:44:24.0" uuid="8c92ea31-f3d8-46f6-9ccd-37ca08fa0642"/>
  <concept_set concept_set_id="442" concept_id="1613" concept_set="1085" sort_weight="16.0" creator="6" date_created="2008-09-02 13:44:24.0" uuid="02afe000-0064-4172-a33d-da05b6b818de"/>
  <concept_set concept_set_id="1235" concept_id="6635" concept_set="1085" sort_weight="17.0" creator="7" date_created="2010-01-25 18:33:57.0" uuid="3d201849-a2a8-4836-895a-eecacb09debe"/>
  <concept_set concept_set_id="1236" concept_id="6636" concept_set="1085" sort_weight="18.0" creator="7" date_created="2010-01-26 11:35:29.0" uuid="debf4517-f5de-4982-93bb-9f5aec43ff25"/>
  <concept_set concept_set_id="1266" concept_id="1610" concept_set="1085" sort_weight="19.0" creator="7" date_created="2010-03-31 14:46:04.0" uuid="e464c5e8-8c5c-47e4-b9ed-223e749bd457"/>
  <concept concept_id="635" retired="0" datatype_id="4" class_id="3" is_set="0" creator="2" date_created="2004-01-01 00:00:00.0" version="" changed_by="2" date_changed="2005-01-12 00:00:00.0" uuid="3cd25956-26fe-102b-80cb-0017a47871b2"/>
  <concept_name concept_id="635" name="NFV" locale="en" creator="2" date_created="2005-01-12 00:00:00.0" concept_name_id="7288" voided="0" uuid="94b79c6e-07d4-102c-b5fa-0017a47871b2" locale_preferred="false"/>
  <concept_name concept_id="635" name="VIRACEPT" locale="en" creator="4" date_created="2004-10-20 00:00:00.0" concept_name_id="7878" voided="0" uuid="956c65a4-07d4-102c-b5fa-0017a47871b2" locale_preferred="false"/>
  <concept_name concept_id="635" name="NELFINAVIR" locale="en" creator="2" date_created="2004-01-01 00:00:00.0" concept_name_id="649" voided="0" uuid="3e101c4a-26fe-102b-80cb-0017a47871b2" concept_name_type="FULLY_SPECIFIED" locale_preferred="false"/>
  <concept concept_id="5424" retired="0" datatype_id="3" class_id="3" is_set="0" creator="2" date_created="2004-08-12 00:00:00.0" version="" changed_by="6" date_changed="2009-02-16 15:25:56.0" uuid="3cec4ba4-26fe-102b-80cb-0017a47871b2"/>
  <concept_name concept_id="5424" name="OTHER ANTIRETROVIRAL DRUG" locale="en" creator="2" date_created="2004-08-12 00:00:00.0" concept_name_id="3793" voided="0" uuid="3e3edc7e-26fe-102b-80cb-0017a47871b2" concept_name_type="FULLY_SPECIFIED" locale_preferred="false"/>
  <concept concept_id="792" retired="0" datatype_id="4" class_id="3" is_set="0" creator="2" date_created="2004-04-08 00:00:00.0" version="" changed_by="24761" date_changed="2011-11-09 11:35:50.0" uuid="3cd43a64-26fe-102b-80cb-0017a47871b2"/>
  <concept_name concept_id="792" name="D4T+3TC+NVP" locale="en" creator="4" date_created="2004-04-08 00:00:00.0" concept_name_id="5462" voided="0" uuid="0b7b8642-15f5-102d-96e4-000c29c2a5d7" concept_name_type="SHORT" locale_preferred="false"/>
  <concept_name concept_id="792" name="TRIOMUNE-40" locale="en" creator="2" date_created="2005-02-22 12:47:28.0" concept_name_id="7825" voided="0" uuid="95703364-07d4-102c-b5fa-0017a47871b2" locale_preferred="false"/>
  <concept_name concept_id="792" name="D4T+3TC+NVP" locale="en" creator="7" date_created="2007-10-11 15:52:28.0" concept_name_id="6722" voided="0" uuid="93c43862-07d4-102c-b5fa-0017a47871b2" locale_preferred="false"/>
  <concept_name concept_id="792" name="TRIOMUNE-30" locale="en" creator="2" date_created="2005-02-22 12:47:28.0" concept_name_id="7824" voided="0" uuid="95703fee-07d4-102c-b5fa-0017a47871b2" locale_preferred="false"/>
  <concept_name concept_id="792" name="STAVUDINE LAMIVUDINE AND NEVIRAPINE" locale="en" creator="4" date_created="2004-04-08 00:00:00.0" concept_name_id="809" voided="0" uuid="0b5b4990-15f5-102d-96e4-000c29c2a5d7" concept_name_type="FULLY_SPECIFIED" locale_preferred="false"/>
  <concept_name concept_id="792" name="EMTRI" locale="en" creator="2" date_created="2005-02-18 13:52:27.0" concept_name_id="6858" voided="0" uuid="93f62f98-07d4-102c-b5fa-0017a47871b2" locale_preferred="false"/>
  <concept_name concept_id="792" name="TRIOMUNE" locale="en" creator="2" date_created="2005-01-21 00:00:00.0" concept_name_id="7823" voided="0" uuid="956b80ee-07d4-102c-b5fa-0017a47871b2" locale_preferred="false"/>
  <concept concept_id="802" retired="0" datatype_id="4" class_id="3" is_set="0" creator="2" date_created="2004-04-25 00:00:00.0" version="" changed_by="24761" date_changed="2011-11-09 11:35:50.0" uuid="3cd45166-26fe-102b-80cb-0017a47871b2"/>
  <concept_name concept_id="802" name="TDF" locale="en" creator="2" date_created="2004-04-25 00:00:00.0" concept_name_id="5466" voided="0" uuid="93c4304c-07d4-102c-b5fa-0017a47871b2" concept_name_type="SHORT" locale_preferred="false"/>
  <concept_name concept_id="802" name="TENOFOVIR" locale="en" creator="2" date_created="2004-04-25 00:00:00.0" concept_name_id="819" voided="0" uuid="0b5b5340-15f5-102d-96e4-000c29c2a5d7" concept_name_type="FULLY_SPECIFIED" locale_preferred="false"/>
  <concept_name concept_id="802" name="VIREAD" locale="en" creator="4" date_created="2004-10-20 00:00:00.0" concept_name_id="7881" voided="0" void_reason="" uuid="9570199c-07d4-102c-b5fa-0017a47871b2" locale_preferred="false"/>
  <concept_name concept_id="802" name="TDF" locale="en" creator="2" date_created="2005-01-21 00:00:00.0" concept_name_id="7754" voided="0" void_reason="" uuid="0b89919c-15f5-102d-96e4-000c29c2a5d7" locale_preferred="false"/>
  <concept_name concept_id="802" name="PMPA" locale="en" creator="7" date_created="2010-11-18 16:16:24.0" concept_name_id="14214" voided="0" uuid="c3576cd1-7880-4a43-95c7-563a0226ab1c" locale_preferred="false"/>
  <concept concept_id="5811" retired="0" datatype_id="4" class_id="3" is_set="0" creator="2" date_created="2004-08-12 00:00:00.0" version="" changed_by="2" date_changed="2005-01-12 00:00:00.0" uuid="3cf09cb8-26fe-102b-80cb-0017a47871b2"/>
  <concept_name concept_id="5811" name="UNKNOWN ANTIRETROVIRAL DRUG" locale="en" creator="2" date_created="2004-08-12 00:00:00.0" concept_name_id="4181" voided="0" uuid="3e42b966-26fe-102b-80cb-0017a47871b2" concept_name_type="FULLY_SPECIFIED" locale_preferred="false"/>
  <concept concept_id="630" retired="0" datatype_id="4" class_id="3" is_set="0" creator="2" date_created="2004-01-01 00:00:00.0" version="" changed_by="24761" date_changed="2011-11-09 11:35:52.0" uuid="3cd25168-26fe-102b-80cb-0017a47871b2"/>
  <concept_name concept_id="630" name="AZT + 3TC" locale="en" creator="2" date_created="2004-01-01 00:00:00.0" concept_name_id="5441" voided="0" uuid="0b7b23b4-15f5-102d-96e4-000c29c2a5d7" concept_name_type="SHORT" locale_preferred="false"/>
  <concept_name concept_id="630" name="AZT + 3TC" locale="en" creator="7" date_created="2007-09-24 09:59:34.0" concept_name_id="6500" voided="0" uuid="93c3eaa6-07d4-102c-b5fa-0017a47871b2" locale_preferred="false"/>
  <concept_name concept_id="630" name="COMBIVIR" locale="en" creator="2" date_created="2005-01-21 00:00:00.0" concept_name_id="6667" voided="0" uuid="956f49b8-07d4-102c-b5fa-0017a47871b2" locale_preferred="false"/>
  <concept_name concept_id="630" name="ZIDOLAM" locale="en" creator="7" date_created="2007-09-24 09:58:23.0" concept_name_id="7943" voided="0" uuid="956f3d06-07d4-102c-b5fa-0017a47871b2" locale_preferred="false"/>
  <concept_name concept_id="630" name="DUOVIR" locale="en" creator="7" date_created="2007-09-24 09:58:23.0" concept_name_id="6828" voided="0" uuid="93f5c0f8-07d4-102c-b5fa-0017a47871b2" locale_preferred="false"/>
  <concept_name concept_id="630" name="VIROCOMB" locale="en" creator="7" date_created="2007-09-24 09:58:23.0" concept_name_id="7882" voided="0" uuid="956f458a-07d4-102c-b5fa-0017a47871b2" locale_preferred="false"/>
  <concept_name concept_id="630" name="ZIDOVUDINE AND LAMIVUDINE" locale="en" creator="2" date_created="2004-01-01 00:00:00.0" concept_name_id="644" voided="0" uuid="0b5a53dc-15f5-102d-96e4-000c29c2a5d7" concept_name_type="FULLY_SPECIFIED" locale_preferred="false"/>
  <concept concept_id="2833" retired="0" datatype_id="4" class_id="3" is_set="0" creator="7" date_created="2007-11-01 13:18:58.0" version="" changed_by="24761" date_changed="2011-11-09 11:35:54.0" uuid="3ce83c3a-26fe-102b-80cb-0017a47871b2"/>
  <concept_name concept_id="2833" name="COVIRO-30" locale="en" creator="7" date_created="2008-07-30 10:12:08.0" concept_name_id="6691" voided="0" uuid="0b82eedc-15f5-102d-96e4-000c29c2a5d7" locale_preferred="false"/>
  <concept_name concept_id="2833" name="COVIRO-40" locale="en" creator="7" date_created="2008-07-30 10:12:08.0" concept_name_id="6692" voided="0" uuid="0b82efd6-15f5-102d-96e4-000c29c2a5d7" locale_preferred="false"/>
  <concept_name concept_id="2833" name="LS30" locale="en" creator="7" date_created="2008-04-08 14:55:23.0" concept_name_id="7195" voided="0" uuid="956feefe-07d4-102c-b5fa-0017a47871b2" locale_preferred="false"/>
  <concept_name concept_id="2833" name="d4T + 3TC" locale="en" creator="7" date_created="2007-11-01 13:18:58.0" concept_name_id="6036" voided="0" uuid="93c416d4-07d4-102c-b5fa-0017a47871b2" concept_name_type="SHORT" locale_preferred="false"/>
  <concept_name concept_id="2833" name="D4T + 3TC" locale="en" creator="7" date_created="2007-11-01 13:18:58.0" concept_name_id="6721" voided="0" uuid="956ff322-07d4-102c-b5fa-0017a47871b2" locale_preferred="false"/>
  <concept_name concept_id="2833" name="STAVUDINE AND LAMIVUDINE" locale="en" creator="7" date_created="2007-11-01 13:18:58.0" concept_name_id="3051" voided="0" uuid="3e39ceaa-26fe-102b-80cb-0017a47871b2" concept_name_type="FULLY_SPECIFIED" locale_preferred="false"/>
  <concept concept_id="2203" retired="0" datatype_id="4" class_id="3" is_set="0" creator="1128" date_created="2007-05-13 03:16:05.0" version="" changed_by="1128" date_changed="2007-05-13 03:16:29.0" uuid="3ce1b734-26fe-102b-80cb-0017a47871b2"/>
  <concept_name concept_id="2203" name="STAVUDINE LAMIVUDINE AND ABACAVIR" locale="en" creator="1128" date_created="2007-05-13 03:16:05.0" concept_name_id="2384" voided="0" uuid="3e22bddc-26fe-102b-80cb-0017a47871b2" concept_name_type="FULLY_SPECIFIED" locale_preferred="false"/>
  <concept concept_id="1613" retired="0" datatype_id="4" class_id="11" is_set="0" creator="6" date_created="2006-09-06 17:10:54.0" version="" changed_by="6" date_changed="2006-09-06 17:10:54.0" uuid="3cdc4ec0-26fe-102b-80cb-0017a47871b2"/>
  <concept_name concept_id="1613" name="STAVUDINE LAMIVUDINE AND EFAVIRENZ" locale="en" creator="6" date_created="2006-09-06 17:10:54.0" concept_name_id="1759" voided="0" uuid="3e1c1a9a-26fe-102b-80cb-0017a47871b2" concept_name_type="FULLY_SPECIFIED" locale_preferred="false"/>
  <concept_name concept_id="1613" name="D4T+3TC+EFV" locale="en" creator="6" date_created="2006-09-06 17:10:54.0" concept_name_id="5610" voided="0" uuid="93b61f52-07d4-102c-b5fa-0017a47871b2" concept_name_type="SHORT" locale_preferred="false"/>
  <concept concept_id="6635" retired="0" datatype_id="4" class_id="3" is_set="0" creator="7" date_created="2010-01-25 18:25:28.0" version="" changed_by="7" date_changed="2010-01-25 18:26:50.0" uuid="63a4acf0-0762-44a3-aad1-3230289ce4a7"/>
  <concept_name concept_id="6635" name="Tenofovir and Emtricitabine" locale="en" creator="7" date_created="2010-01-25 18:25:28.0" concept_name_id="9796" voided="0" uuid="93858fb9-9af9-4b4d-91f7-c30e81fa5845" concept_name_type="FULLY_SPECIFIED" locale_preferred="false"/>
  <concept_name concept_id="6635" name="Truvada" locale="en" creator="7" date_created="2010-01-25 18:25:28.0" concept_name_id="9797" voided="0" void_reason="" uuid="854ab69c-ca91-4c4c-9d51-12fbd409d4fa" locale_preferred="false"/>
  <concept_name concept_id="6635" name="TDF+FTC" locale="en" creator="7" date_created="2010-01-25 18:25:48.0" concept_name_id="9798" voided="0" void_reason="" uuid="63e84fa2-b61a-404d-8028-aba6da187f10" locale_preferred="false"/>
  <concept concept_id="6636" retired="0" datatype_id="4" class_id="3" is_set="0" creator="7" date_created="2010-01-26 09:59:26.0" version="" changed_by="7" date_changed="2010-11-18 16:17:19.0" uuid="06793d30-bf06-469f-8ae9-c9c06a8c444b"/>
  <concept_name concept_id="6636" name="TDF+3TC" locale="en" creator="7" date_created="2010-01-26 09:59:26.0" concept_name_id="9799" voided="0" uuid="80ce6356-d291-4a2a-9a13-c8493d1102db" concept_name_type="SHORT" locale_preferred="false"/>
  <concept_name concept_id="6636" name="Tenofovir and Lamivudine" locale="en" creator="7" date_created="2010-01-26 09:59:26.0" concept_name_id="9800" voided="0" uuid="4dfc530a-6bb2-4646-99c0-2d81d8cc195b" concept_name_type="FULLY_SPECIFIED" locale_preferred="false"/>
  <concept concept_id="1610" retired="0" datatype_id="4" class_id="3" is_set="0" creator="6" date_created="2006-09-06 16:43:31.0" version="" changed_by="24761" date_changed="2011-11-09 11:35:58.0" uuid="3cdc4a42-26fe-102b-80cb-0017a47871b2"/>
  <concept_name concept_id="1610" name="Duovir-N" locale="en" creator="7" date_created="2009-03-16 06:20:28.0" concept_name_id="8774" voided="0" void_reason="" uuid="0b909d48-15f5-102d-96e4-000c29c2a5d7" locale_preferred="false"/>
  <concept_name concept_id="1610" name="AZT+3TC+NVP" locale="en" creator="6" date_created="2006-09-06 17:07:33.0" concept_name_id="6504" voided="0" void_reason="" uuid="0b81ef8c-15f5-102d-96e4-000c29c2a5d7" locale_preferred="false"/>
  <concept_name concept_id="1610" name="ZIDOVUDINE LAMIVUDINE AND NEVIRAPINE" locale="en" creator="6" date_created="2006-09-06 16:43:31.0" concept_name_id="1756" voided="0" uuid="3e1c0f1e-26fe-102b-80cb-0017a47871b2" concept_name_type="FULLY_SPECIFIED" locale_preferred="false"/>
  <concept_name concept_id="1610" name="Zidolam-N" locale="en" creator="7" date_created="2010-03-31 14:43:06.0" concept_name_id="9903" voided="0" uuid="93edc650-07d4-102c-b5fa-0017a47871b2" locale_preferred="false"/>
  <concept_name concept_id="1610" name="AZT+3TC+NVP" locale="en" creator="6" date_created="2006-09-06 16:43:31.0" concept_name_id="5608" voided="0" uuid="0b7c1684-15f5-102d-96e4-000c29c2a5d7" concept_name_type="SHORT" locale_preferred="false"/>
  <concept concept_id="1159" retired="0" datatype_id="4" class_id="9" is_set="1" creator="2" date_created="2005-02-08 00:00:00.0" version="" changed_by="6" date_changed="2008-09-02 13:35:45.0" uuid="3cd79e0c-26fe-102b-80cb-0017a47871b2"/>
  <concept_name concept_id="1159" name="TUBERCULOSIS TREATMENT DRUGS" locale="en" creator="2" date_created="2005-02-08 00:00:00.0" concept_name_id="1197" voided="0" uuid="3e1600f6-26fe-102b-80cb-0017a47871b2" concept_name_type="FULLY_SPECIFIED" locale_preferred="false"/>
  <concept_set concept_set_id="101" concept_id="745" concept_set="1159" sort_weight="0.0" creator="2" date_created="2005-12-15 13:26:49.0" uuid="3f285f70-26fe-102b-80cb-0017a47871b2"/>
  <concept_set concept_set_id="207" concept_id="1108" concept_set="1159" sort_weight="1.0" creator="2" date_created="2005-12-15 13:26:49.0" uuid="3f28f2a0-26fe-102b-80cb-0017a47871b2"/>
  <concept_set concept_set_id="110" concept_id="767" concept_set="1159" sort_weight="2.0" creator="2" date_created="2005-12-15 13:26:49.0" uuid="3f286434-26fe-102b-80cb-0017a47871b2"/>
  <concept_set concept_set_id="113" concept_id="768" concept_set="1159" sort_weight="3.0" creator="2" date_created="2005-12-15 13:26:49.0" uuid="3f28652e-26fe-102b-80cb-0017a47871b2"/>
  <concept_set concept_set_id="221" concept_id="1131" concept_set="1159" sort_weight="4.0" creator="2" date_created="2005-12-15 13:26:49.0" uuid="3f2948cc-26fe-102b-80cb-0017a47871b2"/>
  <concept_set concept_set_id="47" concept_id="438" concept_set="1159" sort_weight="5.0" creator="2" date_created="2005-12-15 13:26:49.0" uuid="3f27f7a6-26fe-102b-80cb-0017a47871b2"/>
  <concept_set concept_set_id="236" concept_id="1194" concept_set="1159" sort_weight="6.0" creator="6" date_created="2006-11-28 14:12:15.0" uuid="3f295024-26fe-102b-80cb-0017a47871b2"/>
  <concept_set concept_set_id="205" concept_id="1107" concept_set="1159" sort_weight="7.0" creator="7" date_created="2007-11-05 18:00:15.0" uuid="3f28f084-26fe-102b-80cb-0017a47871b2"/>
  <concept_set concept_set_id="320" concept_id="1406" concept_set="1159" sort_weight="8.0" creator="7" date_created="2007-11-05 18:00:15.0" uuid="3f2a20c6-26fe-102b-80cb-0017a47871b2"/>
  <concept_set concept_set_id="324" concept_id="1411" concept_set="1159" sort_weight="9.0" creator="7" date_created="2007-11-05 18:00:15.0" uuid="3f2a22e2-26fe-102b-80cb-0017a47871b2"/>
  <concept_set concept_set_id="328" concept_id="1412" concept_set="1159" sort_weight="10.0" creator="7" date_created="2007-11-05 18:00:15.0" uuid="3f2a24fe-26fe-102b-80cb-0017a47871b2"/>
  <concept_set concept_set_id="330" concept_id="1413" concept_set="1159" sort_weight="11.0" creator="7" date_created="2007-11-05 18:00:15.0" uuid="3f2a271a-26fe-102b-80cb-0017a47871b2"/>
  <concept_set concept_set_id="334" concept_id="1414" concept_set="1159" sort_weight="12.0" creator="7" date_created="2007-11-05 18:00:15.0" uuid="3f2a2936-26fe-102b-80cb-0017a47871b2"/>
  <concept_set concept_set_id="338" concept_id="1415" concept_set="1159" sort_weight="13.0" creator="7" date_created="2007-11-05 18:00:15.0" uuid="3f2a2b52-26fe-102b-80cb-0017a47871b2"/>
  <concept_set concept_set_id="342" concept_id="1416" concept_set="1159" sort_weight="14.0" creator="7" date_created="2007-11-05 18:00:15.0" uuid="3f2a2d78-26fe-102b-80cb-0017a47871b2"/>
  <concept_set concept_set_id="344" concept_id="1417" concept_set="1159" sort_weight="15.0" creator="7" date_created="2007-11-05 18:00:15.0" uuid="3f2a2fee-26fe-102b-80cb-0017a47871b2"/>
  <concept_set concept_set_id="348" concept_id="1418" concept_set="1159" sort_weight="16.0" creator="7" date_created="2007-11-05 18:00:15.0" uuid="3f2a3200-26fe-102b-80cb-0017a47871b2"/>
  <concept_set concept_set_id="352" concept_id="1419" concept_set="1159" sort_weight="17.0" creator="7" date_created="2007-11-05 18:00:15.0" uuid="3f2a3426-26fe-102b-80cb-0017a47871b2"/>
  <concept_set concept_set_id="450" concept_id="1634" concept_set="1159" sort_weight="18.0" creator="7" date_created="2007-11-05 18:00:15.0" uuid="3f2ac1c0-26fe-102b-80cb-0017a47871b2"/>
  <concept_set concept_set_id="591" concept_id="2457" concept_set="1159" sort_weight="19.0" creator="7" date_created="2007-11-05 18:00:15.0" uuid="3f2be7f8-26fe-102b-80cb-0017a47871b2"/>
  <concept_set concept_set_id="593" concept_id="2459" concept_set="1159" sort_weight="20.0" creator="7" date_created="2007-11-05 18:00:15.0" uuid="3f2bea50-26fe-102b-80cb-0017a47871b2"/>
  <concept_set concept_set_id="597" concept_id="2460" concept_set="1159" sort_weight="21.0" creator="7" date_created="2007-11-05 18:00:15.0" uuid="3f2bec94-26fe-102b-80cb-0017a47871b2"/>
  <concept_set concept_set_id="50" concept_id="450" concept_set="1159" sort_weight="22.0" creator="7" date_created="2007-11-05 18:00:15.0" uuid="3f27f8a0-26fe-102b-80cb-0017a47871b2"/>
  <concept_set concept_set_id="1147" concept_id="5622" concept_set="1159" sort_weight="23.0" creator="7" date_created="2007-11-05 18:00:15.0" uuid="3f2df75a-26fe-102b-80cb-0017a47871b2"/>
  <concept_set concept_set_id="1152" concept_id="5829" concept_set="1159" sort_weight="24.0" creator="7" date_created="2007-11-05 18:00:15.0" uuid="3f2dfe44-26fe-102b-80cb-0017a47871b2"/>
  <concept_set concept_set_id="81" concept_id="656" concept_set="1159" sort_weight="25.0" creator="7" date_created="2007-11-05 18:00:15.0" uuid="3f2854d0-26fe-102b-80cb-0017a47871b2"/>
  <concept_set concept_set_id="97" concept_id="740" concept_set="1159" sort_weight="26.0" creator="7" date_created="2007-11-05 18:00:15.0" uuid="3f285d86-26fe-102b-80cb-0017a47871b2"/>
  <concept_set concept_set_id="104" concept_id="755" concept_set="1159" sort_weight="27.0" creator="7" date_created="2007-11-05 18:00:15.0" uuid="3f286060-26fe-102b-80cb-0017a47871b2"/>
  <concept_set concept_set_id="108" concept_id="766" concept_set="1159" sort_weight="28.0" creator="7" date_created="2007-11-05 18:00:15.0" uuid="3f28624a-26fe-102b-80cb-0017a47871b2"/>
  <concept_set concept_set_id="159" concept_id="955" concept_set="1159" sort_weight="29.0" creator="7" date_created="2007-11-05 18:00:15.0" uuid="3f28cfb4-26fe-102b-80cb-0017a47871b2"/>
  <concept_set concept_set_id="443" concept_id="1614" concept_set="1159" sort_weight="30.0" creator="6" date_created="2008-09-02 13:34:52.0" uuid="20201797-4bc1-46bf-bb6d-96f6de13d793"/>
  <concept concept_id="1108" retired="0" datatype_id="4" class_id="3" is_set="0" creator="2" date_created="2005-01-12 00:00:00.0" version="" uuid="3cd74588-26fe-102b-80cb-0017a47871b2"/>
  <concept_name concept_id="1108" name="ETHAMBUTOL AND ISONIZAID" locale="en" creator="2" date_created="2005-01-12 00:00:00.0" concept_name_id="1146" voided="0" uuid="3e157596-26fe-102b-80cb-0017a47871b2" concept_name_type="FULLY_SPECIFIED" locale_preferred="false"/>
  <concept_name concept_id="1108" name="ETHIZIDE" locale="en" creator="2" date_created="2005-01-12 00:00:00.0" concept_name_id="6879" voided="0" uuid="93f68ed4-07d4-102c-b5fa-0017a47871b2" locale_preferred="false"/>
  <concept concept_id="768" retired="0" datatype_id="4" class_id="3" is_set="0" creator="2" date_created="2004-03-20 00:00:00.0" version="" changed_by="24761" date_changed="2011-11-09 11:35:51.0" uuid="3cd40cec-26fe-102b-80cb-0017a47871b2"/>
  <concept_name concept_id="768" name="RHZ" locale="en" creator="2" date_created="2004-03-20 00:00:00.0" concept_name_id="5458" voided="0" uuid="93c42c32-07d4-102c-b5fa-0017a47871b2" concept_name_type="SHORT" locale_preferred="false"/>
  <concept_name concept_id="768" name="RHZ" locale="en" creator="7" date_created="2006-08-08 11:53:03.0" concept_name_id="7575" voided="0" uuid="0b88994a-15f5-102d-96e4-000c29c2a5d7" locale_preferred="false"/>
  <concept_name concept_id="768" name="RIFATER" locale="en" creator="2" date_created="2005-01-12 00:00:00.0" concept_name_id="7580" voided="0" uuid="95701140-07d4-102c-b5fa-0017a47871b2" locale_preferred="false"/>
  <concept_name concept_id="768" name="RIFAMPICIN ISONIAZID AND PYRAZINAMIDE" locale="en" creator="2" date_created="2004-03-20 00:00:00.0" concept_name_id="784" voided="0" uuid="0b5b2ac8-15f5-102d-96e4-000c29c2a5d7" concept_name_type="FULLY_SPECIFIED" locale_preferred="false"/>
  <concept concept_id="1131" retired="0" datatype_id="4" class_id="3" is_set="0" creator="24761" date_created="2005-01-21 07:00:00.0" version="" changed_by="24761" date_changed="2011-11-11 12:23:02.0" uuid="3cd769c8-26fe-102b-80cb-0017a47871b2"/>
  <concept_name concept_id="1131" name="RHEZ" locale="en" creator="24761" date_created="2005-01-21 07:00:00.0" concept_name_id="5531" voided="0" uuid="93c0fb48-07d4-102c-b5fa-0017a47871b2" concept_name_type="SHORT" locale_preferred="false"/>
  <concept_name concept_id="1131" name="RIFAFOUR" locale="en" creator="24761" date_created="2005-01-21 07:00:00.0" concept_name_id="7578" voided="0" uuid="0b889e40-15f5-102d-96e4-000c29c2a5d7" locale_preferred="false"/>
  <concept_name concept_id="1131" name="RIFAMPICIN ISONIAZID PYRAZINAMIDE AND ETHAMBUTOL" locale="en" creator="24761" date_created="2005-01-21 07:00:00.0" concept_name_id="1169" voided="0" uuid="0b5db73e-15f5-102d-96e4-000c29c2a5d7" concept_name_type="FULLY_SPECIFIED" locale_preferred="false"/>
  <concept concept_id="438" retired="0" datatype_id="4" class_id="3" is_set="0" creator="2" date_created="2004-01-01 00:00:00.0" changed_by="24761" date_changed="2012-09-12 11:13:49.0" uuid="3cd10740-26fe-102b-80cb-0017a47871b2"/>
  <concept_name concept_id="438" name="STREPTOMYCIN TABLETS" locale="en" creator="4" date_created="2004-10-20 00:00:00.0" concept_name_id="7703" voided="0" uuid="956971d2-07d4-102c-b5fa-0017a47871b2" locale_preferred="false"/>
  <concept_name concept_id="438" name="STREPTOMYCIN" locale="en" creator="2" date_created="2004-01-01 00:00:00.0" concept_name_id="450" voided="0" uuid="0b597b60-15f5-102d-96e4-000c29c2a5d7" concept_name_type="FULLY_SPECIFIED" locale_preferred="true"/>
  <concept_name concept_id="438" name="S" locale="en" creator="2" date_created="2004-01-01 00:00:00.0" concept_name_id="5435" voided="0" uuid="93c12b90-07d4-102c-b5fa-0017a47871b2" concept_name_type="SHORT" locale_preferred="false"/>
  <concept_name concept_id="438" name="STREPTOMYCIN INJECTION" locale="en" creator="4" date_created="2004-10-20 00:00:00.0" concept_name_id="7702" voided="0" uuid="95696d36-07d4-102c-b5fa-0017a47871b2" locale_preferred="false"/>
  <concept concept_id="1194" retired="0" datatype_id="4" class_id="3" is_set="0" creator="2" date_created="2005-02-09 00:00:00.0" version="" changed_by="24761" date_changed="2011-11-09 11:35:51.0" uuid="3cd7d548-26fe-102b-80cb-0017a47871b2"/>
  <concept_name concept_id="1194" name="RH" locale="en" creator="2" date_created="2005-02-09 00:00:00.0" concept_name_id="5536" voided="0" uuid="0b7bcb16-15f5-102d-96e4-000c29c2a5d7" concept_name_type="SHORT" locale_preferred="false"/>
  <concept_name concept_id="1194" name="RIFINAH" locale="en" creator="2" date_created="2005-02-09 00:00:00.0" concept_name_id="7581" voided="0" uuid="95700d12-07d4-102c-b5fa-0017a47871b2" locale_preferred="false"/>
  <concept_name concept_id="1194" name="RIFAMPICIN AND ISONIAZID" locale="en" creator="2" date_created="2005-02-09 00:00:00.0" concept_name_id="1232" voided="0" uuid="0b5e2638-15f5-102d-96e4-000c29c2a5d7" concept_name_type="FULLY_SPECIFIED" locale_preferred="false"/>
  <concept_name concept_id="1194" name="RH" locale="en" creator="7" date_created="2006-08-08 11:51:48.0" concept_name_id="7569" voided="0" uuid="93c4280e-07d4-102c-b5fa-0017a47871b2" locale_preferred="false"/>
  <concept concept_id="1406" retired="0" datatype_id="4" class_id="3" is_set="0" creator="9" date_created="2006-07-10 16:36:07.0" changed_by="24761" date_changed="2012-09-12 11:16:36.0" uuid="3cda17e0-26fe-102b-80cb-0017a47871b2"/>
  <concept_name concept_id="1406" name="AMK" locale="en" creator="9" date_created="2006-07-10 16:36:07.0" concept_name_id="5558" voided="0" uuid="0b7be358-15f5-102d-96e4-000c29c2a5d7" concept_name_type="SHORT" locale_preferred="false"/>
  <concept_name concept_id="1406" name="AMK" locale="en" creator="9" date_created="2006-07-10 16:36:07.0" concept_name_id="6428" voided="0" uuid="93ec7c1e-07d4-102c-b5fa-0017a47871b2" locale_preferred="false"/>
  <concept_name concept_id="1406" name="AMIKACIN" locale="en" creator="9" date_created="2006-07-10 16:36:07.0" concept_name_id="1522" voided="0" uuid="0b5f911c-15f5-102d-96e4-000c29c2a5d7" concept_name_type="FULLY_SPECIFIED" locale_preferred="true"/>
  <concept concept_id="1411" retired="0" datatype_id="4" class_id="3" is_set="0" creator="9" date_created="2006-07-10 16:40:48.0" changed_by="24761" date_changed="2012-09-12 11:16:46.0" uuid="3cda1f60-26fe-102b-80cb-0017a47871b2"/>
  <concept_name concept_id="1411" name="CM" locale="en" creator="9" date_created="2006-07-10 16:40:48.0" concept_name_id="6659" voided="0" uuid="93c45d6a-07d4-102c-b5fa-0017a47871b2" locale_preferred="false"/>
  <concept_name concept_id="1411" name="CM" locale="en" creator="9" date_created="2006-07-10 16:40:48.0" concept_name_id="5562" voided="0" uuid="0b7be718-15f5-102d-96e4-000c29c2a5d7" concept_name_type="SHORT" locale_preferred="false"/>
  <concept_name concept_id="1411" name="CAPREOMYCIN" locale="en" creator="9" date_created="2006-07-10 16:40:48.0" concept_name_id="1527" voided="0" uuid="0b5f94e6-15f5-102d-96e4-000c29c2a5d7" concept_name_type="FULLY_SPECIFIED" locale_preferred="true"/>
  <concept concept_id="1412" retired="0" datatype_id="4" class_id="3" is_set="0" creator="9" date_created="2006-07-11 10:09:51.0" changed_by="24761" date_changed="2012-09-12 11:16:47.0" uuid="3cda20dc-26fe-102b-80cb-0017a47871b2"/>
  <concept_name concept_id="1412" name="CFZ" locale="en" creator="9" date_created="2006-07-11 10:09:51.0" concept_name_id="5563" voided="0" uuid="93c45126-07d4-102c-b5fa-0017a47871b2" concept_name_type="SHORT" locale_preferred="false"/>
  <concept_name concept_id="1412" name="CLOFAZIMINE" locale="en" creator="9" date_created="2006-07-11 10:09:51.0" concept_name_id="1528" voided="0" uuid="0b5f95d6-15f5-102d-96e4-000c29c2a5d7" concept_name_type="FULLY_SPECIFIED" locale_preferred="true"/>
  <concept_name concept_id="1412" name="CFZ" locale="en" creator="7" date_created="2008-04-24 10:21:01.0" concept_name_id="6608" voided="0" uuid="0b829090-15f5-102d-96e4-000c29c2a5d7" locale_preferred="false"/>
  <concept concept_id="1413" retired="0" datatype_id="4" class_id="3" is_set="0" creator="9" date_created="2006-07-11 10:11:21.0" changed_by="24761" date_changed="2012-09-12 11:16:49.0" uuid="3cda2262-26fe-102b-80cb-0017a47871b2"/>
  <concept_name concept_id="1413" name="CYCLOSERINE" locale="en" creator="9" date_created="2006-07-11 10:11:21.0" concept_name_id="1529" voided="0" uuid="0b5f9702-15f5-102d-96e4-000c29c2a5d7" concept_name_type="FULLY_SPECIFIED" locale_preferred="true"/>
  <concept_name concept_id="1413" name="CS" locale="en" creator="7" date_created="2008-04-24 10:22:19.0" concept_name_id="6705" voided="0" uuid="93c45946-07d4-102c-b5fa-0017a47871b2" locale_preferred="false"/>
  <concept_name concept_id="1413" name="CS" locale="en" creator="9" date_created="2006-07-11 10:11:21.0" concept_name_id="5564" voided="0" uuid="0b7be8f8-15f5-102d-96e4-000c29c2a5d7" concept_name_type="SHORT" locale_preferred="false"/>
  <concept concept_id="1414" retired="0" datatype_id="4" class_id="3" is_set="0" creator="9" date_created="2006-07-11 10:13:40.0" version="" changed_by="24761" date_changed="2011-11-09 11:35:53.0" uuid="3cda2b7c-26fe-102b-80cb-0017a47871b2"/>
  <concept_name concept_id="1414" name="ETHIONAMIDE" locale="en" creator="9" date_created="2006-07-11 10:13:40.0" concept_name_id="1530" voided="0" uuid="0b5f97fc-15f5-102d-96e4-000c29c2a5d7" concept_name_type="FULLY_SPECIFIED" locale_preferred="false"/>
  <concept_name concept_id="1414" name="Ethio" locale="en" creator="9" date_created="2006-07-11 10:13:40.0" concept_name_id="5565" voided="0" uuid="93c40248-07d4-102c-b5fa-0017a47871b2" concept_name_type="SHORT" locale_preferred="false"/>
  <concept_name concept_id="1414" name="ETHIO" locale="en" creator="9" date_created="2006-07-11 10:13:40.0" concept_name_id="6878" voided="0" uuid="956f8446-07d4-102c-b5fa-0017a47871b2" locale_preferred="false"/>
  <concept concept_id="1415" retired="0" datatype_id="4" class_id="3" is_set="0" creator="9" date_created="2006-07-11 10:15:32.0" version="" changed_by="24761" date_changed="2011-11-09 11:35:53.0" uuid="3cda2cf8-26fe-102b-80cb-0017a47871b2"/>
  <concept_name concept_id="1415" name="Prothio" locale="en" creator="9" date_created="2006-07-11 10:15:32.0" concept_name_id="5566" voided="0" uuid="93c41f58-07d4-102c-b5fa-0017a47871b2" concept_name_type="SHORT" locale_preferred="false"/>
  <concept_name concept_id="1415" name="PROTHIO" locale="en" creator="9" date_created="2006-07-11 10:15:32.0" concept_name_id="7493" voided="0" uuid="0b883fcc-15f5-102d-96e4-000c29c2a5d7" locale_preferred="false"/>
  <concept_name concept_id="1415" name="PROTHIONAMIDE" locale="en" creator="9" date_created="2006-07-11 10:15:32.0" concept_name_id="1531" voided="0" uuid="0b5f98ec-15f5-102d-96e4-000c29c2a5d7" concept_name_type="FULLY_SPECIFIED" locale_preferred="false"/>
  <concept concept_id="1416" retired="0" datatype_id="4" class_id="3" is_set="0" creator="9" date_created="2006-07-11 10:21:37.0" changed_by="24761" date_changed="2012-09-12 11:16:51.0" uuid="3cda2e6a-26fe-102b-80cb-0017a47871b2"/>
  <concept_name concept_id="1416" name="GATIFLOXACIN" locale="en" creator="23132" date_created="2009-02-12 11:56:04.0" concept_name_id="8700" voided="0" uuid="0b9017e2-15f5-102d-96e4-000c29c2a5d7" locale_preferred="true"/>
  <concept_name concept_id="1416" name="Gati" locale="en" creator="23132" date_created="2009-02-12 11:56:04.0" concept_name_id="8698" voided="0" uuid="0b9015f8-15f5-102d-96e4-000c29c2a5d7" concept_name_type="FULLY_SPECIFIED" locale_preferred="false"/>
  <concept_name concept_id="1416" name="GFX" locale="en" creator="23132" date_created="2009-02-12 11:56:04.0" concept_name_id="8699" voided="0" uuid="9570554c-07d4-102c-b5fa-0017a47871b2" locale_preferred="false"/>
  <concept concept_id="1417" retired="0" datatype_id="4" class_id="3" is_set="0" creator="9" date_created="2006-07-11 10:23:03.0" changed_by="24761" date_changed="2012-09-12 11:16:53.0" uuid="3cda2ff0-26fe-102b-80cb-0017a47871b2"/>
  <concept_name concept_id="1417" name="KM" locale="en" creator="9" date_created="2006-07-11 10:23:03.0" concept_name_id="5568" voided="0" uuid="0b7bebd2-15f5-102d-96e4-000c29c2a5d7" concept_name_type="SHORT" locale_preferred="false"/>
  <concept_name concept_id="1417" name="KANAMYCIN" locale="en" creator="9" date_created="2006-07-11 10:23:03.0" concept_name_id="1533" voided="0" uuid="0b5f99e6-15f5-102d-96e4-000c29c2a5d7" concept_name_type="FULLY_SPECIFIED" locale_preferred="true"/>
  <concept concept_id="1418" retired="0" datatype_id="4" class_id="3" is_set="0" creator="9" date_created="2006-07-11 10:26:16.0" changed_by="24761" date_changed="2012-09-12 11:16:54.0" uuid="3cda316c-26fe-102b-80cb-0017a47871b2"/>
  <concept_name concept_id="1418" name="OFLOXACIN" locale="en" creator="9" date_created="2006-07-11 10:26:16.0" concept_name_id="1534" voided="0" uuid="0b5f9ad6-15f5-102d-96e4-000c29c2a5d7" concept_name_type="FULLY_SPECIFIED" locale_preferred="true"/>
  <concept_name concept_id="1418" name="OFX" locale="en" creator="9" date_created="2006-07-11 10:26:16.0" concept_name_id="5569" voided="0" uuid="93c44d0c-07d4-102c-b5fa-0017a47871b2" concept_name_type="SHORT" locale_preferred="false"/>
  <concept concept_id="1419" retired="0" datatype_id="4" class_id="3" is_set="0" creator="9" date_created="2006-07-11 10:31:09.0" changed_by="24761" date_changed="2012-09-12 11:16:56.0" uuid="3cda32e8-26fe-102b-80cb-0017a47871b2"/>
  <concept_name concept_id="1419" name="PAS" locale="en" creator="9" date_created="2006-07-11 10:31:09.0" concept_name_id="5570" voided="0" uuid="93b56080-07d4-102c-b5fa-0017a47871b2" concept_name_type="SHORT" locale_preferred="false"/>
  <concept_name concept_id="1419" name="P-AMINOSALICYLIC ACID" locale="en" creator="9" date_created="2006-07-11 10:31:09.0" concept_name_id="7382" voided="0" uuid="94b8fad2-07d4-102c-b5fa-0017a47871b2" locale_preferred="false"/>
  <concept_name concept_id="1419" name="PARA-AMINOSALICYLIC ACID" locale="en" creator="9" date_created="2006-07-11 10:31:09.0" concept_name_id="1535" voided="0" uuid="3e19e25c-26fe-102b-80cb-0017a47871b2" concept_name_type="FULLY_SPECIFIED" locale_preferred="true"/>
  <concept concept_id="1634" retired="0" datatype_id="4" class_id="3" is_set="0" creator="9" date_created="2006-09-11 15:46:45.0" version="" changed_by="24761" date_changed="2011-11-09 11:35:54.0" uuid="3cdc6df6-26fe-102b-80cb-0017a47871b2"/>
  <concept_name concept_id="1634" name="TERIZIDONE" locale="en" creator="9" date_created="2006-09-11 15:46:45.0" concept_name_id="1782" voided="0" uuid="0b61d828-15f5-102d-96e4-000c29c2a5d7" concept_name_type="FULLY_SPECIFIED" locale_preferred="false"/>
  <concept_name concept_id="1634" name="TRD" locale="en" creator="9" date_created="2006-09-11 15:46:45.0" concept_name_id="5616" voided="0" uuid="93c46184-07d4-102c-b5fa-0017a47871b2" concept_name_type="SHORT" locale_preferred="false"/>
  <concept_name concept_id="1634" name="TRD" locale="en" creator="7" date_created="2008-04-24 11:04:50.0" concept_name_id="7807" voided="0" uuid="0b89c8d8-15f5-102d-96e4-000c29c2a5d7" locale_preferred="false"/>
  <concept concept_id="2457" retired="0" datatype_id="4" class_id="3" is_set="0" creator="7" date_created="2007-06-26 10:20:36.0" changed_by="24761" date_changed="2012-09-12 11:21:53.0" uuid="3ce4294c-26fe-102b-80cb-0017a47871b2"/>
  <concept_name concept_id="2457" name="VIOMYCIN" locale="en" creator="7" date_created="2007-06-26 10:20:36.0" concept_name_id="2641" voided="0" uuid="0b671afe-15f5-102d-96e4-000c29c2a5d7" concept_name_type="FULLY_SPECIFIED" locale_preferred="true"/>
  <concept_name concept_id="2457" name="VIOCIN" locale="en" creator="7" date_created="2007-06-26 10:20:36.0" concept_name_id="7876" voided="0" uuid="95704890-07d4-102c-b5fa-0017a47871b2" locale_preferred="false"/>
  <concept_name concept_id="2457" name="Vi" locale="en" creator="7" date_created="2007-06-26 10:20:36.0" concept_name_id="5939" voided="0" uuid="93c43c7c-07d4-102c-b5fa-0017a47871b2" concept_name_type="SHORT" locale_preferred="false"/>
  <concept concept_id="2459" retired="0" datatype_id="4" class_id="3" is_set="0" creator="7" date_created="2007-06-26 10:44:11.0" changed_by="24761" date_changed="2012-09-12 11:21:55.0" uuid="3ce42c3a-26fe-102b-80cb-0017a47871b2"/>
  <concept_name concept_id="2459" name="CLARIPEN" locale="en" creator="7" date_created="2007-06-26 10:44:11.0" concept_name_id="6645" voided="0" uuid="95707e6e-07d4-102c-b5fa-0017a47871b2" locale_preferred="false"/>
  <concept_name concept_id="2459" name="BIAXIN" locale="en" creator="7" date_created="2007-06-26 10:44:11.0" concept_name_id="6532" voided="0" uuid="93ee35cc-07d4-102c-b5fa-0017a47871b2" locale_preferred="false"/>
  <concept_name concept_id="2459" name="CLARITHROMYCIN" locale="en" creator="7" date_created="2007-06-26 10:44:11.0" concept_name_id="2643" voided="0" uuid="0b671ce8-15f5-102d-96e4-000c29c2a5d7" concept_name_type="FULLY_SPECIFIED" locale_preferred="true"/>
  <concept_name concept_id="2459" name="KLACID" locale="en" creator="7" date_created="2007-06-26 10:44:11.0" concept_name_id="7142" voided="0" uuid="94aebca2-07d4-102c-b5fa-0017a47871b2" locale_preferred="false"/>
  <concept_name concept_id="2459" name="CLR" locale="en" creator="7" date_created="2007-06-26 10:44:11.0" concept_name_id="5940" voided="0" uuid="93c45522-07d4-102c-b5fa-0017a47871b2" concept_name_type="SHORT" locale_preferred="false"/>
  <concept_name concept_id="2459" name="CLARIDAR" locale="en" creator="7" date_created="2007-06-26 10:44:11.0" concept_name_id="6644" voided="0" uuid="95708292-07d4-102c-b5fa-0017a47871b2" locale_preferred="false"/>
  <concept concept_id="2460" retired="0" datatype_id="4" class_id="3" is_set="0" creator="7" date_created="2007-06-26 10:47:46.0" changed_by="24761" date_changed="2012-09-12 11:21:57.0" uuid="3ce42dc0-26fe-102b-80cb-0017a47871b2"/>
  <concept_name concept_id="2460" name="RFB" locale="en" creator="7" date_created="2007-06-26 10:47:46.0" concept_name_id="5941" voided="0" uuid="93c423fe-07d4-102c-b5fa-0017a47871b2" concept_name_type="SHORT" locale_preferred="false"/>
  <concept_name concept_id="2460" name="RIFABUTIN" locale="en" creator="7" date_created="2007-06-26 10:47:46.0" concept_name_id="7577" voided="0" uuid="95700452-07d4-102c-b5fa-0017a47871b2" locale_preferred="false"/>
  <concept_name concept_id="2460" name="RIFABUTINE" locale="en" creator="7" date_created="2007-06-26 10:47:46.0" concept_name_id="2644" voided="0" uuid="0b671dd8-15f5-102d-96e4-000c29c2a5d7" concept_name_type="FULLY_SPECIFIED" locale_preferred="true"/>
  <concept concept_id="450" retired="0" datatype_id="4" class_id="3" is_set="0" creator="2" date_created="2004-01-01 00:00:00.0" version="" changed_by="24761" date_changed="2011-11-09 11:35:54.0" uuid="3cd11a3c-26fe-102b-80cb-0017a47871b2"/>
  <concept_name concept_id="450" name="AUGMENTIN SYRUP" locale="en" creator="4" date_created="2004-10-20 00:00:00.0" concept_name_id="6496" voided="0" uuid="0b81e7da-15f5-102d-96e4-000c29c2a5d7" locale_preferred="false"/>
  <concept_name concept_id="450" name="AUGMENTIN" locale="en" creator="2" date_created="2005-02-18 00:41:51.0" concept_name_id="6495" voided="0" uuid="0b81e6ea-15f5-102d-96e4-000c29c2a5d7" locale_preferred="false"/>
  <concept_name concept_id="450" name="AMX/CLV" locale="en" creator="2" date_created="2004-01-01 00:00:00.0" concept_name_id="5436" voided="0" uuid="93c11876-07d4-102c-b5fa-0017a47871b2" concept_name_type="SHORT" locale_preferred="false"/>
  <concept_name concept_id="450" name="AMOXICILLIN AND CLAVULANIC ACID" locale="en" creator="2" date_created="2004-01-01 00:00:00.0" concept_name_id="462" voided="0" uuid="0b5986e6-15f5-102d-96e4-000c29c2a5d7" concept_name_type="FULLY_SPECIFIED" locale_preferred="false"/>
  <concept concept_id="5829" retired="0" datatype_id="4" class_id="3" is_set="0" creator="2" date_created="2004-08-12 00:00:00.0" changed_by="24761" date_changed="2012-09-12 11:34:19.0" uuid="3cf0c0f8-26fe-102b-80cb-0017a47871b2"/>
  <concept_name concept_id="5829" name="PYRAZINAMIDE" locale="en" creator="2" date_created="2004-08-12 00:00:00.0" concept_name_id="4199" voided="0" uuid="0b736818-15f5-102d-96e4-000c29c2a5d7" concept_name_type="FULLY_SPECIFIED" locale_preferred="true"/>
  <concept_name concept_id="5829" name="Z" locale="en" creator="2" date_created="2004-08-12 00:00:00.0" concept_name_id="6187" voided="0" uuid="93c10f84-07d4-102c-b5fa-0017a47871b2" concept_name_type="SHORT" locale_preferred="false"/>
  <concept concept_id="740" retired="0" datatype_id="4" class_id="3" is_set="0" creator="2" date_created="2004-03-20 00:00:00.0" changed_by="24761" date_changed="2012-09-12 11:14:04.0" uuid="3cd3e154-26fe-102b-80cb-0017a47871b2"/>
  <concept_name concept_id="740" name="CIPROFLOXACIN" locale="en" creator="2" date_created="2004-03-20 00:00:00.0" concept_name_id="756" voided="0" uuid="0b5b0a0c-15f5-102d-96e4-000c29c2a5d7" concept_name_type="FULLY_SPECIFIED" locale_preferred="true"/>
  <concept_name concept_id="740" name="CIPRO" locale="en" creator="2" date_created="2005-02-18 11:02:09.0" concept_name_id="6640" voided="0" uuid="0b82af3a-15f5-102d-96e4-000c29c2a5d7" locale_preferred="false"/>
  <concept_name concept_id="740" name="CPX" locale="en" creator="2" date_created="2004-03-20 00:00:00.0" concept_name_id="5451" voided="0" uuid="93c11cf4-07d4-102c-b5fa-0017a47871b2" concept_name_type="SHORT" locale_preferred="false"/>
  <concept concept_id="755" retired="0" datatype_id="4" class_id="3" is_set="0" creator="2" date_created="2003-03-20 00:00:00.0" changed_by="24761" date_changed="2012-09-12 11:14:09.0" uuid="3cd3f8c4-26fe-102b-80cb-0017a47871b2"/>
  <concept_name concept_id="755" name="LEVAQUIN" locale="en" creator="4" date_created="2004-10-20 00:00:00.0" concept_name_id="7178" voided="0" uuid="0b861f08-15f5-102d-96e4-000c29c2a5d7" locale_preferred="false"/>
  <concept_name concept_id="755" name="LEVOFLOXACIN" locale="en" creator="2" date_created="2003-03-20 00:00:00.0" concept_name_id="771" voided="0" uuid="0b5b1dee-15f5-102d-96e4-000c29c2a5d7" concept_name_type="FULLY_SPECIFIED" locale_preferred="true"/>
  <concept_name concept_id="755" name="LFX" locale="en" creator="2" date_created="2003-03-20 00:00:00.0" concept_name_id="5455" voided="0" uuid="93c1230c-07d4-102c-b5fa-0017a47871b2" concept_name_type="SHORT" locale_preferred="false"/>
  <concept_name concept_id="755" name="LEVOFLOX" locale="en" creator="4" date_created="2004-10-20 00:00:00.0" concept_name_id="7179" voided="0" uuid="0b861ff8-15f5-102d-96e4-000c29c2a5d7" locale_preferred="false"/>
  <concept concept_id="766" retired="0" datatype_id="4" class_id="3" is_set="0" creator="2" date_created="2004-03-20 00:00:00.0" version="" changed_by="24761" date_changed="2011-11-09 11:35:55.0" uuid="3cd409d6-26fe-102b-80cb-0017a47871b2"/>
  <concept_name concept_id="766" name="B6" locale="en" creator="2" date_created="2004-03-20 00:00:00.0" concept_name_id="5456" voided="0" uuid="93c3eee8-07d4-102c-b5fa-0017a47871b2" concept_name_type="SHORT" locale_preferred="false"/>
  <concept_name concept_id="766" name="PYRIDOXINE/B6" locale="en" creator="7" date_created="2007-06-26 10:52:08.0" concept_name_id="7504" voided="0" uuid="956f4dfa-07d4-102c-b5fa-0017a47871b2" locale_preferred="false"/>
  <concept_name concept_id="766" name="PYRIDOXINE" locale="en" creator="2" date_created="2004-03-20 00:00:00.0" concept_name_id="782" voided="0" uuid="0b5b2848-15f5-102d-96e4-000c29c2a5d7" concept_name_type="FULLY_SPECIFIED" locale_preferred="false"/>
  <concept concept_id="955" retired="0" datatype_id="4" class_id="3" is_set="0" creator="2" date_created="2004-08-30 00:00:00.0" changed_by="24761" date_changed="2012-09-12 11:14:22.0" uuid="3cd5af34-26fe-102b-80cb-0017a47871b2"/>
  <concept_name concept_id="955" name="AVELOX" locale="en" creator="4" date_created="2004-10-20 00:00:00.0" concept_name_id="6498" voided="0" uuid="0b81e9ce-15f5-102d-96e4-000c29c2a5d7" locale_preferred="false"/>
  <concept_name concept_id="955" name="Moxi" locale="en" creator="2" date_created="2004-08-30 00:00:00.0" concept_name_id="5477" voided="0" uuid="93c12744-07d4-102c-b5fa-0017a47871b2" concept_name_type="SHORT" locale_preferred="false"/>
  <concept_name concept_id="955" name="MOXIFLOXACIN" locale="en" creator="2" date_created="2004-08-30 00:00:00.0" concept_name_id="979" voided="0" uuid="0b5d1676-15f5-102d-96e4-000c29c2a5d7" concept_name_type="FULLY_SPECIFIED" locale_preferred="true"/>
  <concept concept_id="1614" retired="0" datatype_id="4" class_id="3" is_set="0" creator="6" date_created="2006-09-06 17:13:10.0" version="" changed_by="24761" date_changed="2011-11-09 11:35:54.0" uuid="3cdc503c-26fe-102b-80cb-0017a47871b2"/>
  <concept_name concept_id="1614" name="RHE" locale="en" creator="6" date_created="2006-09-06 17:13:10.0" concept_name_id="7571" voided="0" uuid="0b888ed2-15f5-102d-96e4-000c29c2a5d7" locale_preferred="false"/>
  <concept_name concept_id="1614" name="RIFAMPICIN ISONIAZID AND ETHAMBUTOL" locale="en" creator="6" date_created="2006-09-06 17:13:10.0" concept_name_id="1760" voided="0" uuid="3e1c2080-26fe-102b-80cb-0017a47871b2" concept_name_type="FULLY_SPECIFIED" locale_preferred="false"/>
  <concept_name concept_id="1614" name="RHE" locale="en" creator="6" date_created="2006-09-06 17:13:10.0" concept_name_id="5611" voided="0" uuid="0b7c195e-15f5-102d-96e4-000c29c2a5d7" concept_name_type="SHORT" locale_preferred="false"/>
  <concept concept_id="3013" retired="0" datatype_id="4" class_id="11" is_set="1" creator="23132" date_created="2008-04-17 11:10:28.0" version="" date_changed="2009-02-10 14:39:59.0" uuid="d8252da3-eac3-417e-9f84-b747f07c1c09"/>
  <concept_name concept_id="3013" name="FIRST-LINE TUBERCULOSIS DRUGS" locale="en" creator="23132" date_created="2008-04-17 11:10:28.0" concept_name_id="3233" voided="0" uuid="0b6afafc-15f5-102d-96e4-000c29c2a5d7" concept_name_type="FULLY_SPECIFIED" locale_preferred="false"/>
  <concept_name concept_id="3013" name="first-line tb drugs" locale="en" creator="23132" date_created="2008-04-17 11:10:28.0" concept_name_id="6105" voided="0" uuid="93c18bbc-07d4-102c-b5fa-0017a47871b2" concept_name_type="SHORT" locale_preferred="false"/>
  <concept_set concept_set_id="82" concept_id="656" concept_set="3013" sort_weight="0.0" creator="23132" date_created="2008-04-17 11:10:28.0" uuid="208dbf5b-15fe-4264-9406-015f5a409eb0"/>
  <concept_set concept_set_id="111" concept_id="767" concept_set="3013" sort_weight="1.0" creator="23132" date_created="2008-04-17 11:10:28.0" uuid="b5951512-3e50-42c0-a638-5332eab5a975"/>
  <concept_set concept_set_id="102" concept_id="745" concept_set="3013" sort_weight="2.0" creator="23132" date_created="2008-04-17 11:10:28.0" uuid="cc37ba2d-27e7-4557-a180-c4109c3b1036"/>
  <concept_set concept_set_id="1153" concept_id="5829" concept_set="3013" sort_weight="3.0" creator="23132" date_created="2008-04-17 11:10:28.0" uuid="3ca46f24-cd9d-4743-b37e-c486210d596a"/>
  <concept concept_id="2848" retired="0" datatype_id="4" class_id="9" is_set="1" creator="7" date_created="2007-11-05 18:27:21.0" version="" changed_by="7" date_changed="2010-12-07 12:01:25.0" uuid="3ce85288-26fe-102b-80cb-0017a47871b2"/>
  <concept_name concept_id="2848" name="SECOND LINE TUBERCULOSIS DRUGS" locale="en" creator="7" date_created="2007-11-05 18:27:21.0" concept_name_id="3066" voided="0" uuid="3e39e67e-26fe-102b-80cb-0017a47871b2" concept_name_type="FULLY_SPECIFIED" locale_preferred="false"/>
  <concept_name concept_id="2848" name="SECOND LINE TB DRUGS" locale="en" creator="7" date_created="2007-11-05 18:27:21.0" concept_name_id="7618" voided="0" void_reason="" uuid="95666bc2-07d4-102c-b5fa-0017a47871b2" locale_preferred="false"/>
  <concept_set concept_set_id="206" concept_id="1107" concept_set="2848" sort_weight="0.0" creator="7" date_created="2007-11-05 18:30:49.0" uuid="3f28f192-26fe-102b-80cb-0017a47871b2"/>
  <concept_set concept_set_id="321" concept_id="1406" concept_set="2848" sort_weight="1.0" creator="7" date_created="2007-11-05 18:30:49.0" uuid="3f2a21ca-26fe-102b-80cb-0017a47871b2"/>
  <concept_set concept_set_id="325" concept_id="1411" concept_set="2848" sort_weight="2.0" creator="7" date_created="2007-11-05 18:30:49.0" uuid="3f2a23f0-26fe-102b-80cb-0017a47871b2"/>
  <concept_set concept_set_id="329" concept_id="1412" concept_set="2848" sort_weight="3.0" creator="7" date_created="2007-11-05 18:30:49.0" uuid="3f2a260c-26fe-102b-80cb-0017a47871b2"/>
  <concept_set concept_set_id="331" concept_id="1413" concept_set="2848" sort_weight="4.0" creator="7" date_created="2007-11-05 18:30:49.0" uuid="3f2a281e-26fe-102b-80cb-0017a47871b2"/>
  <concept_set concept_set_id="335" concept_id="1414" concept_set="2848" sort_weight="5.0" creator="7" date_created="2007-11-05 18:30:49.0" uuid="3f2a2a44-26fe-102b-80cb-0017a47871b2"/>
  <concept_set concept_set_id="339" concept_id="1415" concept_set="2848" sort_weight="6.0" creator="7" date_created="2007-11-05 18:30:49.0" uuid="3f2a2c60-26fe-102b-80cb-0017a47871b2"/>
  <concept_set concept_set_id="343" concept_id="1416" concept_set="2848" sort_weight="7.0" creator="7" date_created="2007-11-05 18:30:49.0" uuid="3f2a2e7c-26fe-102b-80cb-0017a47871b2"/>
  <concept_set concept_set_id="345" concept_id="1417" concept_set="2848" sort_weight="8.0" creator="7" date_created="2007-11-05 18:30:49.0" uuid="3f2a30fc-26fe-102b-80cb-0017a47871b2"/>
  <concept_set concept_set_id="349" concept_id="1418" concept_set="2848" sort_weight="9.0" creator="7" date_created="2007-11-05 18:30:49.0" uuid="3f2a3318-26fe-102b-80cb-0017a47871b2"/>
  <concept_set concept_set_id="353" concept_id="1419" concept_set="2848" sort_weight="10.0" creator="7" date_created="2007-11-05 18:30:49.0" uuid="3f2a3534-26fe-102b-80cb-0017a47871b2"/>
  <concept_set concept_set_id="451" concept_id="1634" concept_set="2848" sort_weight="11.0" creator="7" date_created="2007-11-05 18:30:49.0" uuid="3f2ac2c4-26fe-102b-80cb-0017a47871b2"/>
  <concept_set concept_set_id="592" concept_id="2457" concept_set="2848" sort_weight="12.0" creator="7" date_created="2007-11-05 18:30:49.0" uuid="3f2be924-26fe-102b-80cb-0017a47871b2"/>
  <concept_set concept_set_id="594" concept_id="2459" concept_set="2848" sort_weight="13.0" creator="7" date_created="2007-11-05 18:30:49.0" uuid="3f2beb72-26fe-102b-80cb-0017a47871b2"/>
  <concept_set concept_set_id="598" concept_id="2460" concept_set="2848" sort_weight="14.0" creator="7" date_created="2007-11-05 18:30:49.0" uuid="3f2bedf2-26fe-102b-80cb-0017a47871b2"/>
  <concept_set concept_set_id="51" concept_id="450" concept_set="2848" sort_weight="15.0" creator="7" date_created="2007-11-05 18:30:49.0" uuid="3f27f99a-26fe-102b-80cb-0017a47871b2"/>
  <concept_set concept_set_id="1149" concept_id="5622" concept_set="2848" sort_weight="16.0" creator="7" date_created="2007-11-05 18:30:49.0" uuid="3f2dfaca-26fe-102b-80cb-0017a47871b2"/>
  <concept_set concept_set_id="98" concept_id="740" concept_set="2848" sort_weight="17.0" creator="7" date_created="2007-11-05 18:30:49.0" uuid="3f285e76-26fe-102b-80cb-0017a47871b2"/>
  <concept_set concept_set_id="105" concept_id="755" concept_set="2848" sort_weight="18.0" creator="7" date_created="2007-11-05 18:30:49.0" uuid="3f28615a-26fe-102b-80cb-0017a47871b2"/>
  <concept_set concept_set_id="109" concept_id="766" concept_set="2848" sort_weight="19.0" creator="7" date_created="2007-11-05 18:30:49.0" uuid="3f286344-26fe-102b-80cb-0017a47871b2"/>
  <concept_set concept_set_id="160" concept_id="955" concept_set="2848" sort_weight="20.0" creator="7" date_created="2007-11-05 18:30:49.0" uuid="3f28d0d6-26fe-102b-80cb-0017a47871b2"/>
  <concept concept_id="6868" retired="0" datatype_id="4" class_id="9" is_set="1" creator="7" date_created="2010-08-16 11:27:55.0" version="" changed_by="23132" date_changed="2010-08-17 05:25:30.0" uuid="df15bb86-c89b-41da-b8cd-aa31f73aa4b0"/>
  <concept_name concept_id="6868" name="DIABETES TREATMENT DRUGS" locale="en" creator="7" date_created="2010-08-16 11:27:55.0" concept_name_id="14114" voided="0" uuid="7c47d005-e772-4cfb-9efc-674f844ccf24" concept_name_type="FULLY_SPECIFIED" locale_preferred="false"/>
  <concept_set concept_set_id="1287" concept_id="4052" concept_set="6868" sort_weight="0.0" creator="7" date_created="2010-08-16 11:27:55.0" uuid="cbcaa643-aeba-49b0-a7bb-c987976245ab"/>
  <concept_set concept_set_id="1286" concept_id="4046" concept_set="6868" sort_weight="1.0" creator="7" date_created="2010-08-16 11:27:55.0" uuid="70068173-81a7-4d67-ac26-2a329ca790d6"/>
  <concept_set concept_set_id="1308" concept_id="3182" concept_set="6868" sort_weight="2.0" creator="7" date_created="2010-08-16 12:14:03.0" uuid="648c6845-d630-44b2-bbbd-b4641f531791"/>
  <concept_set concept_set_id="1309" concept_id="282" concept_set="6868" sort_weight="3.0" creator="7" date_created="2010-08-16 12:14:03.0" uuid="96a958b8-34d4-4c02-a26a-20f44e7b1383"/>
  <concept_set concept_set_id="1310" concept_id="279" concept_set="6868" sort_weight="4.0" creator="7" date_created="2010-08-16 12:14:03.0" uuid="c6625c2b-ab4b-4c44-851e-789568ed1df0"/>
  <concept_set concept_set_id="1311" concept_id="6746" concept_set="6868" sort_weight="5.0" creator="7" date_created="2010-08-16 12:14:03.0" uuid="98bb9142-3db1-411a-a38d-e08a2075092a"/>
  <concept_set concept_set_id="1313" concept_id="6872" concept_set="6868" sort_weight="6.0" creator="7" date_created="2010-08-16 12:16:53.0" uuid="93c4ac97-9724-47da-ac03-03a297a750a2"/>
  <concept concept_id="4052" retired="0" datatype_id="4" class_id="3" is_set="0" creator="24761" date_created="2009-01-09 18:20:12.0" changed_by="24822" date_changed="2012-09-17 10:19:11.0" uuid="09c64c66-11d5-4fac-8848-9fd33206fefd"/>
  <concept_name concept_id="4052" name="GLUCOPHAGE" locale="en" creator="24761" date_created="2009-07-22 22:02:15.0" concept_name_id="9435" voided="0" uuid="0b94b068-15f5-102d-96e4-000c29c2a5d7" locale_preferred="false"/>
  <concept_name concept_id="4052" name="METFORMIN" locale="en" creator="24761" date_created="2009-01-09 18:20:12.0" concept_name_id="5412" voided="0" uuid="0a88eeaa-ef17-4824-af7f-ddc52feafce5" concept_name_type="FULLY_SPECIFIED" locale_preferred="true"/>
  <concept concept_id="6869" retired="0" datatype_id="4" class_id="9" is_set="1" creator="7" date_created="2010-08-16 11:41:40.0" version="" changed_by="23132" date_changed="2010-08-17 05:27:11.0" uuid="23d0b57c-28ed-43e4-9c95-e2897bc7c5e9"/>
  <concept_name concept_id="6869" name="CRD medications set" locale="en" creator="7" date_created="2010-08-16 11:41:40.0" concept_name_id="14118" voided="0" void_reason="" uuid="4e3d7fbd-e876-4125-81f9-f7cfb6b3cdc2" locale_preferred="false"/>
  <concept_name concept_id="6869" name="CHRONIC RESPIRATORY DISEASE TREATMENT DRUGS" locale="en" creator="7" date_created="2010-08-16 11:41:40.0" concept_name_id="14117" voided="0" uuid="d460b588-aefd-4ef7-b6c8-4f2f6698b79d" concept_name_type="FULLY_SPECIFIED" locale_preferred="false"/>
  <concept_set concept_set_id="1288" concept_id="798" concept_set="6869" sort_weight="0.0" creator="7" date_created="2010-08-16 11:41:40.0" uuid="f872e1d9-85f0-4dcb-8c8a-fd9495aa8e0d"/>
  <concept_set concept_set_id="1289" concept_id="1240" concept_set="6869" sort_weight="1.0" creator="7" date_created="2010-08-16 11:41:40.0" uuid="265c318c-9fcb-4b6e-bef2-082e1a26dfdb"/>
  <concept_set concept_set_id="1291" concept_id="928" concept_set="6869" sort_weight="2.0" creator="7" date_created="2010-08-16 11:48:17.0" uuid="1d783074-0049-4a85-be34-29d665b5540c"/>
  <concept_set concept_set_id="1314" concept_id="491" concept_set="6869" sort_weight="3.0" creator="7" date_created="2010-08-16 12:32:23.0" uuid="939348eb-fa80-42fc-b24f-1e7c822b8ef2"/>
  <concept concept_id="928" retired="0" datatype_id="4" class_id="3" is_set="0" creator="24761" date_created="2004-07-26 06:00:00.0" changed_by="24822" date_changed="2012-09-17 10:19:11.0" uuid="3cd52a78-26fe-102b-80cb-0017a47871b2"/>
  <concept_name concept_id="928" name="Theophylline" locale="en" creator="24761" date_created="2010-08-16 17:47:32.0" concept_name_id="14121" voided="0" uuid="57f2fda9-12d8-4158-a3e6-6896a39f2599" locale_preferred="false"/>
  <concept_name concept_id="928" name="AMINOPHYLLINE" locale="en" creator="24761" date_created="2004-07-26 06:00:00.0" concept_name_id="952" voided="0" uuid="3e1312c4-26fe-102b-80cb-0017a47871b2" concept_name_type="FULLY_SPECIFIED" locale_preferred="true"/>
  <concept concept_id="491" retired="0" datatype_id="4" class_id="3" is_set="0" creator="24761" date_created="2004-01-01 07:00:00.0" changed_by="24822" date_changed="2012-09-17 10:19:11.0" uuid="3cd15ac4-26fe-102b-80cb-0017a47871b2"/>
  <concept_name concept_id="491" name="PREDNISONE" locale="en" creator="24761" date_created="2004-01-01 07:00:00.0" concept_name_id="503" voided="0" uuid="3e0ef1ee-26fe-102b-80cb-0017a47871b2" concept_name_type="FULLY_SPECIFIED" locale_preferred="true"/>
  <concept concept_id="7340" retired="0" datatype_id="4" class_id="9" is_set="1" creator="24821" date_created="2012-09-25 19:31:48.0" uuid="f0339d98-3b36-45be-a45c-d447550aff96"/>
  <concept_name concept_id="7340" name="HYPERTENSION TREATMENT DRUGS" locale="en" creator="24821" date_created="2012-09-25 19:31:48.0" concept_name_id="14971" voided="0" uuid="e2069149-7e56-455d-9212-e798f0f33cd5" concept_name_type="FULLY_SPECIFIED" locale_preferred="true"/>
  <concept_set concept_set_id="1527" concept_id="1242" concept_set="7340" sort_weight="0.0" creator="24821" date_created="2012-09-25 19:31:48.0" uuid="eb03330b-6783-4cd0-8477-26ea9db50225"/>
  <concept_set concept_set_id="1525" concept_id="3182" concept_set="7340" sort_weight="1.0" creator="24821" date_created="2012-09-25 19:31:49.0" uuid="646f9a18-cd88-4d6d-946d-f40ef326767e"/>
  <concept_set concept_set_id="1518" concept_id="3187" concept_set="7340" sort_weight="2.0" creator="24821" date_created="2012-09-25 19:31:49.0" uuid="5dafd3c2-35c3-4d7e-9284-be4c2a1b917f"/>
  <concept_set concept_set_id="1519" concept_id="250" concept_set="7340" sort_weight="3.0" creator="24821" date_created="2012-09-25 19:31:49.0" uuid="7ddb19e1-ec32-440e-9bd1-650591c98c2f"/>
  <concept_set concept_set_id="1521" concept_id="1243" concept_set="7340" sort_weight="4.0" creator="24821" date_created="2012-09-25 19:31:49.0" uuid="1a56b5f7-d32e-4440-b80d-aa2dc27e4f06"/>
  <concept_set concept_set_id="1520" concept_id="6769" concept_set="7340" sort_weight="5.0" creator="24821" date_created="2012-09-25 19:31:49.0" uuid="2534d95a-60bf-4760-baf9-fbba36dd7f53"/>
  <concept_set concept_set_id="1523" concept_id="929" concept_set="7340" sort_weight="6.0" creator="24821" date_created="2012-09-25 19:31:49.0" uuid="0808c076-0248-4065-93af-04799ea9835b"/>
  <concept_set concept_set_id="1524" concept_id="99" concept_set="7340" sort_weight="7.0" creator="24821" date_created="2012-09-25 19:31:49.0" uuid="7bb09c6a-7702-4e1d-a098-a0837cb5016e"/>
  <concept_set concept_set_id="1526" concept_id="3183" concept_set="7340" sort_weight="8.0" creator="24821" date_created="2012-09-25 19:31:49.0" uuid="2b549c21-a5b0-406e-a090-157ec2a1b2ff"/>
  <concept_set concept_set_id="1522" concept_id="251" concept_set="7340" sort_weight="9.0" creator="24821" date_created="2012-09-25 19:31:49.0" uuid="223b82e3-da69-4f11-aee9-0664469bd13e"/>
  <concept concept_id="1242" retired="0" datatype_id="4" class_id="3" is_set="0" creator="2" date_created="2005-02-18 10:58:00.0" changed_by="24822" date_changed="2012-09-17 10:19:11.0" uuid="3cd90a12-26fe-102b-80cb-0017a47871b2"/>
  <concept_name concept_id="1242" name="ENALAPRIL" locale="en" creator="2" date_created="2005-02-18 10:58:00.0" concept_name_id="1280" voided="0" uuid="3e171dc4-26fe-102b-80cb-0017a47871b2" concept_name_type="FULLY_SPECIFIED" locale_preferred="true"/>
  <concept_name concept_id="1242" name="VASOTEC" locale="en" creator="2" date_created="2005-02-18 10:58:00.0" concept_name_id="7869" voided="0" uuid="956c2f6c-07d4-102c-b5fa-0017a47871b2" locale_preferred="false"/>
  <concept concept_id="3187" retired="0" datatype_id="4" class_id="3" is_set="0" creator="24761" date_created="2008-06-17 19:42:32.0" changed_by="24822" date_changed="2012-09-17 10:19:11.0" uuid="bc20d803-f368-4177-8b36-d1812a977ae2"/>
  <concept_name concept_id="3187" name="AMLODIPINE" locale="en" creator="24761" date_created="2008-06-17 19:42:32.0" concept_name_id="4532" voided="0" uuid="0b7518b6-15f5-102d-96e4-000c29c2a5d7" concept_name_type="FULLY_SPECIFIED" locale_preferred="true"/>
  <concept_name concept_id="3187" name="NORVASC" locale="en" creator="24761" date_created="2008-06-17 19:42:32.0" concept_name_id="7308" voided="0" uuid="0b86a612-15f5-102d-96e4-000c29c2a5d7" locale_preferred="false"/>
  <concept concept_id="250" retired="0" datatype_id="4" class_id="3" is_set="0" creator="24761" date_created="2004-01-01 07:00:00.0" changed_by="24822" date_changed="2012-09-17 10:19:11.0" uuid="3ccee00a-26fe-102b-80cb-0017a47871b2"/>
  <concept_name concept_id="250" name="NIFEDIPINE" locale="en" creator="24761" date_created="2004-01-01 07:00:00.0" concept_name_id="262" voided="0" uuid="3e0c3e54-26fe-102b-80cb-0017a47871b2" concept_name_type="FULLY_SPECIFIED" locale_preferred="true"/>
  <concept_name concept_id="250" name="PROCARDIA" locale="en" creator="24761" date_created="2005-02-16 22:12:07.0" concept_name_id="7485" voided="0" uuid="9563f590-07d4-102c-b5fa-0017a47871b2" locale_preferred="false"/>
  <concept_name concept_id="250" name="ADALAT TABLETS" locale="en" creator="24761" date_created="2004-10-20 06:00:00.0" concept_name_id="6397" voided="0" uuid="93ebf6d6-07d4-102c-b5fa-0017a47871b2" locale_preferred="false"/>
  <concept_name concept_id="250" name="ADALAT" locale="en" creator="24761" date_created="2005-02-16 22:12:07.0" concept_name_id="6396" voided="0" uuid="93ebf212-07d4-102c-b5fa-0017a47871b2" locale_preferred="false"/>
  <concept concept_id="6769" retired="0" datatype_id="4" class_id="3" is_set="0" creator="7" date_created="2010-06-21 16:43:02.0" changed_by="24822" date_changed="2012-09-17 10:19:11.0" uuid="98042566-aedc-442d-96b3-d055d3dd7d81"/>
  <concept_name concept_id="6769" name="Cozaar" locale="en" creator="7" date_created="2010-06-21 16:43:02.0" concept_name_id="9991" voided="0" uuid="1fcf7339-79f8-41e6-aa8f-83f83cddb899" locale_preferred="false"/>
  <concept_name concept_id="6769" name="Losartan" locale="en" creator="7" date_created="2010-06-21 16:43:02.0" concept_name_id="9992" voided="0" uuid="1a095b60-39c3-49e1-a085-b49cb7ebcc31" concept_name_type="FULLY_SPECIFIED" locale_preferred="true"/>
  <concept concept_id="929" retired="0" datatype_id="4" class_id="3" is_set="0" creator="24761" date_created="2004-07-26 06:00:00.0" changed_by="24822" date_changed="2012-09-17 10:19:11.0" uuid="3cd52bfe-26fe-102b-80cb-0017a47871b2"/>
  <concept_name concept_id="929" name="HYDRALAZINE TABLETS" locale="en" creator="24761" date_created="2004-10-20 06:00:00.0" concept_name_id="7081" voided="0" uuid="94abf42c-07d4-102c-b5fa-0017a47871b2" locale_preferred="false"/>
  <concept_name concept_id="929" name="HYDRALAZINE INJECTION" locale="en" creator="24761" date_created="2004-10-20 06:00:00.0" concept_name_id="7080" voided="0" uuid="94abef5e-07d4-102c-b5fa-0017a47871b2" locale_preferred="false"/>
  <concept_name concept_id="929" name="HYDRALAZINE" locale="en" creator="24761" date_created="2004-07-26 06:00:00.0" concept_name_id="953" voided="0" uuid="3e131436-26fe-102b-80cb-0017a47871b2" concept_name_type="FULLY_SPECIFIED" locale_preferred="true"/>
  <concept concept_id="251" retired="0" datatype_id="4" class_id="3" is_set="0" creator="24761" date_created="2004-01-01 07:00:00.0" changed_by="24822" date_changed="2012-09-17 10:19:11.0" uuid="3ccee190-26fe-102b-80cb-0017a47871b2"/>
  <concept_name concept_id="251" name="METHYLDOPA" locale="en" creator="24761" date_created="2004-01-01 07:00:00.0" concept_name_id="263" voided="0" uuid="3e0c405c-26fe-102b-80cb-0017a47871b2" concept_name_type="FULLY_SPECIFIED" locale_preferred="true"/>
  <concept_name concept_id="251" name="ALDOMET" locale="en" creator="24761" date_created="2004-10-20 06:00:00.0" concept_name_id="6413" voided="0" uuid="93ec3998-07d4-102c-b5fa-0017a47871b2" locale_preferred="false"/>
  <concept concept_id="6867" retired="0" datatype_id="4" class_id="9" is_set="1" creator="7" date_created="2010-08-16 11:13:02.0" changed_by="24761" date_changed="2012-09-12 11:36:02.0" uuid="9d0d0a7c-da7d-41bd-b637-2606b2bcbd14"/>
  <concept_name concept_id="6867" name="EPILEPSY TREATMENT DRUGS" locale="en" creator="7" date_created="2010-08-16 11:13:02.0" concept_name_id="14111" voided="0" uuid="03ef2b0e-f644-4e91-af30-6ac995151b86" concept_name_type="FULLY_SPECIFIED" locale_preferred="true"/>
  <concept_set concept_set_id="1283" concept_id="238" concept_set="6867" sort_weight="0.0" creator="7" date_created="2010-08-16 11:13:02.0" uuid="fa02baef-5d6d-42e6-a99b-75641195d4dc"/>
  <concept_set concept_set_id="1284" concept_id="273" concept_set="6867" sort_weight="1.0" creator="7" date_created="2010-08-16 11:13:02.0" uuid="ee433645-e71c-4c62-b5c5-71a4e752c063"/>
  <concept_set concept_set_id="1285" concept_id="920" concept_set="6867" sort_weight="2.0" creator="7" date_created="2010-08-16 11:13:02.0" uuid="f33dc230-9cdc-4b11-a73f-49d59072c901"/>
  <concept_set concept_set_id="1282" concept_id="4062" concept_set="6867" sort_weight="3.0" creator="7" date_created="2010-08-16 11:13:02.0" uuid="47792c64-9e71-4d0e-8e80-e49574ca8351"/>
  <concept_set concept_set_id="1312" concept_id="4060" concept_set="6867" sort_weight="4.0" creator="7" date_created="2010-08-16 12:14:55.0" uuid="9aa32f61-f345-49a6-b256-f47031ec6e73"/>
  <concept concept_id="238" retired="0" datatype_id="4" class_id="3" is_set="0" creator="24761" date_created="2004-01-01 07:00:00.0" version="" changed_by="24761" date_changed="2011-11-17 15:52:24.0" uuid="3ccec5de-26fe-102b-80cb-0017a47871b2"/>
  <concept_name concept_id="238" name="PHENOBARBITAL" locale="en" creator="24761" date_created="2004-01-01 07:00:00.0" concept_name_id="250" voided="0" uuid="62d5c68e-d2d3-4728-bbab-ae0fe40fbde5" concept_name_type="FULLY_SPECIFIED" locale_preferred="false"/>
  <concept_name concept_id="238" name="PHENOBARBITONE" locale="en" creator="24761" date_created="2005-02-16 21:59:30.0" concept_name_id="7419" voided="0" uuid="5a3c0d1b-4cc4-41cb-9180-4ac2983ca992" locale_preferred="false"/>
  <concept concept_id="273" retired="0" datatype_id="4" class_id="3" is_set="0" creator="24761" date_created="2004-01-01 07:00:00.0" version="" changed_by="24761" date_changed="2011-11-17 15:52:09.0" uuid="3ccf0d96-26fe-102b-80cb-0017a47871b2"/>
  <concept_name concept_id="273" name="DILANTIN" locale="en" creator="24761" date_created="2004-10-20 06:00:00.0" concept_name_id="6780" voided="0" uuid="93f50d20-07d4-102c-b5fa-0017a47871b2" locale_preferred="false"/>
  <concept_name concept_id="273" name="DIPHENYLHYDANTOIN" locale="en" creator="24761" date_created="2005-02-16 22:45:54.0" concept_name_id="6782" voided="0" uuid="93f511da-07d4-102c-b5fa-0017a47871b2" locale_preferred="false"/>
  <concept_name concept_id="273" name="PHENYTOIN" locale="en" creator="24761" date_created="2004-01-01 07:00:00.0" concept_name_id="285" voided="0" uuid="3e0c70c2-26fe-102b-80cb-0017a47871b2" concept_name_type="FULLY_SPECIFIED" locale_preferred="false"/>
  <concept concept_id="920" retired="0" datatype_id="4" class_id="3" is_set="0" creator="24761" date_created="2004-07-19 06:00:00.0" version="" changed_by="24761" date_changed="2011-11-17 15:52:08.0" uuid="3cd51dd0-26fe-102b-80cb-0017a47871b2"/>
  <concept_name concept_id="920" name="TEGRETOL" locale="en" creator="24761" date_created="2004-10-20 06:00:00.0" concept_name_id="7755" voided="0" void_reason="" uuid="956a5796-07d4-102c-b5fa-0017a47871b2" locale_preferred="false"/>
  <concept_name concept_id="920" name="CARBAMAZEPINE" locale="en" creator="24761" date_created="2004-07-19 06:00:00.0" concept_name_id="944" voided="0" uuid="3e130234-26fe-102b-80cb-0017a47871b2" concept_name_type="FULLY_SPECIFIED" locale_preferred="false"/>
  <concept_name concept_id="920" name="Carbatrol" locale="en" creator="24761" date_created="2010-08-19 21:31:00.0" concept_name_id="14128" voided="0" void_reason="" uuid="b4532f39-fb64-4468-9a7d-e828a27ec9d5" locale_preferred="false"/>
  <concept_name concept_id="920" name="CBZ" locale="en" creator="24761" date_created="2010-08-19 21:31:00.0" concept_name_id="14127" voided="0" void_reason="" uuid="fad04fb5-056d-450f-82ad-00d43ab39d54" locale_preferred="false"/>
  <concept concept_id="4062" retired="0" datatype_id="4" class_id="3" is_set="0" creator="24761" date_created="2009-01-09 18:59:14.0" version="" changed_by="24761" date_changed="2011-11-17 15:52:22.0" uuid="53ed50e2-d3b6-4166-963d-7a6d7d8c17e8"/>
  <concept_name concept_id="4062" name="VALPROIC ACID" locale="en" creator="24761" date_created="2009-01-09 18:59:14.0" concept_name_id="5422" voided="0" uuid="7d427e47-b2c9-4a1b-8473-613cc49ad3e3" concept_name_type="FULLY_SPECIFIED" locale_preferred="false"/>
  <concept_name concept_id="4062" name="Depakene" locale="en" creator="24761" date_created="2010-07-21 23:35:26.0" concept_name_id="14009" voided="0" void_reason="" uuid="39c2af61-ae16-481f-a823-e7546b3404ed" locale_preferred="false"/>
  <concept concept_id="4060" retired="0" datatype_id="4" class_id="3" is_set="0" creator="24761" date_created="2009-01-09 11:58:30.0" version="" changed_by="24761" date_changed="2011-11-17 15:52:28.0" uuid="1a0709b5-006c-49b5-90bc-697c8567d0ee"/>
  <concept_name concept_id="4060" name="SODIUM VALPROATE" locale="en" creator="24761" date_created="2009-01-09 11:58:30.0" concept_name_id="5420" voided="0" uuid="4abd73a9-d2b1-48ab-a8ed-6608b3d6abdf" concept_name_type="FULLY_SPECIFIED" locale_preferred="false"/>
  <concept concept_id="3191" retired="0" datatype_id="2" class_id="7" is_set="0" creator="15894" date_created="2008-06-17 14:08:25.0" version="" changed_by="23132" date_changed="2010-03-09 18:45:48.0" uuid="4dde0454-edd2-4e61-b86b-4283b482f453"/>
  <concept_name concept_id="3191" name="CARDIAC MEDICATION" locale="en" creator="15894" date_created="2008-06-17 14:08:25.0" concept_name_id="4536" voided="0" uuid="0b751e24-15f5-102d-96e4-000c29c2a5d7" concept_name_type="FULLY_SPECIFIED" locale_preferred="false"/>
  <concept_answer concept_answer_id="4789" concept_id="3191" answer_concept="250" creator="15894" date_created="2008-06-24 08:49:18.0" uuid="0b1e3960-15f5-102d-96e4-000c29c2a5d7" sort_weight="4789.0"/>
  <concept_answer concept_answer_id="4790" concept_id="3191" answer_concept="99" creator="15894" date_created="2008-06-24 08:49:18.0" uuid="0b1e3a32-15f5-102d-96e4-000c29c2a5d7" sort_weight="4790.0"/>
  <concept_answer concept_answer_id="4791" concept_id="3191" answer_concept="5622" creator="15894" date_created="2008-06-24 08:49:18.0" uuid="0b1e3b0e-15f5-102d-96e4-000c29c2a5d7" sort_weight="4791.0"/>
  <concept_answer concept_answer_id="4792" concept_id="3191" answer_concept="3189" creator="15894" date_created="2008-06-24 08:49:18.0" uuid="0b1e3be0-15f5-102d-96e4-000c29c2a5d7" sort_weight="4792.0"/>
  <concept_answer concept_answer_id="4793" concept_id="3191" answer_concept="3184" creator="15894" date_created="2008-06-24 08:49:18.0" uuid="0b1e3cb2-15f5-102d-96e4-000c29c2a5d7" sort_weight="4793.0"/>
  <concept_answer concept_answer_id="4794" concept_id="3191" answer_concept="3185" creator="15894" date_created="2008-06-24 08:49:18.0" uuid="0b1e3d8e-15f5-102d-96e4-000c29c2a5d7" sort_weight="4794.0"/>
  <concept_answer concept_answer_id="4795" concept_id="3191" answer_concept="3186" creator="15894" date_created="2008-06-24 08:49:18.0" uuid="0b1e3e92-15f5-102d-96e4-000c29c2a5d7" sort_weight="4795.0"/>
  <concept_answer concept_answer_id="4796" concept_id="3191" answer_concept="765" creator="15894" date_created="2008-06-24 08:49:18.0" uuid="0b1e3f6e-15f5-102d-96e4-000c29c2a5d7" sort_weight="4796.0"/>
  <concept_answer concept_answer_id="4797" concept_id="3191" answer_concept="3190" creator="15894" date_created="2008-06-24 08:49:18.0" uuid="0b1e404a-15f5-102d-96e4-000c29c2a5d7" sort_weight="4797.0"/>
  <concept_answer concept_answer_id="4798" concept_id="3191" answer_concept="3182" creator="15894" date_created="2008-06-24 08:49:18.0" uuid="0b1e411c-15f5-102d-96e4-000c29c2a5d7" sort_weight="4798.0"/>
  <concept_answer concept_answer_id="4799" concept_id="3191" answer_concept="3187" creator="15894" date_created="2008-06-24 08:49:18.0" uuid="0b1e41ee-15f5-102d-96e4-000c29c2a5d7" sort_weight="4799.0"/>
  <concept_answer concept_answer_id="4800" concept_id="3191" answer_concept="784" creator="15894" date_created="2008-06-24 08:49:18.0" uuid="0b1e42ca-15f5-102d-96e4-000c29c2a5d7" sort_weight="4800.0"/>
  <concept_answer concept_answer_id="4801" concept_id="3191" answer_concept="3319" creator="15894" date_created="2008-06-24 08:49:18.0" uuid="0b1e439c-15f5-102d-96e4-000c29c2a5d7" sort_weight="4801.0"/>
  <concept_answer concept_answer_id="4802" concept_id="3191" answer_concept="3183" creator="15894" date_created="2008-06-24 08:49:18.0" uuid="0b1e4478-15f5-102d-96e4-000c29c2a5d7" sort_weight="4802.0"/>
  <concept_answer concept_answer_id="4803" concept_id="3191" answer_concept="3326" creator="15894" date_created="2008-06-24 08:49:18.0" uuid="0b1e454a-15f5-102d-96e4-000c29c2a5d7" sort_weight="4803.0"/>
  <concept_answer concept_answer_id="4804" concept_id="3191" answer_concept="3188" creator="15894" date_created="2008-06-24 08:49:18.0" uuid="0b1e4626-15f5-102d-96e4-000c29c2a5d7" sort_weight="4804.0"/>
  <concept_answer concept_answer_id="5007" concept_id="3191" answer_concept="3488" creator="15894" date_created="2008-07-09 10:32:54.0" uuid="0b1f5fe8-15f5-102d-96e4-000c29c2a5d7" sort_weight="5007.0"/>
  <concept concept_id="3189" retired="1" datatype_id="4" class_id="3" is_set="0" creator="15894" date_created="2008-06-17 13:58:30.0" version="" changed_by="24761" date_changed="2011-11-09 11:35:57.0" uuid="f5006c80-4995-483b-bd4b-7f987b30c49c"/>
  <concept_name concept_id="3189" name="Aspirin, retired" locale="en" creator="15894" date_created="2008-06-17 13:58:30.0" concept_name_id="4534" voided="0" uuid="0b751b72-15f5-102d-96e4-000c29c2a5d7" concept_name_type="FULLY_SPECIFIED" locale_preferred="false"/>
  <concept_name concept_id="3189" name="AAS" locale="en" creator="15894" date_created="2008-06-17 13:58:30.0" concept_name_id="6197" voided="0" uuid="0b7fbd48-15f5-102d-96e4-000c29c2a5d7" concept_name_type="SHORT" locale_preferred="false"/>
  <concept concept_id="3319" retired="0" datatype_id="4" class_id="3" is_set="0" creator="15894" date_created="2008-06-23 14:15:08.0" version="" changed_by="24761" date_changed="2011-11-09 11:35:56.0" uuid="5acfcca3-4fa7-4267-a149-ce0de9c6c69f"/>
  <concept_name concept_id="3319" name="BENZATHINE PENICILLIN 600,000 IU IM" locale="en" creator="15894" date_created="2008-06-23 14:15:08.0" concept_name_id="4669" voided="0" uuid="0b75d5c6-15f5-102d-96e4-000c29c2a5d7" concept_name_type="FULLY_SPECIFIED" locale_preferred="false"/>
  <concept_name concept_id="3319" name="BENZATHINE BENZYLPENICILLIN" locale="en" creator="15894" date_created="2008-06-23 14:15:08.0" concept_name_id="6527" voided="0" uuid="0b8205b2-15f5-102d-96e4-000c29c2a5d7" locale_preferred="false"/>
  <concept concept_id="3326" retired="0" datatype_id="4" class_id="3" is_set="0" creator="15894" date_created="2008-06-23 14:57:13.0" version="" changed_by="24761" date_changed="2011-11-09 11:35:56.0" uuid="8140a4d3-3dac-4dca-9da2-17eb0f25e3ff"/>
  <concept_name concept_id="3326" name="BENZATHINE BENZYLPENICILLIN" locale="en" creator="15894" date_created="2008-06-23 14:57:13.0" concept_name_id="6528" voided="0" uuid="0b8206ac-15f5-102d-96e4-000c29c2a5d7" locale_preferred="false"/>
  <concept_name concept_id="3326" name="BENZATHINE PENICILLIN 1 POINT 2 M IU IM" locale="en" creator="15894" date_created="2008-06-23 14:57:13.0" concept_name_id="4676" voided="0" uuid="0b75d8a0-15f5-102d-96e4-000c29c2a5d7" concept_name_type="FULLY_SPECIFIED" locale_preferred="false"/>
  <concept concept_id="3188" retired="0" datatype_id="4" class_id="3" is_set="0" creator="24761" date_created="2008-06-17 19:48:01.0" version="" changed_by="24761" date_changed="2011-11-17 15:52:28.0" uuid="08b04285-6378-408d-9906-b4982b34f755"/>
  <concept_name concept_id="3188" name="K" locale="en" creator="24761" date_created="2009-06-16 05:09:24.0" concept_name_id="9160" voided="0" uuid="0b93278e-15f5-102d-96e4-000c29c2a5d7" locale_preferred="false"/>
  <concept_name concept_id="3188" name="K+" locale="en" creator="24761" date_created="2008-06-17 19:48:01.0" concept_name_id="6196" voided="0" uuid="0b7fbc58-15f5-102d-96e4-000c29c2a5d7" concept_name_type="SHORT" locale_preferred="false"/>
  <concept_name concept_id="3188" name="POTASSIUM" locale="en" creator="24761" date_created="2008-06-17 19:48:01.0" concept_name_id="4533" voided="0" uuid="0b751a14-15f5-102d-96e4-000c29c2a5d7" concept_name_type="FULLY_SPECIFIED" locale_preferred="false"/>
  <concept concept_id="3488" retired="0" datatype_id="4" class_id="3" is_set="0" creator="24761" date_created="2008-07-09 16:32:26.0" version="" changed_by="24761" date_changed="2011-11-17 15:52:15.0" uuid="d5c6e8f6-af32-4793-aab8-bd8cdbdbbcb2"/>
  <concept_name concept_id="3488" name="DIGOXIN" locale="en" creator="24761" date_created="2008-07-09 16:32:26.0" concept_name_id="4840" voided="0" uuid="0b777214-15f5-102d-96e4-000c29c2a5d7" concept_name_type="FULLY_SPECIFIED" locale_preferred="false"/>
  <concept_name concept_id="3488" name="DIGITALIS" locale="en" creator="24761" date_created="2008-07-09 16:32:26.0" concept_name_id="6779" voided="0" void_reason="" uuid="0b83f836-15f5-102d-96e4-000c29c2a5d7" locale_preferred="false"/>
  <concept concept_id="2136" retired="0" datatype_id="2" class_id="7" is_set="0" creator="24761" date_created="2007-05-12 10:27:37.0" version="" changed_by="24761" date_changed="2011-11-16 11:12:48.0" uuid="3ce14c2c-26fe-102b-80cb-0017a47871b2"/>
  <concept_name concept_id="2136" name="TB SCREENING" locale="en" creator="24761" date_created="2007-05-12 10:27:37.0" concept_name_id="5832" voided="0" uuid="93bbe2de-07d4-102c-b5fa-0017a47871b2" concept_name_type="SHORT" locale_preferred="false"/>
  <concept_name concept_id="2136" name="RESULT OF TUBERCULOSIS SCREENING, QUALITATIVE" locale="en" creator="24761" date_created="2007-05-12 10:27:37.0" concept_name_id="2305" voided="0" uuid="3e21fe88-26fe-102b-80cb-0017a47871b2" concept_name_type="FULLY_SPECIFIED" locale_preferred="false"/>
  <concept_answer concept_answer_id="1902" concept_id="2136" answer_concept="664" creator="24761" date_created="2007-05-12 10:27:37.0" uuid="3d452a26-26fe-102b-80cb-0017a47871b2" sort_weight="1902.0"/>
  <concept_answer concept_answer_id="1903" concept_id="2136" answer_concept="703" creator="24761" date_created="2007-05-12 10:27:37.0" uuid="3d452b66-26fe-102b-80cb-0017a47871b2" sort_weight="1903.0"/>
  <concept concept_id="730" retired="0" datatype_id="1" class_id="1" is_set="0" creator="24761" date_created="2004-04-08 06:00:00.0" changed_by="24761" date_changed="2012-09-12 11:14:03.0" uuid="3cd3d1be-26fe-102b-80cb-0017a47871b2"/>
  <concept_numeric concept_id="730" low_absolute="0.0" units="%" precise="1"/>
  <concept_name concept_id="730" name="CD4 PERCENT" locale="en" creator="24761" date_created="2005-02-24 01:14:05.0" concept_name_id="6597" voided="0" uuid="93ef1be0-07d4-102c-b5fa-0017a47871b2" locale_preferred="false"/>
  <concept_name concept_id="730" name="CD4%" locale="en" creator="24761" date_created="2004-04-08 06:00:00.0" concept_name_id="746" voided="0" uuid="3e116082-26fe-102b-80cb-0017a47871b2" concept_name_type="FULLY_SPECIFIED" locale_preferred="true"/>
  <concept concept_id="1138" retired="0" datatype_id="4" class_id="11" is_set="0" creator="24761" date_created="2005-01-26 07:00:00.0" changed_by="24761" date_changed="2012-09-12 11:15:24.0" uuid="3cd774d6-26fe-102b-80cb-0017a47871b2"/>
  <concept_name concept_id="1138" name="INDETERMINATE" locale="en" creator="24761" date_created="2005-01-26 07:00:00.0" concept_name_id="1176" voided="0" uuid="3e15ad40-26fe-102b-80cb-0017a47871b2" concept_name_type="FULLY_SPECIFIED" locale_preferred="true"/>
  <concept concept_id="3763" retired="0" datatype_id="2" class_id="7" is_set="0" creator="15877" date_created="2008-11-13 08:42:24.0" version="" changed_by="23132" date_changed="2008-12-05 13:03:25.0" uuid="75b3b477-a8ab-4eba-9912-c8bca53b0bbf"/>
  <concept_name concept_id="3763" name="DDB ECHOCARDIOGRAPH RESULT" locale="en" creator="15877" date_created="2008-11-13 08:42:24.0" concept_name_id="5119" voided="0" uuid="0b78e3ba-15f5-102d-96e4-000c29c2a5d7" concept_name_type="FULLY_SPECIFIED" locale_preferred="false"/>
  <concept_answer concept_answer_id="5183" concept_id="3763" answer_concept="3760" creator="15877" date_created="2008-11-13 08:42:24.0" uuid="0b21f190-15f5-102d-96e4-000c29c2a5d7" sort_weight="5183.0"/>
  <concept_answer concept_answer_id="5184" concept_id="3763" answer_concept="3759" creator="15877" date_created="2008-11-13 08:42:24.0" uuid="0b21f26c-15f5-102d-96e4-000c29c2a5d7" sort_weight="5184.0"/>
  <concept_answer concept_answer_id="5185" concept_id="3763" answer_concept="2433" creator="15877" date_created="2008-11-13 08:42:24.0" uuid="0b21f33e-15f5-102d-96e4-000c29c2a5d7" sort_weight="5185.0"/>
  <concept_answer concept_answer_id="5186" concept_id="3763" answer_concept="5622" creator="15877" date_created="2008-11-13 08:42:24.0" uuid="0b21fa46-15f5-102d-96e4-000c29c2a5d7" sort_weight="5186.0"/>
  <concept_answer concept_answer_id="5187" concept_id="3763" answer_concept="3175" creator="15877" date_created="2008-11-13 08:42:24.0" uuid="0b21fde8-15f5-102d-96e4-000c29c2a5d7" sort_weight="5187.0"/>
  <concept_answer concept_answer_id="5188" concept_id="3763" answer_concept="3761" creator="15877" date_created="2008-11-13 08:42:24.0" uuid="0b21fee2-15f5-102d-96e4-000c29c2a5d7" sort_weight="5188.0"/>
  <concept_answer concept_answer_id="5446" concept_id="3763" answer_concept="4007" creator="23132" date_created="2008-12-05 12:59:06.0" uuid="0b233208-15f5-102d-96e4-000c29c2a5d7" sort_weight="5446.0"/>
  <concept_answer concept_answer_id="5447" concept_id="3763" answer_concept="1118" creator="23132" date_created="2008-12-05 12:59:06.0" uuid="0b2332da-15f5-102d-96e4-000c29c2a5d7" sort_weight="5447.0"/>
  <concept_answer concept_answer_id="5448" concept_id="3763" answer_concept="4008" creator="23132" date_created="2008-12-05 13:02:52.0" uuid="0b2333b6-15f5-102d-96e4-000c29c2a5d7" sort_weight="5448.0"/>
  <concept concept_id="3760" retired="0" datatype_id="4" class_id="5" is_set="0" creator="15877" date_created="2008-11-13 08:36:21.0" version="" changed_by="23132" date_changed="2008-12-05 12:56:13.0" uuid="a746cfeb-958f-4569-8d84-7283636a4054"/>
  <concept_name concept_id="3760" name="VERY LOW EJECTION FRACTION" locale="en" creator="15877" date_created="2008-11-13 08:36:21.0" concept_name_id="5116" voided="0" uuid="cc87472a-d35a-4d6c-9cfd-2c849303f856" concept_name_type="FULLY_SPECIFIED" locale_preferred="false"/>
  <concept concept_id="3759" retired="0" datatype_id="4" class_id="5" is_set="0" creator="15877" date_created="2008-11-13 08:35:49.0" version="" uuid="2b42eb94-7ac5-4d3e-aa65-68f071e05401"/>
  <concept_name concept_id="3759" name="NORMAL EJECTION FRACTION" locale="en" creator="15877" date_created="2008-11-13 08:35:49.0" concept_name_id="5115" voided="0" uuid="0b78dfd2-15f5-102d-96e4-000c29c2a5d7" concept_name_type="FULLY_SPECIFIED" locale_preferred="false"/>
  <concept concept_id="3761" retired="0" datatype_id="4" class_id="5" is_set="0" creator="15877" date_created="2008-11-13 08:38:53.0" version="" uuid="1e13f229-3c23-4994-a202-91007c8c56ec"/>
  <concept_name concept_id="3761" name="NO MITRAL STENOSIS" locale="en" creator="15877" date_created="2008-11-13 08:38:53.0" concept_name_id="5117" voided="0" uuid="0b78e1c6-15f5-102d-96e4-000c29c2a5d7" concept_name_type="FULLY_SPECIFIED" locale_preferred="false"/>
  <concept concept_id="4007" retired="0" datatype_id="4" class_id="5" is_set="0" creator="23132" date_created="2008-12-05 12:56:47.0" version="" uuid="caa533cb-2efd-434e-b187-4c3c644dba8e"/>
  <concept_name concept_id="4007" name="MILDLY DEPRESSED EJECTION FRACTION" locale="en" creator="23132" date_created="2008-12-05 12:56:47.0" concept_name_id="5365" voided="0" uuid="0d20b1b6-d632-49e6-ad35-c98f69c4e9e2" concept_name_type="FULLY_SPECIFIED" locale_preferred="false"/>
  <concept concept_id="4008" retired="0" datatype_id="4" class_id="5" is_set="0" creator="23132" date_created="2008-12-05 13:02:09.0" version="" changed_by="23132" date_changed="2008-12-28 09:25:30.0" uuid="fafe6349-2eac-4908-ac0c-86de5a6bbbe2"/>
  <concept_name concept_id="4008" name="ECHOCARDIOGRAM NORMAL" locale="en" creator="23132" date_created="2008-12-05 13:02:09.0" concept_name_id="5366" voided="0" uuid="a2b9018a-443a-466b-87ea-70f60743a96b" concept_name_type="FULLY_SPECIFIED" locale_preferred="false"/>
  <concept_answer concept_answer_id="5460" concept_id="4008" answer_concept="2257" creator="23132" date_created="2008-12-28 06:34:13.0" uuid="0b233d02-15f5-102d-96e4-000c29c2a5d7" sort_weight="5460.0"/>
  <concept_answer concept_answer_id="5461" concept_id="4008" answer_concept="2258" creator="23132" date_created="2008-12-28 06:34:13.0" uuid="0b233dde-15f5-102d-96e4-000c29c2a5d7" sort_weight="5461.0"/>
  <concept concept_id="3407" retired="0" datatype_id="3" class_id="7" is_set="0" creator="24761" date_created="2008-06-30 15:57:53.0" version="" changed_by="24761" date_changed="2011-11-17 15:52:38.0" uuid="5c052224-aeaf-4a17-8dca-8255eef79644"/>
  <concept_name concept_id="3407" name="ECHOCARDIOGRAM COMMENT" locale="en" creator="24761" date_created="2008-06-30 15:57:53.0" concept_name_id="4759" voided="0" uuid="0b76efc4-15f5-102d-96e4-000c29c2a5d7" concept_name_type="FULLY_SPECIFIED" locale_preferred="false"/>
  <concept_name concept_id="3407" name="ECHOCARDIOGRAPHY COMMENT" locale="en" creator="24761" date_created="2008-06-30 15:57:53.0" concept_name_id="6847" voided="0" uuid="0b847b94-15f5-102d-96e4-000c29c2a5d7" locale_preferred="false"/>
  <concept concept_id="2169" retired="0" datatype_id="2" class_id="7" is_set="0" creator="23132" date_created="2007-05-13 00:04:56.0" version="" changed_by="23132" date_changed="2011-08-08 19:55:46.0" uuid="3ce17cec-26fe-102b-80cb-0017a47871b2"/>
  <concept_name concept_id="2169" name="RESULT OF HIV TEST" locale="en" creator="23132" date_created="2007-05-13 00:04:56.0" concept_name_id="2348" voided="0" uuid="3e2250ea-26fe-102b-80cb-0017a47871b2" concept_name_type="FULLY_SPECIFIED" locale_preferred="false"/>
  <concept_name concept_id="2169" name="HIV_RES" locale="en" creator="23132" date_created="2007-05-13 00:04:56.0" concept_name_id="5841" voided="0" uuid="93bc08e0-07d4-102c-b5fa-0017a47871b2" concept_name_type="SHORT" locale_preferred="false"/>
  <concept_answer concept_answer_id="2002" concept_id="2169" answer_concept="1138" creator="23132" date_created="2007-05-13 00:05:42.0" uuid="3d45ebdc-26fe-102b-80cb-0017a47871b2" sort_weight="2002.0"/>
  <concept_answer concept_answer_id="2003" concept_id="2169" answer_concept="664" creator="23132" date_created="2007-05-13 00:05:42.0" uuid="3d45ed12-26fe-102b-80cb-0017a47871b2" sort_weight="2003.0"/>
  <concept_answer concept_answer_id="2004" concept_id="2169" answer_concept="703" creator="23132" date_created="2007-05-13 00:05:42.0" uuid="3d45ee48-26fe-102b-80cb-0017a47871b2" sort_weight="2004.0"/>
  <concept_answer concept_answer_id="3915" concept_id="2169" answer_concept="3083" creator="23132" date_created="2008-05-20 18:15:22.0" uuid="0b1b79e6-15f5-102d-96e4-000c29c2a5d7" sort_weight="3915.0"/>
  <concept_answer concept_answer_id="6056" concept_id="2169" answer_concept="2224" creator="23132" date_created="2010-02-02 20:04:40.0" uuid="9d4166f3-fd1f-4a7e-b87d-60fd0127c4c4" sort_weight="6056.0"/>
  <concept concept_id="3083" retired="0" datatype_id="4" class_id="11" is_set="0" creator="23132" date_created="2008-05-20 18:13:18.0" version="" changed_by="23132" date_changed="2011-08-08 19:55:37.0" uuid="ec6d136f-3afa-422c-8cca-933d61ba5d61"/>
  <concept_name concept_id="3083" name="NO TEST" locale="en" creator="23132" date_created="2008-05-20 18:13:18.0" concept_name_id="3303" voided="0" uuid="0b6b4016-15f5-102d-96e4-000c29c2a5d7" concept_name_type="FULLY_SPECIFIED" locale_preferred="false"/>
  <concept concept_id="2224" retired="0" datatype_id="4" class_id="11" is_set="0" creator="23132" date_created="2007-05-13 11:12:13.0" version="" changed_by="23132" date_changed="2011-08-08 19:55:37.0" uuid="3ce1d688-26fe-102b-80cb-0017a47871b2"/>
  <concept_name concept_id="2224" name="WAITING FOR TEST RESULTS" locale="en" creator="23132" date_created="2007-05-13 11:12:13.0" concept_name_id="2405" voided="0" uuid="3e236c46-26fe-102b-80cb-0017a47871b2" concept_name_type="FULLY_SPECIFIED" locale_preferred="false"/>
  <concept_name concept_id="2224" name="WAITING FOR LAB TESTS" locale="en" creator="23132" date_created="2007-05-13 11:12:13.0" concept_name_id="7888" voided="0" uuid="956c90ba-07d4-102c-b5fa-0017a47871b2" locale_preferred="false"/>
  <concept_name concept_id="2224" name="TREATMENT DECISION PENDING TESTS" locale="en" creator="23132" date_created="2007-06-22 21:34:58.0" concept_name_id="7813" voided="0" uuid="956b54ca-07d4-102c-b5fa-0017a47871b2" locale_preferred="false"/>
  <concept_name concept_id="2224" name="TREATMENT DECISION PENDING RESULTS" locale="en" creator="23132" date_created="2007-06-22 21:34:58.0" concept_name_id="7812" voided="0" uuid="956b5088-07d4-102c-b5fa-0017a47871b2" locale_preferred="false"/>
  <concept concept_id="2168" retired="0" datatype_id="4" class_id="10" is_set="1" creator="23132" date_created="2007-05-13 00:06:44.0" version="" changed_by="23132" date_changed="2011-08-08 19:55:51.0" uuid="3ce17b70-26fe-102b-80cb-0017a47871b2"/>
  <concept_name concept_id="2168" name="HIV TEST CONSTRUCT" locale="en" creator="23132" date_created="2007-05-13 00:09:49.0" concept_name_id="7050" voided="0" uuid="94ab6b6a-07d4-102c-b5fa-0017a47871b2" locale_preferred="false"/>
  <concept_name concept_id="2168" name="CHILD HIV SEROLOGY CONSTRUCT" locale="en" creator="23132" date_created="2007-05-13 00:06:44.0" concept_name_id="2347" voided="0" uuid="3e224f78-26fe-102b-80cb-0017a47871b2" concept_name_type="FULLY_SPECIFIED" locale_preferred="false"/>
  <concept_set concept_set_id="473" concept_id="1867" concept_set="2168" sort_weight="0.0" creator="23132" date_created="2007-05-13 00:08:15.0" uuid="3f2ae5ec-26fe-102b-80cb-0017a47871b2"/>
  <concept_set concept_set_id="502" concept_id="2169" concept_set="2168" sort_weight="1.0" creator="23132" date_created="2007-05-13 00:08:15.0" uuid="3f2b4a5a-26fe-102b-80cb-0017a47871b2"/>
  <concept_set concept_set_id="471" concept_id="1837" concept_set="2168" sort_weight="2.0" creator="23132" date_created="2007-05-13 00:08:15.0" uuid="3f2ae24a-26fe-102b-80cb-0017a47871b2"/>
  <concept_set concept_set_id="508" concept_id="2170" concept_set="2168" sort_weight="3.0" creator="23132" date_created="2007-05-13 00:08:15.0" uuid="3f2b4ee2-26fe-102b-80cb-0017a47871b2"/>
  <concept concept_id="1867" retired="0" datatype_id="2" class_id="7" is_set="0" creator="23132" date_created="2007-05-01 03:35:55.0" version="" changed_by="23132" date_changed="2011-08-08 19:55:46.0" uuid="3cdec790-26fe-102b-80cb-0017a47871b2"/>
  <concept_name concept_id="1867" name="HIV TEST TYPE" locale="en" creator="23132" date_created="2007-05-01 03:35:55.0" concept_name_id="2033" voided="0" uuid="3e1f3f2c-26fe-102b-80cb-0017a47871b2" concept_name_type="FULLY_SPECIFIED" locale_preferred="false"/>
  <concept_answer concept_answer_id="1553" concept_id="1867" answer_concept="1553" creator="23132" date_created="2007-05-01 03:35:55.0" uuid="3d437424-26fe-102b-80cb-0017a47871b2" sort_weight="1553.0"/>
  <concept_answer concept_answer_id="1554" concept_id="1867" answer_concept="1040" creator="23132" date_created="2007-05-01 03:35:55.0" uuid="3d437564-26fe-102b-80cb-0017a47871b2" sort_weight="1554.0"/>
  <concept concept_id="1837" retired="0" datatype_id="6" class_id="7" is_set="0" creator="23132" date_created="2007-02-21 20:04:57.0" changed_by="24761" date_changed="2012-09-12 11:18:38.0" uuid="3cde8c9e-26fe-102b-80cb-0017a47871b2"/>
  <concept_name concept_id="1837" name="HIV TEST DATE" locale="en" creator="23132" date_created="2007-02-21 20:04:57.0" concept_name_id="2002" voided="0" uuid="3e1f1042-26fe-102b-80cb-0017a47871b2" concept_name_type="FULLY_SPECIFIED" locale_preferred="true"/>
  <concept concept_id="130" retired="0" datatype_id="4" class_id="4" is_set="0" creator="2" date_created="2004-01-01 00:00:00.0" version="" changed_by="2" date_changed="2005-02-16 11:04:07.0" uuid="3ccd1a36-26fe-102b-80cb-0017a47871b2"/>
  <concept_name concept_id="130" name="PUERPERAL SEPSIS" locale="en" creator="2" date_created="2004-01-01 00:00:00.0" concept_name_id="135" voided="0" uuid="3e0b29b0-26fe-102b-80cb-0017a47871b2" concept_name_type="FULLY_SPECIFIED" locale_preferred="false"/>
  <concept_name concept_id="130" name="PEURPERAL FEVER" locale="en" creator="2" date_created="2005-02-14 10:06:33.0" concept_name_id="7416" voided="0" uuid="9562f320-07d4-102c-b5fa-0017a47871b2" locale_preferred="false"/>
  <concept_name concept_id="130" name="CHILDBED FEVER" locale="en" creator="2" date_created="2005-02-14 10:06:00.0" concept_name_id="6625" voided="0" uuid="93f25dbe-07d4-102c-b5fa-0017a47871b2" locale_preferred="false"/>
  <concept concept_id="1496" retired="0" datatype_id="2" class_id="7" is_set="0" creator="5" date_created="2006-08-20 23:45:06.0" version="" changed_by="7" date_changed="2007-11-06 14:13:45.0" uuid="3cdb8a8a-26fe-102b-80cb-0017a47871b2"/>
  <concept_name concept_id="1496" name="PROPHYLACTIC ARVS" locale="en" creator="5" date_created="2006-08-20 23:45:06.0" concept_name_id="7492" voided="0" uuid="95640a80-07d4-102c-b5fa-0017a47871b2" locale_preferred="false"/>
  <concept_name concept_id="1496" name="REASON PATIENT STARTED ARVS FOR PROPHYLAXIS" locale="en" creator="5" date_created="2006-08-20 23:45:06.0" concept_name_id="1627" voided="0" uuid="3e1ac7bc-26fe-102b-80cb-0017a47871b2" concept_name_type="FULLY_SPECIFIED" locale_preferred="false"/>
  <concept_answer concept_answer_id="1056" concept_id="1496" answer_concept="165" creator="5" date_created="2006-08-20 23:46:45.0" uuid="3d405b90-26fe-102b-80cb-0017a47871b2" sort_weight="1056.0"/>
  <concept_answer concept_answer_id="1057" concept_id="1496" answer_concept="1495" creator="5" date_created="2006-08-20 23:46:45.0" uuid="3d405cc6-26fe-102b-80cb-0017a47871b2" sort_weight="1057.0"/>
  <concept_answer concept_answer_id="1058" concept_id="1496" answer_concept="1494" creator="5" date_created="2006-08-20 23:46:45.0" uuid="3d405dfc-26fe-102b-80cb-0017a47871b2" sort_weight="1058.0"/>
  <concept_answer concept_answer_id="3620" concept_id="1496" answer_concept="1066" creator="7" date_created="2007-11-06 14:13:45.0" uuid="3d50b95e-26fe-102b-80cb-0017a47871b2" sort_weight="3620.0"/>
  <concept concept_id="165" retired="0" datatype_id="4" class_id="4" is_set="0" creator="2" date_created="2004-01-01 00:00:00.0" version="" changed_by="2" date_changed="2005-02-14 12:19:45.0" uuid="3cce52e8-26fe-102b-80cb-0017a47871b2"/>
  <concept_name concept_id="165" name="SEXUAL ASSAULT" locale="en" creator="2" date_created="2004-01-01 00:00:00.0" concept_name_id="171" voided="0" uuid="3e0b65e2-26fe-102b-80cb-0017a47871b2" concept_name_type="FULLY_SPECIFIED" locale_preferred="false"/>
  <concept concept_id="1495" retired="0" datatype_id="4" class_id="11" is_set="0" creator="5" date_created="2006-08-20 23:39:38.0" version="" changed_by="5" date_changed="2006-08-20 23:42:02.0" uuid="3cdb8814-26fe-102b-80cb-0017a47871b2"/>
  <concept_name concept_id="1495" name="SEXUAL CONTACT WITH HIV POSITIVE PARTNER" locale="en" creator="5" date_created="2006-08-20 23:39:38.0" concept_name_id="1625" voided="0" uuid="3e1ac2e4-26fe-102b-80cb-0017a47871b2" concept_name_type="FULLY_SPECIFIED" locale_preferred="false"/>
  <concept concept_id="1494" retired="0" datatype_id="4" class_id="11" is_set="0" creator="5" date_created="2006-08-20 23:37:44.0" version="" changed_by="5" date_changed="2006-08-20 23:42:50.0" uuid="3cdb8698-26fe-102b-80cb-0017a47871b2"/>
  <concept_name concept_id="1494" name="EXPOSURE TO BLOOD OR BLOOD PRODUCTS" locale="en" creator="5" date_created="2006-08-20 23:37:44.0" concept_name_id="1623" voided="0" uuid="3e1abe16-26fe-102b-80cb-0017a47871b2" concept_name_type="FULLY_SPECIFIED" locale_preferred="false"/>
  <concept_name concept_id="1494" name="UNSAFE TRANSFUSION" locale="en" creator="5" date_created="2006-08-20 23:37:44.0" concept_name_id="7856" voided="0" uuid="956bfb3c-07d4-102c-b5fa-0017a47871b2" locale_preferred="false"/>
  <concept concept_id="2231" retired="0" datatype_id="2" class_id="7" is_set="0" creator="1128" date_created="2007-05-13 13:56:00.0" version="" changed_by="15877" date_changed="2009-02-24 09:30:24.0" uuid="3ce1e0e2-26fe-102b-80cb-0017a47871b2"/>
  <concept_name concept_id="2231" name="PROGRAM THAT ORDERED TEST" locale="en" creator="1128" date_created="2007-05-13 13:56:00.0" concept_name_id="2412" voided="0" uuid="5bd28429-ccc3-4f20-84fe-c42ad20633b2" concept_name_type="FULLY_SPECIFIED" locale_preferred="false"/>
  <concept_answer concept_answer_id="2073" concept_id="2231" answer_concept="2235" creator="1128" date_created="2007-05-13 13:56:25.0" uuid="3d4644f6-26fe-102b-80cb-0017a47871b2" sort_weight="2073.0"/>
  <concept_answer concept_answer_id="2074" concept_id="2231" answer_concept="2070" creator="1128" date_created="2007-05-13 13:56:25.0" uuid="3d464636-26fe-102b-80cb-0017a47871b2" sort_weight="2074.0"/>
  <concept_answer concept_answer_id="2075" concept_id="2231" answer_concept="2233" creator="1128" date_created="2007-05-13 13:56:25.0" uuid="3d464762-26fe-102b-80cb-0017a47871b2" sort_weight="2075.0"/>
  <concept_answer concept_answer_id="2076" concept_id="2231" answer_concept="1649" creator="1128" date_created="2007-05-13 13:56:25.0" uuid="3d4648ac-26fe-102b-80cb-0017a47871b2" sort_weight="2076.0"/>
  <concept_answer concept_answer_id="2077" concept_id="2231" answer_concept="1877" creator="1128" date_created="2007-05-13 13:56:25.0" uuid="3d4649ec-26fe-102b-80cb-0017a47871b2" sort_weight="2077.0"/>
  <concept_answer concept_answer_id="2078" concept_id="2231" answer_concept="5622" creator="1128" date_created="2007-05-13 13:56:25.0" uuid="3d464b22-26fe-102b-80cb-0017a47871b2" sort_weight="2078.0"/>
  <concept_answer concept_answer_id="2079" concept_id="2231" answer_concept="2234" creator="1128" date_created="2007-05-13 13:56:25.0" uuid="3d464c58-26fe-102b-80cb-0017a47871b2" sort_weight="2079.0"/>
  <concept_answer concept_answer_id="2080" concept_id="2231" answer_concept="2232" creator="1128" date_created="2007-05-13 13:56:25.0" uuid="3d464d98-26fe-102b-80cb-0017a47871b2" sort_weight="2080.0"/>
  <concept_answer concept_answer_id="3480" concept_id="2231" answer_concept="2716" creator="7" date_created="2007-10-12 11:05:50.0" uuid="3d4fd6f6-26fe-102b-80cb-0017a47871b2" sort_weight="3480.0"/>
  <concept_answer concept_answer_id="3481" concept_id="2231" answer_concept="2714" creator="7" date_created="2007-10-12 11:05:50.0" uuid="3d4fd840-26fe-102b-80cb-0017a47871b2" sort_weight="3481.0"/>
  <concept_answer concept_answer_id="3482" concept_id="2231" answer_concept="2717" creator="7" date_created="2007-10-12 11:05:50.0" uuid="3d4fd980-26fe-102b-80cb-0017a47871b2" sort_weight="3482.0"/>
  <concept_answer concept_answer_id="3483" concept_id="2231" answer_concept="2715" creator="7" date_created="2007-10-12 11:05:50.0" uuid="3d4fdac0-26fe-102b-80cb-0017a47871b2" sort_weight="3483.0"/>
  <concept_answer concept_answer_id="3782" concept_id="2231" answer_concept="1648" creator="15877" date_created="2008-03-07 10:38:30.0" uuid="b959137c-3e14-438b-88f1-31baa1d49859" sort_weight="3782.0"/>
  <concept concept_id="2235" retired="0" datatype_id="4" class_id="11" is_set="0" creator="1128" date_created="2007-05-13 13:56:00.0" changed_by="24761" date_changed="2012-09-12 11:20:52.0" uuid="3ce1e6e6-26fe-102b-80cb-0017a47871b2"/>
  <concept_name concept_id="2235" name="HOSPITAL" locale="en" creator="7" date_created="2007-10-12 10:46:52.0" concept_name_id="7056" voided="0" uuid="94ab86d6-07d4-102c-b5fa-0017a47871b2" locale_preferred="false"/>
  <concept_name concept_id="2235" name="MATERNITY WARD" locale="en" creator="1128" date_created="2007-05-13 13:56:00.0" concept_name_id="2418" voided="0" uuid="3e237f06-26fe-102b-80cb-0017a47871b2" concept_name_type="FULLY_SPECIFIED" locale_preferred="true"/>
  <concept concept_id="1877" retired="0" datatype_id="10" class_id="7" is_set="0" creator="2112" date_created="2007-04-30 21:45:57.0" version="" changed_by="24761" date_changed="2011-12-20 15:41:43.0" uuid="3cded65e-26fe-102b-80cb-0017a47871b2"/>
  <concept_name concept_id="1877" name="MOBILE CLINIC" locale="en" creator="7" date_created="2007-10-12 10:42:42.0" concept_name_id="7251" voided="0" uuid="94b70c04-07d4-102c-b5fa-0017a47871b2" locale_preferred="false"/>
  <concept_name concept_id="1877" name="MOBILE VCT" locale="en" creator="2112" date_created="2007-04-30 21:45:57.0" concept_name_id="2043" voided="0" uuid="3e1f5142-26fe-102b-80cb-0017a47871b2" concept_name_type="FULLY_SPECIFIED" locale_preferred="false"/>
  <concept concept_id="2234" retired="0" datatype_id="4" class_id="11" is_set="0" creator="1128" date_created="2007-05-13 13:55:12.0" version="" changed_by="1128" date_changed="2007-05-13 13:55:12.0" uuid="3ce1e560-26fe-102b-80cb-0017a47871b2"/>
  <concept_name concept_id="2234" name="MALNUTRITION PROGRAM" locale="en" creator="1128" date_created="2007-05-13 13:55:12.0" concept_name_id="2417" voided="0" uuid="3e237d8a-26fe-102b-80cb-0017a47871b2" concept_name_type="FULLY_SPECIFIED" locale_preferred="false"/>
  <concept concept_id="2716" retired="0" datatype_id="4" class_id="11" is_set="0" creator="7" date_created="2007-10-12 11:01:01.0" version="" changed_by="7" date_changed="2007-10-12 11:02:03.0" uuid="3ce6a514-26fe-102b-80cb-0017a47871b2"/>
  <concept_name concept_id="2716" name="HOSPITAL, INTERNAL MEDICINE" locale="en" creator="7" date_created="2007-10-12 11:01:01.0" concept_name_id="2927" voided="0" uuid="3e382780-26fe-102b-80cb-0017a47871b2" concept_name_type="FULLY_SPECIFIED" locale_preferred="false"/>
  <concept concept_id="2714" retired="0" datatype_id="4" class_id="11" is_set="0" creator="7" date_created="2007-10-12 10:44:50.0" version="" changed_by="7" date_changed="2007-10-12 10:45:47.0" uuid="3ce6a212-26fe-102b-80cb-0017a47871b2"/>
  <concept_name concept_id="2714" name="FAMILY PLANNING CLINIC" locale="en" creator="7" date_created="2007-10-12 10:44:50.0" concept_name_id="2923" voided="0" uuid="3e381dee-26fe-102b-80cb-0017a47871b2" concept_name_type="FULLY_SPECIFIED" locale_preferred="false"/>
  <concept concept_id="2717" retired="0" datatype_id="4" class_id="11" is_set="0" creator="7" date_created="2007-10-12 11:02:57.0" version="" changed_by="7" date_changed="2007-10-12 11:03:34.0" uuid="3ce6ae60-26fe-102b-80cb-0017a47871b2"/>
  <concept_name concept_id="2717" name="PEDIATRICS WARD" locale="en" creator="7" date_created="2007-10-12 11:03:34.0" concept_name_id="7407" voided="0" uuid="9562d548-07d4-102c-b5fa-0017a47871b2" locale_preferred="false"/>
  <concept_name concept_id="2717" name="HOSPITAL, PEDIATRICS" locale="en" creator="7" date_created="2007-10-12 11:02:57.0" concept_name_id="2929" voided="0" uuid="3e382c76-26fe-102b-80cb-0017a47871b2" concept_name_type="FULLY_SPECIFIED" locale_preferred="false"/>
  <concept concept_id="2715" retired="0" datatype_id="4" class_id="11" is_set="0" creator="7" date_created="2007-10-12 10:58:50.0" version="" changed_by="7" date_changed="2007-10-12 10:59:37.0" uuid="3ce6a398-26fe-102b-80cb-0017a47871b2"/>
  <concept_name concept_id="2715" name="HOSPITAL, SURGERY ROOM" locale="en" creator="7" date_created="2007-10-12 10:58:50.0" concept_name_id="2925" voided="0" uuid="3e3822bc-26fe-102b-80cb-0017a47871b2" concept_name_type="FULLY_SPECIFIED" locale_preferred="false"/>
  <concept_name concept_id="2715" name="SURGICAL DEPARTMENT" locale="en" creator="7" date_created="2007-10-12 10:59:07.0" concept_name_id="7711" voided="0" uuid="95698b2c-07d4-102c-b5fa-0017a47871b2" locale_preferred="false"/>
  <concept concept_id="3528" retired="0" datatype_id="2" class_id="7" is_set="0" creator="23132" date_created="2008-08-01 18:03:42.0" version="" changed_by="23132" date_changed="2011-08-08 19:55:52.0" uuid="78f156b9-12f6-431a-bd74-d3ad3b146a4e"/>
  <concept_name concept_id="3528" name="BIRTH LOCATION TYPE" locale="en" creator="23132" date_created="2008-08-01 18:03:42.0" concept_name_id="4880" voided="0" uuid="0b77a446-15f5-102d-96e4-000c29c2a5d7" concept_name_type="FULLY_SPECIFIED" locale_preferred="false"/>
  <concept_answer concept_answer_id="5032" concept_id="3528" answer_concept="3527" creator="23132" date_created="2008-08-01 18:03:42.0" uuid="0b1f7b7c-15f5-102d-96e4-000c29c2a5d7" sort_weight="5032.0"/>
  <concept_answer concept_answer_id="5033" concept_id="3528" answer_concept="2070" creator="23132" date_created="2008-08-01 18:03:42.0" uuid="0b1f7c4e-15f5-102d-96e4-000c29c2a5d7" sort_weight="5033.0"/>
  <concept_answer concept_answer_id="5097" concept_id="3528" answer_concept="3566" creator="23132" date_created="2008-09-11 17:48:54.0" uuid="0b1fea9e-15f5-102d-96e4-000c29c2a5d7" sort_weight="5097.0"/>
  <concept_answer concept_answer_id="6065" concept_id="3528" answer_concept="1067" creator="23132" date_created="2010-02-05 02:11:01.0" uuid="6b2c9414-a792-4a96-b36f-4df1b42a19db" sort_weight="6065.0"/>
  <concept concept_id="3527" retired="0" datatype_id="4" class_id="11" is_set="0" creator="24737" date_created="2008-08-01 18:03:12.0" version="" changed_by="24737" date_changed="2011-09-26 19:25:33.0" uuid="4d7f36bb-84d3-4915-95cc-951811c3cd4a"/>
  <concept_name concept_id="3527" name="HOUSE" locale="en" creator="24737" date_created="2008-08-01 18:03:12.0" concept_name_id="4879" voided="0" uuid="0b77a356-15f5-102d-96e4-000c29c2a5d7" concept_name_type="FULLY_SPECIFIED" locale_preferred="false"/>
  <concept concept_id="3566" retired="0" datatype_id="4" class_id="11" is_set="0" creator="24737" date_created="2008-08-18 11:15:15.0" version="" changed_by="24737" date_changed="2011-09-27 10:53:24.0" uuid="7e327a1a-c1df-4712-ab5d-e05dc0dac35d"/>
  <concept_name concept_id="3566" name="HEALTH CENTER" locale="en" creator="24737" date_created="2008-08-18 11:15:15.0" concept_name_id="4919" voided="0" uuid="0b77c8a4-15f5-102d-96e4-000c29c2a5d7" concept_name_type="FULLY_SPECIFIED" locale_preferred="false"/>
  <concept concept_id="1151" retired="0" datatype_id="2" class_id="7" is_set="0" creator="23132" date_created="2005-02-07 07:00:00.0" version="" changed_by="23132" date_changed="2011-08-08 19:55:52.0" uuid="3cd78980-26fe-102b-80cb-0017a47871b2"/>
  <concept_name concept_id="1151" name="INFANT FEEDING METHOD" locale="en" creator="23132" date_created="2005-02-07 07:00:00.0" concept_name_id="1189" voided="0" uuid="3e15e1d4-26fe-102b-80cb-0017a47871b2" concept_name_type="FULLY_SPECIFIED" locale_preferred="false"/>
  <concept_answer concept_answer_id="269" concept_id="1151" answer_concept="1150" creator="23132" date_created="2005-02-07 07:00:00.0" uuid="3d3ace5a-26fe-102b-80cb-0017a47871b2" sort_weight="269.0"/>
  <concept_answer concept_answer_id="270" concept_id="1151" answer_concept="1152" creator="23132" date_created="2005-02-08 07:00:00.0" uuid="3d3acf90-26fe-102b-80cb-0017a47871b2" sort_weight="270.0"/>
  <concept_answer concept_answer_id="271" concept_id="1151" answer_concept="1173" creator="23132" date_created="2005-02-08 07:00:00.0" uuid="3d3ad0d0-26fe-102b-80cb-0017a47871b2" sort_weight="271.0"/>
  <concept_answer concept_answer_id="272" concept_id="1151" answer_concept="5254" creator="23132" date_created="2005-02-07 07:00:00.0" uuid="3d3ad206-26fe-102b-80cb-0017a47871b2" sort_weight="272.0"/>
  <concept_answer concept_answer_id="273" concept_id="1151" answer_concept="5526" creator="23132" date_created="2005-02-07 07:00:00.0" uuid="3d3ad346-26fe-102b-80cb-0017a47871b2" sort_weight="273.0"/>
  <concept_answer concept_answer_id="274" concept_id="1151" answer_concept="6046" creator="23132" date_created="2005-02-07 07:00:00.0" uuid="3d3ad47c-26fe-102b-80cb-0017a47871b2" sort_weight="274.0"/>
  <concept concept_id="1150" retired="0" datatype_id="4" class_id="5" is_set="0" creator="23132" date_created="2005-02-07 07:00:00.0" version="" changed_by="23132" date_changed="2011-08-08 19:55:38.0" uuid="3cd787f0-26fe-102b-80cb-0017a47871b2"/>
  <concept_name concept_id="1150" name="BREASTFED PREDOMINATELY" locale="en" creator="23132" date_created="2005-02-07 07:00:00.0" concept_name_id="1188" voided="0" uuid="3e15dcca-26fe-102b-80cb-0017a47871b2" concept_name_type="FULLY_SPECIFIED" locale_preferred="false"/>
  <concept concept_id="1152" retired="0" datatype_id="4" class_id="5" is_set="0" creator="23132" date_created="2005-02-07 07:00:00.0" version="" changed_by="23132" date_changed="2011-08-08 19:55:52.0" uuid="3cd78b10-26fe-102b-80cb-0017a47871b2"/>
  <concept_name concept_id="1152" name="Stopped breastfeeding" locale="en" creator="23132" date_created="2010-11-07 20:13:07.0" concept_name_id="14152" voided="0" uuid="22b1b659-269c-4c95-9001-733c6e0d9001" locale_preferred="false"/>
  <concept_name concept_id="1152" name="WEANED" locale="en" creator="23132" date_created="2005-02-07 07:00:00.0" concept_name_id="1190" voided="0" uuid="3e15e6d4-26fe-102b-80cb-0017a47871b2" concept_name_type="FULLY_SPECIFIED" locale_preferred="false"/>
  <concept concept_id="1173" retired="0" datatype_id="4" class_id="14" is_set="0" creator="23132" date_created="2005-02-08 07:00:00.0" version="" changed_by="23132" date_changed="2011-08-08 19:55:38.0" uuid="3cd7b40a-26fe-102b-80cb-0017a47871b2"/>
  <concept_name concept_id="1173" name="EXPRESSED BREASTMILK" locale="en" creator="23132" date_created="2005-02-08 07:00:00.0" concept_name_id="1211" voided="0" uuid="3e16153c-26fe-102b-80cb-0017a47871b2" concept_name_type="FULLY_SPECIFIED" locale_preferred="false"/>
  <concept concept_id="5254" retired="0" datatype_id="4" class_id="3" is_set="0" creator="23132" date_created="2004-08-12 06:00:00.0" version="" changed_by="23132" date_changed="2011-08-08 19:55:52.0" uuid="3ceb2c7e-26fe-102b-80cb-0017a47871b2"/>
  <concept_name concept_id="5254" name="INFANT FORMULA" locale="en" creator="23132" date_created="2004-08-12 06:00:00.0" concept_name_id="3621" voided="0" uuid="3e3cf080-26fe-102b-80cb-0017a47871b2" concept_name_type="FULLY_SPECIFIED" locale_preferred="false"/>
  <concept concept_id="5526" retired="0" datatype_id="4" class_id="5" is_set="0" creator="23132" date_created="2004-08-12 06:00:00.0" version="" changed_by="23132" date_changed="2011-08-08 19:55:52.0" uuid="3cedd4ec-26fe-102b-80cb-0017a47871b2"/>
  <concept_name concept_id="5526" name="BREASTFED EXCLUSIVELY" locale="en" creator="23132" date_created="2004-08-12 06:00:00.0" concept_name_id="3895" voided="0" uuid="3e3fc990-26fe-102b-80cb-0017a47871b2" concept_name_type="FULLY_SPECIFIED" locale_preferred="false"/>
  <concept concept_id="6046" retired="0" datatype_id="4" class_id="5" is_set="0" creator="23132" date_created="2004-08-12 06:00:00.0" version="" changed_by="23132" date_changed="2011-08-08 19:55:52.0" uuid="3cf2ddc0-26fe-102b-80cb-0017a47871b2"/>
  <concept_name concept_id="6046" name="MIXED FEEDING" locale="en" creator="23132" date_created="2004-08-12 06:00:00.0" concept_name_id="4425" voided="0" uuid="3e4519a4-26fe-102b-80cb-0017a47871b2" concept_name_type="FULLY_SPECIFIED" locale_preferred="false"/>
  <concept concept_id="2157" retired="0" datatype_id="2" class_id="7" is_set="0" creator="1128" date_created="2007-05-12 12:58:06.0" version="" changed_by="7" date_changed="2009-06-02 10:25:20.0" uuid="3ce16b30-26fe-102b-80cb-0017a47871b2"/>
  <concept_name concept_id="2157" name="SOCIO-ECONOMIC ASSISTANCE RECOMMENDED" locale="en" creator="1128" date_created="2007-05-12 12:58:06.0" concept_name_id="2336" voided="0" uuid="bbdc743e-b27c-4c08-b0c2-73eaf514c73b" concept_name_type="FULLY_SPECIFIED" locale_preferred="false"/>
  <concept_answer concept_answer_id="1974" concept_id="2157" answer_concept="1396" creator="1128" date_created="2007-05-12 12:58:06.0" uuid="3d45c95e-26fe-102b-80cb-0017a47871b2" sort_weight="1974.0"/>
  <concept_answer concept_answer_id="1975" concept_id="2157" answer_concept="990" creator="1128" date_created="2007-05-12 12:58:06.0" uuid="3d45ca94-26fe-102b-80cb-0017a47871b2" sort_weight="1975.0"/>
  <concept_answer concept_answer_id="1976" concept_id="2157" answer_concept="1394" creator="1128" date_created="2007-05-12 12:58:06.0" uuid="3d45cbd4-26fe-102b-80cb-0017a47871b2" sort_weight="1976.0"/>
  <concept_answer concept_answer_id="1977" concept_id="2157" answer_concept="1400" creator="1128" date_created="2007-05-12 12:58:06.0" uuid="3d45cd0a-26fe-102b-80cb-0017a47871b2" sort_weight="1977.0"/>
  <concept_answer concept_answer_id="1978" concept_id="2157" answer_concept="1398" creator="1128" date_created="2007-05-12 12:58:06.0" uuid="3d45ce40-26fe-102b-80cb-0017a47871b2" sort_weight="1978.0"/>
  <concept_answer concept_answer_id="1979" concept_id="2157" answer_concept="1492" creator="1128" date_created="2007-05-12 12:58:06.0" uuid="3d45cf76-26fe-102b-80cb-0017a47871b2" sort_weight="1979.0"/>
  <concept_answer concept_answer_id="1980" concept_id="2157" answer_concept="5622" creator="1128" date_created="2007-05-12 12:58:06.0" uuid="3d45d0ac-26fe-102b-80cb-0017a47871b2" sort_weight="1980.0"/>
  <concept_answer concept_answer_id="1989" concept_id="2157" answer_concept="1397" creator="6" date_created="2007-05-12 15:29:59.0" uuid="3d45dbce-26fe-102b-80cb-0017a47871b2" sort_weight="1989.0"/>
  <concept_answer concept_answer_id="3691" concept_id="2157" answer_concept="2923" creator="15877" date_created="2008-02-07 10:14:56.0" uuid="245838d1-049e-4443-abdb-739d7f2ee200" sort_weight="3691.0"/>
  <concept_answer concept_answer_id="5063" concept_id="2157" answer_concept="3556" creator="15877" date_created="2008-08-15 13:12:34.0" uuid="0b1fcdfc-15f5-102d-96e4-000c29c2a5d7" sort_weight="5063.0"/>
  <concept_answer concept_answer_id="5620" concept_id="2157" answer_concept="1107" creator="7" date_created="2009-06-02 10:25:20.0" uuid="44ad5524-fbfb-4c5f-a48d-edc9984dac4e" sort_weight="5620.0"/>
  <concept concept_id="1396" retired="0" datatype_id="10" class_id="11" is_set="0" creator="24761" date_created="2006-06-15 12:39:08.0" changed_by="24761" date_changed="2012-09-12 11:16:27.0" uuid="3cda08d6-26fe-102b-80cb-0017a47871b2"/>
  <concept_name concept_id="1396" name="AID FOR CONSTRUCTION OR REPAIR OF THE HOUSE" locale="en" creator="24761" date_created="2006-06-15 12:39:08.0" concept_name_id="1506" voided="0" uuid="3e19b3ae-26fe-102b-80cb-0017a47871b2" concept_name_type="FULLY_SPECIFIED" locale_preferred="true"/>
  <concept concept_id="990" retired="0" datatype_id="10" class_id="11" is_set="0" creator="24761" date_created="2006-04-05 17:21:18.0" version="" changed_by="24761" date_changed="2011-11-17 15:52:40.0" uuid="3cd67432-26fe-102b-80cb-0017a47871b2"/>
  <concept_name concept_id="990" name="ASSISTANCE WITH TRANSPORT" locale="en" creator="24761" date_created="2006-04-05 17:21:18.0" concept_name_id="1022" voided="0" uuid="3e144f72-26fe-102b-80cb-0017a47871b2" concept_name_type="FULLY_SPECIFIED" locale_preferred="false"/>
  <concept concept_id="1394" retired="0" datatype_id="10" class_id="11" is_set="0" creator="24761" date_created="2006-06-15 12:32:32.0" changed_by="24761" date_changed="2012-09-12 11:16:25.0" uuid="3cda05de-26fe-102b-80cb-0017a47871b2"/>
  <concept_name concept_id="1394" name="SCHOOL AID FOR CHILDREN" locale="en" creator="24761" date_created="2006-06-15 12:32:32.0" concept_name_id="1503" voided="0" uuid="3e19af58-26fe-102b-80cb-0017a47871b2" concept_name_type="FULLY_SPECIFIED" locale_preferred="true"/>
  <concept concept_id="1400" retired="0" datatype_id="10" class_id="11" is_set="0" creator="24761" date_created="2006-06-15 16:25:10.0" changed_by="24761" date_changed="2012-09-12 11:16:31.0" uuid="3cda0eee-26fe-102b-80cb-0017a47871b2"/>
  <concept_name concept_id="1400" name="NUTRITIONAL AID" locale="en" creator="24761" date_created="2006-06-15 16:25:10.0" concept_name_id="1514" voided="0" uuid="3e19bf66-26fe-102b-80cb-0017a47871b2" concept_name_type="FULLY_SPECIFIED" locale_preferred="true"/>
  <concept concept_id="1398" retired="0" datatype_id="10" class_id="11" is_set="0" creator="24761" date_created="2006-06-15 12:42:49.0" changed_by="24761" date_changed="2012-09-12 11:16:30.0" uuid="3cda0bce-26fe-102b-80cb-0017a47871b2"/>
  <concept_name concept_id="1398" name="FINANCIAL AID" locale="en" creator="24761" date_created="2006-06-15 12:42:49.0" concept_name_id="1510" voided="0" uuid="3e19b98a-26fe-102b-80cb-0017a47871b2" concept_name_type="FULLY_SPECIFIED" locale_preferred="true"/>
  <concept concept_id="1492" retired="0" datatype_id="10" class_id="7" is_set="0" creator="24761" date_created="2006-08-20 23:10:51.0" changed_by="24761" date_changed="2012-09-12 11:17:18.0" uuid="3cdb83aa-26fe-102b-80cb-0017a47871b2"/>
  <concept_name concept_id="1492" name="ASSISTANCE WITH FUNERALS" locale="en" creator="24761" date_created="2006-08-20 23:10:51.0" concept_name_id="1619" voided="0" uuid="3e1ab466-26fe-102b-80cb-0017a47871b2" concept_name_type="FULLY_SPECIFIED" locale_preferred="true"/>
  <concept concept_id="1397" retired="0" datatype_id="10" class_id="11" is_set="0" creator="24761" date_created="2006-06-15 12:41:20.0" changed_by="24761" date_changed="2012-09-12 11:16:28.0" uuid="3cda0a52-26fe-102b-80cb-0017a47871b2"/>
  <concept_name concept_id="1397" name="JOB TRAINING" locale="en" creator="24761" date_created="2006-06-15 12:41:20.0" concept_name_id="1508" voided="0" uuid="3e19b692-26fe-102b-80cb-0017a47871b2" concept_name_type="FULLY_SPECIFIED" locale_preferred="true"/>
  <concept concept_id="2923" retired="0" datatype_id="3" class_id="11" is_set="0" creator="24761" date_created="2008-02-07 10:13:36.0" version="" changed_by="24761" date_changed="2011-11-17 15:52:40.0" uuid="9710b133-7209-4e8f-af0b-fa32112230bc"/>
  <concept_name concept_id="2923" name="SOCIO-ECONOMIC AID NON-CODED" locale="en" creator="24761" date_created="2008-02-07 10:13:36.0" concept_name_id="7668" voided="0" uuid="0b893198-15f5-102d-96e4-000c29c2a5d7" locale_preferred="false"/>
  <concept_name concept_id="2923" name="OTHER SOCIO-ECONOMIC AID" locale="en" creator="24761" date_created="2008-02-07 10:13:36.0" concept_name_id="7362" voided="0" uuid="0b8710b6-15f5-102d-96e4-000c29c2a5d7" locale_preferred="false"/>
  <concept_name concept_id="2923" name="OTHER SOCIO-ECONOMIC ASSISTANCE" locale="en" creator="24761" date_created="2008-02-07 10:13:36.0" concept_name_id="7363" voided="0" uuid="0b8711a6-15f5-102d-96e4-000c29c2a5d7" locale_preferred="false"/>
  <concept_name concept_id="2923" name="SOCIO-ECONOMIC ASSISTANCE NON-CODED" locale="en" creator="24761" date_created="2008-02-07 10:13:36.0" concept_name_id="3143" voided="0" uuid="0b6a9b5c-15f5-102d-96e4-000c29c2a5d7" concept_name_type="FULLY_SPECIFIED" locale_preferred="false"/>
  <concept concept_id="3556" retired="0" datatype_id="4" class_id="11" is_set="0" creator="24761" date_created="2008-08-15 13:11:56.0" version="" changed_by="24761" date_changed="2011-11-17 15:52:40.0" uuid="599c2435-55a1-4fae-b501-092e516df013"/>
  <concept_name concept_id="3556" name="AGRICULTURAL ASSISTANCE" locale="en" creator="24761" date_created="2008-08-15 13:11:56.0" concept_name_id="4909" voided="0" uuid="0b77bf1c-15f5-102d-96e4-000c29c2a5d7" concept_name_type="FULLY_SPECIFIED" locale_preferred="false"/>
  <concept concept_id="2536" retired="0" datatype_id="2" class_id="7" is_set="0" creator="15877" date_created="2007-08-03 09:29:54.0" version="" changed_by="24761" date_changed="2011-12-20 15:41:42.0" uuid="3ce4f67e-26fe-102b-80cb-0017a47871b2"/>
  <concept_name concept_id="2536" name="TRANS_IN" locale="en" creator="15877" date_created="2007-08-03 09:29:54.0" concept_name_id="5958" voided="0" uuid="93be0258-07d4-102c-b5fa-0017a47871b2" concept_name_type="SHORT" locale_preferred="false"/>
  <concept_name concept_id="2536" name="REFERRED IN" locale="en" creator="12" date_created="2009-06-09 11:57:21.0" concept_name_id="9114" voided="0" uuid="0b92f66a-15f5-102d-96e4-000c29c2a5d7" locale_preferred="false"/>
  <concept_name concept_id="2536" name="TRANSFER IN" locale="en" creator="15877" date_created="2007-08-03 09:29:54.0" concept_name_id="2722" voided="0" uuid="0b67a8fc-15f5-102d-96e4-000c29c2a5d7" concept_name_type="FULLY_SPECIFIED" locale_preferred="false"/>
  <concept_answer concept_answer_id="3681" concept_id="2536" answer_concept="1066" creator="15877" date_created="2008-01-23 12:22:53.0" uuid="c0f80c32-99e0-43b5-b403-8d924bbd9ce0" sort_weight="3681.0"/>
  <concept_answer concept_answer_id="3682" concept_id="2536" answer_concept="1067" creator="15877" date_created="2008-01-23 12:22:53.0" uuid="07cca95b-7083-4dca-90af-236314933494" sort_weight="3682.0"/>
  <concept_answer concept_answer_id="3683" concept_id="2536" answer_concept="1065" creator="15877" date_created="2008-01-23 12:22:53.0" uuid="5c79a4be-81ac-4df1-b07d-251883bd485f" sort_weight="3683.0"/>
  <concept concept_id="1219" retired="0" datatype_id="4" class_id="4" is_set="0" creator="24761" date_created="2005-02-09 07:00:00.0" version="" changed_by="24761" date_changed="2011-11-16 11:12:31.0" uuid="3cd82dea-26fe-102b-80cb-0017a47871b2"/>
  <concept_name concept_id="1219" name="CRYPTOCOCCOSIS" locale="en" creator="24761" date_created="2005-02-09 07:00:00.0" concept_name_id="1257" voided="0" uuid="3e16f132-26fe-102b-80cb-0017a47871b2" concept_name_type="FULLY_SPECIFIED" locale_preferred="false"/>
  <concept concept_id="5032" retired="0" datatype_id="4" class_id="4" is_set="0" creator="24761" date_created="2004-08-12 06:00:00.0" version="" changed_by="24761" date_changed="2011-11-16 11:12:31.0" uuid="3ce8e1e4-26fe-102b-80cb-0017a47871b2"/>
  <concept_name concept_id="5032" name="HIV STAGING - COCCIDIODOMYCOSIS, DISSEMINATED" locale="en" creator="24761" date_created="2004-08-12 06:00:00.0" concept_name_id="3395" voided="0" uuid="3e3a6450-26fe-102b-80cb-0017a47871b2" concept_name_type="FULLY_SPECIFIED" locale_preferred="false"/>
  <concept concept_id="5033" retired="0" datatype_id="4" class_id="4" is_set="0" creator="24761" date_created="2004-08-12 06:00:00.0" version="" changed_by="24761" date_changed="2011-11-16 11:12:29.0" uuid="3ce8e36a-26fe-102b-80cb-0017a47871b2"/>
  <concept_name concept_id="5033" name="HIV STAGING - CRYPTOCOCCOSIS, EXTRAPULMONARY" locale="en" creator="24761" date_created="2004-08-12 06:00:00.0" concept_name_id="3396" voided="0" uuid="3e3a65c2-26fe-102b-80cb-0017a47871b2" concept_name_type="FULLY_SPECIFIED" locale_preferred="false"/>
  <concept concept_id="5034" retired="0" datatype_id="4" class_id="4" is_set="0" creator="24761" date_created="2004-08-12 06:00:00.0" version="" changed_by="24761" date_changed="2011-11-16 11:12:29.0" uuid="3ce8e4fa-26fe-102b-80cb-0017a47871b2"/>
  <concept_name concept_id="5034" name="HIV STAGING - CRYPTOSPORIDIOSIS" locale="en" creator="24761" date_created="2004-08-12 06:00:00.0" concept_name_id="3397" voided="0" uuid="3e3a6bc6-26fe-102b-80cb-0017a47871b2" concept_name_type="FULLY_SPECIFIED" locale_preferred="false"/>
  <concept concept_id="5035" retired="0" datatype_id="4" class_id="4" is_set="0" creator="24761" date_created="2004-08-12 06:00:00.0" version="" changed_by="24761" date_changed="2011-11-16 11:12:29.0" uuid="3ce8e68a-26fe-102b-80cb-0017a47871b2"/>
  <concept_name concept_id="5035" name="HIV STAGING - CYTOMEGALOVIRUS DISEASE" locale="en" creator="24761" date_created="2004-08-12 06:00:00.0" concept_name_id="3398" voided="0" uuid="3e3a6d2e-26fe-102b-80cb-0017a47871b2" concept_name_type="FULLY_SPECIFIED" locale_preferred="false"/>
  <concept concept_id="5038" retired="0" datatype_id="4" class_id="4" is_set="0" creator="24761" date_created="2004-08-12 06:00:00.0" version="" changed_by="24761" date_changed="2011-11-16 11:12:31.0" uuid="3ce8eb4e-26fe-102b-80cb-0017a47871b2"/>
  <concept_name concept_id="5038" name="HIV STAGING - HISTOPLASMOSIS, DISSEMINATED" locale="en" creator="24761" date_created="2004-08-12 06:00:00.0" concept_name_id="3401" voided="0" uuid="3e3a78fa-26fe-102b-80cb-0017a47871b2" concept_name_type="FULLY_SPECIFIED" locale_preferred="false"/>
  <concept concept_id="5043" retired="0" datatype_id="4" class_id="4" is_set="0" creator="24761" date_created="2004-08-12 06:00:00.0" version="" changed_by="24761" date_changed="2011-11-16 11:12:30.0" uuid="3ce8f314-26fe-102b-80cb-0017a47871b2"/>
  <concept_name concept_id="5043" name="HIV STAGING - MYCOBACTERIUM, OTHER" locale="en" creator="24761" date_created="2004-08-12 06:00:00.0" concept_name_id="3407" voided="0" uuid="3e3a8552-26fe-102b-80cb-0017a47871b2" concept_name_type="FULLY_SPECIFIED" locale_preferred="false"/>
  <concept concept_id="1216" retired="0" datatype_id="4" class_id="4" is_set="0" creator="24761" date_created="2005-02-09 07:00:00.0" version="" changed_by="24761" date_changed="2011-11-16 11:12:31.0" uuid="3cd81ab2-26fe-102b-80cb-0017a47871b2"/>
  <concept_name concept_id="1216" name="HIV STAGING - NONRESPONSIVE HERPES SIMPLEX VIRUS" locale="en" creator="24761" date_created="2005-02-09 07:00:00.0" concept_name_id="1254" voided="0" uuid="3e16e9b2-26fe-102b-80cb-0017a47871b2" concept_name_type="FULLY_SPECIFIED" locale_preferred="false"/>
  <concept_name concept_id="1216" name="HIV STAGING - NONRESPONSIVE HSV" locale="en" creator="24761" date_created="2005-02-09 07:00:00.0" concept_name_id="7045" voided="0" uuid="94ab5170-07d4-102c-b5fa-0017a47871b2" locale_preferred="false"/>
  <concept concept_id="5025" retired="0" datatype_id="4" class_id="4" is_set="0" creator="24761" date_created="2004-08-12 06:00:00.0" changed_by="24761" date_changed="2012-09-12 11:33:58.0" uuid="3ce8d6d6-26fe-102b-80cb-0017a47871b2"/>
  <concept_name concept_id="5025" name="NEPHROPATHY" locale="en" creator="24761" date_created="2004-08-12 06:00:00.0" concept_name_id="3387" voided="0" uuid="3e3a5474-26fe-102b-80cb-0017a47871b2" concept_name_type="FULLY_SPECIFIED" locale_preferred="true"/>
  <concept concept_id="882" retired="0" datatype_id="4" class_id="4" is_set="0" creator="24761" date_created="2004-05-24 06:00:00.0" version="" changed_by="24761" date_changed="2011-11-16 11:12:30.0" uuid="3cd4d262-26fe-102b-80cb-0017a47871b2"/>
  <concept_name concept_id="882" name="PCP" locale="en" creator="24761" date_created="2004-10-20 06:00:00.0" concept_name_id="7404" voided="0" uuid="9562c8a0-07d4-102c-b5fa-0017a47871b2" locale_preferred="false"/>
  <concept_name concept_id="882" name="PNEUMOCYSTIC CARINII PNEUMONIA" locale="en" creator="24761" date_created="2004-05-24 06:00:00.0" concept_name_id="904" voided="0" uuid="3e12c422-26fe-102b-80cb-0017a47871b2" concept_name_type="FULLY_SPECIFIED" locale_preferred="false"/>
  <concept concept_id="5046" retired="0" datatype_id="4" class_id="4" is_set="0" creator="24761" date_created="2004-08-12 06:00:00.0" changed_by="24761" date_changed="2012-09-12 11:34:01.0" uuid="3ce8f7ba-26fe-102b-80cb-0017a47871b2"/>
  <concept_name concept_id="5046" name="PML" locale="en" creator="24761" date_created="2005-01-13 07:00:00.0" concept_name_id="7443" voided="0" uuid="0b880aac-15f5-102d-96e4-000c29c2a5d7" locale_preferred="false"/>
  <concept_name concept_id="5046" name="PML" locale="en" creator="24761" date_created="2004-08-12 06:00:00.0" concept_name_id="6165" voided="0" uuid="93bf5c2a-07d4-102c-b5fa-0017a47871b2" concept_name_type="SHORT" locale_preferred="false"/>
  <concept_name concept_id="5046" name="PROGRESSIVE MULTIFOCAL LEUKOENCEPHALOPATHY" locale="en" creator="24761" date_created="2004-08-12 06:00:00.0" concept_name_id="3410" voided="0" uuid="3e3a8ed0-26fe-102b-80cb-0017a47871b2" concept_name_type="FULLY_SPECIFIED" locale_preferred="true"/>
  <concept concept_id="2890" retired="0" datatype_id="4" class_id="4" is_set="0" creator="24761" date_created="2008-01-17 23:30:46.0" version="" changed_by="24761" date_changed="2011-11-16 11:12:30.0" uuid="3ce89770-26fe-102b-80cb-0017a47871b2"/>
  <concept_name concept_id="2890" name="RECURRENT BACTERAEMIA" locale="en" creator="24761" date_created="2008-01-17 23:30:46.0" concept_name_id="3110" voided="0" uuid="3e3a2bac-26fe-102b-80cb-0017a47871b2" concept_name_type="FULLY_SPECIFIED" locale_preferred="false"/>
  <concept concept_id="2894" retired="0" datatype_id="4" class_id="4" is_set="0" creator="24761" date_created="2008-01-23 17:17:46.0" version="" changed_by="24761" date_changed="2011-11-16 11:12:31.0" uuid="a6b43705-5299-4b0f-a4dd-4076dfb6b60a"/>
  <concept_name concept_id="2894" name="RECURRENT SEVERE PRESUMED BACTERIAL INFECTIONS" locale="en" creator="24761" date_created="2008-01-23 17:17:46.0" concept_name_id="3114" voided="0" uuid="0b6a4da0-15f5-102d-96e4-000c29c2a5d7" concept_name_type="FULLY_SPECIFIED" locale_preferred="false"/>
  <concept concept_id="2892" retired="0" datatype_id="4" class_id="4" is_set="0" creator="24761" date_created="2008-01-18 19:24:33.0" version="" changed_by="24761" date_changed="2011-11-16 11:12:31.0" uuid="3ce89a68-26fe-102b-80cb-0017a47871b2"/>
  <concept_name concept_id="2892" name="EPTB WITHOUT TB LYMPHADENOPATHY" locale="en" creator="24761" date_created="2008-01-18 19:24:33.0" concept_name_id="6870" voided="0" uuid="93f66030-07d4-102c-b5fa-0017a47871b2" locale_preferred="false"/>
  <concept_name concept_id="2892" name="EXTRAPULMONARY TB EXCLUDING TB LYMPHADENOPATHY" locale="en" creator="24761" date_created="2008-01-18 19:24:33.0" concept_name_id="6886" voided="0" uuid="93f6acd4-07d4-102c-b5fa-0017a47871b2" locale_preferred="false"/>
  <concept_name concept_id="2892" name="EXTRAPULMONARY TUBERCULOSIS WITHOUT LYMPHADENOPATHY" locale="en" creator="24761" date_created="2008-01-18 19:24:33.0" concept_name_id="3112" voided="0" uuid="3e3a2e90-26fe-102b-80cb-0017a47871b2" concept_name_type="FULLY_SPECIFIED" locale_preferred="false"/>
  <concept concept_id="5050" retired="0" datatype_id="4" class_id="4" is_set="0" creator="24761" date_created="2004-08-12 06:00:00.0" version="" changed_by="24761" date_changed="2011-11-16 11:12:31.0" uuid="3ce8fdfa-26fe-102b-80cb-0017a47871b2"/>
  <concept_name concept_id="5050" name="FAILURE TO THRIVE" locale="en" creator="24761" date_created="2004-08-12 06:00:00.0" concept_name_id="3415" voided="0" uuid="3e3aa4c4-26fe-102b-80cb-0017a47871b2" concept_name_type="FULLY_SPECIFIED" locale_preferred="false"/>
  <concept concept_id="5340" retired="0" datatype_id="4" class_id="4" is_set="0" creator="24761" date_created="2004-08-12 06:00:00.0" version="" changed_by="24761" date_changed="2011-11-16 11:12:29.0" uuid="3cebbf4a-26fe-102b-80cb-0017a47871b2"/>
  <concept_name concept_id="5340" name="HIV STAGING  - CANDIDIASIS, ORORESPIRATORY TRACT" locale="en" creator="24761" date_created="2004-08-12 06:00:00.0" concept_name_id="3709" voided="0" uuid="3e3d8acc-26fe-102b-80cb-0017a47871b2" concept_name_type="FULLY_SPECIFIED" locale_preferred="false"/>
  <concept concept_id="5024" retired="0" datatype_id="4" class_id="4" is_set="0" creator="24761" date_created="2004-08-12 06:00:00.0" version="" changed_by="24761" date_changed="2011-11-16 11:12:32.0" uuid="3ce8d550-26fe-102b-80cb-0017a47871b2"/>
  <concept_name concept_id="5024" name="HIV STAGING - LIP" locale="en" creator="24761" date_created="2005-02-09 07:00:00.0" concept_name_id="7043" voided="0" uuid="94ab44d2-07d4-102c-b5fa-0017a47871b2" locale_preferred="false"/>
  <concept_name concept_id="5024" name="HIV STAGING - LYMPHOID INTERSTITIAL PNEUMONIA" locale="en" creator="24761" date_created="2004-08-12 06:00:00.0" concept_name_id="3386" voided="0" uuid="3e3a5302-26fe-102b-80cb-0017a47871b2" concept_name_type="FULLY_SPECIFIED" locale_preferred="false"/>
  <concept concept_id="5022" retired="0" datatype_id="4" class_id="4" is_set="0" creator="24761" date_created="2004-08-12 06:00:00.0" version="" changed_by="24761" date_changed="2011-11-16 11:12:32.0" uuid="3ce8d23a-26fe-102b-80cb-0017a47871b2"/>
  <concept_name concept_id="5022" name="HIV STAGING - PEDS SHINGLES" locale="en" creator="24761" date_created="2005-02-09 07:00:00.0" concept_name_id="7046" voided="0" uuid="94ab56c0-07d4-102c-b5fa-0017a47871b2" locale_preferred="false"/>
  <concept_name concept_id="5022" name="HIV STAGING - PEDS HERPES ZOSTER" locale="en" creator="24761" date_created="2004-08-12 06:00:00.0" concept_name_id="3384" voided="0" uuid="3e3a5014-26fe-102b-80cb-0017a47871b2" concept_name_type="FULLY_SPECIFIED" locale_preferred="false"/>
  <concept concept_id="1215" retired="0" datatype_id="4" class_id="4" is_set="0" creator="24761" date_created="2005-02-09 07:00:00.0" version="" changed_by="24761" date_changed="2011-11-16 11:12:30.0" uuid="3cd80f72-26fe-102b-80cb-0017a47871b2"/>
  <concept_name concept_id="1215" name="RECURRENT PNEUMONIA" locale="en" creator="24761" date_created="2005-02-14 12:56:40.0" concept_name_id="7547" voided="0" uuid="9564bdae-07d4-102c-b5fa-0017a47871b2" locale_preferred="false"/>
  <concept_name concept_id="1215" name="HIV STAGING - RECURRENT BACTERIAL PNEUMONIA" locale="en" creator="24761" date_created="2005-02-09 07:00:00.0" concept_name_id="1253" voided="0" uuid="3e16e840-26fe-102b-80cb-0017a47871b2" concept_name_type="FULLY_SPECIFIED" locale_preferred="false"/>
  <concept concept_id="1217" retired="0" datatype_id="4" class_id="4" is_set="0" creator="24761" date_created="2005-02-09 07:00:00.0" version="" changed_by="24761" date_changed="2011-11-16 11:12:32.0" uuid="3cd81cd8-26fe-102b-80cb-0017a47871b2"/>
  <concept_name concept_id="1217" name="HIV STAGING - REFRACTORY ANEMIA" locale="en" creator="24761" date_created="2005-02-09 07:00:00.0" concept_name_id="1255" voided="0" uuid="3e16eb24-26fe-102b-80cb-0017a47871b2" concept_name_type="FULLY_SPECIFIED" locale_preferred="false"/>
  <concept concept_id="5029" retired="0" datatype_id="4" class_id="4" is_set="0" creator="24761" date_created="2004-08-12 06:00:00.0" version="" changed_by="24761" date_changed="2011-11-16 11:12:32.0" uuid="3ce8dd34-26fe-102b-80cb-0017a47871b2"/>
  <concept_name concept_id="5029" name="HIV STAGING - VARICELLA, DISSEMINATED" locale="en" creator="24761" date_created="2004-08-12 06:00:00.0" concept_name_id="3392" voided="0" uuid="3e3a600e-26fe-102b-80cb-0017a47871b2" concept_name_type="FULLY_SPECIFIED" locale_preferred="false"/>
  <concept_name concept_id="5029" name="HIV STAGING - DISSEMINATED CHICKENPOX" locale="en" creator="24761" date_created="2005-02-09 07:00:00.0" concept_name_id="7042" voided="0" uuid="94ab3f96-07d4-102c-b5fa-0017a47871b2" locale_preferred="false"/>
  <concept concept_id="42" retired="0" datatype_id="4" class_id="4" is_set="0" creator="24761" date_created="2004-01-01 07:00:00.0" version="" changed_by="24761" date_changed="2011-11-16 11:12:31.0" uuid="3ccc905c-26fe-102b-80cb-0017a47871b2"/>
  <concept_name concept_id="42" name="PULMONARY TB" locale="en" creator="24761" date_created="2005-02-14 12:55:39.0" concept_name_id="7500" voided="0" uuid="95642402-07d4-102c-b5fa-0017a47871b2" locale_preferred="false"/>
  <concept_name concept_id="42" name="PNEUMONIA, TUBERCULOUS" locale="en" creator="24761" date_created="2004-01-01 07:00:00.0" concept_name_id="44" voided="0" uuid="3e09d682-26fe-102b-80cb-0017a47871b2" concept_name_type="FULLY_SPECIFIED" locale_preferred="false"/>
  <concept_name concept_id="42" name="PTB" locale="en" creator="24761" date_created="2005-02-14 12:55:39.0" concept_name_id="7498" voided="0" uuid="95641b7e-07d4-102c-b5fa-0017a47871b2" locale_preferred="false"/>
  <concept_name concept_id="42" name="TB PNEUMONIA" locale="en" creator="24761" date_created="2005-02-14 12:53:07.0" concept_name_id="7743" voided="0" uuid="956a094e-07d4-102c-b5fa-0017a47871b2" locale_preferred="false"/>
  <concept concept_id="1218" retired="0" datatype_id="4" class_id="4" is_set="0" creator="24761" date_created="2005-02-09 07:00:00.0" version="" changed_by="24761" date_changed="2011-11-16 11:12:32.0" uuid="3cd82084-26fe-102b-80cb-0017a47871b2"/>
  <concept_name concept_id="1218" name="RECTOVAGINAL FISTULA" locale="en" creator="24761" date_created="2005-02-09 07:00:00.0" concept_name_id="1256" voided="0" uuid="3e16eca0-26fe-102b-80cb-0017a47871b2" concept_name_type="FULLY_SPECIFIED" locale_preferred="false"/>
  <concept concept_id="2888" retired="0" datatype_id="4" class_id="4" is_set="0" creator="24761" date_created="2008-01-17 23:10:26.0" version="" changed_by="24761" date_changed="2011-11-16 11:12:32.0" uuid="3ce8948c-26fe-102b-80cb-0017a47871b2"/>
  <concept_name concept_id="2888" name="TB LYMPHADENOPATHY" locale="en" creator="24761" date_created="2008-01-17 23:10:26.0" concept_name_id="3108" voided="0" uuid="3e3a28d2-26fe-102b-80cb-0017a47871b2" concept_name_type="FULLY_SPECIFIED" locale_preferred="false"/>
  <concept_name concept_id="2888" name="TUBERCULOSIS LYMPHADENOPATHY" locale="en" creator="24761" date_created="2008-01-17 23:10:26.0" concept_name_id="7838" voided="0" uuid="956bb92e-07d4-102c-b5fa-0017a47871b2" locale_preferred="false"/>
  <concept concept_id="2889" retired="0" datatype_id="4" class_id="4" is_set="0" creator="24761" date_created="2008-01-17 23:17:56.0" version="" changed_by="24761" date_changed="2011-11-16 11:12:32.0" uuid="3ce895fe-26fe-102b-80cb-0017a47871b2"/>
  <concept_name concept_id="2889" name="HIV STAGING-BRONCHECTASIS" locale="en" creator="24761" date_created="2008-01-17 23:17:56.0" concept_name_id="7047" voided="0" uuid="94ab5c06-07d4-102c-b5fa-0017a47871b2" locale_preferred="false"/>
  <concept_name concept_id="2889" name="CHRONIC HIV LUNG DISEASE" locale="en" creator="24761" date_created="2008-01-17 23:17:56.0" concept_name_id="3109" voided="0" uuid="3e3a2a3a-26fe-102b-80cb-0017a47871b2" concept_name_type="FULLY_SPECIFIED" locale_preferred="false"/>
  <concept concept_id="119" retired="0" datatype_id="4" class_id="5" is_set="0" creator="24761" date_created="2004-01-01 07:00:00.0" changed_by="24761" date_changed="2012-09-12 11:13:34.0" uuid="3ccd08d4-26fe-102b-80cb-0017a47871b2"/>
  <concept_name concept_id="119" name="DERMATITIS NOS" locale="en" creator="24761" date_created="2005-02-16 21:37:42.0" concept_name_id="6752" voided="0" uuid="93f48b02-07d4-102c-b5fa-0017a47871b2" locale_preferred="false"/>
  <concept_name concept_id="119" name="DERMATITIS" locale="en" creator="24761" date_created="2004-01-01 07:00:00.0" concept_name_id="122" voided="0" uuid="3e0b0a7a-26fe-102b-80cb-0017a47871b2" concept_name_type="FULLY_SPECIFIED" locale_preferred="true"/>
  <concept concept_id="5020" retired="0" datatype_id="4" class_id="4" is_set="0" creator="24761" date_created="2004-08-12 06:00:00.0" version="" changed_by="24761" date_changed="2011-11-16 11:12:31.0" uuid="3ce8cd76-26fe-102b-80cb-0017a47871b2"/>
  <concept_name concept_id="5020" name="HIV STAGING - HSV STOMATITIS" locale="en" creator="24761" date_created="2004-08-12 06:00:00.0" concept_name_id="3382" voided="0" uuid="3e3a4d30-26fe-102b-80cb-0017a47871b2" concept_name_type="FULLY_SPECIFIED" locale_preferred="false"/>
  <concept_name concept_id="5020" name="STOMATITIS" locale="en" creator="24761" date_created="2009-05-07 15:11:36.0" concept_name_id="8955" voided="0" uuid="7f1c820c-bb64-49bf-a483-62e231d9c295" locale_preferred="false"/>
  <concept concept_id="5012" retired="0" datatype_id="4" class_id="5" is_set="0" creator="24761" date_created="2004-08-12 06:00:00.0" version="" changed_by="24761" date_changed="2011-11-16 11:12:30.0" uuid="3ce8ba5c-26fe-102b-80cb-0017a47871b2"/>
  <concept_name concept_id="5012" name="HIV STAGING - RECURRENT UPPER RESPIRATORY INFECTION" locale="en" creator="24761" date_created="2004-08-12 06:00:00.0" concept_name_id="3374" voided="0" uuid="3e3a416e-26fe-102b-80cb-0017a47871b2" concept_name_type="FULLY_SPECIFIED" locale_preferred="false"/>
  <concept concept_id="1214" retired="0" datatype_id="10" class_id="6" is_set="0" creator="24761" date_created="2005-02-09 07:00:00.0" version="" changed_by="24761" date_changed="2011-11-16 11:12:25.0" uuid="3cd80d56-26fe-102b-80cb-0017a47871b2"/>
  <concept_name concept_id="1214" name="HIV STAGING - STEROID RESISTANT THROMBOCYTOPENIA" locale="en" creator="24761" date_created="2005-02-09 07:00:00.0" concept_name_id="1252" voided="0" uuid="3e16e6ba-26fe-102b-80cb-0017a47871b2" concept_name_type="FULLY_SPECIFIED" locale_preferred="false"/>
  <concept concept_id="1212" retired="0" datatype_id="4" class_id="4" is_set="0" creator="24761" date_created="2005-02-09 07:00:00.0" version="" changed_by="24761" date_changed="2011-11-16 11:12:31.0" uuid="3cd80928-26fe-102b-80cb-0017a47871b2"/>
  <concept_name concept_id="1212" name="MOLLUSCUM CONTAGIOSUM" locale="en" creator="24761" date_created="2005-02-09 07:00:00.0" concept_name_id="1250" voided="0" uuid="3e16e390-26fe-102b-80cb-0017a47871b2" concept_name_type="FULLY_SPECIFIED" locale_preferred="false"/>
  <concept concept_id="114" retired="0" datatype_id="4" class_id="4" is_set="0" creator="24761" date_created="2004-01-01 07:00:00.0" version="" changed_by="24761" date_changed="2011-11-16 11:12:31.0" uuid="3ccd010e-26fe-102b-80cb-0017a47871b2"/>
  <concept_name concept_id="114" name="OTITIS MEDIA" locale="en" creator="24761" date_created="2004-01-01 07:00:00.0" concept_name_id="117" voided="0" uuid="3e0afe72-26fe-102b-80cb-0017a47871b2" concept_name_type="FULLY_SPECIFIED" locale_preferred="false"/>
  <concept_name concept_id="114" name="OM" locale="en" creator="24761" date_created="2005-02-14 16:41:45.0" concept_name_id="7333" voided="0" void_reason="" uuid="94b84308-07d4-102c-b5fa-0017a47871b2" locale_preferred="false"/>
  <concept concept_id="1210" retired="0" datatype_id="4" class_id="13" is_set="0" creator="24761" date_created="2005-02-09 07:00:00.0" version="" changed_by="24761" date_changed="2011-11-16 11:12:26.0" uuid="3cd7f99c-26fe-102b-80cb-0017a47871b2"/>
  <concept_name concept_id="1210" name="PAROTID ENLARGEMENT" locale="en" creator="24761" date_created="2005-02-09 07:00:00.0" concept_name_id="1248" voided="0" uuid="3e16dfda-26fe-102b-80cb-0017a47871b2" concept_name_type="FULLY_SPECIFIED" locale_preferred="false"/>
  <concept concept_id="1211" retired="0" datatype_id="4" class_id="4" is_set="0" creator="24761" date_created="2005-02-09 07:00:00.0" version="" changed_by="24761" date_changed="2011-11-16 11:12:31.0" uuid="3cd80702-26fe-102b-80cb-0017a47871b2"/>
  <concept_name concept_id="1211" name="PLANE WART" locale="en" creator="24761" date_created="2005-02-09 07:00:00.0" concept_name_id="7437" voided="0" uuid="95633272-07d4-102c-b5fa-0017a47871b2" locale_preferred="false"/>
  <concept_name concept_id="1211" name="VERRUCA PLANUS" locale="en" creator="24761" date_created="2005-02-09 07:00:00.0" concept_name_id="1249" voided="0" uuid="3e16e1d8-26fe-102b-80cb-0017a47871b2" concept_name_type="FULLY_SPECIFIED" locale_preferred="false"/>
  <concept_name concept_id="1211" name="FLAT WART" locale="en" creator="24761" date_created="2005-02-09 07:00:00.0" concept_name_id="6917" voided="0" uuid="93f729c0-07d4-102c-b5fa-0017a47871b2" locale_preferred="false"/>
  <concept concept_id="2891" retired="0" datatype_id="4" class_id="4" is_set="0" creator="24761" date_created="2008-01-18 19:11:28.0" version="" changed_by="24761" date_changed="2011-11-16 11:12:31.0" uuid="3ce898e2-26fe-102b-80cb-0017a47871b2"/>
  <concept_name concept_id="2891" name="LINEAL GINGIVAL ERYTHEMA" locale="en" creator="24761" date_created="2008-01-18 19:11:28.0" concept_name_id="3111" voided="0" uuid="3e3a2d1e-26fe-102b-80cb-0017a47871b2" concept_name_type="FULLY_SPECIFIED" locale_preferred="false"/>
  <concept concept_id="2893" retired="0" datatype_id="4" class_id="4" is_set="0" creator="24761" date_created="2008-01-18 22:13:21.0" version="" changed_by="24761" date_changed="2011-11-16 11:12:31.0" uuid="3ce89cb6-26fe-102b-80cb-0017a47871b2"/>
  <concept_name concept_id="2893" name="UNEXPLAINED PERSISTENT HEPATOMEGALY AND SPLENOMEGALY" locale="en" creator="24761" date_created="2008-01-18 22:13:21.0" concept_name_id="3113" voided="0" uuid="3e3a3002-26fe-102b-80cb-0017a47871b2" concept_name_type="FULLY_SPECIFIED" locale_preferred="false"/>
  <concept concept_id="5327" retired="0" datatype_id="4" class_id="4" is_set="0" creator="24761" date_created="2004-08-12 06:00:00.0" version="" changed_by="24761" date_changed="2011-11-16 11:12:30.0" uuid="3cebab22-26fe-102b-80cb-0017a47871b2"/>
  <concept_name concept_id="5327" name="ASYMPTOMATIC HIV INFECTION" locale="en" creator="24761" date_created="2004-08-12 06:00:00.0" concept_name_id="3694" voided="0" uuid="3e3d5e94-26fe-102b-80cb-0017a47871b2" concept_name_type="FULLY_SPECIFIED" locale_preferred="false"/>
  <concept concept_id="825" retired="0" datatype_id="4" class_id="5" is_set="0" creator="24761" date_created="2004-05-04 06:00:00.0" version="" changed_by="24761" date_changed="2011-11-16 11:12:31.0" uuid="3cd477fe-26fe-102b-80cb-0017a47871b2"/>
  <concept_name concept_id="825" name="HEPATOSPLENOMEGALY" locale="en" creator="24761" date_created="2004-05-04 06:00:00.0" concept_name_id="843" voided="0" uuid="3e123142-26fe-102b-80cb-0017a47871b2" concept_name_type="FULLY_SPECIFIED" locale_preferred="false"/>
  <concept_name concept_id="825" name="HSM" locale="en" creator="24761" date_created="2005-02-18 21:19:03.0" concept_name_id="7069" voided="0" uuid="94abb89a-07d4-102c-b5fa-0017a47871b2" locale_preferred="false"/>
  <concept concept_id="5328" retired="0" datatype_id="4" class_id="5" is_set="0" creator="24761" date_created="2004-08-12 06:00:00.0" version="" changed_by="24761" date_changed="2011-11-16 11:12:30.0" uuid="3cebacb2-26fe-102b-80cb-0017a47871b2"/>
  <concept_name concept_id="5328" name="HIV STAGING - PERSISTENT GENERALIZED LYMPHADENOPATHY" locale="en" creator="24761" date_created="2004-08-12 06:00:00.0" concept_name_id="3695" voided="0" uuid="3e3d5ff2-26fe-102b-80cb-0017a47871b2" concept_name_type="FULLY_SPECIFIED" locale_preferred="false"/>
  <concept concept_id="5350" retired="0" datatype_id="4" class_id="4" is_set="0" creator="24761" date_created="2004-08-12 06:00:00.0" version="" changed_by="24761" date_changed="2011-11-16 11:12:26.0" uuid="3cebcf30-26fe-102b-80cb-0017a47871b2"/>
  <concept_name concept_id="5350" name="HIV STAGING - DISSEMINATED ENDEMIC MYCOSIS" locale="en" creator="24761" date_created="2004-08-12 06:00:00.0" concept_name_id="3719" voided="0" uuid="3e3dc794-26fe-102b-80cb-0017a47871b2" concept_name_type="FULLY_SPECIFIED" locale_preferred="false"/>
  <concept concept_id="5041" retired="0" datatype_id="4" class_id="4" is_set="0" creator="24761" date_created="2004-08-12 06:00:00.0" version="" changed_by="24761" date_changed="2011-11-16 11:12:30.0" uuid="3ce8eff4-26fe-102b-80cb-0017a47871b2"/>
  <concept_name concept_id="5041" name="HIV STAGING - LYMPHOMA" locale="en" creator="24761" date_created="2004-08-12 06:00:00.0" concept_name_id="3404" voided="0" uuid="3e3a7d1e-26fe-102b-80cb-0017a47871b2" concept_name_type="FULLY_SPECIFIED" locale_preferred="false"/>
  <concept concept_id="5344" retired="0" datatype_id="4" class_id="4" is_set="0" creator="24761" date_created="2004-08-12 06:00:00.0" version="" changed_by="24761" date_changed="2011-11-16 11:12:30.0" uuid="3cebc5bc-26fe-102b-80cb-0017a47871b2"/>
  <concept_name concept_id="5344" name="HIV STAGING - MUCOCUTANEOUS HERPES SIMPLEX" locale="en" creator="24761" date_created="2004-08-12 06:00:00.0" concept_name_id="3713" voided="0" uuid="3e3da0f2-26fe-102b-80cb-0017a47871b2" concept_name_type="FULLY_SPECIFIED" locale_preferred="false"/>
  <concept_name concept_id="5344" name="HIV STAGING - MUCOCUTANEOUS HSV" locale="en" creator="24761" date_created="2005-02-09 07:00:00.0" concept_name_id="7044" voided="0" uuid="94ab4a22-07d4-102c-b5fa-0017a47871b2" locale_preferred="false"/>
  <concept_name concept_id="5344" name="CHRONIC HERPES" locale="en" creator="24761" date_created="2007-08-08 16:50:17.0" concept_name_id="6638" voided="0" uuid="93f293ec-07d4-102c-b5fa-0017a47871b2" locale_preferred="false"/>
  <concept concept_id="5354" retired="0" datatype_id="4" class_id="4" is_set="0" creator="24761" date_created="2004-08-12 06:00:00.0" version="" changed_by="24761" date_changed="2011-11-16 11:12:30.0" uuid="3cebd58e-26fe-102b-80cb-0017a47871b2"/>
  <concept_name concept_id="5354" name="HIV STAGING - SALMONELLA SEPTICEMIA" locale="en" creator="24761" date_created="2004-08-12 06:00:00.0" concept_name_id="3723" voided="0" uuid="3e3dcd98-26fe-102b-80cb-0017a47871b2" concept_name_type="FULLY_SPECIFIED" locale_preferred="false"/>
  <concept concept_id="5042" retired="0" datatype_id="4" class_id="4" is_set="0" creator="24761" date_created="2004-08-12 06:00:00.0" changed_by="24761" date_changed="2012-09-12 11:34:00.0" uuid="3ce8f184-26fe-102b-80cb-0017a47871b2"/>
  <concept_name concept_id="5042" name="MYCOBACTERIUM TUBERCULOSIS, EXTRAPULMONARY" locale="en" creator="24761" date_created="2004-08-12 06:00:00.0" concept_name_id="3405" voided="0" uuid="3e3a7e86-26fe-102b-80cb-0017a47871b2" concept_name_type="FULLY_SPECIFIED" locale_preferred="true"/>
  <concept_name concept_id="5042" name="EXTRA PULMONARY TUBERCULOSIS" locale="en" creator="24761" date_created="2006-06-09 23:37:19.0" concept_name_id="6885" voided="0" uuid="93f6a7e8-07d4-102c-b5fa-0017a47871b2" locale_preferred="false"/>
  <concept concept_id="2583" retired="0" datatype_id="4" class_id="4" is_set="0" creator="24761" date_created="2007-08-08 16:54:51.0" version="" changed_by="24761" date_changed="2011-11-16 11:12:30.0" uuid="3ce5c888-26fe-102b-80cb-0017a47871b2"/>
  <concept_name concept_id="2583" name="TOXOPLASMOSIS" locale="en" creator="24761" date_created="2008-11-18 17:26:20.0" concept_name_id="7798" voided="0" uuid="bd216596-9e8d-423b-9bf3-894ef6af8f69" locale_preferred="false"/>
  <concept_name concept_id="2583" name="CENTRAL NERVOUS SYSTEM TOXOPLASMOSIS" locale="en" creator="24761" date_created="2007-08-08 16:54:51.0" concept_name_id="2772" voided="0" uuid="ca33b0fb-0d10-4fab-b7c1-13590f808490" concept_name_type="FULLY_SPECIFIED" locale_preferred="false"/>
  <concept concept_id="2588" retired="0" datatype_id="4" class_id="4" is_set="0" creator="24761" date_created="2007-08-08 18:07:38.0" version="" changed_by="24761" date_changed="2011-11-16 11:12:30.0" uuid="3ce5d01c-26fe-102b-80cb-0017a47871b2"/>
  <concept_name concept_id="2588" name="INVASIVE CERVICAL CARCINOMA" locale="en" creator="24761" date_created="2007-08-08 18:07:38.0" concept_name_id="2777" voided="0" uuid="3e2723fe-26fe-102b-80cb-0017a47871b2" concept_name_type="FULLY_SPECIFIED" locale_preferred="false"/>
  <concept concept_id="2590" retired="0" datatype_id="4" class_id="5" is_set="0" creator="24761" date_created="2007-08-10 15:54:15.0" version="" changed_by="24761" date_changed="2011-11-16 11:12:30.0" uuid="3ce5d314-26fe-102b-80cb-0017a47871b2"/>
  <concept_name concept_id="2590" name="BEDRIDDEN 50 PERCENT OF MONTH" locale="en" creator="24761" date_created="2007-08-10 15:54:15.0" concept_name_id="2779" voided="0" uuid="3e2728c2-26fe-102b-80cb-0017a47871b2" concept_name_type="FULLY_SPECIFIED" locale_preferred="false"/>
  <concept concept_id="2586" retired="0" datatype_id="4" class_id="4" is_set="0" creator="24761" date_created="2007-08-10 16:50:44.0" version="" changed_by="24761" date_changed="2011-11-16 11:12:30.0" uuid="3ce5ccfc-26fe-102b-80cb-0017a47871b2"/>
  <concept_name concept_id="2586" name="ATYPICAL" locale="en" creator="24761" date_created="2008-11-18 17:24:14.0" concept_name_id="6493" voided="0" uuid="767a187b-723a-4022-815a-2d28a3b7b87e" locale_preferred="false"/>
  <concept_name concept_id="2586" name="LEISHMANIASIS" locale="en" creator="24761" date_created="2008-11-18 17:24:14.0" concept_name_id="7174" voided="0" uuid="4e7adcbc-2502-4620-bc1e-9a852cb43de0" locale_preferred="false"/>
  <concept_name concept_id="2586" name="ATYPICAL DISSEMINATED LEISHMANIASIS" locale="en" creator="24761" date_created="2007-08-10 16:50:44.0" concept_name_id="2775" voided="0" uuid="a881179e-a202-40be-99cd-8bd7c42ab98c" concept_name_type="FULLY_SPECIFIED" locale_preferred="false"/>
  <concept concept_id="2721" retired="0" datatype_id="4" class_id="4" is_set="0" creator="24761" date_created="2007-10-12 21:51:26.0" version="" changed_by="24761" date_changed="2011-11-16 11:12:30.0" uuid="3ce6b4f0-26fe-102b-80cb-0017a47871b2"/>
  <concept_name concept_id="2721" name="SYMPTOMATIC NEPHROPATHY OR CARDIOMYOPATHY PRESUMED DUE TO HIV" locale="en" creator="24761" date_created="2007-10-12 21:51:26.0" concept_name_id="2936" voided="0" uuid="3e383a7c-26fe-102b-80cb-0017a47871b2" concept_name_type="FULLY_SPECIFIED" locale_preferred="false"/>
  <concept concept_id="2858" retired="0" datatype_id="4" class_id="4" is_set="0" creator="24761" date_created="2007-11-28 20:51:07.0" version="" changed_by="24761" date_changed="2011-11-16 11:12:30.0" uuid="3ce8611a-26fe-102b-80cb-0017a47871b2"/>
  <concept_name concept_id="2858" name="ISOSPORIASIS" locale="en" creator="24761" date_created="2007-11-28 20:51:07.0" concept_name_id="7125" voided="0" uuid="94adae8e-07d4-102c-b5fa-0017a47871b2" locale_preferred="false"/>
  <concept_name concept_id="2858" name="CHRONIC ISOSPORIASIS" locale="en" creator="24761" date_created="2007-11-28 20:51:07.0" concept_name_id="3076" voided="0" uuid="3e39f59c-26fe-102b-80cb-0017a47871b2" concept_name_type="FULLY_SPECIFIED" locale_preferred="false"/>
  <concept concept_id="5027" retired="0" datatype_id="4" class_id="13" is_set="0" creator="24761" date_created="2004-08-12 06:00:00.0" version="" changed_by="24761" date_changed="2011-11-16 11:12:30.0" uuid="3ce8d9f6-26fe-102b-80cb-0017a47871b2"/>
  <concept_name concept_id="5027" name="HIV STAGING - PERSISTENT FEVER" locale="en" creator="24761" date_created="2004-08-12 06:00:00.0" concept_name_id="3390" voided="0" uuid="3e3a58ca-26fe-102b-80cb-0017a47871b2" concept_name_type="FULLY_SPECIFIED" locale_preferred="false"/>
  <concept concept_id="5030" retired="0" datatype_id="4" class_id="5" is_set="0" creator="24761" date_created="2004-08-12 06:00:00.0" version="" changed_by="24761" date_changed="2011-11-16 11:12:31.0" uuid="3ce8dec4-26fe-102b-80cb-0017a47871b2"/>
  <concept_name concept_id="5030" name="HIV STAGING - SERIOUS BACTERIAL INFECTIONS" locale="en" creator="24761" date_created="2004-08-12 06:00:00.0" concept_name_id="3393" voided="0" uuid="3e3a6176-26fe-102b-80cb-0017a47871b2" concept_name_type="FULLY_SPECIFIED" locale_preferred="false"/>
  <concept concept_id="5338" retired="0" datatype_id="4" class_id="4" is_set="0" creator="24761" date_created="2004-08-12 06:00:00.0" version="" changed_by="24761" date_changed="2011-11-16 11:12:31.0" uuid="3cebbc34-26fe-102b-80cb-0017a47871b2"/>
  <concept_name concept_id="5338" name="HIV STAGING - TUBERCULOSIS WITHIN YEAR" locale="en" creator="24761" date_created="2004-08-12 06:00:00.0" concept_name_id="3707" voided="0" uuid="3e3d81da-26fe-102b-80cb-0017a47871b2" concept_name_type="FULLY_SPECIFIED" locale_preferred="false"/>
  <concept concept_id="5339" retired="0" datatype_id="4" class_id="4" is_set="0" creator="24761" date_created="2004-08-12 06:00:00.0" version="" changed_by="24761" date_changed="2011-11-16 11:12:31.0" uuid="3cebbdc4-26fe-102b-80cb-0017a47871b2"/>
  <concept_name concept_id="5339" name="HIV STAGING - WEIGHT LOSS GREATER THAN TEN PERCENT" locale="en" creator="24761" date_created="2004-08-12 06:00:00.0" concept_name_id="3708" voided="0" uuid="3e3d8770-26fe-102b-80cb-0017a47871b2" concept_name_type="FULLY_SPECIFIED" locale_preferred="false"/>
  <concept concept_id="5337" retired="0" datatype_id="4" class_id="5" is_set="0" creator="24761" date_created="2004-08-12 06:00:00.0" version="" changed_by="24761" date_changed="2011-11-16 11:12:31.0" uuid="3cebbaae-26fe-102b-80cb-0017a47871b2"/>
  <concept_name concept_id="5337" name="ORAL HAIRY LEUKOPLAKIA" locale="en" creator="24761" date_created="2004-08-12 06:00:00.0" concept_name_id="3706" voided="0" uuid="3e3d8072-26fe-102b-80cb-0017a47871b2" concept_name_type="FULLY_SPECIFIED" locale_preferred="false"/>
  <concept concept_id="5333" retired="0" datatype_id="4" class_id="4" is_set="0" creator="24761" date_created="2004-08-12 06:00:00.0" version="" changed_by="24761" date_changed="2011-11-16 11:12:31.0" uuid="3cebb478-26fe-102b-80cb-0017a47871b2"/>
  <concept_name concept_id="5333" name="HIV STAGING - SEVERE BACTERIAL INFECTION" locale="en" creator="24761" date_created="2004-08-12 06:00:00.0" concept_name_id="3701" voided="0" uuid="3e3d6f38-26fe-102b-80cb-0017a47871b2" concept_name_type="FULLY_SPECIFIED" locale_preferred="false"/>
  <concept concept_id="2581" retired="0" datatype_id="4" class_id="4" is_set="0" creator="24761" date_created="2007-08-08 16:43:11.0" version="" changed_by="24761" date_changed="2011-11-16 11:12:31.0" uuid="3ce5c590-26fe-102b-80cb-0017a47871b2"/>
  <concept_name concept_id="2581" name="ACUTE NECROTIZING ULCERATIVE STOMATITIS, GINGIVITIS, OR PERIODONTITIS" locale="en" creator="24761" date_created="2007-08-08 16:43:11.0" concept_name_id="2770" voided="0" uuid="3e271378-26fe-102b-80cb-0017a47871b2" concept_name_type="FULLY_SPECIFIED" locale_preferred="false"/>
  <concept concept_id="2582" retired="0" datatype_id="4" class_id="4" is_set="0" creator="24761" date_created="2007-08-08 16:47:41.0" version="" changed_by="24761" date_changed="2011-11-16 11:12:31.0" uuid="3ce5c70c-26fe-102b-80cb-0017a47871b2"/>
  <concept_name concept_id="2582" name="HIV STAGING-UNEXPLAINED ANEMIA" locale="en" creator="24761" date_created="2007-08-08 16:47:41.0" concept_name_id="7048" voided="0" uuid="94ab612e-07d4-102c-b5fa-0017a47871b2" locale_preferred="false"/>
  <concept_name concept_id="2582" name="UNEXPLAINED ANAEMIA, NEUTROPAENIA, OR THROBOCYTOPAENIA" locale="en" creator="24761" date_created="2007-08-08 16:47:41.0" concept_name_id="2771" voided="0" uuid="3e2715da-26fe-102b-80cb-0017a47871b2" concept_name_type="FULLY_SPECIFIED" locale_preferred="false"/>
  <concept concept_id="2624" retired="0" datatype_id="10" class_id="6" is_set="0" creator="24761" date_created="2007-08-17 20:04:53.0" version="" changed_by="24761" date_changed="2011-11-16 11:12:31.0" uuid="3ce60cb2-26fe-102b-80cb-0017a47871b2"/>
  <concept_name concept_id="2624" name="HIV STAGING - TUBERCULOSIS WITHIN TWO YEARS" locale="en" creator="24761" date_created="2007-08-17 20:04:53.0" concept_name_id="2816" voided="0" uuid="3e2769fe-26fe-102b-80cb-0017a47871b2" concept_name_type="FULLY_SPECIFIED" locale_preferred="false"/>
  <concept_name concept_id="2624" name="TB IN PREVIOUS TWO YEARS" locale="en" creator="24761" date_created="2007-08-17 20:04:53.0" concept_name_id="7739" voided="0" uuid="9569f7a6-07d4-102c-b5fa-0017a47871b2" locale_preferred="false"/>
  <concept_name concept_id="2624" name="TB last two years" locale="en" creator="24761" date_created="2007-08-17 20:04:53.0" concept_name_id="5974" voided="0" uuid="93be483a-07d4-102c-b5fa-0017a47871b2" concept_name_type="SHORT" locale_preferred="false"/>
  <concept concept_id="5329" retired="0" datatype_id="4" class_id="4" is_set="0" creator="24761" date_created="2004-08-12 06:00:00.0" version="" changed_by="24761" date_changed="2011-11-16 11:12:30.0" uuid="3cebae42-26fe-102b-80cb-0017a47871b2"/>
  <concept_name concept_id="5329" name="HIV STAGING - ADULT SHINGLES" locale="en" creator="24761" date_created="2005-02-09 07:00:00.0" concept_name_id="7040" voided="0" uuid="94ab3550-07d4-102c-b5fa-0017a47871b2" locale_preferred="false"/>
  <concept_name concept_id="5329" name="HIV STAGING - ADULT HERPES ZOSTER" locale="en" creator="24761" date_created="2004-08-12 06:00:00.0" concept_name_id="3696" voided="0" uuid="3e3d615a-26fe-102b-80cb-0017a47871b2" concept_name_type="FULLY_SPECIFIED" locale_preferred="false"/>
  <concept concept_id="5330" retired="0" datatype_id="4" class_id="5" is_set="0" creator="24761" date_created="2004-08-12 06:00:00.0" version="" changed_by="24761" date_changed="2011-11-16 11:12:30.0" uuid="3cebafd2-26fe-102b-80cb-0017a47871b2"/>
  <concept_name concept_id="5330" name="HIV STAGING - MINOR MUCOCUTANEOUS MANIFESTATIONS" locale="en" creator="24761" date_created="2004-08-12 06:00:00.0" concept_name_id="3698" voided="0" uuid="3e3d6916-26fe-102b-80cb-0017a47871b2" concept_name_type="FULLY_SPECIFIED" locale_preferred="false"/>
  <concept concept_id="5332" retired="0" datatype_id="4" class_id="4" is_set="0" creator="24761" date_created="2004-08-12 06:00:00.0" version="" changed_by="24761" date_changed="2011-11-16 11:12:30.0" uuid="3cebb2e8-26fe-102b-80cb-0017a47871b2"/>
  <concept_name concept_id="5332" name="HIV STAGING - WEIGHT LOSS LESS THAN TEN PERCENT" locale="en" creator="24761" date_created="2004-08-12 06:00:00.0" concept_name_id="3700" voided="0" uuid="3e3d6dd0-26fe-102b-80cb-0017a47871b2" concept_name_type="FULLY_SPECIFIED" locale_preferred="false"/>
  <concept concept_id="2575" retired="0" datatype_id="4" class_id="4" is_set="0" creator="24761" date_created="2007-08-08 16:29:57.0" version="" changed_by="24761" date_changed="2011-11-16 11:12:30.0" uuid="3ce5bca8-26fe-102b-80cb-0017a47871b2"/>
  <concept_name concept_id="2575" name="ANGULAR CHEILITIS" locale="en" creator="24761" date_created="2007-08-08 16:29:57.0" concept_name_id="2764" voided="0" uuid="3e26f064-26fe-102b-80cb-0017a47871b2" concept_name_type="FULLY_SPECIFIED" locale_preferred="false"/>
  <concept concept_id="2576" retired="0" datatype_id="4" class_id="4" is_set="0" creator="24761" date_created="2007-08-08 16:31:15.0" version="" changed_by="24761" date_changed="2011-11-16 11:12:30.0" uuid="3ce5be24-26fe-102b-80cb-0017a47871b2"/>
  <concept_name concept_id="2576" name="RECURRENT ORAL ULCERATION" locale="en" creator="24761" date_created="2007-08-08 16:31:15.0" concept_name_id="2765" voided="0" uuid="3e26f280-26fe-102b-80cb-0017a47871b2" concept_name_type="FULLY_SPECIFIED" locale_preferred="false"/>
  <concept concept_id="2577" retired="0" datatype_id="4" class_id="4" is_set="0" creator="24761" date_created="2007-08-08 16:33:18.0" version="" changed_by="24761" date_changed="2011-11-16 11:12:30.0" uuid="3ce5bfa0-26fe-102b-80cb-0017a47871b2"/>
  <concept_name concept_id="2577" name="PAPULAR PRURITIC ERUPTIONS" locale="en" creator="24761" date_created="2007-08-08 16:33:18.0" concept_name_id="2766" voided="0" uuid="3e26f8d4-26fe-102b-80cb-0017a47871b2" concept_name_type="FULLY_SPECIFIED" locale_preferred="false"/>
  <concept concept_id="2578" retired="0" datatype_id="4" class_id="4" is_set="0" creator="24761" date_created="2007-08-08 16:36:35.0" version="" changed_by="24761" date_changed="2011-11-16 11:12:30.0" uuid="3ce5c11c-26fe-102b-80cb-0017a47871b2"/>
  <concept_name concept_id="2578" name="SEBORRHOEIC DERMATITIS" locale="en" creator="24761" date_created="2007-08-08 16:36:35.0" concept_name_id="2767" voided="0" uuid="3e26fbc2-26fe-102b-80cb-0017a47871b2" concept_name_type="FULLY_SPECIFIED" locale_preferred="false"/>
  <concept concept_id="2579" retired="0" datatype_id="4" class_id="4" is_set="0" creator="24761" date_created="2007-08-08 16:37:34.0" version="" changed_by="24761" date_changed="2011-11-16 11:12:30.0" uuid="3ce5c298-26fe-102b-80cb-0017a47871b2"/>
  <concept_name concept_id="2579" name="FUNGAL NAIL INFECTION" locale="en" creator="24761" date_created="2007-08-08 16:37:34.0" concept_name_id="2768" voided="0" uuid="3e27023e-26fe-102b-80cb-0017a47871b2" concept_name_type="FULLY_SPECIFIED" locale_preferred="false"/>
  <concept concept_id="6923" retired="0" datatype_id="2" class_id="7" is_set="0" creator="23132" date_created="2010-11-22 19:43:58.0" version="" changed_by="23132" date_changed="2011-08-08 19:55:52.0" uuid="cc6c7761-d020-4a17-af15-e03936b76299"/>
  <concept_name concept_id="6923" name="Reason for therapeutic failure" locale="en" creator="23132" date_created="2010-11-22 19:43:58.0" concept_name_id="14227" voided="0" uuid="b886e697-809e-4472-b440-9a6e942655f4" concept_name_type="FULLY_SPECIFIED" locale_preferred="false"/>
  <concept_answer concept_answer_id="6361" concept_id="6923" answer_concept="5622" creator="23132" date_created="2010-11-22 19:43:58.0" uuid="38e25694-ee61-4784-ba0b-40cc7d1744c7" sort_weight="6361.0"/>
  <concept_answer concept_answer_id="6362" concept_id="6923" answer_concept="6925" creator="23132" date_created="2010-11-22 22:45:28.0" uuid="16052c04-bc39-492e-a915-d29784e49fe2" sort_weight="6362.0"/>
  <concept_answer concept_answer_id="6363" concept_id="6923" answer_concept="6926" creator="23132" date_created="2010-11-22 22:45:28.0" uuid="de41d0f2-9376-4ab8-9999-8021cb5a6bb5" sort_weight="6363.0"/>
  <concept_answer concept_answer_id="6364" concept_id="6923" answer_concept="1759" creator="23132" date_created="2010-11-22 22:45:28.0" uuid="5f1c613b-8b3f-40f7-bd79-7d620c22430b" sort_weight="6364.0"/>
  <concept concept_id="6925" retired="0" datatype_id="4" class_id="11" is_set="0" creator="23132" date_created="2010-11-22 22:34:43.0" version="" changed_by="23132" date_changed="2011-08-08 19:55:52.0" uuid="7216b6d4-9f2d-479b-815d-02542b6733b6"/>
  <concept_name concept_id="6925" name="CD4 decreased" locale="en" creator="23132" date_created="2010-11-22 22:34:43.0" concept_name_id="14229" voided="0" uuid="c764a9f9-836d-43bc-b30f-61ab138223a6" concept_name_type="FULLY_SPECIFIED" locale_preferred="false"/>
  <concept_name concept_id="6925" name="CD4 diminished" locale="en" creator="23132" date_created="2010-11-22 22:34:43.0" concept_name_id="14230" voided="0" uuid="009f334d-0739-4b49-ac27-cd25db3e9b1d" locale_preferred="false"/>
  <concept concept_id="6926" retired="0" datatype_id="4" class_id="11" is_set="0" creator="23132" date_created="2010-11-22 22:38:14.0" version="" changed_by="23132" date_changed="2011-08-08 19:55:52.0" uuid="a4d16d61-dbc9-4238-bacc-36a4acf1ed08"/>
  <concept_name concept_id="6926" name="WHO Stage 4 or 4 illness" locale="en" creator="23132" date_created="2010-11-22 22:38:14.0" concept_name_id="14231" voided="0" void_reason="" uuid="47edea32-5bf4-4f87-b3ef-9cc51a01fe10" locale_preferred="false"/>
  <concept_name concept_id="6926" name="New WHO stage III or IV condition" locale="en" creator="23132" date_created="2010-11-22 22:38:14.0" concept_name_id="14232" voided="0" uuid="24ff4161-2754-4b83-b8cc-0fbc65a19fc1" concept_name_type="FULLY_SPECIFIED" locale_preferred="false"/>
  <concept concept_id="1759" retired="0" datatype_id="4" class_id="11" is_set="0" creator="23132" date_created="2006-11-21 19:46:56.0" version="" changed_by="23132" date_changed="2011-08-08 19:55:52.0" uuid="3cdd8704-26fe-102b-80cb-0017a47871b2"/>
  <concept_name concept_id="1759" name="Problem with adherence" locale="en" creator="23132" date_created="2010-11-22 22:44:00.0" concept_name_id="14234" voided="0" uuid="2f5f82bd-e56c-41bd-86b2-c0361148a10f" locale_preferred="false"/>
  <concept_name concept_id="1759" name="POOR ADHERENCE" locale="en" creator="23132" date_created="2006-11-21 19:46:56.0" concept_name_id="1919" voided="0" uuid="3e1e3c6c-26fe-102b-80cb-0017a47871b2" concept_name_type="FULLY_SPECIFIED" locale_preferred="false"/>
  <concept concept_id="1229" retired="0" datatype_id="4" class_id="11" is_set="0" creator="24761" date_created="2005-02-17 00:20:37.0" version="" changed_by="24761" date_changed="2011-11-17 15:52:11.0" uuid="3cd8f586-26fe-102b-80cb-0017a47871b2"/>
  <concept_name concept_id="1229" name="NON-REACTIVE" locale="en" creator="24761" date_created="2005-02-17 00:20:37.0" concept_name_id="1267" voided="0" uuid="3e16ffc4-26fe-102b-80cb-0017a47871b2" concept_name_type="FULLY_SPECIFIED" locale_preferred="false"/>
  <concept concept_id="1228" retired="0" datatype_id="4" class_id="11" is_set="0" creator="24761" date_created="2005-02-17 00:18:45.0" version="" changed_by="24761" date_changed="2011-11-17 15:52:11.0" uuid="3cd8f3f6-26fe-102b-80cb-0017a47871b2"/>
  <concept_name concept_id="1228" name="REACTIVE" locale="en" creator="24761" date_created="2005-02-17 00:18:45.0" concept_name_id="1266" voided="0" uuid="3e16fe5c-26fe-102b-80cb-0017a47871b2" concept_name_type="FULLY_SPECIFIED" locale_preferred="false"/>
  <concept concept_id="3082" retired="0" datatype_id="2" class_id="7" is_set="0" creator="7" date_created="2008-05-20 12:11:46.0" version="" changed_by="7" date_changed="2008-05-20 12:13:59.0" uuid="cee6dfe4-fa1c-4cef-8acc-c35a4b2e8678"/>
  <concept_name concept_id="3082" name="PARTSTAT" locale="en" creator="7" date_created="2008-05-20 12:11:46.0" concept_name_id="6158" voided="0" uuid="93c4b7a6-07d4-102c-b5fa-0017a47871b2" concept_name_type="SHORT" locale_preferred="false"/>
  <concept_name concept_id="3082" name="TESTING STATUS OF PARTNER" locale="en" creator="7" date_created="2008-05-20 12:11:46.0" concept_name_id="3302" voided="0" uuid="0b6b3f1c-15f5-102d-96e4-000c29c2a5d7" concept_name_type="FULLY_SPECIFIED" locale_preferred="false"/>
  <concept_answer concept_answer_id="3908" concept_id="3082" answer_concept="1175" creator="7" date_created="2008-05-20 12:11:46.0" uuid="0b1b73ec-15f5-102d-96e4-000c29c2a5d7" sort_weight="3908.0"/>
  <concept_answer concept_answer_id="3909" concept_id="3082" answer_concept="2224" creator="7" date_created="2008-05-20 12:11:46.0" uuid="0b1b74be-15f5-102d-96e4-000c29c2a5d7" sort_weight="3909.0"/>
  <concept_answer concept_answer_id="3910" concept_id="3082" answer_concept="2416" creator="7" date_created="2008-05-20 12:11:46.0" uuid="0b1b759a-15f5-102d-96e4-000c29c2a5d7" sort_weight="3910.0"/>
  <concept_answer concept_answer_id="3911" concept_id="3082" answer_concept="1067" creator="7" date_created="2008-05-20 12:11:46.0" uuid="0b1b7676-15f5-102d-96e4-000c29c2a5d7" sort_weight="3911.0"/>
  <concept_answer concept_answer_id="3912" concept_id="3082" answer_concept="664" creator="7" date_created="2008-05-20 12:11:46.0" uuid="0b1b7752-15f5-102d-96e4-000c29c2a5d7" sort_weight="3912.0"/>
  <concept_answer concept_answer_id="3913" concept_id="3082" answer_concept="703" creator="7" date_created="2008-05-20 12:11:46.0" uuid="0b1b782e-15f5-102d-96e4-000c29c2a5d7" sort_weight="3913.0"/>
  <concept_answer concept_answer_id="3914" concept_id="3082" answer_concept="3083" creator="7" date_created="2008-05-20 12:13:59.0" uuid="0b1b790a-15f5-102d-96e4-000c29c2a5d7" sort_weight="3914.0"/>
  <concept concept_id="1175" retired="0" datatype_id="4" class_id="11" is_set="0" creator="24821" date_created="2005-02-08 00:00:00.0" changed_by="24821" date_changed="2013-03-13 10:15:39.0" uuid="3cd7b72a-26fe-102b-80cb-0017a47871b2"/>
  <concept_name concept_id="1175" name="NOT APPLICABLE" locale="en" creator="24821" date_created="2009-02-06 12:22:23.0" concept_name_id="8349" voided="0" uuid="3e16182a-26fe-102b-80cb-0017a47871b2" concept_name_type="FULLY_SPECIFIED" locale_preferred="true"/>
  <concept concept_id="2416" retired="0" datatype_id="4" class_id="11" is_set="0" creator="23132" date_created="2007-05-31 15:45:50.0" version="" changed_by="23132" date_changed="2011-08-08 19:55:45.0" uuid="3ce3e48c-26fe-102b-80cb-0017a47871b2"/>
  <concept_name concept_id="2416" name="DID NOT ANSWER" locale="en" creator="23132" date_created="2007-05-31 15:45:50.0" concept_name_id="2600" voided="0" uuid="3e24ef6c-26fe-102b-80cb-0017a47871b2" concept_name_type="FULLY_SPECIFIED" locale_preferred="false"/>
  <concept concept_id="1851" retired="0" datatype_id="4" class_id="18" is_set="0" creator="24761" date_created="2007-03-28 11:18:48.0" changed_by="24761" date_changed="2012-09-12 11:18:46.0" uuid="3cdea60c-26fe-102b-80cb-0017a47871b2"/>
  <concept_name concept_id="1851" name="GAVE BIRTH" locale="en" creator="24761" date_created="2007-03-28 11:18:48.0" concept_name_id="2017" voided="0" uuid="0b630914-15f5-102d-96e4-000c29c2a5d7" concept_name_type="FULLY_SPECIFIED" locale_preferred="true"/>
  <concept concept_id="374" retired="0" datatype_id="2" class_id="7" is_set="0" creator="24761" date_created="2006-02-13 20:50:59.0" version="" changed_by="24761" date_changed="2011-11-16 11:12:48.0" uuid="3ccfbd0e-26fe-102b-80cb-0017a47871b2"/>
  <concept_name concept_id="374" name="METHOD OF BIRTH CONTROL" locale="en" creator="24761" date_created="2006-02-13 20:52:24.0" concept_name_id="7231" voided="0" uuid="94b6ceba-07d4-102c-b5fa-0017a47871b2" locale_preferred="false"/>
  <concept_name concept_id="374" name="METHOD OF FAMILY PLANNING" locale="en" creator="24761" date_created="2006-02-13 20:50:59.0" concept_name_id="386" voided="0" uuid="3e0d6c2a-26fe-102b-80cb-0017a47871b2" concept_name_type="FULLY_SPECIFIED" locale_preferred="false"/>
  <concept_answer concept_answer_id="719" concept_id="374" answer_concept="5279" creator="24761" date_created="2006-02-13 20:52:24.0" uuid="3d3e27da-26fe-102b-80cb-0017a47871b2" sort_weight="719.0"/>
  <concept_answer concept_answer_id="720" concept_id="374" answer_concept="5278" creator="24761" date_created="2006-02-13 20:52:24.0" uuid="3d3e291a-26fe-102b-80cb-0017a47871b2" sort_weight="720.0"/>
  <concept_answer concept_answer_id="721" concept_id="374" answer_concept="5275" creator="24761" date_created="2006-02-13 20:52:24.0" uuid="3d3e2a5a-26fe-102b-80cb-0017a47871b2" sort_weight="721.0"/>
  <concept_answer concept_answer_id="722" concept_id="374" answer_concept="5622" creator="24761" date_created="2006-02-13 20:52:24.0" uuid="3d3e2b9a-26fe-102b-80cb-0017a47871b2" sort_weight="722.0"/>
  <concept_answer concept_answer_id="723" concept_id="374" answer_concept="5276" creator="24761" date_created="2006-02-13 20:52:24.0" uuid="3d3e2cda-26fe-102b-80cb-0017a47871b2" sort_weight="723.0"/>
  <concept_answer concept_answer_id="724" concept_id="374" answer_concept="190" creator="24761" date_created="2006-02-13 20:52:24.0" uuid="3d3e2e1a-26fe-102b-80cb-0017a47871b2" sort_weight="724.0"/>
  <concept_answer concept_answer_id="725" concept_id="374" answer_concept="780" creator="24761" date_created="2006-02-13 20:52:24.0" uuid="3d3e2f50-26fe-102b-80cb-0017a47871b2" sort_weight="725.0"/>
  <concept_answer concept_answer_id="726" concept_id="374" answer_concept="5277" creator="24761" date_created="2006-02-13 20:52:24.0" uuid="3d3e3090-26fe-102b-80cb-0017a47871b2" sort_weight="726.0"/>
  <concept_answer concept_answer_id="1327" concept_id="374" answer_concept="1720" creator="24761" date_created="2006-10-03 16:09:45.0" uuid="3d41eb72-26fe-102b-80cb-0017a47871b2" sort_weight="1327.0"/>
  <concept_answer concept_answer_id="1328" concept_id="374" answer_concept="1718" creator="24761" date_created="2006-10-03 16:09:45.0" uuid="3d41f3ec-26fe-102b-80cb-0017a47871b2" sort_weight="1328.0"/>
  <concept_answer concept_answer_id="1329" concept_id="374" answer_concept="1719" creator="24761" date_created="2006-10-03 16:09:45.0" uuid="3d41f522-26fe-102b-80cb-0017a47871b2" sort_weight="1329.0"/>
  <concept_answer concept_answer_id="1330" concept_id="374" answer_concept="1721" creator="24761" date_created="2006-10-03 16:09:45.0" uuid="3d41f658-26fe-102b-80cb-0017a47871b2" sort_weight="1330.0"/>
  <concept_answer concept_answer_id="1335" concept_id="374" answer_concept="907" creator="24761" date_created="2006-10-05 14:45:58.0" uuid="3d41f8ce-26fe-102b-80cb-0017a47871b2" sort_weight="1335.0"/>
  <concept_answer concept_answer_id="2539" concept_id="374" answer_concept="1175" creator="24761" date_created="2007-05-31 13:37:53.0" uuid="3d49cbe4-26fe-102b-80cb-0017a47871b2" sort_weight="2539.0"/>
  <concept_answer concept_answer_id="2540" concept_id="374" answer_concept="1107" creator="24761" date_created="2007-05-31 13:37:53.0" uuid="3d49cd24-26fe-102b-80cb-0017a47871b2" sort_weight="2540.0"/>
  <concept_answer concept_answer_id="3479" concept_id="374" answer_concept="2712" creator="24761" date_created="2007-10-11 21:29:22.0" uuid="3d4fd5c0-26fe-102b-80cb-0017a47871b2" sort_weight="3479.0"/>
  <concept concept_id="5279" retired="0" datatype_id="4" class_id="9" is_set="1" creator="24761" date_created="2004-08-12 00:00:00.0" version="" changed_by="24761" date_changed="2011-11-16 11:12:39.0" uuid="3ceb5532-26fe-102b-80cb-0017a47871b2"/>
  <concept_name concept_id="5279" name="INJECTABLE HORMONES" locale="en" creator="24761" date_created="2006-02-13 20:45:30.0" concept_name_id="7111" voided="0" uuid="94acfcbe-07d4-102c-b5fa-0017a47871b2" locale_preferred="false"/>
  <concept_name concept_id="5279" name="INJECTABLE CONTRACEPTIVES" locale="en" creator="24761" date_created="2004-08-12 00:00:00.0" concept_name_id="3646" voided="0" uuid="3e3d14d4-26fe-102b-80cb-0017a47871b2" concept_name_type="FULLY_SPECIFIED" locale_preferred="false"/>
  <concept_set concept_set_id="151" concept_id="907" concept_set="5279" sort_weight="0.0" creator="24761" date_created="2006-02-13 20:45:30.0" uuid="3f28c3b6-26fe-102b-80cb-0017a47871b2"/>
  <concept concept_id="5278" retired="0" datatype_id="4" class_id="11" is_set="0" creator="24761" date_created="2004-08-12 00:00:00.0" version="" changed_by="24761" date_changed="2011-11-16 11:12:26.0" uuid="3ceb52ee-26fe-102b-80cb-0017a47871b2"/>
  <concept_name concept_id="5278" name="DIAPHRAGM" locale="en" creator="24761" date_created="2004-08-12 00:00:00.0" concept_name_id="3645" voided="0" uuid="3e3d1362-26fe-102b-80cb-0017a47871b2" concept_name_type="FULLY_SPECIFIED" locale_preferred="false"/>
  <concept_name concept_id="5278" name="CERVICAL CAP" locale="en" creator="24761" date_created="2006-02-13 20:42:36.0" concept_name_id="6605" voided="0" uuid="93f0eede-07d4-102c-b5fa-0017a47871b2" locale_preferred="false"/>
  <concept concept_id="5275" retired="0" datatype_id="4" class_id="11" is_set="0" creator="24761" date_created="2004-08-12 00:00:00.0" version="" changed_by="24761" date_changed="2011-11-16 11:12:39.0" uuid="3ceb4d4e-26fe-102b-80cb-0017a47871b2"/>
  <concept_name concept_id="5275" name="INTRAUTERINE DEVICE" locale="en" creator="24761" date_created="2004-08-12 00:00:00.0" concept_name_id="3642" voided="0" uuid="3e3d0ef8-26fe-102b-80cb-0017a47871b2" concept_name_type="FULLY_SPECIFIED" locale_preferred="false"/>
  <concept_name concept_id="5275" name="IUCD" locale="en" creator="24761" date_created="2006-02-13 20:34:39.0" concept_name_id="7128" voided="0" uuid="94adecd2-07d4-102c-b5fa-0017a47871b2" locale_preferred="false"/>
  <concept_name concept_id="5275" name="IUD" locale="en" creator="24761" date_created="2006-02-13 20:34:39.0" concept_name_id="7129" voided="0" uuid="94ae023a-07d4-102c-b5fa-0017a47871b2" locale_preferred="false"/>
  <concept concept_id="5276" retired="0" datatype_id="4" class_id="2" is_set="0" creator="24761" date_created="2004-08-12 00:00:00.0" version="" changed_by="24761" date_changed="2011-11-16 11:12:39.0" uuid="3ceb4ee8-26fe-102b-80cb-0017a47871b2"/>
  <concept_name concept_id="5276" name="HYSTERECTOMY" locale="en" creator="24761" date_created="2006-02-13 20:36:19.0" concept_name_id="7090" voided="0" uuid="94ac1f6a-07d4-102c-b5fa-0017a47871b2" locale_preferred="false"/>
  <concept_name concept_id="5276" name="FEMALE STERILIZATION" locale="en" creator="24761" date_created="2004-08-12 00:00:00.0" concept_name_id="3643" voided="0" uuid="3e3d106a-26fe-102b-80cb-0017a47871b2" concept_name_type="FULLY_SPECIFIED" locale_preferred="false"/>
  <concept concept_id="190" retired="0" datatype_id="4" class_id="3" is_set="0" creator="24761" date_created="2004-01-01 00:00:00.0" changed_by="24761" date_changed="2012-09-12 11:13:41.0" uuid="3cce7a20-26fe-102b-80cb-0017a47871b2"/>
  <concept_name concept_id="190" name="CONDOMS" locale="en" creator="24761" date_created="2004-01-01 00:00:00.0" concept_name_id="198" voided="0" uuid="3e0ba5ac-26fe-102b-80cb-0017a47871b2" concept_name_type="FULLY_SPECIFIED" locale_preferred="true"/>
  <concept concept_id="780" retired="0" datatype_id="4" class_id="9" is_set="1" creator="24761" date_created="2004-03-20 00:00:00.0" version="" changed_by="24761" date_changed="2011-11-16 11:12:39.0" uuid="3cd42786-26fe-102b-80cb-0017a47871b2"/>
  <concept_name concept_id="780" name="ORAL CONTRACEPTION" locale="en" creator="24761" date_created="2004-03-20 00:00:00.0" concept_name_id="796" voided="0" uuid="3e11e0a2-26fe-102b-80cb-0017a47871b2" concept_name_type="FULLY_SPECIFIED" locale_preferred="false"/>
  <concept_name concept_id="780" name="BIRTH CONTROL PILLS" locale="en" creator="24761" date_created="2006-02-13 20:32:52.0" concept_name_id="6541" voided="0" uuid="93ee52e6-07d4-102c-b5fa-0017a47871b2" locale_preferred="false"/>
  <concept concept_id="5277" retired="0" datatype_id="4" class_id="11" is_set="0" creator="24761" date_created="2004-08-12 00:00:00.0" version="" changed_by="24761" date_changed="2011-11-16 11:12:48.0" uuid="3ceb5082-26fe-102b-80cb-0017a47871b2"/>
  <concept_name concept_id="5277" name="NATURAL FAMILY PLANNING" locale="en" creator="24761" date_created="2004-08-12 00:00:00.0" concept_name_id="3644" voided="0" uuid="3e3d11dc-26fe-102b-80cb-0017a47871b2" concept_name_type="FULLY_SPECIFIED" locale_preferred="false"/>
  <concept_name concept_id="5277" name="RHYTHM METHOD" locale="en" creator="24761" date_created="2006-02-13 20:37:43.0" concept_name_id="7574" voided="0" uuid="956506b0-07d4-102c-b5fa-0017a47871b2" locale_preferred="false"/>
  <concept concept_id="1720" retired="0" datatype_id="4" class_id="11" is_set="0" creator="24761" date_created="2006-10-03 16:08:02.0" version="" changed_by="24761" date_changed="2011-11-16 11:12:48.0" uuid="3cdcf5e6-26fe-102b-80cb-0017a47871b2"/>
  <concept_name concept_id="1720" name="ABSTINENCE" locale="en" creator="24761" date_created="2006-10-03 16:08:02.0" concept_name_id="1876" voided="0" uuid="3e1deafa-26fe-102b-80cb-0017a47871b2" concept_name_type="FULLY_SPECIFIED" locale_preferred="false"/>
  <concept concept_id="1718" retired="0" datatype_id="4" class_id="11" is_set="0" creator="24761" date_created="2006-10-03 16:05:53.0" version="" changed_by="24761" date_changed="2011-11-16 11:12:40.0" uuid="3cdcf2e4-26fe-102b-80cb-0017a47871b2"/>
  <concept_name concept_id="1718" name="NORPLANT" locale="en" creator="24761" date_created="2006-10-03 16:05:53.0" concept_name_id="1873" voided="0" uuid="3e1de32a-26fe-102b-80cb-0017a47871b2" concept_name_type="FULLY_SPECIFIED" locale_preferred="false"/>
  <concept concept_id="1719" retired="0" datatype_id="4" class_id="11" is_set="0" creator="24761" date_created="2006-10-03 16:06:46.0" version="" changed_by="24761" date_changed="2011-11-16 11:12:40.0" uuid="3cdcf44c-26fe-102b-80cb-0017a47871b2"/>
  <concept_name concept_id="1719" name="TUBAL LIGATION" locale="en" creator="24761" date_created="2006-10-03 16:10:30.0" concept_name_id="1874" voided="0" uuid="3e1de618-26fe-102b-80cb-0017a47871b2" concept_name_type="FULLY_SPECIFIED" locale_preferred="false"/>
  <concept concept_id="1721" retired="0" datatype_id="4" class_id="11" is_set="0" creator="24761" date_created="2006-10-03 16:08:31.0" version="" changed_by="24761" date_changed="2011-11-16 11:12:40.0" uuid="3cdcf74e-26fe-102b-80cb-0017a47871b2"/>
  <concept_name concept_id="1721" name="VASECTOMY" locale="en" creator="24761" date_created="2006-10-03 16:08:31.0" concept_name_id="1877" voided="0" uuid="3e1ded66-26fe-102b-80cb-0017a47871b2" concept_name_type="FULLY_SPECIFIED" locale_preferred="false"/>
  <concept concept_id="907" retired="0" datatype_id="4" class_id="3" is_set="0" creator="24761" date_created="2004-07-02 00:00:00.0" version="" changed_by="24761" date_changed="2011-11-16 11:12:39.0" uuid="3cd5094e-26fe-102b-80cb-0017a47871b2"/>
  <concept_name concept_id="907" name="MEDROXYPROGESTERONE ACETATE" locale="en" creator="24761" date_created="2004-07-02 00:00:00.0" concept_name_id="931" voided="0" uuid="3e12ebd2-26fe-102b-80cb-0017a47871b2" concept_name_type="FULLY_SPECIFIED" locale_preferred="false"/>
  <concept_name concept_id="907" name="DEPO-PROVERA" locale="en" creator="24761" date_created="2005-02-18 15:46:56.0" concept_name_id="6749" voided="0" uuid="93f47c52-07d4-102c-b5fa-0017a47871b2" locale_preferred="false"/>
  <concept_name concept_id="907" name="DEPOPROVERA" locale="en" creator="24761" date_created="2005-02-18 15:46:56.0" concept_name_id="6750" voided="0" uuid="93f48134-07d4-102c-b5fa-0017a47871b2" locale_preferred="false"/>
  <concept concept_id="2712" retired="0" datatype_id="4" class_id="2" is_set="0" creator="24761" date_created="2007-10-11 21:27:57.0" version="" changed_by="24761" date_changed="2011-11-16 11:12:40.0" uuid="3ce69f06-26fe-102b-80cb-0017a47871b2"/>
  <concept_name concept_id="2712" name="STERILIZATION" locale="en" creator="24761" date_created="2007-10-11 21:27:57.0" concept_name_id="2920" voided="0" uuid="3e381628-26fe-102b-80cb-0017a47871b2" concept_name_type="FULLY_SPECIFIED" locale_preferred="false"/>
  <concept concept_id="6517" retired="0" datatype_id="2" class_id="7" is_set="0" creator="23132" date_created="2009-10-19 12:33:51.0" version="" changed_by="23132" date_changed="2009-10-19 13:29:45.0" uuid="43a5d930-d33f-4cd5-89e6-55156b31364b"/>
  <concept_name concept_id="6517" name="ADHERENCE DAY 7 OF MONTH" locale="en" creator="23132" date_created="2009-10-19 12:33:51.0" concept_name_id="9604" voided="0" uuid="0b96297a-15f5-102d-96e4-000c29c2a5d7" concept_name_type="FULLY_SPECIFIED" locale_preferred="false"/>
  <concept_name concept_id="6517" name="7" locale="en" creator="23132" date_created="2009-10-19 13:29:45.0" concept_name_id="9637" voided="0" uuid="0b964982-15f5-102d-96e4-000c29c2a5d7" concept_name_type="SHORT" locale_preferred="false"/>
  <concept_answer concept_answer_id="5877" concept_id="6517" answer_concept="6510" creator="23132" date_created="2009-10-19 12:33:51.0" uuid="0b256b54-15f5-102d-96e4-000c29c2a5d7" sort_weight="5877.0"/>
  <concept_answer concept_answer_id="5878" concept_id="6517" answer_concept="6508" creator="23132" date_created="2009-10-19 12:33:51.0" uuid="0b256c26-15f5-102d-96e4-000c29c2a5d7" sort_weight="5878.0"/>
  <concept_answer concept_answer_id="5879" concept_id="6517" answer_concept="6509" creator="23132" date_created="2009-10-19 12:33:51.0" uuid="0b256d0c-15f5-102d-96e4-000c29c2a5d7" sort_weight="5879.0"/>
</dataset>